Environment variable "G4FORCE_RUN_MANAGER_TYPE" enabled with value == Serial. Forcing G4RunManager type...

        ############################################
        !!! WARNING - FPE detection is activated !!!
        ############################################


          ################################
          !!! G4Backtrace is activated !!!
          ################################


**************************************************************
 Geant4 version Name: geant4-11-04-ref-06    (30-June-2026)
                       Copyright : Geant4 Collaboration
                      References : NIM A 506 (2003), 250-303
                                 : IEEE-TNS 53 (2006), 270-278
                                 : NIM A 835 (2016), 186-225
                             WWW : http://geant4.org/
**************************************************************

===== Register constructor ==== G4EmDNAPhysics_option2
===== Register constructor ==== G4EmDNAChemistry
Visualization Manager instantiating with verbosity "warnings (3)"...
Visualization Manager initialising...
Registering graphics systems...

You have successfully registered the following graphics systems.
Registered graphics systems are:
  ASCIITree (ATree)
  DAWNFILE (DAWNFILE)
  RayTracer (RT)
  VRML2FILE (VRML2FILE)
  gMocrenFile (gMocrenFile)
  TOOLSSG_OFFSCREEN (TSG_OFFSCREEN, TSG_FILE)
  OpenGLImmediateQt (OGLIQt, OGLI)
  OpenGLStoredQt (OGLSQt, OGLS)
  OpenGLImmediateXm (OGLIXm, OGLIQt_FALLBACK)
  OpenGLStoredXm (OGLSXm, OGLSQt_FALLBACK)
  OpenGLImmediateX (OGLIX, OGLIQt_FALLBACK, OGLIXm_FALLBACK)
  OpenGLStoredX (OGLSX, OGLSQt_FALLBACK, OGLSXm_FALLBACK)
  RayTracerX (RTX)
  RayTracerQt (RTQt)
  TOOLSSG_X11_GLES (TSG_X11_GLES, TSGX11, TSG_XT_GLES_FALLBACK)
  TOOLSSG_X11_ZB (TSG_X11_ZB, TSGX11ZB)
  TOOLSSG_XT_GLES (TSG_XT_GLES, TSGXt, TSG_QT_GLES_FALLBACK)
  TOOLSSG_XT_ZB (TSG_XT_ZB, TSGXtZB)
  TOOLSSG_QT_GLES (TSG_QT_GLES, TSGQt, TSG, OGL)
  TOOLSSG_QT_ZB (TSG_QT_ZB, TSGQtZB, TSGZB)
You may choose a graphics system (driver) with a parameter of
the command "/vis/open" or "/vis/sceneHandler/create",
or you may omit the driver parameter and choose at run time:
- by argument in the construction of G4VisExecutive
- by environment variable "G4VIS_DEFAULT_DRIVER"
- by entry in "~/.g4session"
- by build flags.
- Note: This feature is not allowed in batch mode.
For further information see "examples/basic/B1/exampleB1.cc"
and "vis.mac".

Registering model factories...

You have successfully registered the following model factories.
Registered model factories:
  generic
  drawByAttribute
  drawByCharge
  drawByOriginVolume
  drawByParticleID
  drawByEncounteredVolume

Registered models:
  None

Registered filter factories:
  attributeFilter
  chargeFilter
  originVolumeFilter
  particleFilter
  encounteredVolumeFilter

Registered filters:
  None

You have successfully registered the following user vis actions.
Run Duration User Vis Actions: none
End of Event User Vis Actions: none
End of Run User Vis Actions: none

Some /vis commands (optionally) take a string to specify colour.
"/vis/list" to see available colours.
=======================================================================
======                 Electromagnetic Physics Parameters      ========
=======================================================================
LPM effect enabled                                 1
Enable creation and use of sampling tables         0
Apply cuts on all EM processes                     0
Use combined TransportationWithMsc                 Disabled
Use general process                                0
Enable linear polarisation for gamma               0
Enable photoeffect sampling below K-shell          1
Enable sampling of quantum entanglement            0
X-section factor for integral approach             0.8
Min kinetic energy for tables                      10 eV 
Max kinetic energy for tables                      600 MeV
Number of bins per decade of a table               20
Verbose level                                      1
Verbose level for worker thread                    0
Bremsstrahlung energy threshold above which 
  primary e+- is added to the list of secondary    100 TeV
Bremsstrahlung energy threshold above which primary
  muon/hadron is added to the list of secondary    100 TeV
Positron annihilation at rest model                AllisonPositronium
Enable 3 gamma annihilation on fly                 0
Lowest triplet kinetic energy                      1 MeV
Enable sampling of gamma linear polarisation       0
5D gamma conversion model type                     0
5D gamma conversion model on isolated ion          0
Use RiGe 5D e+e- pair production model by muons    0
Livermore data directory                           epics_2017
=======================================================================
======                 Ionisation Parameters                   ========
=======================================================================
Step function for e+-                              (0.2, 0.01 mm)
Step function for muons/hadrons                    (0.1, 0.05 mm)
Step function for light ions                       (0.1, 0.02 mm)
Step function for general ions                     (0.1, 0.001 mm)
Lowest e+e- kinetic energy                         0 eV 
Lowest muon/hadron kinetic energy                  1 keV
Use ICRU90 data                                    1
Fluctuations of dE/dx are enabled                  1
Type of fluctuation model for leptons and hadrons  Universal
Use built-in Birks saturation                      0
Build CSDA range enabled                           0
Use cut as a final range enabled                   0
Enable angular generator interface                 1
Enable parallel initialisation of physics tables   0
Max kinetic energy for CSDA tables                 1 GeV
Max kinetic energy for NIEL computation            0 eV 
Linear loss limit                                  0.01
Read data from file for e+e- pair production by mu 0
=======================================================================
======                 Multiple Scattering Parameters          ========
=======================================================================
Type of msc step limit algorithm for e+-           2
Type of msc step limit algorithm for muons/hadrons 0
Msc lateral displacement for e+- enabled           1
Msc lateral displacement for muons and hadrons     0
Urban msc model lateral displacement alg96         1
Range factor for msc step limit for e+-            0.08
Range factor for msc step limit for muons/hadrons  0.2
Geometry factor for msc step limitation of e+-     2.5
Safety factor for msc step limit for e+-           0.6
Skin parameter for msc step limitation of e+-      3
Lambda limit for msc step limit for e+-            1 mm
Use Mott correction for e- scattering              1
Factor used for dynamic computation of angular 
  limit between single and multiple scattering     1
Fixed angular limit between single 
  and multiple scattering                          3.1416 rad
Upper energy limit for e+- multiple scattering     100 MeV
Type of electron single scattering model           0
Type of nuclear form-factor                        1
Screening factor                                   1
=======================================================================
======                 Atomic Deexcitation Parameters          ========
=======================================================================
Fluorescence enabled                               1
Directory in G4LEDATA for fluorescence data files  fluor
Auger electron cascade enabled                     1
PIXE atomic de-excitation enabled                  0
De-excitation module ignores cuts                  1
Type of PIXE cross section for hadrons             Empirical
Type of PIXE cross section for e+-                 Livermore
=======================================================================
======                 DNA Physics Parameters                  ========
=======================================================================
Min DNA electron energy                            7.4 eV
Min DNA proton energy                              100 eV
Min DNA ion energy                                 1000 eV
Max DNA electron energy                            1 MeV
Max DNA proton energy                              3e+08 MeV
Max DNA ion energy                                 100 MeV/u
Use fast sampling in DNA models                    1
Use Stationary option in DNA models                0
Use DNA with multiple scattering of e-             0
Use DNA multiple ionisation                        0
Use DNA e- solvation model type                    11003
=======================================================================

### ===  Deexcitation model UAtomDeexcitation is activated for 1 region:
          DefaultRegionForTheWorld  1  1  0
### ===  Auger flag: 1
### ===  Ignore cuts flag:   1

phot:  for gamma SubType=12 BuildTable=0
      LambdaPrime table from 200 keV to 600 MeV in 72 bins 
      ===== EM models for the G4Region  DefaultRegionForTheWorld ======
 LivermorePhElectric : Emin=    0 eV  Emax=  600 MeV  SauterGavrila Fluo

compt:  for gamma SubType=13 BuildTable=1
      Lambda table from 10 eV  to 1 MeV, 21 bins/decade, spline: 1
      LambdaPrime table from 1 MeV to 600 MeV in 57 bins 
      ===== EM models for the G4Region  DefaultRegionForTheWorld ======
   LowEPComptonModel : Emin=    0 eV  Emax=   20 MeV Fluo
        KleinNishina : Emin=   20 MeV Emax=  600 MeV Fluo

conv:  for gamma SubType=14 BuildTable=1
      Lambda table from 1.022 MeV to 600 MeV, 28 bins/decade, spline: 1
      ===== EM models for the G4Region  DefaultRegionForTheWorld ======
     BetheHeitlerLPM : Emin=    0 eV  Emax=  600 MeV  ModifiedTsai

Rayl:  for gamma SubType=11 BuildTable=1
      Lambda table from 10 eV  to 150 keV, 21 bins/decade, spline: 0
      LambdaPrime table from 150 keV to 600 MeV in 74 bins 
      ===== EM models for the G4Region  DefaultRegionForTheWorld ======
   LivermoreRayleigh : Emin=    0 eV  Emax=  600 MeV  CullenGenerator

msc:  for e-  SubType= 10
      ===== EM models for the G4Region  DefaultRegionForTheWorld ======
  GoudsmitSaunderson : Emin=    1 MeV Emax=  600 MeV Nbins=60   1 MeV - 600 MeV
          StepLim=SafetyPlus Rfact=0.08 Gfact=2.5 Sfact=0.6 DispFlag:1 Skin=3 Llim=1 mm

eIoni:  for e-  XStype:3  SubType=2
      dE/dx and range tables from 10 eV  to 600 MeV in 160 bins
      Lambda tables from threshold to 600 MeV, 20 bins/decade, spline: 1
      StepFunction=(0.2, 0.01 mm), integ: 3, fluct: 1, linLossLim= 0.01
      ===== EM models for the G4Region  DefaultRegionForTheWorld ======
        MollerBhabha : Emin=    1 MeV Emax=  600 MeV  deltaVI

eBrem:  for e-  XStype:4  SubType=3
      dE/dx and range tables from 10 eV  to 600 MeV in 160 bins
      Lambda tables from threshold to 600 MeV, 20 bins/decade, spline: 1
      LPM flag: 1 for E > 0.6 GeV,  VertexHighEnergyTh(GeV)= 100000
      ===== EM models for the G4Region  DefaultRegionForTheWorld ======
             eBremSB : Emin=    1 MeV Emax=  600 MeV  AngularGen2BS

e-_G4DNAElectronSolvation:  for e- SubType=58 BuildTable=0
      ===== EM models for the G4Region  DefaultRegionForTheWorld ======
DNAOneStepThermalizationModel_Meesungnoen2002 : Emin=    0 eV  Emax=  7.4 eV 
          DummyModel : Emin=  7.4 eV  Emax=  600 MeV
          StepLim=UseSafety Rfact=0.04 Gfact=2.5 Sfact=0.6 DispFlag:1 Skin=1 Llim=1 mm

e-_G4DNAElastic:  for e- SubType=51 BuildTable=0
      ===== EM models for the G4Region  DefaultRegionForTheWorld ======
DNAChampionElasticModel : Emin=    0 eV  Emax=    1 MeV
          DummyModel : Emin=    1 MeV Emax=  600 MeV
          StepLim=UseSafety Rfact=0.04 Gfact=2.5 Sfact=0.6 DispFlag:1 Skin=1 Llim=1 mm

e-_G4DNAExcitation:  for e- SubType=52 BuildTable=0
      ===== EM models for the G4Region  DefaultRegionForTheWorld ======
DNABornExcitationModel : Emin=    0 eV  Emax=    1 MeV
          DummyModel : Emin=    1 MeV Emax=  600 MeV
          StepLim=UseSafety Rfact=0.04 Gfact=2.5 Sfact=0.6 DispFlag:1 Skin=1 Llim=1 mm

e-_G4DNAIonisation:  for e- SubType=53 BuildTable=0
      ===== EM models for the G4Region  DefaultRegionForTheWorld ======
DNABornIonisationModel : Emin=    0 eV  Emax=    1 MeV  deltaBorn Fluo
          DummyModel : Emin=    1 MeV Emax=  600 MeV
          StepLim=UseSafety Rfact=0.04 Gfact=2.5 Sfact=0.6 DispFlag:1 Skin=1 Llim=1 mm

e-_G4DNAVibExcitation:  for e- SubType=54 BuildTable=0
      ===== EM models for the G4Region  DefaultRegionForTheWorld ======
DNASancheExcitationModel : Emin=    0 eV  Emax=  100 eV 
          DummyModel : Emin=  100 eV  Emax=  600 MeV
          StepLim=UseSafety Rfact=0.04 Gfact=2.5 Sfact=0.6 DispFlag:1 Skin=1 Llim=1 mm

e-_G4DNAAttachment:  for e- SubType=55 BuildTable=0
      ===== EM models for the G4Region  DefaultRegionForTheWorld ======
DNAMeltonAttachmentModel : Emin=    0 eV  Emax=   13 eV 
          DummyModel : Emin=   13 eV  Emax=  600 MeV
          StepLim=UseSafety Rfact=0.04 Gfact=2.5 Sfact=0.6 DispFlag:1 Skin=1 Llim=1 mm

msc:  for e+  SubType= 10
      ===== EM models for the G4Region  DefaultRegionForTheWorld ======
  GoudsmitSaunderson : Emin=    0 eV  Emax=  600 MeV Nbins=140 100 eV  - 600 MeV
          StepLim=SafetyPlus Rfact=0.08 Gfact=2.5 Sfact=0.6 DispFlag:1 Skin=3 Llim=1 mm

eIoni:  for e+  XStype:3  SubType=2
      dE/dx and range tables from 10 eV  to 600 MeV in 160 bins
      Lambda tables from threshold to 600 MeV, 20 bins/decade, spline: 1
      StepFunction=(0.2, 0.01 mm), integ: 3, fluct: 1, linLossLim= 0.01
      ===== EM models for the G4Region  DefaultRegionForTheWorld ======
        MollerBhabha : Emin=    0 eV  Emax=  600 MeV  deltaVI

eBrem:  for e+  XStype:4  SubType=3
      dE/dx and range tables from 10 eV  to 600 MeV in 160 bins
      Lambda tables from threshold to 600 MeV, 20 bins/decade, spline: 1
      LPM flag: 1 for E > 0.6 GeV,  VertexHighEnergyTh(GeV)= 100000
      ===== EM models for the G4Region  DefaultRegionForTheWorld ======
             eBremSB : Emin=    0 eV  Emax=  600 MeV  AngularGen2BS

annihil:  for e+ XStype:2 SubType=5 AtRestModel:Allison BuildTable=0
      ===== EM models for the G4Region  DefaultRegionForTheWorld ======
            eplus2gg : Emin=    0 eV  Emax=  600 MeV

msc:  for proton  SubType= 10
      ===== EM models for the G4Region  DefaultRegionForTheWorld ======
            UrbanMsc : Emin=    1 MeV Emax=  600 MeV Nbins=60   1 MeV - 600 MeV
          StepLim=Minimal Rfact=0.2 Gfact=2.5 Sfact=0.6 DispFlag:0 Skin=3 Llim=1 mm

hIoni:  for proton  XStype:3  SubType=2
      dE/dx and range tables from 10 eV  to 600 MeV in 160 bins
      Lambda tables from threshold to 600 MeV, 20 bins/decade, spline: 1
      StepFunction=(0.1, 0.05 mm), integ: 3, fluct: 1, linLossLim= 0.01
      ===== EM models for the G4Region  DefaultRegionForTheWorld ======
          BetheBloch : Emin=  300 MeV Emax=  600 MeV  deltaVI

proton_G4DNAElastic:  for proton SubType=51 BuildTable=0
      ===== EM models for the G4Region  DefaultRegionForTheWorld ======
  DNAIonElasticModel : Emin=    0 eV  Emax=    1 MeV
          DummyModel : Emin=    1 MeV Emax=  600 MeV
          StepLim=UseSafety Rfact=0.04 Gfact=2.5 Sfact=0.6 DispFlag:1 Skin=1 Llim=1 mm

proton_G4DNAExcitation:  for proton SubType=52 BuildTable=0
      ===== EM models for the G4Region  DefaultRegionForTheWorld ======
DNAMillerGreenExcitationModel : Emin=    0 eV  Emax=  500 keV
DNABornExcitationModel : Emin=  500 keV Emax=  100 MeV
DNARPWBAExcitationModel : Emin=  100 MeV Emax=  300 MeV
          DummyModel : Emin=  300 MeV Emax=  600 MeV
          StepLim=UseSafety Rfact=0.04 Gfact=2.5 Sfact=0.6 DispFlag:1 Skin=1 Llim=1 mm

proton_G4DNAIonisation:  for proton SubType=53 BuildTable=0
      ===== EM models for the G4Region  DefaultRegionForTheWorld ======
DNARuddIonisationExtendedModel : Emin=    0 eV  Emax=  500 keV  deltaRudd Fluo
DNABornIonisationModel : Emin=  500 keV Emax=  100 MeV  deltaBorn Fluo
DNARPWBAIonisationModel : Emin=  100 MeV Emax=  300 MeV  deltaBorn Fluo
          DummyModel : Emin=  300 MeV Emax=  600 MeV
          StepLim=UseSafety Rfact=0.04 Gfact=2.5 Sfact=0.6 DispFlag:1 Skin=1 Llim=1 mm

proton_G4DNAChargeDecrease:  for proton SubType=56 BuildTable=0
      ===== EM models for the G4Region  DefaultRegionForTheWorld ======
DNADingfelderChargeDecreaseModel : Emin=    0 eV  Emax=  100 MeV
          DummyModel : Emin=  100 MeV Emax=  600 MeV
          StepLim=UseSafety Rfact=0.04 Gfact=2.5 Sfact=0.6 DispFlag:1 Skin=1 Llim=1 mm

msc:  for GenericIon  SubType= 10
      ===== EM models for the G4Region  DefaultRegionForTheWorld ======
            UrbanMsc : Emin=    0 eV  Emax=  600 MeV
          StepLim=Minimal Rfact=0.2 Gfact=2.5 Sfact=0.6 DispFlag:0 Skin=3 Llim=1 mm

ionIoni:  for GenericIon  XStype:3  SubType=2
      dE/dx and range tables from 10 eV  to 600 MeV in 160 bins
      Lambda tables from threshold to 600 MeV, 20 bins/decade, spline: 1
      StepFunction=(0.1, 0.001 mm), integ: 3, fluct: 1, linLossLim= 0.02
      ===== EM models for the G4Region  DefaultRegionForTheWorld ======
    LindhardSorensen : Emin=  100 MeV Emax=  600 MeV  deltaVI

GenericIon_G4DNAIonisation:  for GenericIon SubType=53 BuildTable=0
      ===== EM models for the G4Region  DefaultRegionForTheWorld ======
DNAIonIonisationModel : Emin=    0 eV  Emax=  100 MeV
          DummyModel : Emin=  100 MeV Emax=  600 MeV
          StepLim=UseSafety Rfact=0.04 Gfact=2.5 Sfact=0.6 DispFlag:1 Skin=1 Llim=1 mm

nuclearStopping:  for GenericIon SubType=8 BuildTable=0
      ===== EM models for the G4Region  DefaultRegionForTheWorld ======
   ICRU49NucStopping : Emin=    0 eV  Emax=    1 MeV

msc:  for alpha  SubType= 10
      ===== EM models for the G4Region  DefaultRegionForTheWorld ======
            UrbanMsc : Emin=    1 MeV Emax=  600 MeV
          StepLim=Minimal Rfact=0.2 Gfact=2.5 Sfact=0.6 DispFlag:0 Skin=3 Llim=1 mm

ionIoni:  for alpha  XStype:3  SubType=2
      dE/dx and range tables from 10 eV  to 600 MeV in 160 bins
      Lambda tables from threshold to 600 MeV, 20 bins/decade, spline: 1
      StepFunction=(0.1, 0.02 mm), integ: 3, fluct: 1, linLossLim= 0.02
      ===== EM models for the G4Region  DefaultRegionForTheWorld ======
          BetheBloch : Emin=397.26 MeV Emax=  600 MeV  deltaVI

alpha_G4DNAElastic:  for alpha SubType=51 BuildTable=0
      ===== EM models for the G4Region  DefaultRegionForTheWorld ======
  DNAIonElasticModel : Emin=    0 eV  Emax=    1 MeV
          DummyModel : Emin=    1 MeV Emax=  600 MeV
          StepLim=UseSafety Rfact=0.04 Gfact=2.5 Sfact=0.6 DispFlag:1 Skin=1 Llim=1 mm

alpha_G4DNAExcitation:  for alpha SubType=52 BuildTable=0
      ===== EM models for the G4Region  DefaultRegionForTheWorld ======
DNAMillerGreenExcitationModel : Emin=    0 eV  Emax=397.26 MeV
          DummyModel : Emin=397.26 MeV Emax=  600 MeV
          StepLim=UseSafety Rfact=0.04 Gfact=2.5 Sfact=0.6 DispFlag:1 Skin=1 Llim=1 mm

alpha_G4DNAIonisation:  for alpha SubType=53 BuildTable=0
      ===== EM models for the G4Region  DefaultRegionForTheWorld ======
DNARuddIonisationExtendedModel : Emin=    0 eV  Emax=397.26 MeV  deltaRudd Fluo
          DummyModel : Emin=397.26 MeV Emax=  600 MeV
          StepLim=UseSafety Rfact=0.04 Gfact=2.5 Sfact=0.6 DispFlag:1 Skin=1 Llim=1 mm

alpha_G4DNAChargeDecrease:  for alpha SubType=56 BuildTable=0
      ===== EM models for the G4Region  DefaultRegionForTheWorld ======
DNADingfelderChargeDecreaseModel : Emin=    0 eV  Emax=  100 MeV
          DummyModel : Emin=  100 MeV Emax=  600 MeV
          StepLim=UseSafety Rfact=0.04 Gfact=2.5 Sfact=0.6 DispFlag:1 Skin=1 Llim=1 mm

msc:  for alpha+  SubType= 10
      ===== EM models for the G4Region  DefaultRegionForTheWorld ======
            UrbanMsc : Emin=    1 MeV Emax=  600 MeV
          StepLim=Minimal Rfact=0.2 Gfact=2.5 Sfact=0.6 DispFlag:0 Skin=3 Llim=1 mm

hIoni:  for alpha+  XStype:3  SubType=2
      dE/dx and range tables from 10 eV  to 600 MeV in 160 bins
      Lambda tables from threshold to 600 MeV, 20 bins/decade, spline: 1
      StepFunction=(0.1, 0.05 mm), integ: 3, fluct: 1, linLossLim= 0.01
      ===== EM models for the G4Region  DefaultRegionForTheWorld ======
          BetheBloch : Emin=397.264 MeV Emax=  600 MeV  deltaVI

alpha+_G4DNAElastic:  for alpha+ SubType=51 BuildTable=0
      ===== EM models for the G4Region  DefaultRegionForTheWorld ======
  DNAIonElasticModel : Emin=    0 eV  Emax=    1 MeV
          DummyModel : Emin=    1 MeV Emax=  600 MeV
          StepLim=UseSafety Rfact=0.04 Gfact=2.5 Sfact=0.6 DispFlag:1 Skin=1 Llim=1 mm

alpha+_G4DNAExcitation:  for alpha+ SubType=52 BuildTable=0
      ===== EM models for the G4Region  DefaultRegionForTheWorld ======
DNAMillerGreenExcitationModel : Emin=    0 eV  Emax=397.264 MeV
          DummyModel : Emin=397.264 MeV Emax=  600 MeV
          StepLim=UseSafety Rfact=0.04 Gfact=2.5 Sfact=0.6 DispFlag:1 Skin=1 Llim=1 mm

alpha+_G4DNAIonisation:  for alpha+ SubType=53 BuildTable=0
      ===== EM models for the G4Region  DefaultRegionForTheWorld ======
DNARuddIonisationExtendedModel : Emin=    0 eV  Emax=397.264 MeV  deltaRudd Fluo
          DummyModel : Emin=397.264 MeV Emax=  600 MeV
          StepLim=UseSafety Rfact=0.04 Gfact=2.5 Sfact=0.6 DispFlag:1 Skin=1 Llim=1 mm

alpha+_G4DNAChargeIncrease:  for alpha+ SubType=57 BuildTable=0
      ===== EM models for the G4Region  DefaultRegionForTheWorld ======
DNADingfelderChargeIncreaseModel : Emin=    0 eV  Emax=  100 MeV
          DummyModel : Emin=  100 MeV Emax=  600 MeV
          StepLim=UseSafety Rfact=0.04 Gfact=2.5 Sfact=0.6 DispFlag:1 Skin=1 Llim=1 mm

alpha+_G4DNAChargeDecrease:  for alpha+ SubType=56 BuildTable=0
      ===== EM models for the G4Region  DefaultRegionForTheWorld ======
DNADingfelderChargeDecreaseModel : Emin=    0 eV  Emax=  100 MeV
          DummyModel : Emin=  100 MeV Emax=  600 MeV
          StepLim=UseSafety Rfact=0.04 Gfact=2.5 Sfact=0.6 DispFlag:1 Skin=1 Llim=1 mm

msc:  for anti_proton  SubType= 10
      ===== EM models for the G4Region  DefaultRegionForTheWorld ======
        WentzelVIUni : Emin=    0 eV  Emax=  600 MeV
          StepLim=Minimal Rfact=0.2 Gfact=2.5 Sfact=0.6 DispFlag:0 Skin=3 Llim=1 mm

hIoni:  for anti_proton  XStype:3  SubType=2
      dE/dx and range tables from 10 eV  to 600 MeV in 160 bins
      Lambda tables from threshold to 600 MeV, 20 bins/decade, spline: 1
      StepFunction=(0.1, 0.05 mm), integ: 3, fluct: 1, linLossLim= 0.01
      ===== EM models for the G4Region  DefaultRegionForTheWorld ======
            ICRU73QO : Emin=    0 eV  Emax=    2 MeV  deltaVI
          BetheBloch : Emin=    2 MeV Emax=  600 MeV  deltaVI

helium_G4DNAElastic:  for helium SubType=51 BuildTable=0
      ===== EM models for the G4Region  DefaultRegionForTheWorld ======
  DNAIonElasticModel : Emin=    0 eV  Emax=    1 MeV
          DummyModel : Emin=    1 MeV Emax=  600 MeV
          StepLim=UseSafety Rfact=0.04 Gfact=2.5 Sfact=0.6 DispFlag:1 Skin=1 Llim=1 mm

helium_G4DNAExcitation:  for helium SubType=52 BuildTable=0
      ===== EM models for the G4Region  DefaultRegionForTheWorld ======
DNAMillerGreenExcitationModel : Emin=    0 eV  Emax=397.264 MeV
          DummyModel : Emin=397.264 MeV Emax=  600 MeV
          StepLim=UseSafety Rfact=0.04 Gfact=2.5 Sfact=0.6 DispFlag:1 Skin=1 Llim=1 mm

helium_G4DNAIonisation:  for helium SubType=53 BuildTable=0
      ===== EM models for the G4Region  DefaultRegionForTheWorld ======
DNARuddIonisationExtendedModel : Emin=    0 eV  Emax=397.264 MeV  deltaRudd Fluo
          DummyModel : Emin=397.264 MeV Emax=  600 MeV
          StepLim=UseSafety Rfact=0.04 Gfact=2.5 Sfact=0.6 DispFlag:1 Skin=1 Llim=1 mm

helium_G4DNAChargeIncrease:  for helium SubType=57 BuildTable=0
      ===== EM models for the G4Region  DefaultRegionForTheWorld ======
DNADingfelderChargeIncreaseModel : Emin=    0 eV  Emax=  100 MeV
          DummyModel : Emin=  100 MeV Emax=  600 MeV
          StepLim=UseSafety Rfact=0.04 Gfact=2.5 Sfact=0.6 DispFlag:1 Skin=1 Llim=1 mm

hydrogen_G4DNAElastic:  for hydrogen SubType=51 BuildTable=0
      ===== EM models for the G4Region  DefaultRegionForTheWorld ======
  DNAIonElasticModel : Emin=    0 eV  Emax=    1 MeV
          DummyModel : Emin=    1 MeV Emax=  600 MeV
          StepLim=UseSafety Rfact=0.04 Gfact=2.5 Sfact=0.6 DispFlag:1 Skin=1 Llim=1 mm

hydrogen_G4DNAExcitation:  for hydrogen SubType=52 BuildTable=0
      ===== EM models for the G4Region  DefaultRegionForTheWorld ======
DNAMillerGreenExcitationModel : Emin=    0 eV  Emax=  500 keV
          DummyModel : Emin=  500 keV Emax=  600 MeV
          StepLim=UseSafety Rfact=0.04 Gfact=2.5 Sfact=0.6 DispFlag:1 Skin=1 Llim=1 mm

hydrogen_G4DNAIonisation:  for hydrogen SubType=53 BuildTable=0
      ===== EM models for the G4Region  DefaultRegionForTheWorld ======
DNARuddIonisationExtendedModel : Emin=    0 eV  Emax=  100 MeV  deltaRudd Fluo
          DummyModel : Emin=  100 MeV Emax=  600 MeV
          StepLim=UseSafety Rfact=0.04 Gfact=2.5 Sfact=0.6 DispFlag:1 Skin=1 Llim=1 mm

hydrogen_G4DNAChargeIncrease:  for hydrogen SubType=57 BuildTable=0
      ===== EM models for the G4Region  DefaultRegionForTheWorld ======
DNADingfelderChargeIncreaseModel : Emin=    0 eV  Emax=  100 MeV
          DummyModel : Emin=  100 MeV Emax=  600 MeV
          StepLim=UseSafety Rfact=0.04 Gfact=2.5 Sfact=0.6 DispFlag:1 Skin=1 Llim=1 mm

msc:  for kaon+  SubType= 10
      ===== EM models for the G4Region  DefaultRegionForTheWorld ======
        WentzelVIUni : Emin=    0 eV  Emax=  600 MeV
          StepLim=Minimal Rfact=0.2 Gfact=2.5 Sfact=0.6 DispFlag:0 Skin=3 Llim=1 mm

hIoni:  for kaon+  XStype:3  SubType=2
      dE/dx and range tables from 10 eV  to 600 MeV in 160 bins
      Lambda tables from threshold to 600 MeV, 20 bins/decade, spline: 1
      StepFunction=(0.1, 0.05 mm), integ: 3, fluct: 1, linLossLim= 0.01
      ===== EM models for the G4Region  DefaultRegionForTheWorld ======
               Bragg : Emin=    0 eV  Emax=1.05231 MeV  deltaVI
          BetheBloch : Emin=1.05231 MeV Emax=  600 MeV  deltaVI

msc:  for kaon-  SubType= 10
      ===== EM models for the G4Region  DefaultRegionForTheWorld ======
        WentzelVIUni : Emin=    0 eV  Emax=  600 MeV
          StepLim=Minimal Rfact=0.2 Gfact=2.5 Sfact=0.6 DispFlag:0 Skin=3 Llim=1 mm

hIoni:  for kaon-  XStype:3  SubType=2
      dE/dx and range tables from 10 eV  to 600 MeV in 160 bins
      Lambda tables from threshold to 600 MeV, 20 bins/decade, spline: 1
      StepFunction=(0.1, 0.05 mm), integ: 3, fluct: 1, linLossLim= 0.01
      ===== EM models for the G4Region  DefaultRegionForTheWorld ======
            ICRU73QO : Emin=    0 eV  Emax=1.05231 MeV  deltaVI
          BetheBloch : Emin=1.05231 MeV Emax=  600 MeV  deltaVI

msc:  for mu+  SubType= 10
      ===== EM models for the G4Region  DefaultRegionForTheWorld ======
        WentzelVIUni : Emin=    0 eV  Emax=  600 MeV
          StepLim=Minimal Rfact=0.2 Gfact=2.5 Sfact=0.6 DispFlag:0 Skin=3 Llim=1 mm

hIoni:  for mu+  XStype:3  SubType=2
      dE/dx and range tables from 10 eV  to 600 MeV in 160 bins
      Lambda tables from threshold to 600 MeV, 20 bins/decade, spline: 1
      StepFunction=(0.1, 0.05 mm), integ: 3, fluct: 1, linLossLim= 0.01
      ===== EM models for the G4Region  DefaultRegionForTheWorld ======
               Bragg : Emin=    0 eV  Emax=225.219 keV  deltaVI
          BetheBloch : Emin=225.219 keV Emax=  600 MeV  deltaVI

msc:  for mu-  SubType= 10
      ===== EM models for the G4Region  DefaultRegionForTheWorld ======
        WentzelVIUni : Emin=    0 eV  Emax=  600 MeV
          StepLim=Minimal Rfact=0.2 Gfact=2.5 Sfact=0.6 DispFlag:0 Skin=3 Llim=1 mm

hIoni:  for mu-  XStype:3  SubType=2
      dE/dx and range tables from 10 eV  to 600 MeV in 160 bins
      Lambda tables from threshold to 600 MeV, 20 bins/decade, spline: 1
      StepFunction=(0.1, 0.05 mm), integ: 3, fluct: 1, linLossLim= 0.01
      ===== EM models for the G4Region  DefaultRegionForTheWorld ======
            ICRU73QO : Emin=    0 eV  Emax=225.219 keV  deltaVI
          BetheBloch : Emin=225.219 keV Emax=  600 MeV  deltaVI

msc:  for pi+  SubType= 10
      ===== EM models for the G4Region  DefaultRegionForTheWorld ======
        WentzelVIUni : Emin=    0 eV  Emax=  600 MeV
          StepLim=Minimal Rfact=0.2 Gfact=2.5 Sfact=0.6 DispFlag:0 Skin=3 Llim=1 mm

hIoni:  for pi+  XStype:3  SubType=2
      dE/dx and range tables from 10 eV  to 600 MeV in 160 bins
      Lambda tables from threshold to 600 MeV, 20 bins/decade, spline: 1
      StepFunction=(0.1, 0.05 mm), integ: 3, fluct: 1, linLossLim= 0.01
      ===== EM models for the G4Region  DefaultRegionForTheWorld ======
               Bragg : Emin=    0 eV  Emax=297.505 keV  deltaVI
          BetheBloch : Emin=297.505 keV Emax=  600 MeV  deltaVI

msc:  for pi-  SubType= 10
      ===== EM models for the G4Region  DefaultRegionForTheWorld ======
        WentzelVIUni : Emin=    0 eV  Emax=  600 MeV
          StepLim=Minimal Rfact=0.2 Gfact=2.5 Sfact=0.6 DispFlag:0 Skin=3 Llim=1 mm

hIoni:  for pi-  XStype:3  SubType=2
      dE/dx and range tables from 10 eV  to 600 MeV in 160 bins
      Lambda tables from threshold to 600 MeV, 20 bins/decade, spline: 1
      StepFunction=(0.1, 0.05 mm), integ: 3, fluct: 1, linLossLim= 0.01
      ===== EM models for the G4Region  DefaultRegionForTheWorld ======
            ICRU73QO : Emin=    0 eV  Emax=297.505 keV  deltaVI
          BetheBloch : Emin=297.505 keV Emax=  600 MeV  deltaVI
End of tracking primary particle, its final energy is :25 meV
Physics stage ends
Number of chemical species involved in reactions = 6
Reaction                                    Reaction Rate [dm3/(mol*s)]   Interaction Range for chosen reaction model [nm]
------------------------------------------------------------------------------------------------------------------------------
H3O^1 + e_aq^-1 -> H^0                      2.11e+10                      0.200589
------------------------------------------------------------------------------------------------------------------------------
H3O^1 + OH^-1 -> No product                 1.43e+11                      1.34973
------------------------------------------------------------------------------------------------------------------------------
°OH^0 + e_aq^-1 -> OH^-1                   2.95e+10                      0.506256
------------------------------------------------------------------------------------------------------------------------------
°OH^0 + °OH^0 -> H2O2^0                   4.4e+09                       0.207651
------------------------------------------------------------------------------------------------------------------------------
°OH^0 + H^0 -> No product                  1.44e+10                      0.194167
------------------------------------------------------------------------------------------------------------------------------
e_aq^-1 + e_aq^-1 -> OH^-1 + OH^-1 + H_2^0  5e+09                         0.134838
------------------------------------------------------------------------------------------------------------------------------
e_aq^-1 + H^0 -> OH^-1 + H_2^0              2.65e+10                      0.294265
------------------------------------------------------------------------------------------------------------------------------
e_aq^-1 + H2O2^0 -> OH^-1 + °OH^0          1.41e+10                      0.295745
------------------------------------------------------------------------------------------------------------------------------
H^0 + H^0 -> H_2^0                          1.2e+10                       0.226528
------------------------------------------------------------------------------------------------------------------------------
DNAMolecularStepByStepModel will be used

-------- WWWW ------- G4Exception-START -------- WWWW -------
*** G4Exception : MOLMAN000
      issued by : G4MoleculeCounterManager::Initialize
The molecule counter manager is set to accumulate counters into the master thread. But this will *NOT* be triggered automatically, since the counters are not reset before events or runs!
*** This is just a warning message. ***
-------- WWWW -------- G4Exception-END --------- WWWW -------


-------- WWWW ------- G4Exception-START -------- WWWW -------
*** G4Exception : MOLMAN000
      issued by : G4MoleculeCounterManager::Initialize
The molecule counter manager tried to verify its settings but it appears that the selection of accumulate and reset flags does not match any reasonable configuration!
*** This is just a warning message. ***
-------- WWWW -------- G4Exception-END --------- WWWW -------

*** G4Scheduler starts processing 

At : 0.088513 (ns) reactantA = °OH^0 (ID number = -134) at position : (39.954,-23.117,11.716) reacts with reactantB = °OH^0 (ID number = -190) at position : (39.954,-23.117,11.716)
      creating product 1 =H2O2^0 position : (4.0028e-05,-2.319e-05,1.1698e-05)

At time :  88.513 ps  Reaction : °OH^0 (-134) + °OH^0 (-190) -> H2O2^0 (-228)

At : 0.11087 (ns) reactantA = °OH^0 (ID number = -196) at position : (41.543,-27.828,11.323) reacts with reactantB = e_aq^-1 (ID number = -198) at position : (41.543,-27.828,11.323)
      creating product 1 =OH^-1 position : (4.1521e-05,-2.7914e-05,1.1498e-05)

At time :  110.87 ps  Reaction : °OH^0 (-196) + e_aq^-1 (-198) -> OH^-1 (-229)

At : 0.11987 (ns) reactantA = H3O^1 (ID number = -167) at position : (41.598,-26.589,11.487) reacts with reactantB = OH^-1 (ID number = -229) at position : (41.598,-26.589,11.487)

At time :  119.87 ps  Reaction : H3O^1 (-167) + OH^-1 (-229) -> No product

At : 0.14687 (ns) reactantA = e_aq^-1 (ID number = -62) at position : (34.582,-18.159,12.776) reacts with reactantB = °OH^0 (ID number = -156) at position : (34.582,-18.159,12.776)
      creating product 1 =OH^-1 position : (3.4532e-05,-1.8214e-05,1.2948e-05)

At time :  146.87 ps  Reaction : e_aq^-1 (-62) + °OH^0 (-156) -> OH^-1 (-230)

At : 0.20087 (ns) reactantA = e_aq^-1 (ID number = -91) at position : (7.7361,0.096315,15.621) reacts with reactantB = H3O^1 (ID number = -149) at position : (7.7361,0.096315,15.621)
      creating product 1 =H^0 position : (7.7157e-06,1.7235e-07,1.5601e-05)

At time :  200.87 ps  Reaction : e_aq^-1 (-91) + H3O^1 (-149) -> H^0 (-231)

At : 0.24112 (ns) reactantA = °OH^0 (ID number = -208) at position : (21.066,-9.3716,18.798) reacts with reactantB = H^0 (ID number = -209) at position : (21.066,-9.3716,18.798)

At time :  241.12 ps  Reaction : °OH^0 (-208) + H^0 (-209) -> No product

At : 0.27412 (ns) reactantA = °OH^0 (ID number = -200) at position : (23.114,-13.439,20.629) reacts with reactantB = °OH^0 (ID number = -201) at position : (23.114,-13.439,20.629)
      creating product 1 =H2O2^0 position : (2.3201e-05,-1.3522e-05,2.068e-05)

At time :  274.12 ps  Reaction : °OH^0 (-200) + °OH^0 (-201) -> H2O2^0 (-232)

At : 0.28427 (ns) reactantA = H3O^1 (ID number = -155) at position : (33.801,-16.882,13.974) reacts with reactantB = OH^-1 (ID number = -230) at position : (33.801,-16.882,13.974)

At time :  284.27 ps  Reaction : H3O^1 (-155) + OH^-1 (-230) -> No product

At : 0.31873 (ns) reactantA = °OH^0 (ID number = -221) at position : (42.119,-23.22,10.857) reacts with reactantB = e_aq^-1 (ID number = -57) at position : (42.119,-23.22,10.857)
      creating product 1 =OH^-1 position : (4.2194e-05,-2.3301e-05,1.0939e-05)

At time :  318.73 ps  Reaction : °OH^0 (-221) + e_aq^-1 (-57) -> OH^-1 (-233)

At : 0.36195 (ns) reactantA = °OH^0 (ID number = -212) at position : (39.77,-20.932,12.034) reacts with reactantB = °OH^0 (ID number = -220) at position : (39.77,-20.932,12.034)
      creating product 1 =H2O2^0 position : (3.9818e-05,-2.0981e-05,1.1938e-05)

At time :  361.95 ps  Reaction : °OH^0 (-212) + °OH^0 (-220) -> H2O2^0 (-234)

At : 0.38895 (ns) reactantA = °OH^0 (ID number = -204) at position : (-1.2819,1.7495,7.9722) reacts with reactantB = e_aq^-1 (ID number = -107) at position : (-1.2819,1.7495,7.9722)
      creating product 1 =OH^-1 position : (-1.3897e-06,1.8293e-06,8.256e-06)

At time :  388.95 ps  Reaction : °OH^0 (-204) + e_aq^-1 (-107) -> OH^-1 (-235)

At : 0.39795 (ns) reactantA = OH^-1 (ID number = -233) at position : (42.496,-23.683,11.224) reacts with reactantB = H3O^1 (ID number = -197) at position : (42.496,-23.683,11.224)

At time :  397.95 ps  Reaction : OH^-1 (-233) + H3O^1 (-197) -> No product

At : 0.79059 (ns) reactantA = °OH^0 (ID number = -166) at position : (43.118,-19.946,10.172) reacts with reactantB = e_aq^-1 (ID number = -192) at position : (43.118,-19.946,10.172)
      creating product 1 =OH^-1 position : (4.3022e-05,-2.0019e-05,1.0317e-05)

At time :  790.59 ps  Reaction : °OH^0 (-166) + e_aq^-1 (-192) -> OH^-1 (-236)

At : 1.4093 (ns) reactantA = °OH^0 (ID number = -187) at position : (15.563,-12.201,17.863) reacts with reactantB = e_aq^-1 (ID number = -189) at position : (15.563,-12.201,17.863)
      creating product 1 =OH^-1 position : (1.5587e-05,-1.2393e-05,1.793e-05)

At time :  1.4093 ns  Reaction : °OH^0 (-187) + e_aq^-1 (-189) -> OH^-1 (-237)

At : 1.4893 (ns) reactantA = °OH^0 (ID number = -218) at position : (45.577,-19.384,12.662) reacts with reactantB = °OH^0 (ID number = -162) at position : (45.577,-19.384,12.662)
      creating product 1 =H2O2^0 position : (4.5465e-05,-1.9272e-05,1.2746e-05)

At time :  1.4893 ns  Reaction : °OH^0 (-218) + °OH^0 (-162) -> H2O2^0 (-238)

At : 1.5893 (ns) reactantA = °OH^0 (ID number = -227) at position : (12.136,-0.87512,27.06) reacts with reactantB = °OH^0 (ID number = -152) at position : (12.136,-0.87512,27.06)
      creating product 1 =H2O2^0 position : (1.2176e-05,-1.2103e-06,2.6945e-05)

At time :  1.5893 ns  Reaction : °OH^0 (-227) + °OH^0 (-152) -> H2O2^0 (-239)

At : 2.1059 (ns) reactantA = °OH^0 (ID number = -217) at position : (36.914,-15.104,11.599) reacts with reactantB = °OH^0 (ID number = -138) at position : (36.914,-15.104,11.599)
      creating product 1 =H2O2^0 position : (3.7192e-05,-1.4987e-05,1.1594e-05)

At time :  2.1059 ns  Reaction : °OH^0 (-217) + °OH^0 (-138) -> H2O2^0 (-240)

At : 2.1667 (ns) reactantA = e_aq^-1 (ID number = -81) at position : (15.114,-7.747,15.852) reacts with reactantB = H^0 (ID number = -231) at position : (15.114,-7.747,15.852)
      creating product 1 =OH^-1 position : (1.4995e-05,-7.6516e-06,1.5619e-05)
      creating product 2 =H_2^0 position : (1.4995e-05,-7.6516e-06,1.5619e-05)

At time :  2.1667 ns  Reaction : e_aq^-1 (-81) + H^0 (-231) -> OH^-1 (-241) + H_2^0 (-242)

At : 2.5755 (ns) reactantA = °OH^0 (ID number = -164) at position : (38.605,-22.337,14.347) reacts with reactantB = °OH^0 (ID number = -174) at position : (38.605,-22.337,14.347)
      creating product 1 =H2O2^0 position : (3.8835e-05,-2.2229e-05,1.4112e-05)

At time :  2.5755 ns  Reaction : °OH^0 (-164) + °OH^0 (-174) -> H2O2^0 (-243)

At : 2.9434 (ns) reactantA = °OH^0 (ID number = -136) at position : (30.363,-22.091,15.241) reacts with reactantB = e_aq^-1 (ID number = -195) at position : (30.363,-22.091,15.241)
      creating product 1 =OH^-1 position : (3.0468e-05,-2.1952e-05,1.5193e-05)

At time :  2.9434 ns  Reaction : °OH^0 (-136) + e_aq^-1 (-195) -> OH^-1 (-244)

At : 3.0734 (ns) reactantA = e_aq^-1 (ID number = -64) at position : (27.253,-17.205,14.108) reacts with reactantB = °OH^0 (ID number = -193) at position : (27.253,-17.205,14.108)
      creating product 1 =OH^-1 position : (2.7342e-05,-1.6782e-05,1.4182e-05)

At time :  3.0734 ns  Reaction : e_aq^-1 (-64) + °OH^0 (-193) -> OH^-1 (-245)

At : 3.1034 (ns) reactantA = °OH^0 (ID number = -223) at position : (31.416,-26.794,5.7886) reacts with reactantB = e_aq^-1 (ID number = -39) at position : (31.416,-26.794,5.7886)
      creating product 1 =OH^-1 position : (3.1505e-05,-2.6316e-05,5.9682e-06)

At time :  3.1034 ns  Reaction : °OH^0 (-223) + e_aq^-1 (-39) -> OH^-1 (-246)

At : 3.4154 (ns) reactantA = H3O^1 (ID number = -161) at position : (38.173,-15.272,6.6379) reacts with reactantB = OH^-1 (ID number = -236) at position : (38.173,-15.272,6.6379)

At time :  3.4154 ns  Reaction : H3O^1 (-161) + OH^-1 (-236) -> No product

At : 3.6143 (ns) reactantA = H3O^1 (ID number = -179) at position : (26.096,-17.218,13.931) reacts with reactantB = OH^-1 (ID number = -245) at position : (26.096,-17.218,13.931)

At time :  3.6143 ns  Reaction : H3O^1 (-179) + OH^-1 (-245) -> No product

At : 3.7218 (ns) reactantA = e_aq^-1 (ID number = -45) at position : (43.449,-22.297,6.5662) reacts with reactantB = °OH^0 (ID number = -160) at position : (43.449,-22.297,6.5662)
      creating product 1 =OH^-1 position : (4.3484e-05,-2.2276e-05,6.3355e-06)

At time :  3.7218 ns  Reaction : e_aq^-1 (-45) + °OH^0 (-160) -> OH^-1 (-247)

At : 3.7418 (ns) reactantA = °OH^0 (ID number = -202) at position : (9.413,4.9482,17.937) reacts with reactantB = °OH^0 (ID number = -128) at position : (9.413,4.9482,17.937)
      creating product 1 =H2O2^0 position : (9.5919e-06,4.8554e-06,1.8018e-05)

At time :  3.7418 ns  Reaction : °OH^0 (-202) + °OH^0 (-128) -> H2O2^0 (-248)

At : 4.3439 (ns) reactantA = H^0 (ID number = -203) at position : (16.696,-0.93493,18.026) reacts with reactantB = °OH^0 (ID number = -178) at position : (16.696,-0.93493,18.026)

At time :  4.3439 ns  Reaction : H^0 (-203) + °OH^0 (-178) -> No product

At : 5.4829 (ns) reactantA = e_aq^-1 (ID number = -113) at position : (8.1044,-9.5537,3.3018) reacts with reactantB = °OH^0 (ID number = -122) at position : (8.1044,-9.5537,3.3018)
      creating product 1 =OH^-1 position : (8.0307e-06,-9.6422e-06,3.4386e-06)

At time :  5.4829 ns  Reaction : e_aq^-1 (-113) + °OH^0 (-122) -> OH^-1 (-249)

At : 5.7965 (ns) reactantA = e_aq^-1 (ID number = -50) at position : (27.235,-28.224,23.112) reacts with reactantB = H3O^1 (ID number = -157) at position : (27.235,-28.224,23.112)
      creating product 1 =H^0 position : (2.7316e-05,-2.8271e-05,2.3061e-05)

At time :  5.7965 ns  Reaction : e_aq^-1 (-50) + H3O^1 (-157) -> H^0 (-250)

At : 5.971 (ns) reactantA = e_aq^-1 (ID number = -72) at position : (1.0786,-0.20629,15.133) reacts with reactantB = H3O^1 (ID number = -147) at position : (1.0786,-0.20629,15.133)
      creating product 1 =H^0 position : (1.0064e-06,-1.491e-07,1.5167e-05)

At time :   5.971 ns  Reaction : e_aq^-1 (-72) + H3O^1 (-147) -> H^0 (-251)

At : 7.1392 (ns) reactantA = H3O^1 (ID number = -226) at position : (16.031,-7.63,19.732) reacts with reactantB = OH^-1 (ID number = -237) at position : (16.031,-7.63,19.732)

At time :  7.1392 ns  Reaction : H3O^1 (-226) + OH^-1 (-237) -> No product

At : 7.5339 (ns) reactantA = e_aq^-1 (ID number = -78) at position : (38.347,-17.019,19.518) reacts with reactantB = °OH^0 (ID number = -158) at position : (38.347,-17.019,19.518)
      creating product 1 =OH^-1 position : (3.8167e-05,-1.733e-05,1.9961e-05)

At time :  7.5339 ns  Reaction : e_aq^-1 (-78) + °OH^0 (-158) -> OH^-1 (-252)

At : 10.219 (ns) reactantA = H3O^1 (ID number = -131) at position : (28.563,-39.666,6.5146) reacts with reactantB = OH^-1 (ID number = -246) at position : (28.563,-39.666,6.5146)

At time :  10.219 ns  Reaction : H3O^1 (-131) + OH^-1 (-246) -> No product

At : 10.719 (ns) reactantA = e_aq^-1 (ID number = -97) at position : (-3.0274,12.41,-0.19519) reacts with reactantB = °OH^0 (ID number = -120) at position : (-3.0274,12.41,-0.19519)
      creating product 1 =OH^-1 position : (-2.9259e-06,1.2673e-05,-2.2542e-07)

At time :  10.719 ns  Reaction : e_aq^-1 (-97) + °OH^0 (-120) -> OH^-1 (-253)

At : 11.519 (ns) reactantA = H3O^1 (ID number = -188) at position : (42.378,-23.547,13.048) reacts with reactantB = OH^-1 (ID number = -247) at position : (42.378,-23.547,13.048)

At time :  11.519 ns  Reaction : H3O^1 (-188) + OH^-1 (-247) -> No product

At : 13.719 (ns) reactantA = e_aq^-1 (ID number = -86) at position : (-23.286,-14.835,-7.2582) reacts with reactantB = H3O^1 (ID number = -115) at position : (-23.286,-14.835,-7.2582)
      creating product 1 =H^0 position : (-2.2685e-05,-1.4658e-05,-7.8674e-06)

At time :  13.719 ns  Reaction : e_aq^-1 (-86) + H3O^1 (-115) -> H^0 (-254)

At : 14.219 (ns) reactantA = H^0 (ID number = -207) at position : (-11.457,-2.1275,-2.8993) reacts with reactantB = e_aq^-1 (ID number = -92) at position : (-11.457,-2.1275,-2.8993)
      creating product 1 =OH^-1 position : (-1.1274e-05,-2.8769e-06,-2.3622e-06)
      creating product 2 =H_2^0 position : (-1.1274e-05,-2.8769e-06,-2.3622e-06)

At time :  14.219 ns  Reaction : H^0 (-207) + e_aq^-1 (-92) -> OH^-1 (-255) + H_2^0 (-256)

At : 15.219 (ns) reactantA = e_aq^-1 (ID number = -54) at position : (42.048,-12.648,24.134) reacts with reactantB = °OH^0 (ID number = -215) at position : (42.048,-12.648,24.134)
      creating product 1 =OH^-1 position : (4.1327e-05,-1.1246e-05,2.3917e-05)

At time :  15.219 ns  Reaction : e_aq^-1 (-54) + °OH^0 (-215) -> OH^-1 (-257)

At : 19.12 (ns) reactantA = H3O^1 (ID number = -165) at position : (44.848,-20.178,23.645) reacts with reactantB = OH^-1 (ID number = -252) at position : (44.848,-20.178,23.645)

At time :   19.12 ns  Reaction : H3O^1 (-165) + OH^-1 (-252) -> No product

At : 21.32 (ns) reactantA = OH^-1 (ID number = -235) at position : (8.1205,6.9296,-1.8578) reacts with reactantB = H3O^1 (ID number = -129) at position : (8.1205,6.9296,-1.8578)

At time :   21.32 ns  Reaction : OH^-1 (-235) + H3O^1 (-129) -> No product

At : 22.22 (ns) reactantA = H3O^1 (ID number = -153) at position : (-3.4398,-6.6115,7.652) reacts with reactantB = OH^-1 (ID number = -249) at position : (-3.4398,-6.6115,7.652)

At time :   22.22 ns  Reaction : H3O^1 (-153) + OH^-1 (-249) -> No product

At : 30.586 (ns) reactantA = H3O^1 (ID number = -127) at position : (9.5345,-12.972,8.1686) reacts with reactantB = OH^-1 (ID number = -241) at position : (9.5345,-12.972,8.1686)

At time :  30.586 ns  Reaction : H3O^1 (-127) + OH^-1 (-241) -> No product

At : 32.249 (ns) reactantA = H3O^1 (ID number = -222) at position : (38.439,-59.785,9.4462) reacts with reactantB = OH^-1 (ID number = -244) at position : (38.439,-59.785,9.4462)

At time :  32.249 ns  Reaction : H3O^1 (-222) + OH^-1 (-244) -> No product

At : 35.764 (ns) reactantA = e_aq^-1 (ID number = -89) at position : (15.337,0.14743,39.726) reacts with reactantB = H^0 (ID number = -250) at position : (15.337,0.14743,39.726)
      creating product 1 =OH^-1 position : (1.4597e-05,2.1722e-07,3.9732e-05)
      creating product 2 =H_2^0 position : (1.4597e-05,2.1722e-07,3.9732e-05)

At time :  35.764 ns  Reaction : e_aq^-1 (-89) + H^0 (-250) -> OH^-1 (-258) + H_2^0 (-259)

At : 37.301 (ns) reactantA = OH^-1 (ID number = -258) at position : (16.689,-2.5682,34.132) reacts with reactantB = H3O^1 (ID number = -185) at position : (16.689,-2.5682,34.132)

At time :  37.301 ns  Reaction : OH^-1 (-258) + H3O^1 (-185) -> No product

At : 42.883 (ns) reactantA = e_aq^-1 (ID number = -59) at position : (21.635,-13.217,-17.134) reacts with reactantB = °OH^0 (ID number = -140) at position : (21.635,-13.217,-17.134)
      creating product 1 =OH^-1 position : (2.2186e-05,-1.3611e-05,-1.7774e-05)

At time :  42.883 ns  Reaction : e_aq^-1 (-59) + °OH^0 (-140) -> OH^-1 (-260)

At : 47.154 (ns) reactantA = e_aq^-1 (ID number = -46) at position : (10.643,-14.605,7.4423) reacts with reactantB = °OH^0 (ID number = -148) at position : (10.643,-14.605,7.4423)
      creating product 1 =OH^-1 position : (1.0036e-05,-1.5194e-05,7.6068e-06)

At time :  47.154 ns  Reaction : e_aq^-1 (-46) + °OH^0 (-148) -> OH^-1 (-261)

At : 50.74 (ns) reactantA = e_aq^-1 (ID number = -47) at position : (33.865,8.2332,20.034) reacts with reactantB = °OH^0 (ID number = -132) at position : (33.865,8.2332,20.034)
      creating product 1 =OH^-1 position : (3.4106e-05,7.5088e-06,1.9431e-05)

At time :   50.74 ns  Reaction : e_aq^-1 (-47) + °OH^0 (-132) -> OH^-1 (-262)
_________________
At : 99.094 ns 
Get inf of : OH^{0}
TrackID: -116  position : (20.805,-6.4685,10.962)
TrackID: -118  position : (9.1652,-31.181,34.387)
TrackID: -124  position : (-10.375,11.359,27.674)
TrackID: -126  position : (-39.837,19.611,0.28966)
TrackID: -130  position : (-10.753,-46.325,19.966)
TrackID: -142  position : (5.9195,16.344,16.096)
TrackID: -144  position : (54.678,-12.931,26.261)
TrackID: -146  position : (-9.4445,1.0478,-20.711)
TrackID: -150  position : (-25.651,28.399,54.218)
TrackID: -154  position : (20.413,-21.211,29.034)
TrackID: -168  position : (12.491,6.698,5.9352)
TrackID: -170  position : (45.892,-7.1415,-24.714)
TrackID: -172  position : (45.131,-1.7728,-45.52)
TrackID: -176  position : (7.6631,14.361,11.451)
TrackID: -180  position : (14.977,-30.561,50.812)
TrackID: -182  position : (-32.714,-18.448,40.733)
TrackID: -184  position : (21.245,-34.212,-22.102)
TrackID: -186  position : (-22.709,8.2939,-0.022364)
TrackID: -206  position : (24.076,-34.992,-30.364)
TrackID: -211  position : (12.342,-23.441,10.285)
TrackID: -224  position : (50.166,-17.44,-41.286)
_________________
At : 99.194 ns 
Get inf of : OH^{0}
TrackID: -116  position : (20.303,-7.0575,10.054)
TrackID: -118  position : (9.2703,-31.936,35.06)
TrackID: -124  position : (-10.951,11.071,28.711)
TrackID: -126  position : (-39.946,19.306,0.59994)
TrackID: -130  position : (-11.796,-46.537,19.777)
TrackID: -142  position : (5.2491,17.519,15.139)
TrackID: -144  position : (54.796,-13.4,25.435)
TrackID: -146  position : (-10.237,1.9165,-21.177)
TrackID: -150  position : (-25.425,27.687,54.448)
TrackID: -154  position : (21.038,-20.651,30.294)
TrackID: -168  position : (12.862,7.1948,4.3993)
TrackID: -170  position : (45.009,-7.0648,-25.166)
TrackID: -172  position : (45.797,-2.5538,-46.325)
TrackID: -176  position : (6.308,13.766,12.538)
TrackID: -180  position : (14.583,-29.547,51.212)
TrackID: -182  position : (-32.735,-17.82,41.584)
TrackID: -184  position : (21.701,-33.597,-21.285)
TrackID: -186  position : (-21.566,9.2762,0.0013948)
TrackID: -206  position : (22.569,-35.606,-29.078)
TrackID: -211  position : (11.679,-23.474,9.9984)
TrackID: -224  position : (50.27,-18.562,-42.441)
_________________
At : 99.294 ns 
Get inf of : OH^{0}
TrackID: -116  position : (20.944,-8.2122,9.4407)
TrackID: -118  position : (7.9454,-31.44,35.838)
TrackID: -124  position : (-10.167,10.842,28.242)
TrackID: -126  position : (-39.475,19.013,-0.75119)
TrackID: -130  position : (-12.526,-46.449,18.921)
TrackID: -142  position : (5.9128,17.971,15.93)
TrackID: -144  position : (55.007,-13.612,25.854)
TrackID: -146  position : (-9.3514,2.0121,-21.204)
TrackID: -150  position : (-26.38,27.114,53.666)
TrackID: -154  position : (21.422,-19.925,30.146)
TrackID: -168  position : (12.894,7.2204,6.0765)
TrackID: -170  position : (44.513,-6.6387,-25.811)
TrackID: -172  position : (46.731,-2.5733,-45.147)
TrackID: -176  position : (6.1262,14.139,11.266)
TrackID: -180  position : (14.574,-30.027,50.968)
TrackID: -182  position : (-33.199,-18.15,41.22)
TrackID: -184  position : (20.883,-32.661,-21.915)
TrackID: -186  position : (-23.519,9.4373,-0.67515)
TrackID: -206  position : (21.829,-35.573,-28.857)
TrackID: -211  position : (9.8108,-23.224,9.5033)
TrackID: -224  position : (50.076,-17.848,-42.318)
_________________
At : 99.464 ns 
Get inf of : OH^{0}
TrackID: -116  position : (20.782,-7.6285,8.6796)
TrackID: -118  position : (6.9878,-30.572,35.249)
TrackID: -124  position : (-8.6997,9.3204,28.635)
TrackID: -126  position : (-38.745,18.81,-0.60689)
TrackID: -130  position : (-11.42,-46.622,20.058)
TrackID: -142  position : (6.9652,17.834,14.948)
TrackID: -144  position : (55.218,-11.844,26.578)
TrackID: -146  position : (-11.551,4.084,-22.267)
TrackID: -150  position : (-25.592,26.744,52.802)
TrackID: -154  position : (21.33,-21.609,29.929)
TrackID: -168  position : (12.479,7.0466,5.3068)
TrackID: -170  position : (46.216,-8.2118,-25.342)
TrackID: -172  position : (46.329,-5.0122,-43.67)
TrackID: -176  position : (5.5461,14.016,10.846)
TrackID: -180  position : (15.873,-30.591,51.768)
TrackID: -182  position : (-32.732,-19.53,41.676)
TrackID: -184  position : (21.15,-32.526,-20.845)
TrackID: -186  position : (-23.286,7.9608,-0.73061)
TrackID: -206  position : (21.804,-35.712,-29.79)
TrackID: -211  position : (9.7792,-23.632,9.3121)
TrackID: -224  position : (49.668,-17.786,-43.857)
_________________
At : 99.57 ns 
Get inf of : OH^{0}
TrackID: -116  position : (21.319,-7.7423,8.4142)
TrackID: -118  position : (6.2422,-30.996,34.552)
TrackID: -124  position : (-10.117,8.6029,28.285)
TrackID: -126  position : (-37.592,18.592,-0.38345)
TrackID: -130  position : (-11.037,-46.268,20.863)
TrackID: -142  position : (7.6543,18.712,15.534)
TrackID: -144  position : (56.44,-12.141,25.613)
TrackID: -146  position : (-11.096,4.2889,-23.467)
TrackID: -150  position : (-25.628,27.165,52.923)
TrackID: -154  position : (21.508,-22.885,29.359)
TrackID: -168  position : (13.555,7.0176,5.4323)
TrackID: -170  position : (46.623,-7.849,-25.333)
TrackID: -172  position : (46.529,-6.1931,-42.684)
TrackID: -176  position : (5.6703,13.956,12.549)
TrackID: -180  position : (15.519,-29.881,52.077)
TrackID: -182  position : (-32.872,-19.23,42.519)
TrackID: -184  position : (20.099,-32.157,-20.403)
TrackID: -186  position : (-21.82,7.3382,-1.3323)
TrackID: -206  position : (20.944,-35.885,-28.728)
TrackID: -211  position : (10.015,-24.158,9.206)
TrackID: -224  position : (50.335,-17.022,-44.261)
_________________
At : 99.67 ns 
Get inf of : OH^{0}
TrackID: -116  position : (20.972,-8.0837,8.643)
TrackID: -118  position : (6.6407,-30.677,34.501)
TrackID: -124  position : (-10.118,9.237,28.471)
TrackID: -126  position : (-38.577,18.596,0.087895)
TrackID: -130  position : (-11.764,-48.06,21.862)
TrackID: -142  position : (8.1618,19.51,15.231)
TrackID: -144  position : (55.634,-12.654,25.507)
TrackID: -146  position : (-12.681,4.8068,-23.188)
TrackID: -150  position : (-24.553,26.361,53.978)
TrackID: -154  position : (22.055,-21.902,28.694)
TrackID: -168  position : (12.333,6.3032,5.6151)
TrackID: -170  position : (45.471,-8.7533,-25.26)
TrackID: -172  position : (46.846,-6.2586,-42.901)
TrackID: -176  position : (5.6788,13.066,12.702)
TrackID: -180  position : (15.925,-30.335,50.712)
TrackID: -182  position : (-33.474,-18.944,42.28)
TrackID: -184  position : (19.465,-33.455,-20.265)
TrackID: -186  position : (-21.761,8.3452,-1.8296)
TrackID: -206  position : (19.823,-35.649,-28.977)
TrackID: -211  position : (10.576,-23.987,10.03)
TrackID: -224  position : (50.115,-15.28,-44.098)
_________________
At : 99.77 ns 
Get inf of : OH^{0}
TrackID: -116  position : (21.501,-8.8828,7.4672)
TrackID: -118  position : (6.3294,-31.072,34.293)
TrackID: -124  position : (-9.2006,8.2927,26.717)
TrackID: -126  position : (-38.484,18.861,0.29628)
TrackID: -130  position : (-11.982,-47.897,21.045)
TrackID: -142  position : (8.4353,19.452,16.259)
TrackID: -144  position : (55.606,-11.925,24.213)
TrackID: -146  position : (-13.862,4.2492,-24.084)
TrackID: -150  position : (-23.208,26.732,54.269)
TrackID: -154  position : (24.081,-21.624,29.278)
TrackID: -168  position : (12.846,5.0681,6.0582)
TrackID: -170  position : (47.161,-8.0038,-25.673)
TrackID: -172  position : (47.724,-5.4815,-41.782)
TrackID: -176  position : (5.2132,13.308,12.46)
TrackID: -180  position : (14.605,-29.765,49.678)
TrackID: -182  position : (-33.021,-19.027,43.661)
TrackID: -184  position : (19.981,-33.039,-20.204)
TrackID: -186  position : (-20.83,8.5243,-1.2419)
TrackID: -206  position : (21.575,-37.041,-29.635)
TrackID: -211  position : (12.073,-23.386,11.981)
TrackID: -224  position : (49.045,-14.398,-45.238)
_________________
At : 99.89 ns 
Get inf of : OH^{0}
TrackID: -116  position : (20.732,-9.3302,8.5634)
TrackID: -118  position : (4.9788,-29.663,34.465)
TrackID: -124  position : (-10.579,9.1406,26.814)
TrackID: -126  position : (-39.082,18.954,0.52095)
TrackID: -130  position : (-11.756,-49.086,21.891)
TrackID: -142  position : (8.2924,19.558,16.172)
TrackID: -144  position : (55.569,-10.864,25.728)
TrackID: -146  position : (-14.913,4.9263,-24.362)
TrackID: -150  position : (-23.503,27.505,54.354)
TrackID: -154  position : (23.681,-20.59,30.047)
TrackID: -168  position : (12.334,4.6611,5.5616)
TrackID: -170  position : (46.838,-7.6388,-26.546)
TrackID: -172  position : (48.564,-6.2469,-42.56)
TrackID: -176  position : (5.2381,12.89,13.767)
TrackID: -180  position : (14.917,-30.245,49.378)
TrackID: -182  position : (-32.586,-20.674,42.445)
TrackID: -184  position : (19.383,-33.191,-20.802)
TrackID: -186  position : (-18.913,8.3955,-1.0371)
TrackID: -206  position : (22.123,-37.506,-30.405)
TrackID: -211  position : (12.653,-23.04,11.443)
TrackID: -224  position : (50.023,-13.309,-44.066)
_________________
At : 99.99 ns 
Get inf of : OH^{0}
TrackID: -116  position : (20.424,-10.545,8.5426)
TrackID: -118  position : (5.2453,-29.305,33.948)
TrackID: -124  position : (-11.704,9.9145,27.682)
TrackID: -126  position : (-39.152,18.753,1.5122)
TrackID: -130  position : (-12.277,-48.548,23.179)
TrackID: -142  position : (7.9355,19.888,15.965)
TrackID: -144  position : (54.93,-10.254,24.679)
TrackID: -146  position : (-15.175,5.7234,-24.731)
TrackID: -150  position : (-22.796,26.219,54.829)
TrackID: -154  position : (23.199,-19.323,30.301)
TrackID: -168  position : (13.638,2.5248,6.9186)
TrackID: -170  position : (47.402,-7.4661,-26.225)
TrackID: -172  position : (48.479,-6.9737,-42.712)
TrackID: -176  position : (5.1357,12.441,13.394)
TrackID: -180  position : (15.568,-29.311,49.562)
TrackID: -182  position : (-32.386,-19.848,41.369)
TrackID: -184  position : (18.118,-34.403,-21.389)
TrackID: -186  position : (-19.267,9.0661,-1.2263)
TrackID: -206  position : (20.838,-37.707,-30.313)
TrackID: -211  position : (12.208,-22.47,10.733)
TrackID: -224  position : (50.217,-13.683,-43.765)
_________________
At : 100 ns 
Get inf of : OH^{0}
TrackID: -116  position : (20.343,-10.882,8.7675)
TrackID: -118  position : (5.2519,-29.204,34.153)
TrackID: -124  position : (-11.612,9.7863,27.675)
TrackID: -126  position : (-38.991,18.486,1.4185)
TrackID: -130  position : (-12.48,-48.555,23.399)
TrackID: -142  position : (7.9283,19.779,16.278)
TrackID: -144  position : (54.314,-10.566,25.204)
TrackID: -146  position : (-15.235,5.3478,-24.947)
TrackID: -150  position : (-22.823,26.076,54.982)
TrackID: -154  position : (23.205,-19.483,30.732)
TrackID: -168  position : (13.645,2.7967,7.1087)
TrackID: -170  position : (47.073,-7.6907,-26.468)
TrackID: -172  position : (48.62,-6.3246,-42.461)
TrackID: -176  position : (5.1325,12.54,13.631)
TrackID: -180  position : (15.705,-29.501,49.61)
TrackID: -182  position : (-32.371,-19.455,41.416)
TrackID: -184  position : (17.834,-34.125,-20.953)
TrackID: -186  position : (-19.602,9.3902,-1.4327)
TrackID: -206  position : (20.747,-37.65,-30.34)
TrackID: -211  position : (12.237,-22.218,10.162)
TrackID: -224  position : (50.434,-13.93,-44.141)
*** G4Scheduler ends at time : 100 ns 
___________________________________
Seed used :1
Graphics systems deleted.
Visualization Manager deleting...
