Environment variable "G4FORCE_RUN_MANAGER_TYPE" enabled with value == Serial. Forcing G4RunManager type...

        ############################################
        !!! WARNING - FPE detection is activated !!!
        ############################################


          ################################
          !!! G4Backtrace is activated !!!
          ################################


**************************************************************
 Geant4 version Name: geant4-11-04-ref-06    (30-June-2026)
                       Copyright : Geant4 Collaboration
                      References : NIM A 506 (2003), 250-303
                                 : IEEE-TNS 53 (2006), 270-278
                                 : NIM A 835 (2016), 186-225
                             WWW : http://geant4.org/
**************************************************************

##### AuNP started for 1 threads #####
*** /run/numberOfThreads command is issued in sequential mode.
Command is ignored.
PhysicsList::SetCuts:CutLength : 100000 fm 

=========================================================
---> The tracking cut to all particles is set to 10 eV 

---------------------------------------------------------
---> The Nano-Particle is a sphere of 50 nm  radius of G4_Au made of
 
 Material:    G4_Au    density: 19.320 g/cm3   RadL:   3.344 mm   Nucl.Int.Length:  10.540 cm 
                       Imean: 790.000 eV   temperature: 293.15 K  pressure:   1.00 atm

   --->  Element: Au (Au)   Z = 79.0   N =   197   A = 196.967 g/mole
         --->  Isotope: Au197   Z = 79   N = 197   A = 196.97 g/mole   abundance: 100.000 %
          ElmMassFraction: 100.00 %  ElmAbundance 100.00 % 


---------------------------------------------------------
---> The Absorber is a sphere of 100 um  radius of G4_WATER made of
 
 Material: G4_WATER H_2O   density:  1.000 g/cm3   RadL:  36.083 cm   Nucl.Int.Length:  75.375 cm 
                       Imean:  78.000 eV   temperature: 293.15 K  pressure:   1.00 atm

   --->  Element: H (H)   Z =  1.0   N =     1   A =  1.008 g/mole
         --->  Isotope:    H1   Z =  1   N =   1   A =   1.01 g/mole   abundance: 99.989 %
         --->  Isotope:    H2   Z =  1   N =   2   A =   2.01 g/mole   abundance:  0.011 %
          ElmMassFraction:  11.19 %  ElmAbundance  66.67 % 

   --->  Element: O (O)   Z =  8.0   N =    16   A = 15.999 g/mole
         --->  Isotope:   O16   Z =  8   N =  16   A =  15.99 g/mole   abundance: 99.757 %
         --->  Isotope:   O17   Z =  8   N =  17   A =  17.00 g/mole   abundance:  0.038 %
         --->  Isotope:   O18   Z =  8   N =  18   A =  18.00 g/mole   abundance:  0.205 %
          ElmMassFraction:  88.81 %  ElmAbundance  33.33 % 


=========================================================
G4DNASamplingTable::LoadData from file:
/dna/sigmadiff_ionisation_e_born.dat
    Nenergy= 83 NmaxT= 151
G4DNASamplingTable::LoadData from file:
/dna/sigmadiff_ionisation_p_born.dat
    Nenergy= 31 NmaxT= 151
PhysicsList::SetCuts:CutLength : 100000 fm 

Molecular Config | Diffusion Coefficient (m2 / s)       | Radius (nm) 
_____________________________________________________________________________
H3O^1                 9.46e-09                          0.25
_____________________________________________________________________________
°OH^0                 2.2e-09                          0.22
_____________________________________________________________________________
OH^-1                  5.3e-09                          0.33
_____________________________________________________________________________
e_aq^-1                4.9e-09                           0.5
_____________________________________________________________________________
H^0                      7e-09                          0.19
_____________________________________________________________________________
H_2^0                  4.8e-09                          0.14
_____________________________________________________________________________
H2O2^0                 2.3e-09                          0.21
_____________________________________________________________________________
HO_2°^0               2.3e-09                          0.21
_____________________________________________________________________________
HO_2^-1                1.4e-09                          0.25
_____________________________________________________________________________
°O^0                    2e-09                           0.2
_____________________________________________________________________________
O^-1                     2e-09                          0.25
_____________________________________________________________________________
O_2^0                  2.4e-09                          0.17
_____________________________________________________________________________
O_2^-1                1.75e-09                          0.22
_____________________________________________________________________________
O_3^0                    2e-09                           0.2
_____________________________________________________________________________
O_3^-1                   2e-09                           0.2
_____________________________________________________________________________
H2O^0                        0                         0.275
_____________________________________________________________________________
H3O^1                        0                        0.0961
_____________________________________________________________________________
OH^-1                        0                        0.0958
_____________________________________________________________________________
None^0                       0                             0
_____________________________________________________________________________
H2O^0                    2e-09                         0.275
_____________________________________________________________________________
H2O^0                    2e-09                         0.275
_____________________________________________________________________________
H2O^0                    2e-09                         0.275
_____________________________________________________________________________
H2O^0                    2e-09                         0.275
_____________________________________________________________________________
H2O^0                    2e-09                         0.275
_____________________________________________________________________________
H2O^1                    2e-09                         0.275
_____________________________________________________________________________
H2O^1                    2e-09                         0.275
_____________________________________________________________________________
H2O^1                    2e-09                         0.275
_____________________________________________________________________________
H2O^1                    2e-09                         0.275
_____________________________________________________________________________
H2O^1                    2e-09                         0.275
_____________________________________________________________________________
H2O^-1                   2e-09                         0.275
_____________________________________________________________________________
H2O^0                    2e-09                         0.275
_____________________________________________________________________________
H2O^0                    2e-09                         0.275
_____________________________________________________________________________
HO_2^-1                2.3e-09                          0.21
_____________________________________________________________________________
HO_2°^0               2.3e-09                          0.21
_____________________________________________________________________________
None^0                       0                             0
_____________________________________________________________________________
O^0                      2e-09                           0.2
_____________________________________________________________________________
OH^-1                  2.8e-09                        0.0958
_____________________________________________________________________________
O_2^0                  2.4e-09                          0.17
_____________________________________________________________________________
O_3^0                    2e-09                           0.2
_____________________________________________________________________________
°O^0                    2e-09                           0.2
_____________________________________________________________________________
Number of chemical species involved in reactions = 6
Reaction                                    Reaction Rate [dm3/(mol*s)]   
----------------------------------------------------------------------------
H3O^1 + OH^-1 -> No product                 1.13e+11                      
----------------------------------------------------------------------------
H3O^1 + e_aq^-1 -> H^0                      2.11e+10                      
----------------------------------------------------------------------------
°OH^0 + H^0 -> No product                  1.55e+10                      
----------------------------------------------------------------------------
°OH^0 + °OH^0 -> H2O2^0                   5.5e+09                       
----------------------------------------------------------------------------
°OH^0 + e_aq^-1 -> OH^-1                   2.95e+10                      
----------------------------------------------------------------------------
e_aq^-1 + H^0 -> H_2^0 + OH^-1              2.5e+10                       
----------------------------------------------------------------------------
e_aq^-1 + e_aq^-1 -> H_2^0 + OH^-1 + OH^-1  6.36e+09                      
----------------------------------------------------------------------------
e_aq^-1 + H2O2^0 -> OH^-1 + °OH^0          1.1e+10                       
----------------------------------------------------------------------------
H^0 + H^0 -> H_2^0                          5.03e+09                      
----------------------------------------------------------------------------
=======================================================================
======                 Electromagnetic Physics Parameters      ========
=======================================================================
LPM effect enabled                                 1
Enable creation and use of sampling tables         0
Apply cuts on all EM processes                     0
Use combined TransportationWithMsc                 Disabled
Use general process                                0
Enable linear polarisation for gamma               0
Enable photoeffect sampling below K-shell          1
Enable sampling of quantum entanglement            0
X-section factor for integral approach             0.8
Min kinetic energy for tables                      100 eV 
Max kinetic energy for tables                      1 GeV
Number of bins per decade of a table               7
Verbose level                                      1
Verbose level for worker thread                    0
Bremsstrahlung energy threshold above which 
  primary e+- is added to the list of secondary    100 TeV
Bremsstrahlung energy threshold above which primary
  muon/hadron is added to the list of secondary    100 TeV
Positron annihilation at rest model                SimplePositronium
Enable 3 gamma annihilation on fly                 0
Lowest triplet kinetic energy                      1 MeV
Enable sampling of gamma linear polarisation       0
5D gamma conversion model type                     0
5D gamma conversion model on isolated ion          0
Use RiGe 5D e+e- pair production model by muons    0
Livermore data directory                           epics_2017
=======================================================================
======                 Ionisation Parameters                   ========
=======================================================================
Step function for e+-                              (0.2, 1 mm)
Step function for muons/hadrons                    (0.2, 0.1 mm)
Step function for light ions                       (0.2, 0.1 mm)
Step function for general ions                     (0.2, 0.1 mm)
Lowest e+e- kinetic energy                         1 eV 
Lowest muon/hadron kinetic energy                  1 keV
Use ICRU90 data                                    0
Fluctuations of dE/dx are enabled                  1
Type of fluctuation model for leptons and hadrons  Universal
Use built-in Birks saturation                      0
Build CSDA range enabled                           0
Use cut as a final range enabled                   0
Enable angular generator interface                 0
Enable parallel initialisation of physics tables   0
Max kinetic energy for CSDA tables                 1 GeV
Max kinetic energy for NIEL computation            0 eV 
Linear loss limit                                  0.01
Read data from file for e+e- pair production by mu 0
=======================================================================
======                 Multiple Scattering Parameters          ========
=======================================================================
Type of msc step limit algorithm for e+-           1
Type of msc step limit algorithm for muons/hadrons 0
Msc lateral displacement for e+- enabled           1
Msc lateral displacement for muons and hadrons     0
Urban msc model lateral displacement alg96         1
Range factor for msc step limit for e+-            0.04
Range factor for msc step limit for muons/hadrons  0.2
Geometry factor for msc step limitation of e+-     2.5
Safety factor for msc step limit for e+-           0.6
Skin parameter for msc step limitation of e+-      1
Lambda limit for msc step limit for e+-            1 mm
Use Mott correction for e- scattering              0
Factor used for dynamic computation of angular 
  limit between single and multiple scattering     1
Fixed angular limit between single 
  and multiple scattering                          3.1416 rad
Upper energy limit for e+- multiple scattering     100 MeV
Type of electron single scattering model           0
Type of nuclear form-factor                        1
Screening factor                                   1
=======================================================================
======                 Atomic Deexcitation Parameters          ========
=======================================================================
Fluorescence enabled                               1
Directory in G4LEDATA for fluorescence data files  fluor
Auger electron cascade enabled                     1
PIXE atomic de-excitation enabled                  1
De-excitation module ignores cuts                  1
Type of PIXE cross section for hadrons             Empirical
Type of PIXE cross section for e+-                 Livermore
=======================================================================

### ===  Deexcitation model UAtomDeexcitation is activated for 2 regions:
          DefaultRegionForTheWorld  1  1  1
          NP  1  1  1

### === G4UAtomicDeexcitation::InitialiseForNewRun()
### ===  Auger flag: 1
### ===  Ignore cuts flag:   1
### ===  PIXE model for hadrons: Empirical
### ===  PIXE model for e+-:     Livermore
G4DNAELSEPAElasticModel: high energy limit decreased from 1000 MeV to 10 MeV

phot:  for gamma SubType=12 BuildTable=0
      LambdaPrime table from 200 keV to 1 GeV in 26 bins 
      ===== EM models for the G4Region  DefaultRegionForTheWorld ======
 LivermorePhElectric : Emin=    0 eV  Emax=    1 GeV  SauterGavrila Fluo

compt:  for gamma SubType=13 BuildTable=1
      Lambda table from 100 eV  to 1 MeV, 7 bins/decade, spline: 1
      LambdaPrime table from 1 MeV to 1 GeV in 21 bins 
      ===== EM models for the G4Region  DefaultRegionForTheWorld ======
    LivermoreCompton : Emin=    0 eV  Emax=    1 GeV Fluo

conv:  for gamma SubType=14 BuildTable=1
      Lambda table from 1.022 MeV to 1 GeV, 31 bins/decade, spline: 1
      ===== EM models for the G4Region  DefaultRegionForTheWorld ======
 LivermoreConversion : Emin=    0 eV  Emax=    1 GeV  ModifiedTsai

Rayl:  for gamma SubType=11 BuildTable=1
      Lambda table from 100 eV  to 150 keV, 7 bins/decade, spline: 0
      LambdaPrime table from 150 keV to 1 GeV in 27 bins 
      ===== EM models for the G4Region  DefaultRegionForTheWorld ======
   LivermoreRayleigh : Emin=    0 eV  Emax=    1 GeV  CullenGenerator

e-_G4DNAElastic:  for e- SubType=51 BuildTable=0
      ===== EM models for the G4Region  DefaultRegionForTheWorld ======
DNAChampionElasticModel : Emin=    0 eV  Emax=    1 MeV
      ===== EM models for the G4Region  NP ======

e-_G4DNAExcitation:  for e- SubType=52 BuildTable=0
      ===== EM models for the G4Region  DefaultRegionForTheWorld ======
DNABornExcitationModel : Emin=    0 eV  Emax=    1 GeV
      ===== EM models for the G4Region  NP ======

e-_G4DNAIonisation:  for e- SubType=53 BuildTable=0
      ===== EM models for the G4Region  DefaultRegionForTheWorld ======
DNABornIonisationModel : Emin=    0 eV  Emax=    1 GeV  deltaBorn Fluo
      ===== EM models for the G4Region  NP ======

e-_G4DNAAttachment:  for e- SubType=55 BuildTable=0
      ===== EM models for the G4Region  DefaultRegionForTheWorld ======
DNAMeltonAttachmentModel : Emin=    0 eV  Emax=   13 eV 
      ===== EM models for the G4Region  NP ======

e-_G4DNAVibExcitation:  for e- SubType=54 BuildTable=0
      ===== EM models for the G4Region  DefaultRegionForTheWorld ======
DNASancheExcitationModel : Emin=    0 eV  Emax=  100 eV 
      ===== EM models for the G4Region  NP ======

e-_G4DNABremsstrahlung:  for e-  XStype:4  SubType=3
      dE/dx and range tables from 100 eV  to 1 GeV in 49 bins
      Lambda tables from threshold to 1 GeV, 7 bins/decade, spline: 1
      LPM flag: 1 for E > 1 GeV,  VertexHighEnergyTh(GeV)= 100000
      ===== EM models for the G4Region  DefaultRegionForTheWorld ======
             eBremSB : Emin=    0 eV  Emax=    1 GeV  ModifiedTsai
      ===== EM models for the G4Region  NP ======

e-_G4DNAELSEPAElastic:  for e- SubType=51 BuildTable=0
      ===== EM models for the G4Region  DefaultRegionForTheWorld ======
          DummyModel : Emin=    0 eV  Emax=    1 GeV
          StepLim=UseSafety Rfact=0.04 Gfact=2.5 Sfact=0.6 DispFlag:1 Skin=1 Llim=1 mm
      ===== EM models for the G4Region  NP ======
DNAELSEPAElasticModel : Emin=    0 eV  Emax=    1 GeV

e-_G4DNADRMExcitation:  for e- SubType=52 BuildTable=0
      ===== EM models for the G4Region  DefaultRegionForTheWorld ======
          DummyModel : Emin=    0 eV  Emax=    1 GeV
          StepLim=UseSafety Rfact=0.04 Gfact=2.5 Sfact=0.6 DispFlag:1 Skin=1 Llim=1 mm
      ===== EM models for the G4Region  NP ======
DNADiracRMatrixExcitationModel : Emin=    0 eV  Emax=    1 GeV

e-_G4DNARelativisticIonisation:  for e- SubType=53 BuildTable=0
      ===== EM models for the G4Region  DefaultRegionForTheWorld ======
          DummyModel : Emin=    0 eV  Emax=    1 GeV
          StepLim=UseSafety Rfact=0.04 Gfact=2.5 Sfact=0.6 DispFlag:1 Skin=1 Llim=1 mm
      ===== EM models for the G4Region  NP ======
DNARelativisticIonisationModel : Emin=    0 eV  Emax=    1 GeV Fluo

e-_G4DNAPlasmonExcitation:  for e- SubType=-1 BuildTable=0
      ===== EM models for the G4Region  DefaultRegionForTheWorld ======
          DummyModel : Emin=    0 eV  Emax=    1 GeV
          StepLim=UseSafety Rfact=0.04 Gfact=2.5 Sfact=0.6 DispFlag:1 Skin=1 Llim=1 mm
      ===== EM models for the G4Region  NP ======
DNAQuinnPlasmonExcitationModel : Emin=    0 eV  Emax=    1 GeV

e-_G4DNABremsstrahlung_GNP:  for e-  XStype:4  SubType=3
      dE/dx and range tables from 100 eV  to 1 GeV in 49 bins
      Lambda tables from threshold to 1 GeV, 7 bins/decade, spline: 1
      LPM flag: 1 for E > 1 GeV,  VertexHighEnergyTh(GeV)= 100000
      ===== EM models for the G4Region  DefaultRegionForTheWorld ======
          DummyModel : Emin=    0 eV  Emax=    1 GeV
          StepLim=UseSafety Rfact=0.04 Gfact=2.5 Sfact=0.6 DispFlag:1 Skin=1 Llim=1 mm
      ===== EM models for the G4Region  NP ======
             eBremSB : Emin=    0 eV  Emax=    1 GeV  ModifiedTsai

e-_G4DNAElectronSolvation:  for e- SubType=58 BuildTable=0
      ===== EM models for the G4Region  DefaultRegionForTheWorld ======
DNAOneStepThermalizationModel_Meesungnoen2002 : Emin=    0 eV  Emax= 8.22 eV 

========= Table of registered couples ============================

Index : 0     used in the geometry : Yes
 Material : Galactic
 Range cuts        :  gamma  1 Ang    e-  1 Ang    e+  1 Ang proton 100000 fm 
 Energy thresholds :  gamma  1 eV     e-  1 eV     e+  1 eV  proton 10 meV
 Region(s) which use this couple : 
    DefaultRegionForTheWorld

Index : 1     used in the geometry : Yes
 Material : G4_WATER
 Range cuts        :  gamma  1 Ang    e-  1 Ang    e+  1 Ang proton 100000 fm 
 Energy thresholds :  gamma  1 eV     e-  1 eV     e+  1 eV  proton 10 meV
 Region(s) which use this couple : 
    DefaultRegionForTheWorld

Index : 2     used in the geometry : Yes
 Material : G4_Au
 Range cuts        :  gamma  1 Ang    e-  1 Ang    e+  1 Ang proton 1 Ang
 Energy thresholds :  gamma  1 eV     e-  1 eV     e+  1 eV  proton 10 meV
 Region(s) which use this couple : 
    NP

==================================================================

### Run 0 starts.
... set ntuple merging row mode : row-wise - done
... create file : AuNP.root - done
... open analysis file : AuNP.root - done
... open analysis file : AuNP.root - done
--> Event 0 starts.

DNAIndependentReactionTimeModel will be used ==========================

=======================================================================


-------- WWWW ------- G4Exception-START -------- WWWW -------
*** G4Exception : MOLMAN000
      issued by : G4MoleculeCounterManager::Initialize
The molecule counter manager is set to accumulate counters into the master thread. But this will *NOT* be triggered automatically, since the counters are not reset before events or runs!
*** This is just a warning message. ***
-------- WWWW -------- G4Exception-END --------- WWWW -------


-------- WWWW ------- G4Exception-START -------- WWWW -------
*** G4Exception : MOLMAN000
      issued by : G4MoleculeCounterManager::Initialize
The molecule counter manager tried to verify its settings but it appears that the selection of accumulate and reset flags does not match any reasonable configuration!
*** This is just a warning message. ***
-------- WWWW -------- G4Exception-END --------- WWWW -------

*** G4Scheduler starts processing 
At time :       1 ps  Reaction : e_aq^-1 (-568) + °OH^0 (-2357) -> OH^-1 (-4282)
At time :       1 ps  Reaction : °OH^0 (-4236) + °OH^0 (-3365) -> H2O2^0 (-4283)
At time :       1 ps  Reaction : °OH^0 (-1983) + e_aq^-1 (-3587) -> OH^-1 (-4284)
At time :       1 ps  Reaction : H3O^1 (-3731) + e_aq^-1 (-3732) -> H^0 (-4285)
At time :       1 ps  Reaction : H3O^1 (-3789) + e_aq^-1 (-3790) -> H^0 (-4286)
At time :       1 ps  Reaction : °OH^0 (-3703) + e_aq^-1 (-3705) -> OH^-1 (-4287)
At time :       1 ps  Reaction : °OH^0 (-4097) + °OH^0 (-2909) -> H2O2^0 (-4288)
At time :       1 ps  Reaction : °OH^0 (-4161) + °OH^0 (-3039) -> H2O2^0 (-4289)
At time :       1 ps  Reaction : °OH^0 (-4268) + °OH^0 (-3914) -> H2O2^0 (-4290)
At time :       1 ps  Reaction : °OH^0 (-4014) + °OH^0 (-4013) -> H2O2^0 (-4291)
At time :       1 ps  Reaction : °OH^0 (-4165) + °OH^0 (-4166) -> H2O2^0 (-4292)
At time :       1 ps  Reaction : °OH^0 (-4279) + °OH^0 (-4160) -> H2O2^0 (-4293)
At time :       1 ps  Reaction : °OH^0 (-4175) + °OH^0 (-4176) -> H2O2^0 (-4294)
At time :       1 ps  Reaction : °OH^0 (-4009) + °OH^0 (-4008) -> H2O2^0 (-4295)
At time :       1 ps  Reaction : OH^-1 (-4282) + H3O^1 (-2356) -> No product
At time :       1 ps  Reaction : OH^-1 (-4284) + H3O^1 (-1982) -> No product
At time :       1 ps  Reaction : H^0 (-3985) + H^0 (-3986) -> H_2^0 (-4296)
At time :  1.9062 ps  Reaction : H^0 (-4184) + H^0 (-4185) -> H_2^0 (-4297)
At time :   2.139 ps  Reaction : °OH^0 (-2945) + °OH^0 (-2951) -> H2O2^0 (-4298)
At time :  2.2153 ps  Reaction : °OH^0 (-3769) + e_aq^-1 (-3771) -> OH^-1 (-4299)
At time :  2.4976 ps  Reaction : °OH^0 (-2369) + °OH^0 (-3341) -> H2O2^0 (-4300)
At time :  3.3475 ps  Reaction : °OH^0 (-4068) + °OH^0 (-3947) -> H2O2^0 (-4301)
At time :  4.0936 ps  Reaction : e_aq^-1 (-1395) + °OH^0 (-2837) -> OH^-1 (-4302)
At time :  4.2843 ps  Reaction : OH^-1 (-4299) + H3O^1 (-3770) -> No product
At time :  4.8319 ps  Reaction : H^0 (-4126) + °OH^0 (-4125) -> No product
At time :  5.3045 ps  Reaction : e_aq^-1 (-318) + °OH^0 (-3381) -> OH^-1 (-4303)
At time :  7.8269 ps  Reaction : °OH^0 (-4069) + °OH^0 (-2829) -> H2O2^0 (-4304)
At time :  9.7263 ps  Reaction : °OH^0 (-3191) + °OH^0 (-3193) -> H2O2^0 (-4305)
At time :  9.9477 ps  Reaction : °OH^0 (-3772) + e_aq^-1 (-3774) -> OH^-1 (-4306)
At time :  10.027 ps  Reaction : °OH^0 (-2137) + °OH^0 (-2599) -> H2O2^0 (-4307)
At time :  10.642 ps  Reaction : °OH^0 (-4077) + °OH^0 (-2013) -> H2O2^0 (-4308)
At time :  11.266 ps  Reaction : H^0 (-4074) + °OH^0 (-2857) -> No product
At time :  11.502 ps  Reaction : °OH^0 (-3756) + e_aq^-1 (-3758) -> OH^-1 (-4309)
At time :  12.207 ps  Reaction : °OH^0 (-3871) + H^0 (-3872) -> No product
At time :  13.755 ps  Reaction : H^0 (-4020) + H^0 (-3836) -> H_2^0 (-4310)
At time :  14.414 ps  Reaction : °OH^0 (-2399) + °OH^0 (-3313) -> H2O2^0 (-4311)
At time :  15.376 ps  Reaction : °OH^0 (-3909) + H^0 (-3952) -> No product
At time :  15.599 ps  Reaction : °OH^0 (-4246) + °OH^0 (-4211) -> H2O2^0 (-4312)
At time :  16.523 ps  Reaction : °OH^0 (-2105) + °OH^0 (-3505) -> H2O2^0 (-4313)
At time :  17.156 ps  Reaction : °OH^0 (-2549) + e_aq^-1 (-3629) -> OH^-1 (-4314)
At time :  17.431 ps  Reaction : OH^-1 (-4303) + H3O^1 (-3376) -> No product
At time :  18.286 ps  Reaction : °OH^0 (-1991) + H^0 (-3828) -> No product
At time :    18.5 ps  Reaction : °OH^0 (-2043) + °OH^0 (-3271) -> H2O2^0 (-4315)
At time :  19.586 ps  Reaction : °OH^0 (-2919) + °OH^0 (-2923) -> H2O2^0 (-4316)
At time :  19.836 ps  Reaction : °OH^0 (-2609) + H^0 (-3678) -> No product
At time :  20.318 ps  Reaction : °OH^0 (-2155) + °OH^0 (-3579) -> H2O2^0 (-4317)
At time :  21.297 ps  Reaction : °OH^0 (-2019) + e_aq^-1 (-3653) -> OH^-1 (-4318)
At time :  21.723 ps  Reaction : H3O^1 (-2018) + OH^-1 (-4318) -> No product
At time :  21.999 ps  Reaction : °OH^0 (-1904) + °OH^0 (-3692) -> H2O2^0 (-4319)
At time :  22.927 ps  Reaction : °OH^0 (-3351) + H^0 (-3892) -> No product
At time :  25.924 ps  Reaction : °OH^0 (-4023) + °OH^0 (-4016) -> H2O2^0 (-4320)
At time :  26.962 ps  Reaction : °OH^0 (-3377) + e_aq^-1 (-3815) -> OH^-1 (-4321)
At time :  29.725 ps  Reaction : °OH^0 (-1959) + °OH^0 (-3151) -> H2O2^0 (-4322)
At time :  35.721 ps  Reaction : e_aq^-1 (-751) + °OH^0 (-1943) -> OH^-1 (-4323)
At time :  36.436 ps  Reaction : e_aq^-1 (-1891) + °OH^0 (-1997) -> OH^-1 (-4324)
At time :  36.547 ps  Reaction : OH^-1 (-4324) + H3O^1 (-2588) -> No product
At time :  38.051 ps  Reaction : H^0 (-4203) + °OH^0 (-4209) -> No product
At time :   38.12 ps  Reaction : °OH^0 (-4030) + °OH^0 (-2697) -> H2O2^0 (-4325)
At time :  38.585 ps  Reaction : °OH^0 (-3885) + H^0 (-3886) -> No product
At time :  38.617 ps  Reaction : H3O^1 (-2548) + OH^-1 (-4314) -> No product
At time :  38.836 ps  Reaction : °OH^0 (-1963) + °OH^0 (-3103) -> H2O2^0 (-4326)
At time :    39.6 ps  Reaction : °OH^0 (-2281) + °OH^0 (-2283) -> H2O2^0 (-4327)
At time :  39.936 ps  Reaction : °OH^0 (-2891) + H^0 (-4273) -> No product
At time :  40.512 ps  Reaction : °OH^0 (-1945) + °OH^0 (-3345) -> H2O2^0 (-4328)
At time :  41.189 ps  Reaction : H^0 (-3973) + °OH^0 (-3924) -> No product
At time :  41.511 ps  Reaction : °OH^0 (-2537) + °OH^0 (-2725) -> H2O2^0 (-4329)
At time :  45.469 ps  Reaction : e_aq^-1 (-1089) + °OH^0 (-2975) -> OH^-1 (-4330)
At time :   47.69 ps  Reaction : °OH^0 (-3978) + H^0 (-3979) -> No product
At time :   49.03 ps  Reaction : H^0 (-3961) + °OH^0 (-4276) -> No product
At time :  50.617 ps  Reaction : e_aq^-1 (-1815) + °OH^0 (-3576) -> OH^-1 (-4331)
At time :  51.812 ps  Reaction : °OH^0 (-1977) + °OH^0 (-2855) -> H2O2^0 (-4332)
At time :   52.15 ps  Reaction : °OH^0 (-4141) + °OH^0 (-3009) -> H2O2^0 (-4333)
At time :  56.056 ps  Reaction : °OH^0 (-3957) + °OH^0 (-3730) -> H2O2^0 (-4334)
At time :  56.889 ps  Reaction : °OH^0 (-2261) + °OH^0 (-2263) -> H2O2^0 (-4335)
At time :  60.572 ps  Reaction : H^0 (-3974) + °OH^0 (-4180) -> No product
At time :  61.764 ps  Reaction : e_aq^-1 (-3581) + e_aq^-1 (-3626) -> H_2^0 (-4336) + OH^-1 (-4337) + OH^-1 (-4338)
At time :  67.318 ps  Reaction : °OH^0 (-2365) + °OH^0 (-3803) -> H2O2^0 (-4339)
At time :  68.124 ps  Reaction : OH^-1 (-4306) + H3O^1 (-3773) -> No product
At time :  73.048 ps  Reaction : H^0 (-3976) + °OH^0 (-3335) -> No product
At time :  73.992 ps  Reaction : OH^-1 (-1903) + H3O^1 (-2680) -> No product
At time :  74.459 ps  Reaction : e_aq^-1 (-526) + °OH^0 (-3291) -> OH^-1 (-4340)
At time :  75.843 ps  Reaction : °OH^0 (-3339) + °OH^0 (-3889) -> H2O2^0 (-4341)
At time :  76.956 ps  Reaction : OH^-1 (-4330) + H3O^1 (-2974) -> No product
At time :  79.084 ps  Reaction : °OH^0 (-3199) + H^0 (-3784) -> No product
At time :  84.921 ps  Reaction : °OH^0 (-2687) + °OH^0 (-2689) -> H2O2^0 (-4342)
At time :   86.38 ps  Reaction : °OH^0 (-2231) + e_aq^-1 (-3726) -> OH^-1 (-4343)
At time :  87.869 ps  Reaction : °OH^0 (-3918) + °OH^0 (-3917) -> H2O2^0 (-4344)
At time :  89.482 ps  Reaction : H^0 (-4226) + °OH^0 (-3359) -> No product
At time :    91.6 ps  Reaction : e_aq^-1 (-895) + H3O^1 (-3062) -> H^0 (-4345)
At time :  92.211 ps  Reaction : H^0 (-3937) + °OH^0 (-4018) -> No product
At time :  94.642 ps  Reaction : °OH^0 (-2195) + °OH^0 (-2813) -> H2O2^0 (-4346)
At time :  95.204 ps  Reaction : °OH^0 (-2591) + e_aq^-1 (-3620) -> OH^-1 (-4347)
At time :  97.115 ps  Reaction : °OH^0 (-2359) + °OH^0 (-3285) -> H2O2^0 (-4348)
At time :  99.346 ps  Reaction : °OH^0 (-2061) + °OH^0 (-3155) -> H2O2^0 (-4349)
At time :  103.45 ps  Reaction : e_aq^-1 (-669) + H3O^1 (-2026) -> H^0 (-4350)
At time :  109.68 ps  Reaction : H^0 (-3696) + °OH^0 (-3697) -> No product
At time :  110.75 ps  Reaction : H^0 (-4059) + °OH^0 (-4061) -> No product
At time :  113.45 ps  Reaction : °OH^0 (-2867) + °OH^0 (-3717) -> H2O2^0 (-4351)
At time :  114.77 ps  Reaction : °OH^0 (-4088) + °OH^0 (-4093) -> H2O2^0 (-4352)
At time :  116.73 ps  Reaction : °OH^0 (-2239) + °OH^0 (-2921) -> H2O2^0 (-4353)
At time :   117.3 ps  Reaction : °OH^0 (-4156) + H^0 (-4154) -> No product
At time :  119.89 ps  Reaction : °OH^0 (-4006) + °OH^0 (-2615) -> H2O2^0 (-4354)
At time :  120.19 ps  Reaction : H^0 (-3920) + °OH^0 (-3343) -> No product
At time :  123.07 ps  Reaction : °OH^0 (-2007) + °OH^0 (-2705) -> H2O2^0 (-4355)
At time :  123.25 ps  Reaction : e_aq^-1 (-918) + °OH^0 (-3475) -> OH^-1 (-4356)
At time :  124.86 ps  Reaction : °OH^0 (-4098) + °OH^0 (-2901) -> H2O2^0 (-4357)
At time :  126.22 ps  Reaction : °OH^0 (-3966) + °OH^0 (-3967) -> H2O2^0 (-4358)
At time :  127.19 ps  Reaction : H3O^1 (-3146) + OH^-1 (-4323) -> No product
At time :  127.19 ps  Reaction : °OH^0 (-3851) + H^0 (-3852) -> No product
At time :   129.1 ps  Reaction : H^0 (-3977) + °OH^0 (-2389) -> No product
At time :  132.06 ps  Reaction : °OH^0 (-4232) + °OH^0 (-3672) -> H2O2^0 (-4359)
At time :  132.36 ps  Reaction : H^0 (-3910) + °OH^0 (-3855) -> No product
At time :     135 ps  Reaction : °OH^0 (-2203) + °OH^0 (-2209) -> H2O2^0 (-4360)
At time :  137.29 ps  Reaction : °OH^0 (-2073) + °OH^0 (-3660) -> H2O2^0 (-4361)
At time :  139.37 ps  Reaction : H^0 (-3981) + °OH^0 (-3353) -> No product
At time :  141.91 ps  Reaction : °OH^0 (-3686) + e_aq^-1 (-3688) -> OH^-1 (-4362)
At time :  148.63 ps  Reaction : H^0 (-4113) + °OH^0 (-2929) -> No product
At time :  152.21 ps  Reaction : °OH^0 (-2499) + °OH^0 (-2825) -> H2O2^0 (-4363)
At time :  154.78 ps  Reaction : °OH^0 (-4067) + °OH^0 (-2831) -> H2O2^0 (-4364)
At time :  160.65 ps  Reaction : °OH^0 (-3327) + e_aq^-1 (-3668) -> OH^-1 (-4365)
At time :  163.54 ps  Reaction : e_aq^-1 (-1145) + H3O^1 (-3592) -> H^0 (-4366)
At time :  164.11 ps  Reaction : OH^-1 (-1918) + H3O^1 (-3100) -> No product
At time :  169.08 ps  Reaction : °OH^0 (-2409) + H^0 (-3796) -> No product
At time :   170.4 ps  Reaction : °OH^0 (-2765) + °OH^0 (-2771) -> H2O2^0 (-4367)
At time :  170.94 ps  Reaction : °OH^0 (-2257) + e_aq^-1 (-3650) -> OH^-1 (-4368)
At time :  173.23 ps  Reaction : °OH^0 (-3657) + e_aq^-1 (-3659) -> OH^-1 (-4369)
At time :  176.15 ps  Reaction : °OH^0 (-4271) + °OH^0 (-3750) -> H2O2^0 (-4370)
At time :   176.6 ps  Reaction : °OH^0 (-2149) + H^0 (-3689) -> No product
At time :  178.51 ps  Reaction : H3O^1 (-2230) + OH^-1 (-4343) -> No product
At time :  179.54 ps  Reaction : °OH^0 (-2071) + e_aq^-1 (-3599) -> OH^-1 (-4371)
At time :  185.74 ps  Reaction : °OH^0 (-4032) + °OH^0 (-2005) -> H2O2^0 (-4372)
At time :  185.75 ps  Reaction : OH^-1 (-4368) + H3O^1 (-2952) -> No product
At time :  187.38 ps  Reaction : e_aq^-1 (-450) + H3O^1 (-4208) -> H^0 (-4373)
At time :  191.87 ps  Reaction : H^0 (-3780) + e_aq^-1 (-3787) -> H_2^0 (-4374) + OH^-1 (-4375)
At time :  195.53 ps  Reaction : e_aq^-1 (-490) + H^0 (-4193) -> H_2^0 (-4376) + OH^-1 (-4377)
At time :  202.61 ps  Reaction : °OH^0 (-4103) + °OH^0 (-1929) -> H2O2^0 (-4378)
At time :  204.77 ps  Reaction : OH^-1 (-1909) + H3O^1 (-2870) -> No product
At time :  205.19 ps  Reaction : OH^-1 (-4337) + H3O^1 (-3625) -> No product
At time :  207.03 ps  Reaction : °OH^0 (-1933) + °OH^0 (-2143) -> H2O2^0 (-4379)
At time :  211.34 ps  Reaction : °OH^0 (-2607) + °OH^0 (-3679) -> H2O2^0 (-4380)
At time :  211.43 ps  Reaction : H3O^1 (-3312) + OH^-1 (-4377) -> No product
At time :  218.66 ps  Reaction : H^0 (-3712) + °OH^0 (-3713) -> No product
At time :  219.61 ps  Reaction : °OH^0 (-2247) + H^0 (-4366) -> No product
At time :  223.92 ps  Reaction : H3O^1 (-3604) + e_aq^-1 (-3605) -> H^0 (-4381)
At time :  230.63 ps  Reaction : °OH^0 (-3331) + °OH^0 (-3804) -> H2O2^0 (-4382)
At time :  230.72 ps  Reaction : °OH^0 (-3621) + e_aq^-1 (-3623) -> OH^-1 (-4383)
At time :  232.87 ps  Reaction : °OH^0 (-4225) + °OH^0 (-3361) -> H2O2^0 (-4384)
At time :  232.99 ps  Reaction : OH^-1 (-4340) + H3O^1 (-3290) -> No product
At time :   233.3 ps  Reaction : OH^-1 (-4375) + H3O^1 (-1952) -> No product
At time :  234.25 ps  Reaction : H3O^1 (-2590) + OH^-1 (-4347) -> No product
At time :  241.77 ps  Reaction : °OH^0 (-2035) + °OH^0 (-3321) -> H2O2^0 (-4385)
At time :  243.69 ps  Reaction : °OH^0 (-3035) + °OH^0 (-3037) -> H2O2^0 (-4386)
At time :  246.17 ps  Reaction : e_aq^-1 (-467) + H3O^1 (-3667) -> H^0 (-4387)
At time :  247.87 ps  Reaction : °OH^0 (-3073) + °OH^0 (-3075) -> H2O2^0 (-4388)
At time :  250.26 ps  Reaction : OH^-1 (-4321) + H3O^1 (-3814) -> No product
At time :  254.43 ps  Reaction : °OH^0 (-2997) + °OH^0 (-3003) -> H2O2^0 (-4389)
At time :  255.18 ps  Reaction : °OH^0 (-4197) + °OH^0 (-2371) -> H2O2^0 (-4390)
At time :  256.89 ps  Reaction : H^0 (-4115) + °OH^0 (-2237) -> No product
At time :  259.85 ps  Reaction : e_aq^-1 (-1647) + °OH^0 (-3633) -> OH^-1 (-4391)
At time :  269.48 ps  Reaction : H^0 (-3927) + °OH^0 (-4128) -> No product
At time :  274.73 ps  Reaction : e_aq^-1 (-1393) + H3O^1 (-2838) -> H^0 (-4392)
At time :  278.97 ps  Reaction : °OH^0 (-2475) + °OH^0 (-3047) -> H2O2^0 (-4393)
At time :  282.96 ps  Reaction : e_aq^-1 (-834) + °OH^0 (-3101) -> OH^-1 (-4394)
At time :  285.44 ps  Reaction : °OH^0 (-4200) + °OH^0 (-3347) -> H2O2^0 (-4395)
At time :   286.5 ps  Reaction : °OH^0 (-2489) + °OH^0 (-2981) -> H2O2^0 (-4396)
At time :  291.78 ps  Reaction : °OH^0 (-2087) + °OH^0 (-3053) -> H2O2^0 (-4397)
At time :  299.69 ps  Reaction : OH^-1 (-4394) + H3O^1 (-3104) -> No product
At time :   299.8 ps  Reaction : °OH^0 (-2219) + °OH^0 (-2853) -> H2O2^0 (-4398)
At time :  302.84 ps  Reaction : e_aq^-1 (-1655) + °OH^0 (-1937) -> OH^-1 (-4399)
At time :  304.37 ps  Reaction : °OH^0 (-2941) + °OH^0 (-3651) -> H2O2^0 (-4400)
At time :   311.5 ps  Reaction : °OH^0 (-4089) + e_aq^-1 (-3729) -> OH^-1 (-4401)
At time :  312.57 ps  Reaction : °OH^0 (-4199) + e_aq^-1 (-3806) -> OH^-1 (-4402)
At time :  313.64 ps  Reaction : e_aq^-1 (-1888) + °OH^0 (-2133) -> OH^-1 (-4403)
At time :  317.81 ps  Reaction : H^0 (-4124) + °OH^0 (-2979) -> No product
At time :  329.45 ps  Reaction : °OH^0 (-2245) + e_aq^-1 (-3741) -> OH^-1 (-4404)
At time :  329.79 ps  Reaction : H3O^1 (-3817) + e_aq^-1 (-3818) -> H^0 (-4405)
At time :  333.56 ps  Reaction : H3O^1 (-2004) + e_aq^-1 (-3632) -> H^0 (-4406)
At time :  333.81 ps  Reaction : H3O^1 (-4027) + e_aq^-1 (-3602) -> H^0 (-4407)
At time :  334.23 ps  Reaction : °OH^0 (-2207) + °OH^0 (-3642) -> H2O2^0 (-4408)
At time :  336.33 ps  Reaction : °OH^0 (-3293) + °OH^0 (-3295) -> H2O2^0 (-4409)
At time :  338.54 ps  Reaction : °OH^0 (-3355) + H^0 (-3894) -> No product
At time :  339.25 ps  Reaction : °OH^0 (-1965) + °OH^0 (-3081) -> H2O2^0 (-4410)
At time :  339.43 ps  Reaction : °OH^0 (-4278) + °OH^0 (-3759) -> H2O2^0 (-4411)
At time :  339.96 ps  Reaction : H^0 (-3962) + °OH^0 (-2999) -> No product
At time :  344.94 ps  Reaction : °OH^0 (-3988) + °OH^0 (-2973) -> H2O2^0 (-4412)
At time :  345.69 ps  Reaction : e_aq^-1 (-571) + °OH^0 (-3261) -> OH^-1 (-4413)
At time :  347.22 ps  Reaction : °OH^0 (-1969) + °OH^0 (-2983) -> H2O2^0 (-4414)
At time :  354.37 ps  Reaction : H^0 (-4234) + e_aq^-1 (-357) -> H_2^0 (-4415) + OH^-1 (-4416)
At time :  366.04 ps  Reaction : °OH^0 (-3019) + H^0 (-3874) -> No product
At time :  375.35 ps  Reaction : OH^-1 (-1912) + H3O^1 (-1928) -> No product
At time :  377.15 ps  Reaction : e_aq^-1 (-871) + °OH^0 (-2081) -> OH^-1 (-4417)
At time :  379.41 ps  Reaction : e_aq^-1 (-840) + H3O^1 (-2314) -> H^0 (-4418)
At time :  381.17 ps  Reaction : H^0 (-4142) + °OH^0 (-4144) -> No product
At time :  382.31 ps  Reaction : e_aq^-1 (-923) + H3O^1 (-3046) -> H^0 (-4419)
At time :  393.81 ps  Reaction : °OH^0 (-3821) + H^0 (-3822) -> No product
At time :  399.26 ps  Reaction : H^0 (-3949) + °OH^0 (-2205) -> No product
At time :  410.53 ps  Reaction : H3O^1 (-2384) + e_aq^-1 (-3674) -> H^0 (-4420)
At time :  413.92 ps  Reaction : H3O^1 (-1944) + OH^-1 (-4402) -> No product
At time :  417.56 ps  Reaction : °OH^0 (-2675) + °OH^0 (-3559) -> H2O2^0 (-4421)
At time :     420 ps  Reaction : H3O^1 (-2154) + OH^-1 (-4338) -> No product
At time :  433.26 ps  Reaction : °OH^0 (-4050) + °OH^0 (-3849) -> H2O2^0 (-4422)
At time :  438.55 ps  Reaction : H^0 (-3941) + °OH^0 (-3940) -> No product
At time :  439.46 ps  Reaction : °OH^0 (-3953) + °OH^0 (-2491) -> H2O2^0 (-4423)
At time :  447.65 ps  Reaction : H^0 (-4002) + °OH^0 (-1931) -> No product
At time :  456.37 ps  Reaction : H^0 (-3912) + °OH^0 (-2611) -> No product
At time :  468.28 ps  Reaction : °OH^0 (-2873) + H^0 (-3720) -> No product
At time :  473.66 ps  Reaction : H3O^1 (-2958) + OH^-1 (-4404) -> No product
At time :  479.76 ps  Reaction : H^0 (-3934) + °OH^0 (-2617) -> No product
At time :  486.06 ps  Reaction : °OH^0 (-3793) + °OH^0 (-3883) -> H2O2^0 (-4424)
At time :  487.14 ps  Reaction : H3O^1 (-4241) + OH^-1 (-4416) -> No product
At time :  488.88 ps  Reaction : °OH^0 (-2425) + °OH^0 (-3219) -> H2O2^0 (-4425)
At time :  501.03 ps  Reaction : e_aq^-1 (-1681) + H3O^1 (-2682) -> H^0 (-4426)
At time :  512.72 ps  Reaction : °OH^0 (-3007) + °OH^0 (-3483) -> H2O2^0 (-4427)
At time :   513.3 ps  Reaction : °OH^0 (-2691) + °OH^0 (-2693) -> H2O2^0 (-4428)
At time :  514.83 ps  Reaction : H^0 (-3903) + °OH^0 (-3265) -> No product
At time :  519.96 ps  Reaction : °OH^0 (-3681) + °OH^0 (-3682) -> H2O2^0 (-4429)
At time :  524.84 ps  Reaction : e_aq^-1 (-1148) + H3O^1 (-2942) -> H^0 (-4430)
At time :  533.38 ps  Reaction : °OH^0 (-3591) + e_aq^-1 (-3593) -> OH^-1 (-4431)
At time :  542.81 ps  Reaction : e_aq^-1 (-1456) + °OH^0 (-2811) -> OH^-1 (-4432)
At time :   552.9 ps  Reaction : °OH^0 (-2505) + °OH^0 (-3847) -> H2O2^0 (-4433)
At time :  557.48 ps  Reaction : °OH^0 (-4272) + °OH^0 (-3727) -> H2O2^0 (-4434)
At time :  568.77 ps  Reaction : °OH^0 (-2191) + °OH^0 (-3513) -> H2O2^0 (-4435)
At time :     579 ps  Reaction : e_aq^-1 (-1612) + H3O^1 (-3544) -> H^0 (-4436)
At time :  585.79 ps  Reaction : e_aq^-1 (-1348) + °OH^0 (-2859) -> OH^-1 (-4437)
At time :  594.67 ps  Reaction : °OH^0 (-2017) + °OH^0 (-2957) -> H2O2^0 (-4438)
At time :  597.99 ps  Reaction : °OH^0 (-2903) + °OH^0 (-2907) -> H2O2^0 (-4439)
At time :  603.78 ps  Reaction : e_aq^-1 (-1551) + H3O^1 (-2756) -> H^0 (-4440)
At time :  606.96 ps  Reaction : OH^-1 (-1897) + H3O^1 (-2650) -> No product
At time :  631.04 ps  Reaction : OH^-1 (-1906) + H3O^1 (-2540) -> No product
At time :   634.4 ps  Reaction : OH^-1 (-4391) + H3O^1 (-3631) -> No product
At time :  652.71 ps  Reaction : °OH^0 (-4033) + °OH^0 (-2707) -> H2O2^0 (-4441)
At time :  669.26 ps  Reaction : °OH^0 (-2605) + °OH^0 (-3571) -> H2O2^0 (-4442)
At time :  681.22 ps  Reaction : °OH^0 (-4151) + °OH^0 (-2299) -> H2O2^0 (-4443)
At time :  684.17 ps  Reaction : °OH^0 (-3389) + °OH^0 (-3816) -> H2O2^0 (-4444)
At time :  698.57 ps  Reaction : H3O^1 (-2218) + OH^-1 (-4437) -> No product
At time :  727.12 ps  Reaction : °OH^0 (-3287) + °OH^0 (-3289) -> H2O2^0 (-4445)
At time :  741.31 ps  Reaction : °OH^0 (-2649) + °OH^0 (-2653) -> H2O2^0 (-4446)
At time :  746.55 ps  Reaction : e_aq^-1 (-1560) + H3O^1 (-2754) -> H^0 (-4447)
At time :  806.84 ps  Reaction : H3O^1 (-4245) + e_aq^-1 (-405) -> H^0 (-4448)
At time :  819.26 ps  Reaction : °OH^0 (-4150) + °OH^0 (-2295) -> H2O2^0 (-4449)
At time :  826.51 ps  Reaction : e_aq^-1 (-460) + H3O^1 (-3676) -> H^0 (-4450)
At time :  831.72 ps  Reaction : °OH^0 (-4238) + °OH^0 (-3367) -> H2O2^0 (-4451)
At time :   834.6 ps  Reaction : °OH^0 (-2135) + °OH^0 (-2573) -> H2O2^0 (-4452)
At time :  839.57 ps  Reaction : °OH^0 (-4130) + °OH^0 (-2989) -> H2O2^0 (-4453)
At time :  884.51 ps  Reaction : e_aq^-1 (-1331) + °OH^0 (-2865) -> OH^-1 (-4454)
At time :  886.37 ps  Reaction : °OH^0 (-2301) + °OH^0 (-2303) -> H2O2^0 (-4455)
At time :   898.2 ps  Reaction : °OH^0 (-4207) + °OH^0 (-1927) -> H2O2^0 (-4456)
At time :  912.27 ps  Reaction : °OH^0 (-2009) + °OH^0 (-2815) -> H2O2^0 (-4457)
At time :  931.76 ps  Reaction : H2O2^0 (-4293) + e_aq^-1 (-950) -> OH^-1 (-4458) + °OH^0 (-4459)
At time :  938.31 ps  Reaction : H^0 (-4070) + H^0 (-4065) -> H_2^0 (-4460)
At time :  941.39 ps  Reaction : e_aq^-1 (-1265) + H2O2^0 (-4334) -> OH^-1 (-4461) + °OH^0 (-4462)
At time :  944.64 ps  Reaction : H3O^1 (-1936) + OH^-1 (-4399) -> No product
At time :  958.16 ps  Reaction : e_aq^-1 (-1172) + H3O^1 (-2916) -> H^0 (-4463)
At time :  959.41 ps  Reaction : °OH^0 (-2313) + °OH^0 (-3095) -> H2O2^0 (-4464)
At time :  966.61 ps  Reaction : °OH^0 (-2279) + °OH^0 (-3001) -> H2O2^0 (-4465)
At time :  981.56 ps  Reaction : OH^-1 (-4431) + H3O^1 (-3652) -> No product
At time :  995.84 ps  Reaction : e_aq^-1 (-966) + °OH^0 (-3029) -> OH^-1 (-4466)
At time :  997.09 ps  Reaction : °OH^0 (-2243) + H^0 (-3864) -> No product
At time :   1.035 ns  Reaction : e_aq^-1 (-1697) + °OH^0 (-2679) -> OH^-1 (-4467)
At time :  1.0466 ns  Reaction : H3O^1 (-1996) + OH^-1 (-4403) -> No product
At time :  1.0612 ns  Reaction : °OH^0 (-3639) + e_aq^-1 (-3641) -> OH^-1 (-4468)
At time :  1.0668 ns  Reaction : °OH^0 (-4064) + °OH^0 (-2835) -> H2O2^0 (-4469)
At time :  1.0739 ns  Reaction : OH^-1 (-4454) + H3O^1 (-3502) -> No product
At time :   1.094 ns  Reaction : e_aq^-1 (-1164) + H3O^1 (-2932) -> H^0 (-4470)
At time :  1.0961 ns  Reaction : °OH^0 (-2699) + e_aq^-1 (-3635) -> OH^-1 (-4471)
At time :  1.1131 ns  Reaction : OH^-1 (-4461) + H3O^1 (-2904) -> No product
At time :   1.123 ns  Reaction : °OH^0 (-3980) + °OH^0 (-2375) -> H2O2^0 (-4472)
At time :   1.129 ns  Reaction : e_aq^-1 (-1205) + °OH^0 (-2915) -> OH^-1 (-4473)
At time :  1.1301 ns  Reaction : e_aq^-1 (-1684) + °OH^0 (-2121) -> OH^-1 (-4474)
At time :  1.1446 ns  Reaction : e_aq^-1 (-1787) + °OH^0 (-2147) -> OH^-1 (-4475)
At time :  1.1927 ns  Reaction : OH^-1 (-4475) + H3O^1 (-2126) -> No product
At time :  1.1955 ns  Reaction : °OH^0 (-2157) + °OH^0 (-2647) -> H2O2^0 (-4476)
At time :  1.2004 ns  Reaction : °OH^0 (-3195) + °OH^0 (-3197) -> H2O2^0 (-4477)
At time :  1.2048 ns  Reaction : °OH^0 (-2255) + °OH^0 (-2955) -> H2O2^0 (-4478)
At time :  1.2498 ns  Reaction : e_aq^-1 (-1219) + °OH^0 (-2927) -> OH^-1 (-4479)
At time :  1.2504 ns  Reaction : °OH^0 (-4218) + H^0 (-3896) -> No product
At time :  1.2525 ns  Reaction : OH^-1 (-4471) + H3O^1 (-3634) -> No product
At time :  1.2548 ns  Reaction : °OH^0 (-2049) + °OH^0 (-3792) -> H2O2^0 (-4480)
At time :  1.2622 ns  Reaction : °OH^0 (-4072) + °OH^0 (-2011) -> H2O2^0 (-4481)
At time :  1.2695 ns  Reaction : °OH^0 (-2619) + H^0 (-3824) -> No product
At time :  1.2702 ns  Reaction : °OH^0 (-3919) + °OH^0 (-4205) -> H2O2^0 (-4482)
At time :  1.2728 ns  Reaction : e_aq^-1 (-1423) + °OH^0 (-2833) -> OH^-1 (-4483)
At time :  1.3158 ns  Reaction : e_aq^-1 (-1325) + H3O^1 (-2490) -> H^0 (-4484)
At time :  1.3843 ns  Reaction : e_aq^-1 (-1170) + °OH^0 (-3867) -> OH^-1 (-4485)
At time :  1.3948 ns  Reaction : H3O^1 (-1938) + OH^-1 (-4479) -> No product
At time :  1.4065 ns  Reaction : H3O^1 (-3108) + OH^-1 (-4369) -> No product
At time :  1.4157 ns  Reaction : e_aq^-1 (-430) + H3O^1 (-3334) -> H^0 (-4486)
At time :  1.4415 ns  Reaction : °OH^0 (-2125) + °OH^0 (-2667) -> H2O2^0 (-4487)
At time :  1.4534 ns  Reaction : H^0 (-4116) + °OH^0 (-2913) -> No product
At time :  1.4838 ns  Reaction : °OH^0 (-2267) + °OH^0 (-3869) -> H2O2^0 (-4488)
At time :  1.5011 ns  Reaction : °OH^0 (-4244) + °OH^0 (-4223) -> H2O2^0 (-4489)
At time :   1.524 ns  Reaction : °OH^0 (-1981) + °OH^0 (-2179) -> H2O2^0 (-4490)
At time :  1.5274 ns  Reaction : e_aq^-1 (-1559) + °OH^0 (-2753) -> OH^-1 (-4491)
At time :  1.5299 ns  Reaction : °OH^0 (-2129) + °OH^0 (-2603) -> H2O2^0 (-4492)
At time :  1.5323 ns  Reaction : H3O^1 (-2376) + e_aq^-1 (-3671) -> H^0 (-4493)
At time :  1.5464 ns  Reaction : °OH^0 (-2241) + °OH^0 (-2259) -> H2O2^0 (-4494)
At time :  1.5468 ns  Reaction : H^0 (-4463) + °OH^0 (-3863) -> No product
At time :  1.5905 ns  Reaction : °OH^0 (-4039) + °OH^0 (-3543) -> H2O2^0 (-4495)
At time :  1.6331 ns  Reaction : H3O^1 (-4155) + OH^-1 (-4458) -> No product
At time :  1.6717 ns  Reaction : °OH^0 (-2139) + °OH^0 (-3819) -> H2O2^0 (-4496)
At time :  1.6755 ns  Reaction : OH^-1 (-4485) + H3O^1 (-2934) -> No product
At time :  1.6799 ns  Reaction : °OH^0 (-3956) + °OH^0 (-2895) -> H2O2^0 (-4497)
At time :  1.7233 ns  Reaction : °OH^0 (-2851) + H^0 (-3858) -> No product
At time :  1.7408 ns  Reaction : e_aq^-1 (-859) + H3O^1 (-3084) -> H^0 (-4498)
At time :  1.7756 ns  Reaction : e_aq^-1 (-892) + °OH^0 (-2309) -> OH^-1 (-4499)
At time :  1.8166 ns  Reaction : °OH^0 (-2651) + °OH^0 (-3833) -> H2O2^0 (-4500)
At time :  1.9264 ns  Reaction : e_aq^-1 (-1868) + H3O^1 (-2138) -> H^0 (-4501)
At time :  1.9528 ns  Reaction : °OH^0 (-2381) + °OH^0 (-3893) -> H2O2^0 (-4502)
At time :  2.0124 ns  Reaction : e_aq^-1 (-1363) + °OH^0 (-2493) -> OH^-1 (-4503)
At time :  2.0153 ns  Reaction : e_aq^-1 (-402) + °OH^0 (-2377) -> OH^-1 (-4504)
At time :  2.0226 ns  Reaction : H3O^1 (-2368) + e_aq^-1 (-3812) -> H^0 (-4505)
At time :  2.0694 ns  Reaction : °OH^0 (-4004) + e_aq^-1 (-1846) -> OH^-1 (-4506)
At time :  2.0862 ns  Reaction : e_aq^-1 (-1216) + H3O^1 (-2234) -> H^0 (-4507)
At time :  2.1092 ns  Reaction : e_aq^-1 (-1209) + H3O^1 (-2922) -> H^0 (-4508)
At time :  2.1154 ns  Reaction : e_aq^-1 (-1541) + H3O^1 (-2766) -> H^0 (-4509)
At time :  2.1845 ns  Reaction : H^0 (-4202) + °OH^0 (-3810) -> No product
At time :  2.3009 ns  Reaction : e_aq^-1 (-713) + °OH^0 (-2335) -> OH^-1 (-4510)
At time :  2.3204 ns  Reaction : H3O^1 (-2262) + OH^-1 (-4473) -> No product
At time :  2.3273 ns  Reaction : °OH^0 (-1953) + °OH^0 (-3785) -> H2O2^0 (-4511)
At time :  2.3713 ns  Reaction : °OH^0 (-4091) + °OH^0 (-4100) -> H2O2^0 (-4512)
At time :  2.4142 ns  Reaction : e_aq^-1 (-1677) + H3O^1 (-2688) -> H^0 (-4513)
At time :  2.4304 ns  Reaction : °OH^0 (-2217) + °OH^0 (-2221) -> H2O2^0 (-4514)
At time :  2.4653 ns  Reaction : °OH^0 (-4228) + °OH^0 (-3357) -> H2O2^0 (-4515)
At time :  2.4744 ns  Reaction : OH^-1 (-4483) + H3O^1 (-3643) -> No product
At time :  2.5571 ns  Reaction : e_aq^-1 (-1289) + °OH^0 (-2229) -> OH^-1 (-4516)
At time :  2.8125 ns  Reaction : °OH^0 (-4224) + H^0 (-4219) -> No product
At time :  2.8295 ns  Reaction : e_aq^-1 (-781) + H3O^1 (-3448) -> H^0 (-4517)
At time :  2.8417 ns  Reaction : °OH^0 (-3555) + H^0 (-3840) -> No product
At time :  2.8867 ns  Reaction : °OH^0 (-2031) + °OH^0 (-2403) -> H2O2^0 (-4518)
At time :   2.905 ns  Reaction : e_aq^-1 (-1162) + H^0 (-4470) -> H_2^0 (-4519) + OH^-1 (-4520)
At time :   3.059 ns  Reaction : °OH^0 (-4063) + °OH^0 (-3948) -> H2O2^0 (-4521)
At time :  3.0623 ns  Reaction : °OH^0 (-2795) + °OH^0 (-3523) -> H2O2^0 (-4522)
At time :  3.2074 ns  Reaction : OH^-1 (-4520) + H3O^1 (-2256) -> No product
At time :  3.2332 ns  Reaction : e_aq^-1 (-1756) + °OH^0 (-3835) -> OH^-1 (-4523)
At time :  3.3024 ns  Reaction : e_aq^-1 (-1074) + H^0 (-3742) -> H_2^0 (-4524) + OH^-1 (-4525)
At time :  3.3371 ns  Reaction : OH^-1 (-4356) + H3O^1 (-3050) -> No product
At time :  3.4714 ns  Reaction : OH^-1 (-1915) + H3O^1 (-2948) -> No product
At time :  3.5088 ns  Reaction : °OH^0 (-2291) + °OH^0 (-3023) -> H2O2^0 (-4526)
At time :  3.5341 ns  Reaction : °OH^0 (-2115) + °OH^0 (-2789) -> H2O2^0 (-4527)
At time :  3.6409 ns  Reaction : °OH^0 (-4076) + °OH^0 (-4082) -> H2O2^0 (-4528)
At time :  3.7721 ns  Reaction : °OH^0 (-2889) + °OH^0 (-3495) -> H2O2^0 (-4529)
At time :  3.8409 ns  Reaction : °OH^0 (-2253) + °OH^0 (-2947) -> H2O2^0 (-4530)
At time :  3.8573 ns  Reaction : e_aq^-1 (-1199) + H3O^1 (-2914) -> H^0 (-4531)
At time :  3.9592 ns  Reaction : °OH^0 (-2027) + °OH^0 (-2339) -> H2O2^0 (-4532)
At time :  4.0801 ns  Reaction : °OH^0 (-4242) + e_aq^-1 (-400) -> OH^-1 (-4533)
At time :  4.0968 ns  Reaction : °OH^0 (-3946) + °OH^0 (-2211) -> H2O2^0 (-4534)
At time :  4.1509 ns  Reaction : °OH^0 (-1910) + °OH^0 (-2869) -> H2O2^0 (-4535)
At time :  4.1523 ns  Reaction : e_aq^-1 (-1358) + °OH^0 (-3857) -> OH^-1 (-4536)
At time :   4.182 ns  Reaction : °OH^0 (-3153) + °OH^0 (-3439) -> H2O2^0 (-4537)
At time :  4.1837 ns  Reaction : e_aq^-1 (-845) + H2O2^0 (-4464) -> OH^-1 (-4538) + °OH^0 (-4539)
At time :  4.3079 ns  Reaction : e_aq^-1 (-1454) + H3O^1 (-2812) -> H^0 (-4540)
At time :  4.4835 ns  Reaction : e_aq^-1 (-3746) + °OH^0 (-3747) -> OH^-1 (-4541)
At time :  4.5207 ns  Reaction : H3O^1 (-2492) + OH^-1 (-4503) -> No product
At time :  4.5281 ns  Reaction : °OH^0 (-3929) + °OH^0 (-2819) -> H2O2^0 (-4542)
At time :  4.6623 ns  Reaction : °OH^0 (-4240) + e_aq^-1 (-346) -> OH^-1 (-4543)
At time :  4.6649 ns  Reaction : °OH^0 (-3239) + e_aq^-1 (-3795) -> OH^-1 (-4544)
At time :  4.7072 ns  Reaction : OH^-1 (-4543) + H3O^1 (-3368) -> No product
At time :  4.7438 ns  Reaction : e_aq^-1 (-1177) + H3O^1 (-2962) -> H^0 (-4545)
At time :  4.7521 ns  Reaction : e_aq^-1 (-426) + °OH^0 (-3675) -> OH^-1 (-4546)
At time :  4.7596 ns  Reaction : e_aq^-1 (-502) + H3O^1 (-3306) -> H^0 (-4547)
At time :  4.8945 ns  Reaction : e_aq^-1 (-452) + H2O2^0 (-4300) -> OH^-1 (-4548) + °OH^0 (-4549)
At time :   5.072 ns  Reaction : e_aq^-1 (-1706) + H3O^1 (-3560) -> H^0 (-4550)
At time :  5.2549 ns  Reaction : OH^-1 (-4548) + H3O^1 (-3336) -> No product
At time :  5.2793 ns  Reaction : °OH^0 (-2193) + H^0 (-4540) -> No product
At time :  5.2947 ns  Reaction : e_aq^-1 (-968) + °OH^0 (-2025) -> OH^-1 (-4551)
At time :  5.3182 ns  Reaction : H^0 (-4547) + °OH^0 (-3798) -> No product
At time :  5.5168 ns  Reaction : °OH^0 (-4233) + °OH^0 (-3363) -> H2O2^0 (-4552)
At time :  5.5214 ns  Reaction : H3O^1 (-4021) + OH^-1 (-4523) -> No product
At time :  5.5569 ns  Reaction : e_aq^-1 (-312) + °OH^0 (-2391) -> OH^-1 (-4553)
At time :  5.6235 ns  Reaction : H3O^1 (-3090) + OH^-1 (-4538) -> No product
At time :  5.7089 ns  Reaction : °OH^0 (-2095) + °OH^0 (-2269) -> H2O2^0 (-4554)
At time :  5.7757 ns  Reaction : e_aq^-1 (-360) + H3O^1 (-1946) -> H^0 (-4555)
At time :  5.9085 ns  Reaction : e_aq^-1 (-355) + H3O^1 (-4229) -> H^0 (-4556)
At time :  5.9225 ns  Reaction : °OH^0 (-3041) + °OH^0 (-3045) -> H2O2^0 (-4557)
At time :  6.0286 ns  Reaction : OH^-1 (-4417) + H3O^1 (-3076) -> No product
At time :  6.1058 ns  Reaction : H^0 (-4286) + °OH^0 (-3788) -> No product
At time :  6.1927 ns  Reaction : °OH^0 (-2935) + °OH^0 (-3648) -> H2O2^0 (-4558)
At time :  6.5135 ns  Reaction : e_aq^-1 (-354) + °OH^0 (-3371) -> OH^-1 (-4559)
At time :  6.5448 ns  Reaction : e_aq^-1 (-944) + H^0 (-4152) -> H_2^0 (-4560) + OH^-1 (-4561)
At time :  6.5819 ns  Reaction : H^0 (-4011) + °OH^0 (-2563) -> No product
At time :  6.6168 ns  Reaction : °OH^0 (-2777) + °OH^0 (-3529) -> H2O2^0 (-4562)
At time :   6.638 ns  Reaction : °OH^0 (-4192) + °OH^0 (-3311) -> H2O2^0 (-4563)
At time :   6.753 ns  Reaction : e_aq^-1 (-853) + °OH^0 (-2463) -> OH^-1 (-4564)
At time :  6.7713 ns  Reaction : °OH^0 (-2877) + °OH^0 (-3645) -> H2O2^0 (-4565)
At time :   6.791 ns  Reaction : °OH^0 (-3922) + H^0 (-4505) -> No product
At time :  6.9796 ns  Reaction : e_aq^-1 (-984) + °OH^0 (-2293) -> OH^-1 (-4566)
At time :  7.0554 ns  Reaction : H3O^1 (-4196) + e_aq^-1 (-3809) -> H^0 (-4567)
At time :  7.3027 ns  Reaction : °OH^0 (-4107) + °OH^0 (-3865) -> H2O2^0 (-4568)
At time :  7.3771 ns  Reaction : °OH^0 (-1949) + °OH^0 (-2355) -> H2O2^0 (-4569)
At time :  7.4482 ns  Reaction : e_aq^-1 (-1142) + H^0 (-3866) -> H_2^0 (-4570) + OH^-1 (-4571)
At time :  7.4616 ns  Reaction : °OH^0 (-2161) + °OH^0 (-2703) -> H2O2^0 (-4572)
At time :  7.5628 ns  Reaction : e_aq^-1 (-1628) + °OH^0 (-2165) -> OH^-1 (-4573)
At time :  7.5955 ns  Reaction : °OH^0 (-4217) + °OH^0 (-3669) -> H2O2^0 (-4574)
At time :  7.7433 ns  Reaction : e_aq^-1 (-407) + H^0 (-4448) -> H_2^0 (-4575) + OH^-1 (-4576)
At time :  8.0443 ns  Reaction : H3O^1 (-4214) + OH^-1 (-4576) -> No product
At time :  8.0869 ns  Reaction : e_aq^-1 (-954) + °OH^0 (-4153) -> OH^-1 (-4577)
At time :  8.2142 ns  Reaction : OH^-1 (-4309) + H3O^1 (-3026) -> No product
At time :  8.2778 ns  Reaction : e_aq^-1 (-760) + °OH^0 (-2065) -> OH^-1 (-4578)
At time :  8.3788 ns  Reaction : e_aq^-1 (-463) + H^0 (-3888) -> H_2^0 (-4579) + OH^-1 (-4580)
At time :  8.4276 ns  Reaction : e_aq^-1 (-447) + H2O2^0 (-4390) -> OH^-1 (-4581) + °OH^0 (-4582)
At time :  8.4546 ns  Reaction : e_aq^-1 (-1867) + H^0 (-4501) -> H_2^0 (-4583) + OH^-1 (-4584)
At time :  8.5707 ns  Reaction : °OH^0 (-1939) + °OH^0 (-2925) -> H2O2^0 (-4585)
At time :  8.6535 ns  Reaction : H3O^1 (-4105) + OH^-1 (-4401) -> No product
At time :  8.6543 ns  Reaction : H3O^1 (-2366) + OH^-1 (-4581) -> No product
At time :  8.9498 ns  Reaction : e_aq^-1 (-379) + H2O2^0 (-4502) -> OH^-1 (-4586) + °OH^0 (-4587)
At time :  9.3046 ns  Reaction : e_aq^-1 (-1213) + °OH^0 (-2961) -> OH^-1 (-4588)
At time :   9.446 ns  Reaction : °OH^0 (-4102) + °OH^0 (-2235) -> H2O2^0 (-4589)
At time :  9.4666 ns  Reaction : H3O^1 (-2122) + OH^-1 (-4467) -> No product
At time :  9.5856 ns  Reaction : °OH^0 (-3083) + °OH^0 (-3085) -> H2O2^0 (-4590)
At time :  9.8066 ns  Reaction : H^0 (-4108) + °OH^0 (-2939) -> No product
At time :  9.8097 ns  Reaction : °OH^0 (-4549) + °OH^0 (-3349) -> H2O2^0 (-4591)
At time :  9.9102 ns  Reaction : e_aq^-1 (-779) + °OH^0 (-3133) -> OH^-1 (-4592)
At time :  9.9648 ns  Reaction : e_aq^-1 (-1506) + H2O2^0 (-4527) -> OH^-1 (-4593) + °OH^0 (-4594)
At time :   10.06 ns  Reaction : e_aq^-1 (-1539) + °OH^0 (-3531) -> OH^-1 (-4595)
At time :   10.29 ns  Reaction : °OH^0 (-2893) + °OH^0 (-3724) -> H2O2^0 (-4596)
At time :  10.351 ns  Reaction : °OH^0 (-2545) + °OH^0 (-2685) -> H2O2^0 (-4597)
At time :  10.364 ns  Reaction : e_aq^-1 (-1174) + °OH^0 (-2931) -> OH^-1 (-4598)
At time :  10.418 ns  Reaction : e_aq^-1 (-1792) + H3O^1 (-2636) -> H^0 (-4599)
At time :  10.633 ns  Reaction : e_aq^-1 (-409) + H3O^1 (-3673) -> H^0 (-4600)
At time :  10.647 ns  Reaction : e_aq^-1 (-940) + H2O2^0 (-4557) -> OH^-1 (-4601) + °OH^0 (-4602)
At time :  10.745 ns  Reaction : e_aq^-1 (-1274) + H2O2^0 (-4434) -> OH^-1 (-4603) + °OH^0 (-4604)
At time :  10.753 ns  Reaction : e_aq^-1 (-1257) + H2O2^0 (-4589) -> OH^-1 (-4605) + °OH^0 (-4606)
At time :  11.004 ns  Reaction : OH^-1 (-4544) + H3O^1 (-4181) -> No product
At time :  11.018 ns  Reaction : e_aq^-1 (-791) + H3O^1 (-2328) -> H^0 (-4607)
At time :  11.042 ns  Reaction : °OH^0 (-2249) + e_aq^-1 (-3738) -> OH^-1 (-4608)
At time :  11.317 ns  Reaction : °OH^0 (-3926) + °OH^0 (-3603) -> H2O2^0 (-4609)
At time :  11.608 ns  Reaction : OH^-1 (-4580) + H3O^1 (-3328) -> No product
At time :  11.883 ns  Reaction : e_aq^-1 (-848) + °OH^0 (-3091) -> OH^-1 (-4610)
At time :  11.954 ns  Reaction : OH^-1 (-4525) + H3O^1 (-2982) -> No product
At time :  12.009 ns  Reaction : °OH^0 (-4606) + °OH^0 (-2897) -> H2O2^0 (-4611)
At time :  12.438 ns  Reaction : e_aq^-1 (-956) + °OH^0 (-3043) -> OH^-1 (-4612)
At time :  12.613 ns  Reaction : e_aq^-1 (-372) + °OH^0 (-1947) -> OH^-1 (-4613)
At time :  12.737 ns  Reaction : e_aq^-1 (-380) + H2O2^0 (-4451) -> OH^-1 (-4614) + °OH^0 (-4615)
At time :  12.928 ns  Reaction : H3O^1 (-3354) + OH^-1 (-4559) -> No product
At time :  13.093 ns  Reaction : °OH^0 (-2033) + °OH^0 (-3813) -> H2O2^0 (-4616)
At time :  13.305 ns  Reaction : °OH^0 (-3123) + °OH^0 (-3127) -> H2O2^0 (-4617)
At time :  13.582 ns  Reaction : e_aq^-1 (-1769) + H2O2^0 (-4446) -> OH^-1 (-4618) + °OH^0 (-4619)
At time :  13.923 ns  Reaction : e_aq^-1 (-439) + °OH^0 (-2373) -> OH^-1 (-4620)
At time :  14.541 ns  Reaction : e_aq^-1 (-1669) + H^0 (-4034) -> H_2^0 (-4621) + OH^-1 (-4622)
At time :  14.633 ns  Reaction : °OH^0 (-2099) + °OH^0 (-2887) -> H2O2^0 (-4623)
At time :  15.204 ns  Reaction : H3O^1 (-4212) + OH^-1 (-4620) -> No product
At time :  15.363 ns  Reaction : H3O^1 (-4243) + OH^-1 (-4546) -> No product
At time :  15.441 ns  Reaction : °OH^0 (-3185) + °OH^0 (-3189) -> H2O2^0 (-4624)
At time :  15.446 ns  Reaction : e_aq^-1 (-1278) + °OH^0 (-2233) -> OH^-1 (-4625)
At time :  15.518 ns  Reaction : e_aq^-1 (-370) + H3O^1 (-3808) -> H^0 (-4626)
At time :  15.851 ns  Reaction : H3O^1 (-2232) + OH^-1 (-4605) -> No product
At time :  15.906 ns  Reaction : °OH^0 (-2959) + °OH^0 (-2963) -> H2O2^0 (-4627)
At time :   16.23 ns  Reaction : e_aq^-1 (-556) + °OH^0 (-3273) -> OH^-1 (-4628)
At time :  16.367 ns  Reaction : e_aq^-1 (-1470) + °OH^0 (-2809) -> OH^-1 (-4629)
At time :  16.476 ns  Reaction : H3O^1 (-3366) + OH^-1 (-4586) -> No product
At time :  16.727 ns  Reaction : H3O^1 (-2246) + OH^-1 (-4598) -> No product
At time :  16.818 ns  Reaction : e_aq^-1 (-386) + H3O^1 (-3360) -> H^0 (-4630)
At time :  17.956 ns  Reaction : e_aq^-1 (-1224) + H3O^1 (-2238) -> H^0 (-4631)
At time :   19.42 ns  Reaction : e_aq^-1 (-1838) + H3O^1 (-1932) -> H^0 (-4632)
At time :  19.896 ns  Reaction : °OH^0 (-4230) + e_aq^-1 (-363) -> OH^-1 (-4633)
At time :  20.722 ns  Reaction : e_aq^-1 (-1600) + H3O^1 (-2736) -> H^0 (-4634)
At time :  20.775 ns  Reaction : e_aq^-1 (-1636) + °OH^0 (-3839) -> OH^-1 (-4635)
At time :  21.382 ns  Reaction : e_aq^-1 (-527) + °OH^0 (-3797) -> OH^-1 (-4636)
At time :  21.976 ns  Reaction : OH^-1 (-4633) + H3O^1 (-3332) -> No product
At time :  22.065 ns  Reaction : °OH^0 (-1913) + °OH^0 (-2911) -> H2O2^0 (-4637)
At time :  24.117 ns  Reaction : e_aq^-1 (-770) + °OH^0 (-3137) -> OH^-1 (-4638)
At time :  25.222 ns  Reaction : OH^-1 (-4541) + H3O^1 (-2992) -> No product
At time :  26.502 ns  Reaction : °OH^0 (-2511) + °OH^0 (-2785) -> H2O2^0 (-4639)
At time :  27.684 ns  Reaction : e_aq^-1 (-1146) + H^0 (-4430) -> H_2^0 (-4640) + OH^-1 (-4641)
At time :  27.891 ns  Reaction : e_aq^-1 (-428) + H3O^1 (-3350) -> H^0 (-4642)
At time :   29.96 ns  Reaction : OH^-1 (-4641) + H3O^1 (-2950) -> No product
At time :  30.678 ns  Reaction : e_aq^-1 (-1188) + H^0 (-4508) -> H_2^0 (-4643) + OH^-1 (-4644)
At time :  31.012 ns  Reaction : e_aq^-1 (-557) + H3O^1 (-3274) -> H^0 (-4645)
At time :  31.059 ns  Reaction : e_aq^-1 (-828) + H3O^1 (-2316) -> H^0 (-4646)
At time :  31.412 ns  Reaction : H3O^1 (-2892) + OH^-1 (-4625) -> No product
At time :  31.781 ns  Reaction : e_aq^-1 (-1516) + °OH^0 (-2517) -> OH^-1 (-4647)
At time :  32.107 ns  Reaction : H^0 (-4600) + H^0 (-4373) -> H_2^0 (-4648)
At time :  32.512 ns  Reaction : e_aq^-1 (-1439) + H2O2^0 (-4542) -> OH^-1 (-4649) + °OH^0 (-4650)
At time :  32.669 ns  Reaction : e_aq^-1 (-1330) + H3O^1 (-2856) -> H^0 (-4651)
At time :  32.866 ns  Reaction : °OH^0 (-4109) + °OH^0 (-3733) -> H2O2^0 (-4652)
At time :  33.638 ns  Reaction : OH^-1 (-4577) + H3O^1 (-3760) -> No product
At time :  37.002 ns  Reaction : H3O^1 (-2324) + OH^-1 (-4371) -> No product
At time :  40.448 ns  Reaction : e_aq^-1 (-499) + H3O^1 (-2364) -> H^0 (-4653)
At time :  41.902 ns  Reaction : e_aq^-1 (-536) + °OH^0 (-3407) -> OH^-1 (-4654)
At time :  42.133 ns  Reaction : H3O^1 (-4099) + OH^-1 (-4603) -> No product
At time :  45.962 ns  Reaction : °OH^0 (-3931) + e_aq^-1 (-1619) -> OH^-1 (-4655)
At time :  46.184 ns  Reaction : e_aq^-1 (-1062) + H2O2^0 (-4453) -> OH^-1 (-4656) + °OH^0 (-4657)
At time :  46.379 ns  Reaction : H3O^1 (-2382) + OH^-1 (-4613) -> No product
At time :  47.878 ns  Reaction : °OH^0 (-3969) + e_aq^-1 (-947) -> OH^-1 (-4658)
At time :  48.856 ns  Reaction : e_aq^-1 (-1836) + H3O^1 (-2616) -> H^0 (-4659)
At time :  48.973 ns  Reaction : °OH^0 (-2879) + °OH^0 (-2883) -> H2O2^0 (-4660)
At time :  49.362 ns  Reaction : °OH^0 (-4604) + H^0 (-4285) -> No product
At time :  50.255 ns  Reaction : e_aq^-1 (-611) + H3O^1 (-4179) -> H^0 (-4661)
At time :  54.312 ns  Reaction : °OH^0 (-2861) + H^0 (-4651) -> No product
At time :  63.679 ns  Reaction : °OH^0 (-2265) + °OH^0 (-2943) -> H2O2^0 (-4662)
At time :   71.16 ns  Reaction : °OH^0 (-1919) + °OH^0 (-3105) -> H2O2^0 (-4663)
At time :  73.497 ns  Reaction : e_aq^-1 (-986) + °OH^0 (-3021) -> OH^-1 (-4664)
At time :  75.082 ns  Reaction : e_aq^-1 (-1310) + H3O^1 (-2868) -> H^0 (-4665)
At time :   75.64 ns  Reaction : °OH^0 (-2557) + H^0 (-3830) -> No product
At time :  82.847 ns  Reaction : H^0 (-4173) + e_aq^-1 (-745) -> H_2^0 (-4666) + OH^-1 (-4667)
At time :  85.789 ns  Reaction : e_aq^-1 (-376) + H3O^1 (-3342) -> H^0 (-4668)
At time :  91.588 ns  Reaction : H3O^1 (-2016) + OH^-1 (-4644) -> No product
At time :  96.824 ns  Reaction : e_aq^-1 (-725) + °OH^0 (-3982) -> OH^-1 (-4669)
At time :  101.51 ns  Reaction : e_aq^-1 (-1667) + °OH^0 (-3630) -> OH^-1 (-4670)
At time :  110.81 ns  Reaction : OH^-1 (-4533) + H3O^1 (-2374) -> No product
At time :  116.28 ns  Reaction : e_aq^-1 (-1168) + °OH^0 (-2953) -> OH^-1 (-4671)
At time :  127.44 ns  Reaction : OH^-1 (-4655) + H3O^1 (-3583) -> No product
At time :   128.5 ns  Reaction : e_aq^-1 (-936) + H2O2^0 (-4289) -> OH^-1 (-4672) + °OH^0 (-4673)
At time :  129.23 ns  Reaction : e_aq^-1 (-549) + °OH^0 (-2411) -> OH^-1 (-4674)
At time :  130.61 ns  Reaction : e_aq^-1 (-1273) + °OH^0 (-2021) -> OH^-1 (-4675)
At time :  133.65 ns  Reaction : H3O^1 (-2786) + OH^-1 (-4593) -> No product
At time :  135.55 ns  Reaction : °OH^0 (-4594) + e_aq^-1 (-1504) -> OH^-1 (-4676)
At time :  136.01 ns  Reaction : °OH^0 (-2055) + °OH^0 (-3179) -> H2O2^0 (-4677)
At time :  141.24 ns  Reaction : e_aq^-1 (-1217) + H2O2^0 (-4652) -> OH^-1 (-4678) + °OH^0 (-4679)
At time :  145.47 ns  Reaction : e_aq^-1 (-972) + °OH^0 (-3033) -> OH^-1 (-4680)
At time :  146.89 ns  Reaction : H3O^1 (-2854) + OH^-1 (-4536) -> No product
At time :  149.06 ns  Reaction : °OH^0 (-3959) + °OH^0 (-4106) -> H2O2^0 (-4681)
At time :  155.67 ns  Reaction : e_aq^-1 (-1725) + e_aq^-1 (-1730) -> H_2^0 (-4682) + OH^-1 (-4683) + OH^-1 (-4684)
At time :  171.77 ns  Reaction : OH^-1 (-4671) + H3O^1 (-2928) -> No product
At time :  199.83 ns  Reaction : °OH^0 (-4657) + H^0 (-4381) -> No product
At time :   205.6 ns  Reaction : °OH^0 (-4055) + °OH^0 (-2823) -> H2O2^0 (-4685)
At time :  208.51 ns  Reaction : °OH^0 (-2037) + °OH^0 (-3307) -> H2O2^0 (-4686)
At time :  218.17 ns  Reaction : H3O^1 (-3622) + OH^-1 (-4383) -> No product
At time :  264.57 ns  Reaction : e_aq^-1 (-1051) + e_aq^-1 (-3749) -> H_2^0 (-4687) + OH^-1 (-4688) + OH^-1 (-4689)
At time :   264.7 ns  Reaction : OH^-1 (-4551) + H3O^1 (-3028) -> No product
At time :  285.45 ns  Reaction : e_aq^-1 (-593) + °OH^0 (-2351) -> OH^-1 (-4690)
At time :  331.65 ns  Reaction : H3O^1 (-3020) + OH^-1 (-4664) -> No product
At time :  374.92 ns  Reaction : OH^-1 (-4669) + H3O^1 (-3162) -> No product
At time :  440.82 ns  Reaction : °OH^0 (-4188) + H^0 (-4189) -> No product
At time :  510.21 ns  Reaction : e_aq^-1 (-411) + H^0 (-4642) -> H_2^0 (-4691) + OH^-1 (-4692)
At time :  511.85 ns  Reaction : OH^-1 (-4690) + H3O^1 (-3246) -> No product
At time :   517.2 ns  Reaction : H3O^1 (-2764) + OH^-1 (-4595) -> No product
At time :  528.03 ns  Reaction : °OH^0 (-2227) + °OH^0 (-2871) -> H2O2^0 (-4693)
At time :  626.73 ns  Reaction : e_aq^-1 (-1715) + °OH^0 (-2665) -> OH^-1 (-4694)
At time :  743.18 ns  Reaction : e_aq^-1 (-1259) + °OH^0 (-3739) -> OH^-1 (-4695)
At time :  767.71 ns  Reaction : H3O^1 (-2826) + e_aq^-1 (-3644) -> H^0 (-4696)
At time :  776.63 ns  Reaction : e_aq^-1 (-832) + H^0 (-4646) -> H_2^0 (-4697) + OH^-1 (-4698)
At time :  830.63 ns  Reaction : e_aq^-1 (-789) + °OH^0 (-2327) -> OH^-1 (-4699)
At time :  892.04 ns  Reaction : e_aq^-1 (-1183) + °OH^0 (-4095) -> OH^-1 (-4700)
*** G4Scheduler ends at time : 1 us 
___________________________________
... write file : AuNP.root - done
... close file : AuNP.root - done
