Environment variable "G4FORCE_RUN_MANAGER_TYPE" enabled with value == Serial. Forcing G4RunManager type...

        ############################################
        !!! WARNING - FPE detection is activated !!!
        ############################################


          ################################
          !!! G4Backtrace is activated !!!
          ################################


**************************************************************
 Geant4 version Name: geant4-11-04-ref-06    (30-June-2026)
                       Copyright : Geant4 Collaboration
                      References : NIM A 506 (2003), 250-303
                                 : IEEE-TNS 53 (2006), 270-278
                                 : NIM A 835 (2016), 186-225
                             WWW : http://geant4.org/
**************************************************************

<<< Geant4 Physics List simulation engine: FTFP_BERT

      ********************************************************* 
      ********** processes are wrapped for biasing ************ 
      ********************************************************* 
 Attaching biasing operator LeadingParticleBiasingOperator to logical volume test.logical

 hInelastic FTFP_BERT : threshold between BERT and FTFP is over the interval 
 for pions :   3 to 6 GeV
 for kaons :   3 to 6 GeV
 for proton :  3 to 6 GeV
 for neutron : 3 to 6 GeV

### Adding tracking cuts for neutron  TimeCut(ns)= 10000  KinEnergyCut(MeV)= 0
Visualization Manager instantiating with verbosity "warnings (3)"...
Visualization Manager initialising...
Registering graphics systems...

You have successfully registered the following graphics systems.
Registered graphics systems are:
  ASCIITree (ATree)
  DAWNFILE (DAWNFILE)
  RayTracer (RT)
  VRML2FILE (VRML2FILE)
  gMocrenFile (gMocrenFile)
  TOOLSSG_OFFSCREEN (TSG_OFFSCREEN, TSG_FILE)
  OpenGLImmediateQt (OGLIQt, OGLI)
  OpenGLStoredQt (OGLSQt, OGLS)
  OpenGLImmediateXm (OGLIXm, OGLIQt_FALLBACK)
  OpenGLStoredXm (OGLSXm, OGLSQt_FALLBACK)
  OpenGLImmediateX (OGLIX, OGLIQt_FALLBACK, OGLIXm_FALLBACK)
  OpenGLStoredX (OGLSX, OGLSQt_FALLBACK, OGLSXm_FALLBACK)
  RayTracerX (RTX)
  RayTracerQt (RTQt)
  TOOLSSG_X11_GLES (TSG_X11_GLES, TSGX11, TSG_XT_GLES_FALLBACK)
  TOOLSSG_X11_ZB (TSG_X11_ZB, TSGX11ZB)
  TOOLSSG_XT_GLES (TSG_XT_GLES, TSGXt, TSG_QT_GLES_FALLBACK)
  TOOLSSG_XT_ZB (TSG_XT_ZB, TSGXtZB)
  TOOLSSG_QT_GLES (TSG_QT_GLES, TSGQt, TSG, OGL)
  TOOLSSG_QT_ZB (TSG_QT_ZB, TSGQtZB, TSGZB)
You may choose a graphics system (driver) with a parameter of
the command "/vis/open" or "/vis/sceneHandler/create",
or you may omit the driver parameter and choose at run time:
- by argument in the construction of G4VisExecutive
- by environment variable "G4VIS_DEFAULT_DRIVER"
- by entry in "~/.g4session"
- by build flags.
- Note: This feature is not allowed in batch mode.
For further information see "examples/basic/B1/exampleB1.cc"
and "vis.mac".

Registering model factories...

You have successfully registered the following model factories.
Registered model factories:
  generic
  drawByAttribute
  drawByCharge
  drawByOriginVolume
  drawByParticleID
  drawByEncounteredVolume

Registered models:
  None

Registered filter factories:
  attributeFilter
  chargeFilter
  originVolumeFilter
  particleFilter
  encounteredVolumeFilter

Registered filters:
  None

You have successfully registered the following user vis actions.
Run Duration User Vis Actions: none
End of Event User Vis Actions: none
End of Run User Vis Actions: none

Some /vis commands (optionally) take a string to specify colour.
"/vis/list" to see available colours.
=======================================================================
======                 Electromagnetic Physics Parameters      ========
=======================================================================
LPM effect enabled                                 1
Enable creation and use of sampling tables         0
Apply cuts on all EM processes                     0
Use combined TransportationWithMsc                 Disabled
Use general process                                1
Enable linear polarisation for gamma               0
Enable photoeffect sampling below K-shell          1
Enable sampling of quantum entanglement            0
X-section factor for integral approach             0.8
Min kinetic energy for tables                      100 eV 
Max kinetic energy for tables                      100 TeV
Number of bins per decade of a table               7
Verbose level                                      1
Verbose level for worker thread                    0
Bremsstrahlung energy threshold above which 
  primary e+- is added to the list of secondary    100 TeV
Bremsstrahlung energy threshold above which primary
  muon/hadron is added to the list of secondary    100 TeV
Positron annihilation at rest model                SimplePositronium
Enable 3 gamma annihilation on fly                 0
Lowest triplet kinetic energy                      1 MeV
Enable sampling of gamma linear polarisation       0
5D gamma conversion model type                     0
5D gamma conversion model on isolated ion          0
Use RiGe 5D e+e- pair production model by muons    0
Livermore data directory                           epics_2017
=======================================================================
======                 Ionisation Parameters                   ========
=======================================================================
Step function for e+-                              (0.2, 1 mm)
Step function for muons/hadrons                    (0.2, 0.1 mm)
Step function for light ions                       (0.2, 0.1 mm)
Step function for general ions                     (0.2, 0.1 mm)
Lowest e+e- kinetic energy                         1 keV
Lowest muon/hadron kinetic energy                  1 keV
Use ICRU90 data                                    0
Fluctuations of dE/dx are enabled                  1
Type of fluctuation model for leptons and hadrons  Urban
Use built-in Birks saturation                      0
Build CSDA range enabled                           0
Use cut as a final range enabled                   0
Enable angular generator interface                 0
Enable parallel initialisation of physics tables   0
Max kinetic energy for CSDA tables                 1 GeV
Max kinetic energy for NIEL computation            0 eV 
Linear loss limit                                  0.01
Read data from file for e+e- pair production by mu 0
=======================================================================
======                 Multiple Scattering Parameters          ========
=======================================================================
Type of msc step limit algorithm for e+-           1
Type of msc step limit algorithm for muons/hadrons 0
Msc lateral displacement for e+- enabled           1
Msc lateral displacement for muons and hadrons     0
Urban msc model lateral displacement alg96         1
Range factor for msc step limit for e+-            0.04
Range factor for msc step limit for muons/hadrons  0.2
Geometry factor for msc step limitation of e+-     2.5
Safety factor for msc step limit for e+-           0.6
Skin parameter for msc step limitation of e+-      1
Lambda limit for msc step limit for e+-            1 mm
Use Mott correction for e- scattering              0
Factor used for dynamic computation of angular 
  limit between single and multiple scattering     1
Fixed angular limit between single 
  and multiple scattering                          3.1416 rad
Upper energy limit for e+- multiple scattering     100 MeV
Type of electron single scattering model           0
Type of nuclear form-factor                        1
Screening factor                                   1
=======================================================================

phot:  for gamma SubType=12 BuildTable=0
      LambdaPrime table from 200 keV to 100 TeV in 61 bins 
      ===== EM models for the G4Region  DefaultRegionForTheWorld ======
 LivermorePhElectric : Emin=    0 eV  Emax=  100 TeV  SauterGavrila Fluo

compt:  for gamma SubType=13 BuildTable=1
      Lambda table from 100 eV  to 1 MeV, 7 bins/decade, spline: 1
      LambdaPrime table from 1 MeV to 100 TeV in 56 bins 
      ===== EM models for the G4Region  DefaultRegionForTheWorld ======
       Klein-Nishina : Emin=    0 eV  Emax=  100 TeV

conv:  for gamma SubType=14 BuildTable=1
      Lambda table from 1.022 MeV to 100 TeV, 18 bins/decade, spline: 1
      ===== EM models for the G4Region  DefaultRegionForTheWorld ======
     BetheHeitlerLPM : Emin=    0 eV  Emax=  100 TeV  ModifiedTsai

Rayl:  for gamma SubType=11 BuildTable=1
      Lambda table from 100 eV  to 150 keV, 7 bins/decade, spline: 0
      LambdaPrime table from 150 keV to 100 TeV in 62 bins 
      ===== EM models for the G4Region  DefaultRegionForTheWorld ======
   LivermoreRayleigh : Emin=    0 eV  Emax=  100 TeV  CullenGenerator

msc:  for e-  SubType= 10
      ===== EM models for the G4Region  DefaultRegionForTheWorld ======
            UrbanMsc : Emin=    0 eV  Emax=  100 MeV Nbins=42 100 eV  - 100 MeV
          StepLim=UseSafety Rfact=0.04 Gfact=2.5 Sfact=0.6 DispFlag:1 Skin=1 Llim=1 mm
        WentzelVIUni : Emin=  100 MeV Emax=  100 TeV Nbins=42 100 MeV - 100 TeV
          StepLim=UseSafety Rfact=0.04 Gfact=2.5 Sfact=0.6 DispFlag:1 Skin=1 Llim=1 mm

eIoni:  for e-  XStype:3  SubType=2
      dE/dx and range tables from 100 eV  to 100 TeV in 84 bins
      Lambda tables from threshold to 100 TeV, 7 bins/decade, spline: 1
      StepFunction=(0.2, 1 mm), integ: 3, fluct: 1, linLossLim= 0.01
      ===== EM models for the G4Region  DefaultRegionForTheWorld ======
        MollerBhabha : Emin=    0 eV  Emax=  100 TeV

eBrem:  for e-  XStype:4  SubType=3
      dE/dx and range tables from 100 eV  to 100 TeV in 84 bins
      Lambda tables from threshold to 100 TeV, 7 bins/decade, spline: 1
      LPM flag: 1 for E > 1 GeV,  VertexHighEnergyTh(GeV)= 100000
      ===== EM models for the G4Region  DefaultRegionForTheWorld ======
             eBremSB : Emin=    0 eV  Emax=    1 GeV  ModifiedTsai
            eBremLPM : Emin=    1 GeV Emax=  100 TeV  ModifiedTsai

CoulombScat:  for e- XStype:1 SubType=1 BuildTable=1
      Lambda table from 100 MeV to 100 TeV, 7 bins/decade, spline: 0
      ThetaMin(p) < Theta(degree) < 180, pLimit(GeV^1)= 0.139531
      ===== EM models for the G4Region  DefaultRegionForTheWorld ======
  eCoulombScattering : Emin=  100 MeV Emax=  100 TeV

msc:  for e+  SubType= 10
      ===== EM models for the G4Region  DefaultRegionForTheWorld ======
            UrbanMsc : Emin=    0 eV  Emax=  100 MeV Nbins=42 100 eV  - 100 MeV
          StepLim=UseSafety Rfact=0.04 Gfact=2.5 Sfact=0.6 DispFlag:1 Skin=1 Llim=1 mm
        WentzelVIUni : Emin=  100 MeV Emax=  100 TeV Nbins=42 100 MeV - 100 TeV
          StepLim=UseSafety Rfact=0.04 Gfact=2.5 Sfact=0.6 DispFlag:1 Skin=1 Llim=1 mm

eIoni:  for e+  XStype:3  SubType=2
      dE/dx and range tables from 100 eV  to 100 TeV in 84 bins
      Lambda tables from threshold to 100 TeV, 7 bins/decade, spline: 1
      StepFunction=(0.2, 1 mm), integ: 3, fluct: 1, linLossLim= 0.01
      ===== EM models for the G4Region  DefaultRegionForTheWorld ======
        MollerBhabha : Emin=    0 eV  Emax=  100 TeV

eBrem:  for e+  XStype:4  SubType=3
      dE/dx and range tables from 100 eV  to 100 TeV in 84 bins
      Lambda tables from threshold to 100 TeV, 7 bins/decade, spline: 1
      LPM flag: 1 for E > 1 GeV,  VertexHighEnergyTh(GeV)= 100000
      ===== EM models for the G4Region  DefaultRegionForTheWorld ======
             eBremSB : Emin=    0 eV  Emax=    1 GeV  ModifiedTsai
            eBremLPM : Emin=    1 GeV Emax=  100 TeV  ModifiedTsai

CoulombScat:  for e+ XStype:1 SubType=1 BuildTable=1
      Lambda table from 100 MeV to 100 TeV, 7 bins/decade, spline: 0
      ThetaMin(p) < Theta(degree) < 180, pLimit(GeV^1)= 0.139531
      ===== EM models for the G4Region  DefaultRegionForTheWorld ======
  eCoulombScattering : Emin=  100 MeV Emax=  100 TeV

annihil:  for e+ XStype:2 SubType=5 AtRestModel:Simple BuildTable=0
      ===== EM models for the G4Region  DefaultRegionForTheWorld ======
            eplus2gg : Emin=    0 eV  Emax=  100 TeV

msc:  for proton  SubType= 10
      ===== EM models for the G4Region  DefaultRegionForTheWorld ======
        WentzelVIUni : Emin=    0 eV  Emax=  100 TeV Nbins=84 100 eV  - 100 TeV
          StepLim=Minimal Rfact=0.2 Gfact=2.5 Sfact=0.6 DispFlag:0 Skin=1 Llim=1 mm

hIoni:  for proton  XStype:3  SubType=2
      dE/dx and range tables from 100 eV  to 100 TeV in 84 bins
      Lambda tables from threshold to 100 TeV, 7 bins/decade, spline: 1
      StepFunction=(0.2, 0.1 mm), integ: 3, fluct: 1, linLossLim= 0.01
      ===== EM models for the G4Region  DefaultRegionForTheWorld ======
               Bragg : Emin=    0 eV  Emax=    2 MeV
          BetheBloch : Emin=    2 MeV Emax=  100 TeV

hBrems:  for proton  XStype:1  SubType=3
      dE/dx and range tables from 100 eV  to 100 TeV in 84 bins
      Lambda tables from threshold to 100 TeV, 7 bins/decade, spline: 1
      ===== EM models for the G4Region  DefaultRegionForTheWorld ======
               hBrem : Emin=    0 eV  Emax=  100 TeV  ModifiedMephi

hPairProd:  for proton  XStype:1  SubType=4
      dE/dx and range tables from 100 eV  to 100 TeV in 84 bins
      Lambda tables from threshold to 100 TeV, 7 bins/decade, spline: 1
      Sampling table 17x1001, from 7.50618 GeV to 100 TeV 
      ===== EM models for the G4Region  DefaultRegionForTheWorld ======
           hPairProd : Emin=    0 eV  Emax=  100 TeV  ModifiedMephi

CoulombScat:  for proton XStype:1 SubType=1 BuildTable=1
      Lambda table from threshold  to 100 TeV, 7 bins/decade, spline: 0
      ThetaMin(p) < Theta(degree) < 180, pLimit(GeV^1)= 0.139531
      ===== EM models for the G4Region  DefaultRegionForTheWorld ======
  eCoulombScattering : Emin=    0 eV  Emax=  100 TeV

msc:  for GenericIon  SubType= 10
      ===== EM models for the G4Region  DefaultRegionForTheWorld ======
            UrbanMsc : Emin=    0 eV  Emax=  100 TeV
          StepLim=Minimal Rfact=0.2 Gfact=2.5 Sfact=0.6 DispFlag:0 Skin=1 Llim=1 mm

ionIoni:  for GenericIon  XStype:3  SubType=2
      dE/dx and range tables from 100 eV  to 100 TeV in 84 bins
      Lambda tables from threshold to 100 TeV, 7 bins/decade, spline: 1
      StepFunction=(0.2, 0.1 mm), integ: 3, fluct: 1, linLossLim= 0.02
      ===== EM models for the G4Region  DefaultRegionForTheWorld ======
               Bragg : Emin=    0 eV  Emax=    2 MeV
          BetheBloch : Emin=    2 MeV Emax=  100 TeV

msc:  for alpha  SubType= 10
      ===== EM models for the G4Region  DefaultRegionForTheWorld ======
            UrbanMsc : Emin=    0 eV  Emax=  100 TeV
          StepLim=Minimal Rfact=0.2 Gfact=2.5 Sfact=0.6 DispFlag:0 Skin=1 Llim=1 mm

ionIoni:  for alpha  XStype:3  SubType=2
      dE/dx and range tables from 100 eV  to 100 TeV in 84 bins
      Lambda tables from threshold to 100 TeV, 7 bins/decade, spline: 1
      StepFunction=(0.2, 0.1 mm), integ: 3, fluct: 1, linLossLim= 0.02
      ===== EM models for the G4Region  DefaultRegionForTheWorld ======
            BraggIon : Emin=    0 eV  Emax=7.9452 MeV
          BetheBloch : Emin=7.9452 MeV Emax=  100 TeV

msc:  for anti_proton  SubType= 10
      ===== EM models for the G4Region  DefaultRegionForTheWorld ======
        WentzelVIUni : Emin=    0 eV  Emax=  100 TeV Nbins=84 100 eV  - 100 TeV
          StepLim=Minimal Rfact=0.2 Gfact=2.5 Sfact=0.6 DispFlag:0 Skin=1 Llim=1 mm

hIoni:  for anti_proton  XStype:3  SubType=2
      dE/dx and range tables from 100 eV  to 100 TeV in 84 bins
      Lambda tables from threshold to 100 TeV, 7 bins/decade, spline: 1
      StepFunction=(0.2, 0.1 mm), integ: 3, fluct: 1, linLossLim= 0.01
      ===== EM models for the G4Region  DefaultRegionForTheWorld ======
            ICRU73QO : Emin=    0 eV  Emax=    2 MeV
          BetheBloch : Emin=    2 MeV Emax=  100 TeV

hBrems:  for anti_proton  XStype:1  SubType=3
      dE/dx and range tables from 100 eV  to 100 TeV in 84 bins
      Lambda tables from threshold to 100 TeV, 7 bins/decade, spline: 1
      ===== EM models for the G4Region  DefaultRegionForTheWorld ======
               hBrem : Emin=    0 eV  Emax=  100 TeV  ModifiedMephi

hPairProd:  for anti_proton  XStype:1  SubType=4
      dE/dx and range tables from 100 eV  to 100 TeV in 84 bins
      Lambda tables from threshold to 100 TeV, 7 bins/decade, spline: 1
      Sampling table 17x1001, from 7.50618 GeV to 100 TeV 
      ===== EM models for the G4Region  DefaultRegionForTheWorld ======
           hPairProd : Emin=    0 eV  Emax=  100 TeV  ModifiedMephi

CoulombScat:  for anti_proton XStype:1 SubType=1 BuildTable=1
      Lambda table from threshold  to 100 TeV, 7 bins/decade, spline: 0
      ThetaMin(p) < Theta(degree) < 180, pLimit(GeV^1)= 0.139531
      ===== EM models for the G4Region  DefaultRegionForTheWorld ======
  eCoulombScattering : Emin=    0 eV  Emax=  100 TeV

msc:  for kaon+  SubType= 10
      ===== EM models for the G4Region  DefaultRegionForTheWorld ======
        WentzelVIUni : Emin=    0 eV  Emax=  100 TeV Nbins=84 100 eV  - 100 TeV
          StepLim=Minimal Rfact=0.2 Gfact=2.5 Sfact=0.6 DispFlag:0 Skin=1 Llim=1 mm

hIoni:  for kaon+  XStype:3  SubType=2
      dE/dx and range tables from 100 eV  to 100 TeV in 84 bins
      Lambda tables from threshold to 100 TeV, 7 bins/decade, spline: 1
      StepFunction=(0.2, 0.1 mm), integ: 3, fluct: 1, linLossLim= 0.01
      ===== EM models for the G4Region  DefaultRegionForTheWorld ======
               Bragg : Emin=    0 eV  Emax=1.05231 MeV
          BetheBloch : Emin=1.05231 MeV Emax=  100 TeV

hBrems:  for kaon+  XStype:1  SubType=3
      dE/dx and range tables from 100 eV  to 100 TeV in 84 bins
      Lambda tables from threshold to 100 TeV, 7 bins/decade, spline: 1
      ===== EM models for the G4Region  DefaultRegionForTheWorld ======
               hBrem : Emin=    0 eV  Emax=  100 TeV  ModifiedMephi

hPairProd:  for kaon+  XStype:1  SubType=4
      dE/dx and range tables from 100 eV  to 100 TeV in 84 bins
      Lambda tables from threshold to 100 TeV, 7 bins/decade, spline: 1
      Sampling table 18x1001, from 3.94942 GeV to 100 TeV 
      ===== EM models for the G4Region  DefaultRegionForTheWorld ======
           hPairProd : Emin=    0 eV  Emax=  100 TeV  ModifiedMephi

CoulombScat:  for kaon+ XStype:1 SubType=1 BuildTable=1
      Lambda table from threshold  to 100 TeV, 7 bins/decade, spline: 0
      ThetaMin(p) < Theta(degree) < 180, pLimit(GeV^1)= 0.139531
      ===== EM models for the G4Region  DefaultRegionForTheWorld ======
  eCoulombScattering : Emin=    0 eV  Emax=  100 TeV

msc:  for kaon-  SubType= 10
      ===== EM models for the G4Region  DefaultRegionForTheWorld ======
        WentzelVIUni : Emin=    0 eV  Emax=  100 TeV Nbins=84 100 eV  - 100 TeV
          StepLim=Minimal Rfact=0.2 Gfact=2.5 Sfact=0.6 DispFlag:0 Skin=1 Llim=1 mm

hIoni:  for kaon-  XStype:3  SubType=2
      dE/dx and range tables from 100 eV  to 100 TeV in 84 bins
      Lambda tables from threshold to 100 TeV, 7 bins/decade, spline: 1
      StepFunction=(0.2, 0.1 mm), integ: 3, fluct: 1, linLossLim= 0.01
      ===== EM models for the G4Region  DefaultRegionForTheWorld ======
            ICRU73QO : Emin=    0 eV  Emax=1.05231 MeV
          BetheBloch : Emin=1.05231 MeV Emax=  100 TeV

hBrems:  for kaon-  XStype:1  SubType=3
      dE/dx and range tables from 100 eV  to 100 TeV in 84 bins
      Lambda tables from threshold to 100 TeV, 7 bins/decade, spline: 1
      ===== EM models for the G4Region  DefaultRegionForTheWorld ======
               hBrem : Emin=    0 eV  Emax=  100 TeV  ModifiedMephi

hPairProd:  for kaon-  XStype:1  SubType=4
      dE/dx and range tables from 100 eV  to 100 TeV in 84 bins
      Lambda tables from threshold to 100 TeV, 7 bins/decade, spline: 1
      Sampling table 18x1001, from 3.94942 GeV to 100 TeV 
      ===== EM models for the G4Region  DefaultRegionForTheWorld ======
           hPairProd : Emin=    0 eV  Emax=  100 TeV  ModifiedMephi

CoulombScat:  for kaon- XStype:1 SubType=1 BuildTable=1
      Used Lambda table of kaon+
      ThetaMin(p) < Theta(degree) < 180, pLimit(GeV^1)= 0.139531
      ===== EM models for the G4Region  DefaultRegionForTheWorld ======
  eCoulombScattering : Emin=    0 eV  Emax=  100 TeV

msc:  for mu+  SubType= 10
      ===== EM models for the G4Region  DefaultRegionForTheWorld ======
        WentzelVIUni : Emin=    0 eV  Emax=  100 TeV Nbins=84 100 eV  - 100 TeV
          StepLim=Minimal Rfact=0.2 Gfact=2.5 Sfact=0.6 DispFlag:0 Skin=1 Llim=1 mm

muIoni:  for mu+  XStype:3  SubType=2
      dE/dx and range tables from 100 eV  to 100 TeV in 84 bins
      Lambda tables from threshold to 100 TeV, 7 bins/decade, spline: 1
      StepFunction=(0.2, 0.1 mm), integ: 3, fluct: 1, linLossLim= 0.01
      ===== EM models for the G4Region  DefaultRegionForTheWorld ======
               Bragg : Emin=    0 eV  Emax=  200 keV
        MuBetheBloch : Emin=  200 keV Emax=  100 TeV

muBrems:  for mu+  XStype:1  SubType=3
      dE/dx and range tables from 100 eV  to 100 TeV in 84 bins
      Lambda tables from threshold to 100 TeV, 7 bins/decade, spline: 1
      ===== EM models for the G4Region  DefaultRegionForTheWorld ======
              MuBrem : Emin=    0 eV  Emax=  100 TeV  ModifiedMephi

muPairProd:  for mu+  XStype:1  SubType=4
      dE/dx and range tables from 100 eV  to 100 TeV in 84 bins
      Lambda tables from threshold to 100 TeV, 7 bins/decade, spline: 1
      Sampling table 21x1001, from 0.85 GeV to 100 TeV 
      ===== EM models for the G4Region  DefaultRegionForTheWorld ======
          muPairProd : Emin=    0 eV  Emax=  100 TeV  ModifiedMephi

CoulombScat:  for mu+ XStype:1 SubType=1 BuildTable=1
      Lambda table from threshold  to 100 TeV, 7 bins/decade, spline: 0
      ThetaMin(p) < Theta(degree) < 180, pLimit(GeV^1)= 0.139531
      ===== EM models for the G4Region  DefaultRegionForTheWorld ======
  eCoulombScattering : Emin=    0 eV  Emax=  100 TeV

msc:  for mu-  SubType= 10
      ===== EM models for the G4Region  DefaultRegionForTheWorld ======
        WentzelVIUni : Emin=    0 eV  Emax=  100 TeV Nbins=84 100 eV  - 100 TeV
          StepLim=Minimal Rfact=0.2 Gfact=2.5 Sfact=0.6 DispFlag:0 Skin=1 Llim=1 mm

muIoni:  for mu-  XStype:3  SubType=2
      dE/dx and range tables from 100 eV  to 100 TeV in 84 bins
      Lambda tables from threshold to 100 TeV, 7 bins/decade, spline: 1
      StepFunction=(0.2, 0.1 mm), integ: 3, fluct: 1, linLossLim= 0.01
      ===== EM models for the G4Region  DefaultRegionForTheWorld ======
            ICRU73QO : Emin=    0 eV  Emax=  200 keV
        MuBetheBloch : Emin=  200 keV Emax=  100 TeV

muBrems:  for mu-  XStype:1  SubType=3
      dE/dx and range tables from 100 eV  to 100 TeV in 84 bins
      Lambda tables from threshold to 100 TeV, 7 bins/decade, spline: 1
      ===== EM models for the G4Region  DefaultRegionForTheWorld ======
              MuBrem : Emin=    0 eV  Emax=  100 TeV  ModifiedMephi

muPairProd:  for mu-  XStype:1  SubType=4
      dE/dx and range tables from 100 eV  to 100 TeV in 84 bins
      Lambda tables from threshold to 100 TeV, 7 bins/decade, spline: 1
      Sampling table 21x1001, from 0.85 GeV to 100 TeV 
      ===== EM models for the G4Region  DefaultRegionForTheWorld ======
          muPairProd : Emin=    0 eV  Emax=  100 TeV  ModifiedMephi

CoulombScat:  for mu- XStype:1 SubType=1 BuildTable=1
      Used Lambda table of mu+
      ThetaMin(p) < Theta(degree) < 180, pLimit(GeV^1)= 0.139531
      ===== EM models for the G4Region  DefaultRegionForTheWorld ======
  eCoulombScattering : Emin=    0 eV  Emax=  100 TeV

msc:  for pi+  SubType= 10
      ===== EM models for the G4Region  DefaultRegionForTheWorld ======
        WentzelVIUni : Emin=    0 eV  Emax=  100 TeV Nbins=84 100 eV  - 100 TeV
          StepLim=Minimal Rfact=0.2 Gfact=2.5 Sfact=0.6 DispFlag:0 Skin=1 Llim=1 mm

hIoni:  for pi+  XStype:3  SubType=2
      dE/dx and range tables from 100 eV  to 100 TeV in 84 bins
      Lambda tables from threshold to 100 TeV, 7 bins/decade, spline: 1
      StepFunction=(0.2, 0.1 mm), integ: 3, fluct: 1, linLossLim= 0.01
      ===== EM models for the G4Region  DefaultRegionForTheWorld ======
               Bragg : Emin=    0 eV  Emax=297.505 keV
          BetheBloch : Emin=297.505 keV Emax=  100 TeV

hBrems:  for pi+  XStype:1  SubType=3
      dE/dx and range tables from 100 eV  to 100 TeV in 84 bins
      Lambda tables from threshold to 100 TeV, 7 bins/decade, spline: 1
      ===== EM models for the G4Region  DefaultRegionForTheWorld ======
               hBrem : Emin=    0 eV  Emax=  100 TeV  ModifiedMephi

hPairProd:  for pi+  XStype:1  SubType=4
      dE/dx and range tables from 100 eV  to 100 TeV in 84 bins
      Lambda tables from threshold to 100 TeV, 7 bins/decade, spline: 1
      Sampling table 20x1001, from 1.11656 GeV to 100 TeV 
      ===== EM models for the G4Region  DefaultRegionForTheWorld ======
           hPairProd : Emin=    0 eV  Emax=  100 TeV  ModifiedMephi

CoulombScat:  for pi+ XStype:1 SubType=1 BuildTable=1
      Lambda table from threshold  to 100 TeV, 7 bins/decade, spline: 0
      ThetaMin(p) < Theta(degree) < 180, pLimit(GeV^1)= 0.139531
      ===== EM models for the G4Region  DefaultRegionForTheWorld ======
  eCoulombScattering : Emin=    0 eV  Emax=  100 TeV

msc:  for pi-  SubType= 10
      ===== EM models for the G4Region  DefaultRegionForTheWorld ======
        WentzelVIUni : Emin=    0 eV  Emax=  100 TeV Nbins=84 100 eV  - 100 TeV
          StepLim=Minimal Rfact=0.2 Gfact=2.5 Sfact=0.6 DispFlag:0 Skin=1 Llim=1 mm

hIoni:  for pi-  XStype:3  SubType=2
      dE/dx and range tables from 100 eV  to 100 TeV in 84 bins
      Lambda tables from threshold to 100 TeV, 7 bins/decade, spline: 1
      StepFunction=(0.2, 0.1 mm), integ: 3, fluct: 1, linLossLim= 0.01
      ===== EM models for the G4Region  DefaultRegionForTheWorld ======
            ICRU73QO : Emin=    0 eV  Emax=297.505 keV
          BetheBloch : Emin=297.505 keV Emax=  100 TeV

hBrems:  for pi-  XStype:1  SubType=3
      dE/dx and range tables from 100 eV  to 100 TeV in 84 bins
      Lambda tables from threshold to 100 TeV, 7 bins/decade, spline: 1
      ===== EM models for the G4Region  DefaultRegionForTheWorld ======
               hBrem : Emin=    0 eV  Emax=  100 TeV  ModifiedMephi

hPairProd:  for pi-  XStype:1  SubType=4
      dE/dx and range tables from 100 eV  to 100 TeV in 84 bins
      Lambda tables from threshold to 100 TeV, 7 bins/decade, spline: 1
      Sampling table 20x1001, from 1.11656 GeV to 100 TeV 
      ===== EM models for the G4Region  DefaultRegionForTheWorld ======
           hPairProd : Emin=    0 eV  Emax=  100 TeV  ModifiedMephi

CoulombScat:  for pi- XStype:1 SubType=1 BuildTable=1
      Used Lambda table of pi+
      ThetaMin(p) < Theta(degree) < 180, pLimit(GeV^1)= 0.139531
      ===== EM models for the G4Region  DefaultRegionForTheWorld ======
  eCoulombScattering : Emin=    0 eV  Emax=  100 TeV

====================================================================
                  HADRONIC PROCESSES SUMMARY (verbose level 1)
-----------------------------------------------------------------------
                           Hadronic Processes for neutron
  Process: hadElastic
        Model:             hElasticCHIPS: 0 eV  ---> 100 TeV
     Cr_sctns:        G4NeutronElasticXS: 0 eV  ---> 100 TeV
  Process: neutronInelastic
        Model:                      FTFP: 3 GeV ---> 100 TeV
        Model:            BertiniCascade: 0 eV  ---> 6 GeV
     Cr_sctns:      G4NeutronInelasticXS: 0 eV  ---> 100 TeV
  Process: nCapture
        Model:               nRadCapture: 0 eV  ---> 100 TeV
     Cr_sctns:        G4NeutronCaptureXS: 0 eV  ---> 100 TeV
  Process: nKiller
-----------------------------------------------------------------------
                           Hadronic Processes for B-
  Process: hadElastic
        Model:              hElasticLHEP: 0 eV  ---> 100 TeV
     Cr_sctns:            Glauber-Gribov: 0 eV  ---> 100 TeV
  Process: B-Inelastic
        Model:                      FTFP: 0 eV  ---> 100 TeV
     Cr_sctns:            Glauber-Gribov: 0 eV  ---> 100 TeV
-----------------------------------------------------------------------
                           Hadronic Processes for D-
  Process: hadElastic
        Model:              hElasticLHEP: 0 eV  ---> 100 TeV
     Cr_sctns:            Glauber-Gribov: 0 eV  ---> 100 TeV
  Process: D-Inelastic
        Model:                      FTFP: 0 eV  ---> 100 TeV
     Cr_sctns:            Glauber-Gribov: 0 eV  ---> 100 TeV
-----------------------------------------------------------------------
                           Hadronic Processes for GenericIon
  Process: ionInelastic
        Model:  Binary Light Ion Cascade: 0 eV /n ---> 6 GeV/n
        Model:                      FTFP: 3 GeV/n ---> 100 TeV/n
     Cr_sctns:  Glauber-Gribov Nucl-nucl: 0 eV  ---> 25.6 PeV
-----------------------------------------------------------------------
                           Hadronic Processes for He3
  Process: hadElastic
        Model:              hElasticLHEP: 0 eV /n ---> 100 TeV/n
     Cr_sctns:  Glauber-Gribov Nucl-nucl: 0 eV  ---> 25.6 PeV
  Process: He3Inelastic
        Model:  Binary Light Ion Cascade: 0 eV /n ---> 6 GeV/n
        Model:                      FTFP: 3 GeV/n ---> 100 TeV/n
     Cr_sctns:  Glauber-Gribov Nucl-nucl: 0 eV  ---> 25.6 PeV
-----------------------------------------------------------------------
                           Hadronic Processes for alpha
  Process: hadElastic
        Model:              hElasticLHEP: 0 eV /n ---> 100 TeV/n
     Cr_sctns:  Glauber-Gribov Nucl-nucl: 0 eV  ---> 25.6 PeV
  Process: alphaInelastic
        Model:  Binary Light Ion Cascade: 0 eV /n ---> 6 GeV/n
        Model:                      FTFP: 3 GeV/n ---> 100 TeV/n
     Cr_sctns:  Glauber-Gribov Nucl-nucl: 0 eV  ---> 25.6 PeV
-----------------------------------------------------------------------
                           Hadronic Processes for anti_He3
  Process: hadElastic
        Model:              hElasticLHEP: 0 eV /n ---> 100.1 MeV/n
        Model:              AntiAElastic: 100 MeV/n ---> 100 TeV/n
     Cr_sctns:              AntiAGlauber: 0 eV  ---> 25.6 PeV
  Process: anti_He3Inelastic
        Model:                      FTFP: 0 eV /n ---> 100 TeV/n
     Cr_sctns:              AntiAGlauber: 0 eV  ---> 25.6 PeV
  Process: hFritiofCaptureAtRest
-----------------------------------------------------------------------
                           Hadronic Processes for anti_alpha
  Process: hadElastic
        Model:              hElasticLHEP: 0 eV /n ---> 100.1 MeV/n
        Model:              AntiAElastic: 100 MeV/n ---> 100 TeV/n
     Cr_sctns:              AntiAGlauber: 0 eV  ---> 25.6 PeV
  Process: anti_alphaInelastic
        Model:                      FTFP: 0 eV /n ---> 100 TeV/n
     Cr_sctns:              AntiAGlauber: 0 eV  ---> 25.6 PeV
  Process: hFritiofCaptureAtRest
-----------------------------------------------------------------------
                           Hadronic Processes for anti_deuteron
  Process: hadElastic
        Model:              hElasticLHEP: 0 eV /n ---> 100.1 MeV/n
        Model:              AntiAElastic: 100 MeV/n ---> 100 TeV/n
     Cr_sctns:              AntiAGlauber: 0 eV  ---> 25.6 PeV
  Process: anti_deuteronInelastic
        Model:                      FTFP: 0 eV /n ---> 100 TeV/n
     Cr_sctns:              AntiAGlauber: 0 eV  ---> 25.6 PeV
  Process: hFritiofCaptureAtRest
-------------------------------------------------------------------------
                           Hadronic Processes for anti_hypertriton
  Process: hFritiofCaptureAtRest
-----------------------------------------------------------------------
                           Hadronic Processes for anti_lambda
  Process: hadElastic
        Model:              hElasticLHEP: 0 eV  ---> 100 TeV
     Cr_sctns:            Glauber-Gribov: 0 eV  ---> 100 TeV
  Process: anti_lambdaInelastic
        Model:                      FTFP: 0 eV  ---> 100 TeV
     Cr_sctns:            Glauber-Gribov: 0 eV  ---> 100 TeV
  Process: hFritiofCaptureAtRest
-----------------------------------------------------------------------
                           Hadronic Processes for anti_neutron
  Process: hadElastic
        Model:              hElasticLHEP: 0 eV  ---> 100.1 MeV
        Model:              AntiAElastic: 100 MeV ---> 100 TeV
     Cr_sctns:              AntiAGlauber: 0 eV  ---> 25.6 PeV
  Process: anti_neutronInelastic
        Model:                      FTFP: 0 eV  ---> 100 TeV
     Cr_sctns:              AntiAGlauber: 0 eV  ---> 25.6 PeV
  Process: hFritiofCaptureAtRest
-----------------------------------------------------------------------
                           Hadronic Processes for anti_proton
  Process: hadElastic
        Model:              hElasticLHEP: 0 eV  ---> 100.1 MeV
        Model:              AntiAElastic: 100 MeV ---> 100 TeV
     Cr_sctns:              AntiAGlauber: 0 eV  ---> 25.6 PeV
  Process: anti_protonInelastic
        Model:                      FTFP: 0 eV  ---> 100 TeV
     Cr_sctns:              AntiAGlauber: 0 eV  ---> 25.6 PeV
  Process: hFritiofCaptureAtRest
-----------------------------------------------------------------------
                           Hadronic Processes for anti_triton
  Process: hadElastic
        Model:              hElasticLHEP: 0 eV /n ---> 100.1 MeV/n
        Model:              AntiAElastic: 100 MeV/n ---> 100 TeV/n
     Cr_sctns:              AntiAGlauber: 0 eV  ---> 25.6 PeV
  Process: anti_tritonInelastic
        Model:                      FTFP: 0 eV /n ---> 100 TeV/n
     Cr_sctns:              AntiAGlauber: 0 eV  ---> 25.6 PeV
  Process: hFritiofCaptureAtRest
-----------------------------------------------------------------------
                           Hadronic Processes for deuteron
  Process: hadElastic
        Model:              hElasticLHEP: 0 eV /n ---> 100 TeV/n
     Cr_sctns:  Glauber-Gribov Nucl-nucl: 0 eV  ---> 25.6 PeV
  Process: dInelastic
        Model:  Binary Light Ion Cascade: 0 eV /n ---> 6 GeV/n
        Model:                      FTFP: 3 GeV/n ---> 100 TeV/n
     Cr_sctns:  Glauber-Gribov Nucl-nucl: 0 eV  ---> 25.6 PeV
-----------------------------------------------------------------------
                           Hadronic Processes for e+
  Process: positronNuclear
        Model:   G4ElectroVDNuclearModel: 0 eV  ---> 1 PeV
     Cr_sctns:          ElectroNuclearXS: 0 eV  ---> 100 TeV
-----------------------------------------------------------------------
                           Hadronic Processes for e-
  Process: electronNuclear
        Model:   G4ElectroVDNuclearModel: 0 eV  ---> 1 PeV
     Cr_sctns:          ElectroNuclearXS: 0 eV  ---> 100 TeV
-----------------------------------------------------------------------
                           Hadronic Processes for gamma
  Process: photonNuclear
        Model:               GammaNPreco: 0 eV  ---> 200 MeV
        Model:            BertiniCascade: 199 MeV ---> 6 GeV
        Model:           TheoFSGenerator: 3 GeV ---> 100 TeV
     Cr_sctns:            GammaNuclearXS: 0 eV  ---> 100 TeV
-----------------------------------------------------------------------
                           Hadronic Processes for kaon+
  Process: hadElastic
        Model:              hElasticLHEP: 0 eV  ---> 100 TeV
     Cr_sctns:            Glauber-Gribov: 0 eV  ---> 100 TeV
  Process: kaon+Inelastic
        Model:                      FTFP: 3 GeV ---> 100 TeV
        Model:            BertiniCascade: 0 eV  ---> 6 GeV
     Cr_sctns:            Glauber-Gribov: 0 eV  ---> 100 TeV
-----------------------------------------------------------------------
                           Hadronic Processes for kaon-
  Process: hadElastic
        Model:              hElasticLHEP: 0 eV  ---> 100 TeV
     Cr_sctns:            Glauber-Gribov: 0 eV  ---> 100 TeV
  Process: kaon-Inelastic
        Model:                      FTFP: 3 GeV ---> 100 TeV
        Model:            BertiniCascade: 0 eV  ---> 6 GeV
     Cr_sctns:            Glauber-Gribov: 0 eV  ---> 100 TeV
  Process: hBertiniCaptureAtRest
-----------------------------------------------------------------------
                           Hadronic Processes for lambda
  Process: hadElastic
        Model:              hElasticLHEP: 0 eV  ---> 100 TeV
     Cr_sctns:            Glauber-Gribov: 0 eV  ---> 100 TeV
  Process: lambdaInelastic
        Model:                      FTFP: 3 GeV ---> 100 TeV
        Model:            BertiniCascade: 0 eV  ---> 6 GeV
     Cr_sctns:            Glauber-Gribov: 0 eV  ---> 100 TeV
-----------------------------------------------------------------------
                           Hadronic Processes for mu+
  Process: muonNuclear
        Model:      G4MuonVDNuclearModel: 0 eV  ---> 1 PeV
     Cr_sctns:     KokoulinMuonNuclearXS: 0 eV  ---> 100 TeV
-----------------------------------------------------------------------
                           Hadronic Processes for mu-
  Process: muonNuclear
        Model:      G4MuonVDNuclearModel: 0 eV  ---> 1 PeV
     Cr_sctns:     KokoulinMuonNuclearXS: 0 eV  ---> 100 TeV
  Process: muMinusCaptureAtRest
-----------------------------------------------------------------------
                           Hadronic Processes for pi+
  Process: hadElastic
        Model:           hElasticGlauber: 0 eV  ---> 100 TeV
     Cr_sctns:  BarashenkovGlauberGribov: 0 eV  ---> 100 TeV
  Process: pi+Inelastic
        Model:                      FTFP: 3 GeV ---> 100 TeV
        Model:            BertiniCascade: 0 eV  ---> 6 GeV
     Cr_sctns:  BarashenkovGlauberGribov: 0 eV  ---> 100 TeV
-----------------------------------------------------------------------
                           Hadronic Processes for pi-
  Process: hadElastic
        Model:           hElasticGlauber: 0 eV  ---> 100 TeV
     Cr_sctns:  BarashenkovGlauberGribov: 0 eV  ---> 100 TeV
  Process: pi-Inelastic
        Model:                      FTFP: 3 GeV ---> 100 TeV
        Model:            BertiniCascade: 0 eV  ---> 6 GeV
     Cr_sctns:  BarashenkovGlauberGribov: 0 eV  ---> 100 TeV
  Process: hBertiniCaptureAtRest
-----------------------------------------------------------------------
                           Hadronic Processes for proton
  Process: hadElastic
        Model:             hElasticCHIPS: 0 eV  ---> 100 TeV
     Cr_sctns:  BarashenkovGlauberGribov: 0 eV  ---> 100 TeV
  Process: protonInelastic
        Model:                      FTFP: 3 GeV ---> 100 TeV
        Model:            BertiniCascade: 0 eV  ---> 6 GeV
     Cr_sctns:  BarashenkovGlauberGribov: 0 eV  ---> 100 TeV
-----------------------------------------------------------------------
                           Hadronic Processes for sigma-
  Process: hadElastic
        Model:              hElasticLHEP: 0 eV  ---> 100 TeV
     Cr_sctns:            Glauber-Gribov: 0 eV  ---> 100 TeV
  Process: sigma-Inelastic
        Model:                      FTFP: 3 GeV ---> 100 TeV
        Model:            BertiniCascade: 0 eV  ---> 6 GeV
     Cr_sctns:            Glauber-Gribov: 0 eV  ---> 100 TeV
  Process: hBertiniCaptureAtRest
-----------------------------------------------------------------------
                           Hadronic Processes for triton
  Process: hadElastic
        Model:              hElasticLHEP: 0 eV /n ---> 100 TeV/n
     Cr_sctns:  Glauber-Gribov Nucl-nucl: 0 eV  ---> 25.6 PeV
  Process: tInelastic
        Model:  Binary Light Ion Cascade: 0 eV /n ---> 6 GeV/n
        Model:                      FTFP: 3 GeV/n ---> 100 TeV/n
     Cr_sctns:  Glauber-Gribov Nucl-nucl: 0 eV  ---> 25.6 PeV
=======================================================================
======       Geant4 Native Pre-compound Model Parameters       ========
=======================================================================
Type of pre-compound model                          0
Type of pre-compound inverse x-section              1
Pre-compound model active                           1
Pre-compound excitation low energy                  0.1 MeV 
Pre-compound excitation high energy                 15 MeV 
Angular generator for pre-compound model            1
Use NeverGoBack option for pre-compound model       0
Use SoftCutOff option for pre-compound model        0
Use CEM transitions for pre-compound model          1
Use GNASH transitions for pre-compound model        0
Use HETC submodel for pre-compound model            0
=======================================================================
======       Nuclear De-excitation Module Parameters           ========
=======================================================================
Type of de-excitation inverse x-section             3
Type of de-excitation factory                       Evaporation+GEM
Number of de-excitation channels                    68
Type of Fermi BreakUp model                         ModelVI
Min excitation energy                               0.01 keV 
Min energy per nucleon for multifragmentation       2e+05 MeV
Level density (1/MeV)                               0.075
Use simple level density model                      1
Use discrete excitation energy of the residual      0
Time limit for long lived isomeres                  1 ns 
Isomer production flag                              1
Internal e- conversion flag                         1
Store e- internal conversion data                   1
Correlated gamma emission flag                      0
Max 2J for sampling of angular correlations         10
=======================================================================
       neutron, kinetic energy (MeV) =      900.501, position (cm) = (-33.6602,-28.201,200),	 weight = 2
    anti_nu_mu, kinetic energy (MeV) =      35.7369, position (cm) = (-60.802,-12.4978,200),	 weight = 5
       neutron, kinetic energy (MeV) =      1156.09, position (cm) = (-23.7504,13.9878,200),	 weight = 1
    anti_nu_mu, kinetic energy (MeV) =      36.4514, position (cm) = (89.1903,-1.02577,200),	 weight = 2
         gamma, kinetic energy (MeV) =       0.1286, position (cm) = (-78.5944,83.1399,200),	 weight = 1
            e+, kinetic energy (MeV) =      24.1401, position (cm) = (-20.3059,-31.0195,200),	 weight = 1
         gamma, kinetic energy (MeV) =     0.147219, position (cm) = (-20.3064,-31.0069,200),	 weight = 1
         gamma, kinetic energy (MeV) =      6.02108, position (cm) = (-20.3053,-31.3898,200),	 weight = 1
         gamma, kinetic energy (MeV) =    0.0465963, position (cm) = (-18.1105,-28.1301,200),	 weight = 1
            e-, kinetic energy (MeV) =      182.151, position (cm) = (-20.2318,-31.4299,200),	 weight = 1
         gamma, kinetic energy (MeV) =     0.147139, position (cm) = (-20.2317,-31.4298,200),	 weight = 1
         gamma, kinetic energy (MeV) =      8.09462, position (cm) = (-20.2316,-31.4247,200),	 weight = 1
         gamma, kinetic energy (MeV) =      0.19302, position (cm) = (-18.4098,-29.0665,200),	 weight = 1
         gamma, kinetic energy (MeV) =     0.197828, position (cm) = (-19.828,-31.1626,200),	 weight = 1
         gamma, kinetic energy (MeV) =     0.785744, position (cm) = (-21.3286,-31.9307,200),	 weight = 1
         gamma, kinetic energy (MeV) =     0.124564, position (cm) = (-9.60359,12.0178,200),	 weight = 1
         gamma, kinetic energy (MeV) =      3.01561, position (cm) = (-0.277639,26.4026,200),	 weight = 1
         gamma, kinetic energy (MeV) =     0.202992, position (cm) = (2.73231,5.77143,200),	 weight = 1
            e-, kinetic energy (MeV) =      12.4224, position (cm) = (-1.13023,24.6439,200),	 weight = 1
            e-, kinetic energy (MeV) =      5.80495, position (cm) = (-1.1366,24.424,200),	 weight = 1
         gamma, kinetic energy (MeV) =      27.7591, position (cm) = (-1.70555,24.0291,200),	 weight = 1
         gamma, kinetic energy (MeV) =      21.8364, position (cm) = (-2.02513,23.8698,200),	 weight = 1
         gamma, kinetic energy (MeV) =      20.6009, position (cm) = (-1.3332,23.9428,200),	 weight = 1
         gamma, kinetic energy (MeV) =    0.0833077, position (cm) = (1.3874,30.7317,200),	 weight = 1
         gamma, kinetic energy (MeV) =    0.0784945, position (cm) = (-0.296911,21.7145,200),	 weight = 1
         gamma, kinetic energy (MeV) =      25.1884, position (cm) = (-1.74399,24.3076,200),	 weight = 1
         gamma, kinetic energy (MeV) =       5.5091, position (cm) = (-1.97598,23.3236,200),	 weight = 1
         gamma, kinetic energy (MeV) =      24.8411, position (cm) = (-3.08342,24.6739,200),	 weight = 1
            e-, kinetic energy (MeV) =      1.83771, position (cm) = (-3.00116,25.081,200),	 weight = 1
            e-, kinetic energy (MeV) =      1.68885, position (cm) = (-3.0181,25.1189,200),	 weight = 1
         gamma, kinetic energy (MeV) =      12.2806, position (cm) = (-3.9499,24.3213,200),	 weight = 1
         gamma, kinetic energy (MeV) =      6.35678, position (cm) = (40.4844,-23.2206,200),	 weight = 1
       neutron, kinetic energy (MeV) =      307.941, position (cm) = (21.9577,-23.1075,200),	 weight = 1
        proton, kinetic energy (MeV) =      233.325, position (cm) = (30.882,-23.0838,200),	 weight = 1
         gamma, kinetic energy (MeV) =      527.468, position (cm) = (29.6914,-22.095,200),	 weight = 1
       neutron, kinetic energy (MeV) =      183.321, position (cm) = (-17.1835,-1.41336,200),	 weight = 2
         gamma, kinetic energy (MeV) =     0.145075, position (cm) = (24.6157,7.06013,200),	 weight = 1
            e-, kinetic energy (MeV) =      56.6982, position (cm) = (26.9825,2.55838,200),	 weight = 1
         gamma, kinetic energy (MeV) =      16.0077, position (cm) = (26.9978,2.5678,200),	 weight = 1
         gamma, kinetic energy (MeV) =      1.92356, position (cm) = (26.9528,2.59782,200),	 weight = 1
         gamma, kinetic energy (MeV) =       2.4803, position (cm) = (26.9917,2.52195,200),	 weight = 1
         gamma, kinetic energy (MeV) =    0.0815982, position (cm) = (26.4,3.07572,200),	 weight = 1
         gamma, kinetic energy (MeV) =     0.103397, position (cm) = (30.2645,2.99059,200),	 weight = 1
         gamma, kinetic energy (MeV) =      5.79144, position (cm) = (11.5473,8.14355,200),	 weight = 1
         gamma, kinetic energy (MeV) =     0.328246, position (cm) = (3.65574,-3.79339,200),	 weight = 1
       neutron, kinetic energy (MeV) =      70.6275, position (cm) = (-8.73702,-3.23399,200),	 weight = 2
         gamma, kinetic energy (MeV) =      7.21802, position (cm) = (-29.7822,-15.8155,200),	 weight = 6
        proton, kinetic energy (MeV) =      389.663, position (cm) = (-20.5453,-17.4865,200),	 weight = 1
          nu_e, kinetic energy (MeV) =      35.0116, position (cm) = (17.1877,-44.3732,200),	 weight = 2
        proton, kinetic energy (MeV) =      765.706, position (cm) = (-77.5418,4.16687,200),	 weight = 1
        proton, kinetic energy (MeV) =      269.534, position (cm) = (7.85315,-8.34954,200),	 weight = 3
       neutron, kinetic energy (MeV) =       921.15, position (cm) = (1.44465,-5.32897,200),	 weight = 2
           pi-, kinetic energy (MeV) =      323.562, position (cm) = (-9.15842,-3.8897,200),	 weight = 6
         gamma, kinetic energy (MeV) =     0.129412, position (cm) = (-9.15598,0.847555,200),	 weight = 2
         gamma, kinetic energy (MeV) =      2.63754, position (cm) = (7.35882,-18.1129,200),	 weight = 2
       neutron, kinetic energy (MeV) =       846.86, position (cm) = (0.388268,-6.8067,200),	 weight = 1
         gamma, kinetic energy (MeV) =      136.197, position (cm) = (-2.2248,-18.1831,200),	 weight = 2
         gamma, kinetic energy (MeV) =     0.674193, position (cm) = (5.95433,-8.85627,200),	 weight = 1
    anti_nu_mu, kinetic energy (MeV) =      37.5888, position (cm) = (43.0189,-5.55562,200),	 weight = 1
         nu_mu, kinetic energy (MeV) =      29.7919, position (cm) = (-98.0659,-63.9805,200),	 weight = 1
    anti_nu_mu, kinetic energy (MeV) =      52.2481, position (cm) = (-39.8361,34.7844,200),	 weight = 3
          nu_e, kinetic energy (MeV) =      39.1113, position (cm) = (-13.1853,95.9713,200),	 weight = 1
         nu_mu, kinetic energy (MeV) =      29.7919, position (cm) = (-77.1645,-30.4753,200),	 weight = 1
       neutron, kinetic energy (MeV) =      6.60912, position (cm) = (12.1913,-35.5344,200),	 weight = 1
         gamma, kinetic energy (MeV) =      55.7032, position (cm) = (-11.5492,15.8488,200),	 weight = 1
         gamma, kinetic energy (MeV) =     0.230214, position (cm) = (-26.1941,-14.7335,200),	 weight = 1
         gamma, kinetic energy (MeV) =     0.149291, position (cm) = (-5.65199,17.1741,200),	 weight = 1
          nu_e, kinetic energy (MeV) =      28.9657, position (cm) = (40.284,-16.287,200),	 weight = 3
       neutron, kinetic energy (MeV) =  1.06009e-05, position (cm) = (-9.09607,-30.4756,200),	 weight = 3
         gamma, kinetic energy (MeV) =     0.249454, position (cm) = (26.0243,23.0701,200),	 weight = 3
       neutron, kinetic energy (MeV) =      68.4152, position (cm) = (28.3267,15.2806,200),	 weight = 1
         gamma, kinetic energy (MeV) =       82.962, position (cm) = (30.0298,-24.7627,200),	 weight = 4
         gamma, kinetic energy (MeV) =       4.4894, position (cm) = (-36.3413,43.4961,200),	 weight = 1
         gamma, kinetic energy (MeV) =      187.049, position (cm) = (-3.34352,-6.36636,200),	 weight = 3
       neutron, kinetic energy (MeV) =      28.2195, position (cm) = (-1.4893,2.23111,200),	 weight = 10
       neutron, kinetic energy (MeV) =      0.76749, position (cm) = (-0.977832,0.325609,200),	 weight = 5
         gamma, kinetic energy (MeV) =      1.69458, position (cm) = (4.3485,5.81486,200),	 weight = 5
        proton, kinetic energy (MeV) =      93.5512, position (cm) = (3.4482,-3.13436,200),	 weight = 5
           pi-, kinetic energy (MeV) =      111.323, position (cm) = (10.054,5.55991,200),	 weight = 2
         gamma, kinetic energy (MeV) =    0.0622976, position (cm) = (6.24667,6.48565,200),	 weight = 2
         gamma, kinetic energy (MeV) =      617.085, position (cm) = (3.60578,4.32657,200),	 weight = 1
        proton, kinetic energy (MeV) =      1849.11, position (cm) = (6.23053,5.3943,200),	 weight = 1
         gamma, kinetic energy (MeV) =     0.174764, position (cm) = (-20.2345,0.301719,200),	 weight = 9
       neutron, kinetic energy (MeV) =  3.27524e-05, position (cm) = (-26.2662,-2.48718,200),	 weight = 3
       neutron, kinetic energy (MeV) =      127.337, position (cm) = (-0.757243,-1.07915,200),	 weight = 1
         gamma, kinetic energy (MeV) =      17.1173, position (cm) = (-11.357,34.4,200),	 weight = 1
         gamma, kinetic energy (MeV) =      1.95846, position (cm) = (-9.54311,34.1732,200),	 weight = 3
         gamma, kinetic energy (MeV) =      13.0159, position (cm) = (-11.7197,34.5686,200),	 weight = 1
         gamma, kinetic energy (MeV) =     0.757617, position (cm) = (-15.6436,33.5141,200),	 weight = 1
        proton, kinetic energy (MeV) =      408.296, position (cm) = (57.8268,60.1525,200),	 weight = 4
    anti_nu_mu, kinetic energy (MeV) =      41.0514, position (cm) = (2.86305,-22.2243,200),	 weight = 2
         nu_mu, kinetic energy (MeV) =      29.7919, position (cm) = (10.117,37.7082,200),	 weight = 2
        proton, kinetic energy (MeV) =      282.304, position (cm) = (-32.7738,18.9998,200),	 weight = 1
         gamma, kinetic energy (MeV) =     0.814111, position (cm) = (35.6271,-54.1592,200),	 weight = 2
         gamma, kinetic energy (MeV) =     0.101475, position (cm) = (7.68381,2.07117,200),	 weight = 2
         gamma, kinetic energy (MeV) =      17.8423, position (cm) = (-0.0886473,17.4419,200),	 weight = 2
         gamma, kinetic energy (MeV) =     0.948179, position (cm) = (-5.04987,33.1156,200),	 weight = 2
         gamma, kinetic energy (MeV) =      134.427, position (cm) = (13.8505,19.4439,200),	 weight = 2
            e+, kinetic energy (MeV) =      75.3688, position (cm) = (19.3586,19.4042,200),	 weight = 2
         gamma, kinetic energy (MeV) =      3.82448, position (cm) = (19.3587,19.4024,200),	 weight = 2
         gamma, kinetic energy (MeV) =    0.0417964, position (cm) = (19.3721,19.4057,200),	 weight = 2
         gamma, kinetic energy (MeV) =       1.6313, position (cm) = (19.3601,19.3805,200),	 weight = 2
         gamma, kinetic energy (MeV) =     0.211914, position (cm) = (10.174,24.0534,200),	 weight = 2
         gamma, kinetic energy (MeV) =      1.82166, position (cm) = (19.2423,19.4196,200),	 weight = 2
         gamma, kinetic energy (MeV) =      39.7509, position (cm) = (18.4873,17.5189,200),	 weight = 2
         gamma, kinetic energy (MeV) =     0.220283, position (cm) = (16.8096,16.0204,200),	 weight = 2
         gamma, kinetic energy (MeV) =     0.170272, position (cm) = (14.5006,1.11518,200),	 weight = 2
         gamma, kinetic energy (MeV) =     0.226016, position (cm) = (17.7541,12.2944,200),	 weight = 2
         gamma, kinetic energy (MeV) =     0.145644, position (cm) = (10.0601,2.29227,200),	 weight = 2
         gamma, kinetic energy (MeV) =     0.491058, position (cm) = (19.1922,8.58154,200),	 weight = 2
         gamma, kinetic energy (MeV) =      0.24037, position (cm) = (15.2847,38.7321,200),	 weight = 6
         gamma, kinetic energy (MeV) =      53.0788, position (cm) = (0.671139,10.1418,200),	 weight = 1
         gamma, kinetic energy (MeV) =      6.31133, position (cm) = (45.0318,-7.25602,200),	 weight = 18
         gamma, kinetic energy (MeV) =      2.70964, position (cm) = (21.5279,2.60579,200),	 weight = 3
       neutron, kinetic energy (MeV) =      29.8192, position (cm) = (-45.5114,15.9585,200),	 weight = 1
       neutron, kinetic energy (MeV) =      1.41164, position (cm) = (-38.2476,4.02057,200),	 weight = 2
         gamma, kinetic energy (MeV) =     0.155452, position (cm) = (-68.7521,18.6322,200),	 weight = 3
         gamma, kinetic energy (MeV) =     0.133625, position (cm) = (12.8101,-46.5521,200),	 weight = 1
         gamma, kinetic energy (MeV) =      0.15998, position (cm) = (4.32293,-49.9701,200),	 weight = 1
         gamma, kinetic energy (MeV) =      12.0727, position (cm) = (5.47311,-30.7664,200),	 weight = 1
         gamma, kinetic energy (MeV) =     0.161123, position (cm) = (-13.7244,64.3441,200),	 weight = 1
         gamma, kinetic energy (MeV) =      11.9326, position (cm) = (32.7796,2.85185,200),	 weight = 1
         nu_mu, kinetic energy (MeV) =      29.7919, position (cm) = (-16.3558,-26.6947,200),	 weight = 2
          nu_e, kinetic energy (MeV) =      26.2411, position (cm) = (36.048,-5.283,200),	 weight = 6
        proton, kinetic energy (MeV) =      1346.52, position (cm) = (18.7659,-12.9838,200),	 weight = 1
        proton, kinetic energy (MeV) =      6232.04, position (cm) = (-3.65059,0.674278,200),	 weight = 1
            e-, kinetic energy (MeV) =      2.66389, position (cm) = (-3.5984,0.725933,200),	 weight = 1
         gamma, kinetic energy (MeV) =     0.188715, position (cm) = (17.5338,-2.97276,200),	 weight = 3
           pi+, kinetic energy (MeV) =      630.134, position (cm) = (18.8657,-3.93255,200),	 weight = 2
         gamma, kinetic energy (MeV) =      8.48952, position (cm) = (15.2651,0.995526,200),	 weight = 2
         gamma, kinetic energy (MeV) =    0.0723563, position (cm) = (19.3078,4.24359,200),	 weight = 3
       neutron, kinetic energy (MeV) =      181.461, position (cm) = (16.8213,4.23749,200),	 weight = 1
       neutron, kinetic energy (MeV) =      416.411, position (cm) = (11.1146,-6.49104,200),	 weight = 2
        proton, kinetic energy (MeV) =      362.015, position (cm) = (8.50935,-7.6739,200),	 weight = 1
         gamma, kinetic energy (MeV) =     0.211942, position (cm) = (-12.2455,24.7806,200),	 weight = 1
         gamma, kinetic energy (MeV) =      2.66313, position (cm) = (1.33902,-3.58306,200),	 weight = 1
         gamma, kinetic energy (MeV) =      3.53189, position (cm) = (-14.5689,-2.23949,200),	 weight = 1
         gamma, kinetic energy (MeV) =       28.488, position (cm) = (-3.22059,-2.7135,200),	 weight = 1
         gamma, kinetic energy (MeV) =      1.02251, position (cm) = (-3.54921,0.198439,200),	 weight = 1
         gamma, kinetic energy (MeV) =      2.38454, position (cm) = (-3.00804,-1.11543,200),	 weight = 1
         gamma, kinetic energy (MeV) =     0.945314, position (cm) = (-2.55702,-5.21215,200),	 weight = 1
         gamma, kinetic energy (MeV) =     0.424496, position (cm) = (-1.93473,0.939906,200),	 weight = 1
         gamma, kinetic energy (MeV) =      4.47513, position (cm) = (-23.2408,-20.8167,200),	 weight = 1
         gamma, kinetic energy (MeV) =     0.166542, position (cm) = (-26.3573,-3.7342,200),	 weight = 1
            e-, kinetic energy (MeV) =      6.12316, position (cm) = (-13.0788,-7.89561,200),	 weight = 1
         gamma, kinetic energy (MeV) =      3.62477, position (cm) = (-24.0383,0.261884,200),	 weight = 1
         gamma, kinetic energy (MeV) =     0.157448, position (cm) = (21.6168,-12.4557,200),	 weight = 1
         gamma, kinetic energy (MeV) =     0.502943, position (cm) = (9.95008,-10.4904,200),	 weight = 1
         gamma, kinetic energy (MeV) =     0.510999, position (cm) = (-2.58048,-1.4777,200),	 weight = 1
         gamma, kinetic energy (MeV) =     0.162641, position (cm) = (1.47086,-9.01934,200),	 weight = 1
            e-, kinetic energy (MeV) =      28.2673, position (cm) = (-1.84687,-0.414173,200),	 weight = 1
         gamma, kinetic energy (MeV) =      0.20096, position (cm) = (-1.87156,-0.418313,200),	 weight = 1
         gamma, kinetic energy (MeV) =     0.492092, position (cm) = (-6.20675,5.15602,200),	 weight = 1
         gamma, kinetic energy (MeV) =    0.0781345, position (cm) = (14.7303,13.2123,200),	 weight = 1
         gamma, kinetic energy (MeV) =      4.55454, position (cm) = (3.97114,15.541,200),	 weight = 1
         gamma, kinetic energy (MeV) =     0.119649, position (cm) = (10.211,-23.0658,200),	 weight = 1
         gamma, kinetic energy (MeV) =      3.30497, position (cm) = (-10.0959,-14.6782,200),	 weight = 1
         gamma, kinetic energy (MeV) =     0.152215, position (cm) = (-7.20915,-19.8616,200),	 weight = 1
         gamma, kinetic energy (MeV) =      11.0579, position (cm) = (-4.55347,-2.29474,200),	 weight = 1
         gamma, kinetic energy (MeV) =      1.62624, position (cm) = (-5.81872,10.0281,200),	 weight = 1
         gamma, kinetic energy (MeV) =      4.99183, position (cm) = (17.2207,0.363111,200),	 weight = 1
         gamma, kinetic energy (MeV) =      18.9136, position (cm) = (6.95437,9.61673,200),	 weight = 1
         gamma, kinetic energy (MeV) =      15.8276, position (cm) = (8.59967,7.54039,200),	 weight = 1
         gamma, kinetic energy (MeV) =       2.2587, position (cm) = (-6.86745,-1.37266,200),	 weight = 1
         gamma, kinetic energy (MeV) =    0.0942252, position (cm) = (-13.0882,-4.66286,200),	 weight = 1
         gamma, kinetic energy (MeV) =      1.15479, position (cm) = (5.72406,-5.67853,200),	 weight = 1
         gamma, kinetic energy (MeV) =     0.522983, position (cm) = (5.22372,8.60146,200),	 weight = 1
         gamma, kinetic energy (MeV) =     0.498613, position (cm) = (-2.02452,1.66197,200),	 weight = 1
            e-, kinetic energy (MeV) =      1.52777, position (cm) = (1.19285,2.66066,200),	 weight = 1
         gamma, kinetic energy (MeV) =     0.282946, position (cm) = (1.18069,2.67404,200),	 weight = 1
         gamma, kinetic energy (MeV) =     0.257094, position (cm) = (1.60318,2.69423,200),	 weight = 1
         gamma, kinetic energy (MeV) =      10.0957, position (cm) = (0.0295582,3.65373,200),	 weight = 1
         gamma, kinetic energy (MeV) =      28.2553, position (cm) = (-8.4761,-12.7978,200),	 weight = 1
         gamma, kinetic energy (MeV) =      44.9775, position (cm) = (-7.99157,-16.1847,200),	 weight = 1
         gamma, kinetic energy (MeV) =     0.391886, position (cm) = (23.9984,-18.7124,200),	 weight = 1
         gamma, kinetic energy (MeV) =    0.0814301, position (cm) = (-1.07397,-24.7251,200),	 weight = 1
         gamma, kinetic energy (MeV) =      1.25343, position (cm) = (-7.37601,42.4622,200),	 weight = 1
         gamma, kinetic energy (MeV) =     0.491577, position (cm) = (-3.68709,-11.6573,200),	 weight = 1
         gamma, kinetic energy (MeV) =     0.964085, position (cm) = (0.90034,15.1867,200),	 weight = 1
         gamma, kinetic energy (MeV) =     0.201232, position (cm) = (-22.8719,-7.24212,200),	 weight = 1
         gamma, kinetic energy (MeV) =      30.0184, position (cm) = (-6.35948,-10.5885,200),	 weight = 1
         gamma, kinetic energy (MeV) =    0.0972718, position (cm) = (4.96883,-7.89358,200),	 weight = 1
         gamma, kinetic energy (MeV) =       1.8792, position (cm) = (2.6793,-6.16846,200),	 weight = 1
         gamma, kinetic energy (MeV) =     0.317932, position (cm) = (-3.93529,-5.5826,200),	 weight = 1
         gamma, kinetic energy (MeV) =      3.90489, position (cm) = (7.66697,-34.4256,200),	 weight = 1
         gamma, kinetic energy (MeV) =      4.76946, position (cm) = (-0.417962,-12.8618,200),	 weight = 1
         gamma, kinetic energy (MeV) =     0.129005, position (cm) = (-3.5173,-14.2814,200),	 weight = 1
         gamma, kinetic energy (MeV) =      9.58307, position (cm) = (21.4383,-2.23773,200),	 weight = 1
         gamma, kinetic energy (MeV) =     0.510999, position (cm) = (-7.15483,-3.74013,200),	 weight = 1
            e-, kinetic energy (MeV) =      4.48199, position (cm) = (-8.41302,-3.03975,200),	 weight = 1
         gamma, kinetic energy (MeV) =     0.249938, position (cm) = (-8.5261,-3.03193,200),	 weight = 1
         gamma, kinetic energy (MeV) =     0.144092, position (cm) = (-7.67454,11.5646,200),	 weight = 1
         gamma, kinetic energy (MeV) =      8.01255, position (cm) = (-19.0035,-3.15339,200),	 weight = 1
         gamma, kinetic energy (MeV) =     0.927169, position (cm) = (-6.54829,-2.75417,200),	 weight = 1
         gamma, kinetic energy (MeV) =     0.542505, position (cm) = (-10.1654,-5.20406,200),	 weight = 1
         gamma, kinetic energy (MeV) =      1.58606, position (cm) = (-17.0491,-16.2321,200),	 weight = 1
         gamma, kinetic energy (MeV) =     0.236593, position (cm) = (9.2349,3.88352,200),	 weight = 1
            e-, kinetic energy (MeV) =      1.50084, position (cm) = (2.40589,-0.564894,200),	 weight = 1
         gamma, kinetic energy (MeV) =      4.94319, position (cm) = (-3.45488,-27.3716,200),	 weight = 1
         gamma, kinetic energy (MeV) =      7.06311, position (cm) = (-5.64683,7.30592,200),	 weight = 1
         gamma, kinetic energy (MeV) =      21.5687, position (cm) = (8.99904,-3.88589,200),	 weight = 1
         gamma, kinetic energy (MeV) =      29.7173, position (cm) = (7.35542,-1.65686,200),	 weight = 1
         gamma, kinetic energy (MeV) =      4.40993, position (cm) = (-0.0142024,-8.40478,200),	 weight = 1
         gamma, kinetic energy (MeV) =     0.115822, position (cm) = (3.2606,-5.35174,200),	 weight = 1
         gamma, kinetic energy (MeV) =      6.14077, position (cm) = (14.3702,-5.44721,200),	 weight = 1
         gamma, kinetic energy (MeV) =     0.123235, position (cm) = (-5.31019,-7.64131,200),	 weight = 1
         gamma, kinetic energy (MeV) =       4.3738, position (cm) = (-13.5399,-11.2209,200),	 weight = 1
         gamma, kinetic energy (MeV) =     0.149294, position (cm) = (-20.727,-2.50757,200),	 weight = 1
         gamma, kinetic energy (MeV) =     0.470531, position (cm) = (-3.29461,-8.7582,200),	 weight = 1
         gamma, kinetic energy (MeV) =     0.835793, position (cm) = (-23.8329,8.28768,200),	 weight = 1
         gamma, kinetic energy (MeV) =    0.0692097, position (cm) = (-24.0419,-4.11592,200),	 weight = 1
         gamma, kinetic energy (MeV) =     0.698466, position (cm) = (0.365307,-24.7907,200),	 weight = 1
            e-, kinetic energy (MeV) =      17.5455, position (cm) = (0.406473,-24.7748,200),	 weight = 1
         gamma, kinetic energy (MeV) =      0.13675, position (cm) = (4.2187,7.23567,200),	 weight = 1
         gamma, kinetic energy (MeV) =      0.95369, position (cm) = (-11.3887,11.4442,200),	 weight = 1
         gamma, kinetic energy (MeV) =      20.3572, position (cm) = (-11.1662,-1.75691,200),	 weight = 1
         gamma, kinetic energy (MeV) =      23.6991, position (cm) = (-3.12303,-2.71254,200),	 weight = 1
         gamma, kinetic energy (MeV) =      13.3983, position (cm) = (2.9045,-1.93948,200),	 weight = 1
         gamma, kinetic energy (MeV) =     0.243536, position (cm) = (-25.4318,29.8408,200),	 weight = 1
         gamma, kinetic energy (MeV) =      25.0791, position (cm) = (-5.55731,-10.9948,200),	 weight = 1
         gamma, kinetic energy (MeV) =     0.159331, position (cm) = (7.56007,0.949128,200),	 weight = 1
         gamma, kinetic energy (MeV) =      22.7696, position (cm) = (8.71146,-8.2162,200),	 weight = 1
         gamma, kinetic energy (MeV) =      11.3212, position (cm) = (-1.82654,2.13375,200),	 weight = 1
         gamma, kinetic energy (MeV) =      2.98707, position (cm) = (0.522103,-1.79201,200),	 weight = 1
         gamma, kinetic energy (MeV) =      3.20604, position (cm) = (-5.72722,-32.0917,200),	 weight = 1
         gamma, kinetic energy (MeV) =     0.192751, position (cm) = (26.3624,-15.2951,200),	 weight = 1
         gamma, kinetic energy (MeV) =      10.4185, position (cm) = (-12.9727,-6.88155,200),	 weight = 1
         gamma, kinetic energy (MeV) =     0.110536, position (cm) = (-1.44772,17.4381,200),	 weight = 1
         gamma, kinetic energy (MeV) =      9.62822, position (cm) = (17.0061,13.6672,200),	 weight = 1
         gamma, kinetic energy (MeV) =      20.3952, position (cm) = (6.16911,12.2888,200),	 weight = 1
         gamma, kinetic energy (MeV) =      30.6794, position (cm) = (7.88488,1.18733,200),	 weight = 1
         gamma, kinetic energy (MeV) =      14.8258, position (cm) = (3.49535,-0.220239,200),	 weight = 1
         gamma, kinetic energy (MeV) =      1.53997, position (cm) = (-6.98662,2.22308,200),	 weight = 1
         gamma, kinetic energy (MeV) =     0.288383, position (cm) = (-10.362,1.22727,200),	 weight = 1
         gamma, kinetic energy (MeV) =        12.83, position (cm) = (-7.09685,6.55466,200),	 weight = 1
            e+, kinetic energy (MeV) =      6.54818, position (cm) = (2.08806,-0.81917,200),	 weight = 1
         gamma, kinetic energy (MeV) =      2.24408, position (cm) = (2.09646,-0.85726,200),	 weight = 1
         gamma, kinetic energy (MeV) =      11.7618, position (cm) = (1.80428,-0.687231,200),	 weight = 1
         gamma, kinetic energy (MeV) =      7.23822, position (cm) = (3.19129,-1.19712,200),	 weight = 1
         gamma, kinetic energy (MeV) =      2.84574, position (cm) = (-15.568,-12.9748,200),	 weight = 1
         gamma, kinetic energy (MeV) =      2.00024, position (cm) = (7.65705,0.0949818,200),	 weight = 1
         gamma, kinetic energy (MeV) =      3.39945, position (cm) = (3.26846,-9.72562,200),	 weight = 1
            e+, kinetic energy (MeV) =      16.6186, position (cm) = (8.85823,3.5939,200),	 weight = 1
         gamma, kinetic energy (MeV) =     0.409104, position (cm) = (8.87809,3.63772,200),	 weight = 1
            e-, kinetic energy (MeV) =      16.5938, position (cm) = (8.66803,3.22632,200),	 weight = 1
         gamma, kinetic energy (MeV) =      1.97086, position (cm) = (6.65629,3.53173,200),	 weight = 1
            e-, kinetic energy (MeV) =     0.936383, position (cm) = (6.8673,3.74172,200),	 weight = 1
         gamma, kinetic energy (MeV) =     0.191667, position (cm) = (-0.985566,2.76581,200),	 weight = 1
         gamma, kinetic energy (MeV) =      6.02453, position (cm) = (3.08102,1.93567,200),	 weight = 1
         gamma, kinetic energy (MeV) =     0.113758, position (cm) = (14.0039,3.32133,200),	 weight = 1
         gamma, kinetic energy (MeV) =      12.3117, position (cm) = (-1.23362,-4.49889,200),	 weight = 1
         gamma, kinetic energy (MeV) =      15.6414, position (cm) = (1.56185,-0.744642,200),	 weight = 1
         gamma, kinetic energy (MeV) =      7.83858, position (cm) = (-7.64342,-3.60503,200),	 weight = 1
         gamma, kinetic energy (MeV) =      1.37454, position (cm) = (-1.72222,15.951,200),	 weight = 1
         gamma, kinetic energy (MeV) =      3.81931, position (cm) = (15.9186,27.4571,200),	 weight = 1
         gamma, kinetic energy (MeV) =      14.0419, position (cm) = (17.0048,14.5621,200),	 weight = 1
         gamma, kinetic energy (MeV) =      2.46311, position (cm) = (-3.65672,11.7916,200),	 weight = 1
         gamma, kinetic energy (MeV) =      14.9955, position (cm) = (-13.4313,1.45925,200),	 weight = 1
         gamma, kinetic energy (MeV) =     0.100306, position (cm) = (8.47968,-5.92718,200),	 weight = 1
         gamma, kinetic energy (MeV) =      3.78173, position (cm) = (-4.17208,3.98773,200),	 weight = 1
         gamma, kinetic energy (MeV) =      3.59648, position (cm) = (-7.48142,-0.0821552,200),	 weight = 1
         gamma, kinetic energy (MeV) =      2.36388, position (cm) = (0.895008,2.03268,200),	 weight = 1
         gamma, kinetic energy (MeV) =     0.278829, position (cm) = (0.871259,3.53532,200),	 weight = 1
         gamma, kinetic energy (MeV) =     0.403348, position (cm) = (-4.15143,23.4909,200),	 weight = 1
         gamma, kinetic energy (MeV) =     0.665247, position (cm) = (-5.49318,19.2531,200),	 weight = 1
         gamma, kinetic energy (MeV) =      7.28217, position (cm) = (-8.65243,-2.37139,200),	 weight = 1
         gamma, kinetic energy (MeV) =      3.78042, position (cm) = (-5.17413,-2.97611,200),	 weight = 1
         gamma, kinetic energy (MeV) =      62.0213, position (cm) = (-1.75494,-2.61817,200),	 weight = 1
         gamma, kinetic energy (MeV) =      4.13138, position (cm) = (-0.052909,9.62657,200),	 weight = 1
         gamma, kinetic energy (MeV) =      1.67639, position (cm) = (8.14458,-12.5708,200),	 weight = 1
         gamma, kinetic energy (MeV) =      32.1411, position (cm) = (-0.534953,1.76279,200),	 weight = 1
         gamma, kinetic energy (MeV) =     0.519243, position (cm) = (2.53961,18.0421,200),	 weight = 1
         gamma, kinetic energy (MeV) =      3.95963, position (cm) = (0.643223,-14.7823,200),	 weight = 1
         gamma, kinetic energy (MeV) =      1.69072, position (cm) = (-7.797,-18.053,200),	 weight = 1
         gamma, kinetic energy (MeV) =      34.2541, position (cm) = (-2.30969,0.881819,200),	 weight = 1
         gamma, kinetic energy (MeV) =     0.180099, position (cm) = (-16.9338,11.1356,200),	 weight = 1
         gamma, kinetic energy (MeV) =     0.220082, position (cm) = (-27.2165,8.20365,200),	 weight = 1
            e+, kinetic energy (MeV) =      4.97726, position (cm) = (5.87103,-1.74718,200),	 weight = 1
            e-, kinetic energy (MeV) =      8.75151, position (cm) = (5.82502,-1.76999,200),	 weight = 1
         gamma, kinetic energy (MeV) =      10.9774, position (cm) = (-2.54255,0.633943,200),	 weight = 1
         gamma, kinetic energy (MeV) =     0.186441, position (cm) = (-19.8632,2.47168,200),	 weight = 1
         gamma, kinetic energy (MeV) =      28.9708, position (cm) = (-2.46355,0.702615,200),	 weight = 1
         gamma, kinetic energy (MeV) =     0.246126, position (cm) = (-8.47003,8.74615,200),	 weight = 1
         gamma, kinetic energy (MeV) =     0.660987, position (cm) = (13.8943,52.1379,200),	 weight = 1
         gamma, kinetic energy (MeV) =      2.16277, position (cm) = (7.53252,-0.3757,200),	 weight = 1
         gamma, kinetic energy (MeV) =      25.5297, position (cm) = (0.0622661,8.06023,200),	 weight = 1
         gamma, kinetic energy (MeV) =      42.7909, position (cm) = (0.0994153,-3.19488,200),	 weight = 1
         gamma, kinetic energy (MeV) =      4.01587, position (cm) = (-22.7834,4.1464,200),	 weight = 1
         gamma, kinetic energy (MeV) =     0.309505, position (cm) = (-1.21699,9.86754,200),	 weight = 1
         gamma, kinetic energy (MeV) =      0.70473, position (cm) = (1.01726,13.8395,200),	 weight = 1
         gamma, kinetic energy (MeV) =      59.5706, position (cm) = (1.58854,6.47926,200),	 weight = 1
         gamma, kinetic energy (MeV) =      3.56405, position (cm) = (1.6697,6.32435,200),	 weight = 1
         gamma, kinetic energy (MeV) =        3.215, position (cm) = (-0.55744,8.74512,200),	 weight = 1
Graphics systems deleted.
Visualization Manager deleting...
