Environment variable "G4FORCE_RUN_MANAGER_TYPE" enabled with value == Serial. Forcing G4RunManager type...

        ############################################
        !!! WARNING - FPE detection is activated !!!
        ############################################


          ################################
          !!! G4Backtrace is activated !!!
          ################################


**************************************************************
 Geant4 version Name: geant4-11-04-patch-01    (13-March-2026)
                       Copyright : Geant4 Collaboration
                      References : NIM A 506 (2003), 250-303
                                 : IEEE-TNS 53 (2006), 270-278
                                 : NIM A 835 (2016), 186-225
                             WWW : http://geant4.org/
**************************************************************

Visualization Manager instantiating with verbosity "warnings (3)"...
Visualization Manager initialising...
Registering graphics systems...

You have successfully registered the following graphics systems.
Registered graphics systems are:
  ASCIITree (ATree)
  DAWNFILE (DAWNFILE)
  RayTracer (RT)
  VRML2FILE (VRML2FILE)
  gMocrenFile (gMocrenFile)
  TOOLSSG_OFFSCREEN (TSG_OFFSCREEN, TSG_FILE)
  OpenGLImmediateQt (OGLIQt, OGLI)
  OpenGLStoredQt (OGLSQt, OGLS)
  OpenGLImmediateXm (OGLIXm, OGLIQt_FALLBACK)
  OpenGLStoredXm (OGLSXm, OGLSQt_FALLBACK)
  OpenGLImmediateX (OGLIX, OGLIQt_FALLBACK, OGLIXm_FALLBACK)
  OpenGLStoredX (OGLSX, OGLSQt_FALLBACK, OGLSXm_FALLBACK)
  RayTracerX (RTX)
  RayTracerQt (RTQt)
  TOOLSSG_X11_GLES (TSG_X11_GLES, TSGX11, TSG_XT_GLES_FALLBACK)
  TOOLSSG_X11_ZB (TSG_X11_ZB, TSGX11ZB)
  TOOLSSG_XT_GLES (TSG_XT_GLES, TSGXt, TSG_QT_GLES_FALLBACK)
  TOOLSSG_XT_ZB (TSG_XT_ZB, TSGXtZB)
  TOOLSSG_QT_GLES (TSG_QT_GLES, TSGQt, TSG, OGL)
  TOOLSSG_QT_ZB (TSG_QT_ZB, TSGQtZB, TSGZB)
You may choose a graphics system (driver) with a parameter of
the command "/vis/open" or "/vis/sceneHandler/create",
or you may omit the driver parameter and choose at run time:
- by argument in the construction of G4VisExecutive
- by environment variable "G4VIS_DEFAULT_DRIVER"
- by entry in "~/.g4session"
- by build flags.
- Note: This feature is not allowed in batch mode.
For further information see "examples/basic/B1/exampleB1.cc"
and "vis.mac".

Registering model factories...

You have successfully registered the following model factories.
Registered model factories:
  generic
  drawByAttribute
  drawByCharge
  drawByOriginVolume
  drawByParticleID
  drawByEncounteredVolume

Registered models:
  None

Registered filter factories:
  attributeFilter
  chargeFilter
  originVolumeFilter
  particleFilter
  encounteredVolumeFilter

Registered filters:
  None

You have successfully registered the following user vis actions.
Run Duration User Vis Actions: none
End of Event User Vis Actions: none
End of Run User Vis Actions: none

Some /vis commands (optionally) take a string to specify colour.
"/vis/list" to see available colours.
<<< Geant4 Physics List simulation engine: QGSP_BERT

I'm World.
 G4ChordFinder: stepperDriverId: 2
--- G4CoupledTransportation is used 

 hInelastic QGSP_BERT  Thresholds: 
    1) between BERT  and FTF/P over the interval 3 to 6 GeV. 
    2) between FTF/P and QGS/P over the interval 12 to 25 GeV. 
  -- quasiElastic: 1 for QGS  and 0 for FTF
### Adding tracking cuts for neutron  TimeCut(ns)= 10000  KinEnergyCut(MeV)= 0
/mydet/generator PYTHIA
/run/beamOn 1
=======================================================================
======                 Electromagnetic Physics Parameters      ========
=======================================================================
LPM effect enabled                                 1
Enable creation and use of sampling tables         0
Apply cuts on all EM processes                     0
Use combined TransportationWithMsc                 Disabled
Use general process                                1
Enable linear polarisation for gamma               0
Enable photoeffect sampling below K-shell          1
Enable sampling of quantum entanglement            0
X-section factor for integral approach             0.8
Min kinetic energy for tables                      100 eV 
Max kinetic energy for tables                      100 TeV
Number of bins per decade of a table               7
Verbose level                                      1
Verbose level for worker thread                    0
Bremsstrahlung energy threshold above which 
  primary e+- is added to the list of secondary    100 TeV
Bremsstrahlung energy threshold above which primary
  muon/hadron is added to the list of secondary    100 TeV
Positron annihilation at rest model                SimplePositronium
Enable 3 gamma annihilation on fly                 0
Lowest triplet kinetic energy                      1 MeV
Enable sampling of gamma linear polarisation       0
5D gamma conversion model type                     0
5D gamma conversion model on isolated ion          0
Use RiGe 5D e+e- pair production model by muons    0
Livermore data directory                           epics_2017
=======================================================================
======                 Ionisation Parameters                   ========
=======================================================================
Step function for e+-                              (0.2, 1 mm)
Step function for muons/hadrons                    (0.2, 0.1 mm)
Step function for light ions                       (0.2, 0.1 mm)
Step function for general ions                     (0.2, 0.1 mm)
Lowest e+e- kinetic energy                         1 keV
Lowest muon/hadron kinetic energy                  1 keV
Use ICRU90 data                                    0
Fluctuations of dE/dx are enabled                  1
Type of fluctuation model for leptons and hadrons  Urban
Use built-in Birks saturation                      0
Build CSDA range enabled                           0
Use cut as a final range enabled                   0
Enable angular generator interface                 0
Max kinetic energy for CSDA tables                 1 GeV
Max kinetic energy for NIEL computation            0 eV 
Linear loss limit                                  0.01
Read data from file for e+e- pair production by mu 0
=======================================================================
======                 Multiple Scattering Parameters          ========
=======================================================================
Type of msc step limit algorithm for e+-           1
Type of msc step limit algorithm for muons/hadrons 0
Msc lateral displacement for e+- enabled           1
Msc lateral displacement for muons and hadrons     0
Urban msc model lateral displacement alg96         1
Range factor for msc step limit for e+-            0.04
Range factor for msc step limit for muons/hadrons  0.2
Geometry factor for msc step limitation of e+-     2.5
Safety factor for msc step limit for e+-           0.6
Skin parameter for msc step limitation of e+-      1
Lambda limit for msc step limit for e+-            1 mm
Use Mott correction for e- scattering              0
Factor used for dynamic computation of angular 
  limit between single and multiple scattering     1
Fixed angular limit between single 
  and multiple scattering                          3.1416 rad
Upper energy limit for e+- multiple scattering     100 MeV
Type of electron single scattering model           0
Type of nuclear form-factor                        1
Screening factor                                   1
=======================================================================

phot:  for gamma SubType=12 BuildTable=0
      LambdaPrime table from 200 keV to 100 TeV in 61 bins 
      ===== EM models for the G4Region  DefaultRegionForTheWorld ======
 LivermorePhElectric : Emin=    0 eV  Emax=  100 TeV  SauterGavrila Fluo

compt:  for gamma SubType=13 BuildTable=1
      Lambda table from 100 eV  to 1 MeV, 7 bins/decade, spline: 1
      LambdaPrime table from 1 MeV to 100 TeV in 56 bins 
      ===== EM models for the G4Region  DefaultRegionForTheWorld ======
       Klein-Nishina : Emin=    0 eV  Emax=  100 TeV

conv:  for gamma SubType=14 BuildTable=1
      Lambda table from 1.022 MeV to 100 TeV, 18 bins/decade, spline: 1
      ===== EM models for the G4Region  DefaultRegionForTheWorld ======
     BetheHeitlerLPM : Emin=    0 eV  Emax=  100 TeV  ModifiedTsai

Rayl:  for gamma SubType=11 BuildTable=1
      Lambda table from 100 eV  to 150 keV, 7 bins/decade, spline: 0
      LambdaPrime table from 150 keV to 100 TeV in 62 bins 
      ===== EM models for the G4Region  DefaultRegionForTheWorld ======
   LivermoreRayleigh : Emin=    0 eV  Emax=  100 TeV  CullenGenerator

msc:  for e-  SubType= 10
      ===== EM models for the G4Region  DefaultRegionForTheWorld ======
            UrbanMsc : Emin=    0 eV  Emax=  100 MeV Nbins=42 100 eV  - 100 MeV
          StepLim=UseSafety Rfact=0.04 Gfact=2.5 Sfact=0.6 DispFlag:1 Skin=1 Llim=1 mm
        WentzelVIUni : Emin=  100 MeV Emax=  100 TeV Nbins=42 100 MeV - 100 TeV
          StepLim=UseSafety Rfact=0.04 Gfact=2.5 Sfact=0.6 DispFlag:1 Skin=1 Llim=1 mm

eIoni:  for e-  XStype:3  SubType=2
      dE/dx and range tables from 100 eV  to 100 TeV in 84 bins
      Lambda tables from threshold to 100 TeV, 7 bins/decade, spline: 1
      StepFunction=(0.2, 1 mm), integ: 3, fluct: 1, linLossLim= 0.01
      ===== EM models for the G4Region  DefaultRegionForTheWorld ======
        MollerBhabha : Emin=    0 eV  Emax=  100 TeV

eBrem:  for e-  XStype:4  SubType=3
      dE/dx and range tables from 100 eV  to 100 TeV in 84 bins
      Lambda tables from threshold to 100 TeV, 7 bins/decade, spline: 1
      LPM flag: 1 for E > 1 GeV,  VertexHighEnergyTh(GeV)= 100000
      ===== EM models for the G4Region  DefaultRegionForTheWorld ======
             eBremSB : Emin=    0 eV  Emax=    1 GeV  ModifiedTsai
            eBremLPM : Emin=    1 GeV Emax=  100 TeV  ModifiedTsai

CoulombScat:  for e- XStype:1 SubType=1 BuildTable=1
      Lambda table from 100 MeV to 100 TeV, 7 bins/decade, spline: 0
      ThetaMin(p) < Theta(degree) < 180, pLimit(GeV^1)= 0.139531
      ===== EM models for the G4Region  DefaultRegionForTheWorld ======
  eCoulombScattering : Emin=  100 MeV Emax=  100 TeV

msc:  for e+  SubType= 10
      ===== EM models for the G4Region  DefaultRegionForTheWorld ======
            UrbanMsc : Emin=    0 eV  Emax=  100 MeV Nbins=42 100 eV  - 100 MeV
          StepLim=UseSafety Rfact=0.04 Gfact=2.5 Sfact=0.6 DispFlag:1 Skin=1 Llim=1 mm
        WentzelVIUni : Emin=  100 MeV Emax=  100 TeV Nbins=42 100 MeV - 100 TeV
          StepLim=UseSafety Rfact=0.04 Gfact=2.5 Sfact=0.6 DispFlag:1 Skin=1 Llim=1 mm

eIoni:  for e+  XStype:3  SubType=2
      dE/dx and range tables from 100 eV  to 100 TeV in 84 bins
      Lambda tables from threshold to 100 TeV, 7 bins/decade, spline: 1
      StepFunction=(0.2, 1 mm), integ: 3, fluct: 1, linLossLim= 0.01
      ===== EM models for the G4Region  DefaultRegionForTheWorld ======
        MollerBhabha : Emin=    0 eV  Emax=  100 TeV

eBrem:  for e+  XStype:4  SubType=3
      dE/dx and range tables from 100 eV  to 100 TeV in 84 bins
      Lambda tables from threshold to 100 TeV, 7 bins/decade, spline: 1
      LPM flag: 1 for E > 1 GeV,  VertexHighEnergyTh(GeV)= 100000
      ===== EM models for the G4Region  DefaultRegionForTheWorld ======
             eBremSB : Emin=    0 eV  Emax=    1 GeV  ModifiedTsai
            eBremLPM : Emin=    1 GeV Emax=  100 TeV  ModifiedTsai

annihil:  for e+ XStype:2 SubType=5 AtRestModel:Simple BuildTable=0
      ===== EM models for the G4Region  DefaultRegionForTheWorld ======
            eplus2gg : Emin=    0 eV  Emax=  100 TeV

CoulombScat:  for e+ XStype:1 SubType=1 BuildTable=1
      Lambda table from 100 MeV to 100 TeV, 7 bins/decade, spline: 0
      ThetaMin(p) < Theta(degree) < 180, pLimit(GeV^1)= 0.139531
      ===== EM models for the G4Region  DefaultRegionForTheWorld ======
  eCoulombScattering : Emin=  100 MeV Emax=  100 TeV

msc:  for proton  SubType= 10
      ===== EM models for the G4Region  DefaultRegionForTheWorld ======
        WentzelVIUni : Emin=    0 eV  Emax=  100 TeV Nbins=84 100 eV  - 100 TeV
          StepLim=Minimal Rfact=0.2 Gfact=2.5 Sfact=0.6 DispFlag:0 Skin=1 Llim=1 mm

hIoni:  for proton  XStype:3  SubType=2
      dE/dx and range tables from 100 eV  to 100 TeV in 84 bins
      Lambda tables from threshold to 100 TeV, 7 bins/decade, spline: 1
      StepFunction=(0.2, 0.1 mm), integ: 3, fluct: 1, linLossLim= 0.01
      ===== EM models for the G4Region  DefaultRegionForTheWorld ======
               Bragg : Emin=    0 eV  Emax=    2 MeV
          BetheBloch : Emin=    2 MeV Emax=  100 TeV

hBrems:  for proton  XStype:1  SubType=3
      dE/dx and range tables from 100 eV  to 100 TeV in 84 bins
      Lambda tables from threshold to 100 TeV, 7 bins/decade, spline: 1
      ===== EM models for the G4Region  DefaultRegionForTheWorld ======
               hBrem : Emin=    0 eV  Emax=  100 TeV  ModifiedMephi

hPairProd:  for proton  XStype:1  SubType=4
      dE/dx and range tables from 100 eV  to 100 TeV in 84 bins
      Lambda tables from threshold to 100 TeV, 7 bins/decade, spline: 1
      Sampling table 17x1001, from 7.50618 GeV to 100 TeV 
      ===== EM models for the G4Region  DefaultRegionForTheWorld ======
           hPairProd : Emin=    0 eV  Emax=  100 TeV  ModifiedMephi

CoulombScat:  for proton XStype:1 SubType=1 BuildTable=1
      Lambda table from threshold  to 100 TeV, 7 bins/decade, spline: 0
      ThetaMin(p) < Theta(degree) < 180, pLimit(GeV^1)= 0.139531
      ===== EM models for the G4Region  DefaultRegionForTheWorld ======
  eCoulombScattering : Emin=    0 eV  Emax=  100 TeV

msc:  for GenericIon  SubType= 10
      ===== EM models for the G4Region  DefaultRegionForTheWorld ======
            UrbanMsc : Emin=    0 eV  Emax=  100 TeV
          StepLim=Minimal Rfact=0.2 Gfact=2.5 Sfact=0.6 DispFlag:0 Skin=1 Llim=1 mm

ionIoni:  for GenericIon  XStype:3  SubType=2
      dE/dx and range tables from 100 eV  to 100 TeV in 84 bins
      Lambda tables from threshold to 100 TeV, 7 bins/decade, spline: 1
      StepFunction=(0.2, 0.1 mm), integ: 3, fluct: 1, linLossLim= 0.02
      ===== EM models for the G4Region  DefaultRegionForTheWorld ======
               Bragg : Emin=    0 eV  Emax=    2 MeV
          BetheBloch : Emin=    2 MeV Emax=  100 TeV

msc:  for alpha  SubType= 10
      ===== EM models for the G4Region  DefaultRegionForTheWorld ======
            UrbanMsc : Emin=    0 eV  Emax=  100 TeV
          StepLim=Minimal Rfact=0.2 Gfact=2.5 Sfact=0.6 DispFlag:0 Skin=1 Llim=1 mm

ionIoni:  for alpha  XStype:3  SubType=2
      dE/dx and range tables from 100 eV  to 100 TeV in 84 bins
      Lambda tables from threshold to 100 TeV, 7 bins/decade, spline: 1
      StepFunction=(0.2, 0.1 mm), integ: 3, fluct: 1, linLossLim= 0.02
      ===== EM models for the G4Region  DefaultRegionForTheWorld ======
            BraggIon : Emin=    0 eV  Emax=7.9452 MeV
          BetheBloch : Emin=7.9452 MeV Emax=  100 TeV

msc:  for anti_proton  SubType= 10
      ===== EM models for the G4Region  DefaultRegionForTheWorld ======
        WentzelVIUni : Emin=    0 eV  Emax=  100 TeV Nbins=84 100 eV  - 100 TeV
          StepLim=Minimal Rfact=0.2 Gfact=2.5 Sfact=0.6 DispFlag:0 Skin=1 Llim=1 mm

hIoni:  for anti_proton  XStype:3  SubType=2
      dE/dx and range tables from 100 eV  to 100 TeV in 84 bins
      Lambda tables from threshold to 100 TeV, 7 bins/decade, spline: 1
      StepFunction=(0.2, 0.1 mm), integ: 3, fluct: 1, linLossLim= 0.01
      ===== EM models for the G4Region  DefaultRegionForTheWorld ======
            ICRU73QO : Emin=    0 eV  Emax=    2 MeV
          BetheBloch : Emin=    2 MeV Emax=  100 TeV

hBrems:  for anti_proton  XStype:1  SubType=3
      dE/dx and range tables from 100 eV  to 100 TeV in 84 bins
      Lambda tables from threshold to 100 TeV, 7 bins/decade, spline: 1
      ===== EM models for the G4Region  DefaultRegionForTheWorld ======
               hBrem : Emin=    0 eV  Emax=  100 TeV  ModifiedMephi

hPairProd:  for anti_proton  XStype:1  SubType=4
      dE/dx and range tables from 100 eV  to 100 TeV in 84 bins
      Lambda tables from threshold to 100 TeV, 7 bins/decade, spline: 1
      Sampling table 17x1001, from 7.50618 GeV to 100 TeV 
      ===== EM models for the G4Region  DefaultRegionForTheWorld ======
           hPairProd : Emin=    0 eV  Emax=  100 TeV  ModifiedMephi

CoulombScat:  for anti_proton XStype:1 SubType=1 BuildTable=1
      Lambda table from threshold  to 100 TeV, 7 bins/decade, spline: 0
      ThetaMin(p) < Theta(degree) < 180, pLimit(GeV^1)= 0.139531
      ===== EM models for the G4Region  DefaultRegionForTheWorld ======
  eCoulombScattering : Emin=    0 eV  Emax=  100 TeV

msc:  for kaon+  SubType= 10
      ===== EM models for the G4Region  DefaultRegionForTheWorld ======
        WentzelVIUni : Emin=    0 eV  Emax=  100 TeV Nbins=84 100 eV  - 100 TeV
          StepLim=Minimal Rfact=0.2 Gfact=2.5 Sfact=0.6 DispFlag:0 Skin=1 Llim=1 mm

hIoni:  for kaon+  XStype:3  SubType=2
      dE/dx and range tables from 100 eV  to 100 TeV in 84 bins
      Lambda tables from threshold to 100 TeV, 7 bins/decade, spline: 1
      StepFunction=(0.2, 0.1 mm), integ: 3, fluct: 1, linLossLim= 0.01
      ===== EM models for the G4Region  DefaultRegionForTheWorld ======
               Bragg : Emin=    0 eV  Emax=1.05231 MeV
          BetheBloch : Emin=1.05231 MeV Emax=  100 TeV

hBrems:  for kaon+  XStype:1  SubType=3
      dE/dx and range tables from 100 eV  to 100 TeV in 84 bins
      Lambda tables from threshold to 100 TeV, 7 bins/decade, spline: 1
      ===== EM models for the G4Region  DefaultRegionForTheWorld ======
               hBrem : Emin=    0 eV  Emax=  100 TeV  ModifiedMephi

hPairProd:  for kaon+  XStype:1  SubType=4
      dE/dx and range tables from 100 eV  to 100 TeV in 84 bins
      Lambda tables from threshold to 100 TeV, 7 bins/decade, spline: 1
      Sampling table 18x1001, from 3.94942 GeV to 100 TeV 
      ===== EM models for the G4Region  DefaultRegionForTheWorld ======
           hPairProd : Emin=    0 eV  Emax=  100 TeV  ModifiedMephi

CoulombScat:  for kaon+ XStype:1 SubType=1 BuildTable=1
      Lambda table from threshold  to 100 TeV, 7 bins/decade, spline: 0
      ThetaMin(p) < Theta(degree) < 180, pLimit(GeV^1)= 0.139531
      ===== EM models for the G4Region  DefaultRegionForTheWorld ======
  eCoulombScattering : Emin=    0 eV  Emax=  100 TeV

msc:  for kaon-  SubType= 10
      ===== EM models for the G4Region  DefaultRegionForTheWorld ======
        WentzelVIUni : Emin=    0 eV  Emax=  100 TeV Nbins=84 100 eV  - 100 TeV
          StepLim=Minimal Rfact=0.2 Gfact=2.5 Sfact=0.6 DispFlag:0 Skin=1 Llim=1 mm

hIoni:  for kaon-  XStype:3  SubType=2
      dE/dx and range tables from 100 eV  to 100 TeV in 84 bins
      Lambda tables from threshold to 100 TeV, 7 bins/decade, spline: 1
      StepFunction=(0.2, 0.1 mm), integ: 3, fluct: 1, linLossLim= 0.01
      ===== EM models for the G4Region  DefaultRegionForTheWorld ======
            ICRU73QO : Emin=    0 eV  Emax=1.05231 MeV
          BetheBloch : Emin=1.05231 MeV Emax=  100 TeV

hBrems:  for kaon-  XStype:1  SubType=3
      dE/dx and range tables from 100 eV  to 100 TeV in 84 bins
      Lambda tables from threshold to 100 TeV, 7 bins/decade, spline: 1
      ===== EM models for the G4Region  DefaultRegionForTheWorld ======
               hBrem : Emin=    0 eV  Emax=  100 TeV  ModifiedMephi

hPairProd:  for kaon-  XStype:1  SubType=4
      dE/dx and range tables from 100 eV  to 100 TeV in 84 bins
      Lambda tables from threshold to 100 TeV, 7 bins/decade, spline: 1
      Sampling table 18x1001, from 3.94942 GeV to 100 TeV 
      ===== EM models for the G4Region  DefaultRegionForTheWorld ======
           hPairProd : Emin=    0 eV  Emax=  100 TeV  ModifiedMephi

CoulombScat:  for kaon- XStype:1 SubType=1 BuildTable=1
      Used Lambda table of kaon+
      ThetaMin(p) < Theta(degree) < 180, pLimit(GeV^1)= 0.139531
      ===== EM models for the G4Region  DefaultRegionForTheWorld ======
  eCoulombScattering : Emin=    0 eV  Emax=  100 TeV

msc:  for mu+  SubType= 10
      ===== EM models for the G4Region  DefaultRegionForTheWorld ======
        WentzelVIUni : Emin=    0 eV  Emax=  100 TeV Nbins=84 100 eV  - 100 TeV
          StepLim=Minimal Rfact=0.2 Gfact=2.5 Sfact=0.6 DispFlag:0 Skin=1 Llim=1 mm

muIoni:  for mu+  XStype:3  SubType=2
      dE/dx and range tables from 100 eV  to 100 TeV in 84 bins
      Lambda tables from threshold to 100 TeV, 7 bins/decade, spline: 1
      StepFunction=(0.2, 0.1 mm), integ: 3, fluct: 1, linLossLim= 0.01
      ===== EM models for the G4Region  DefaultRegionForTheWorld ======
               Bragg : Emin=    0 eV  Emax=  200 keV
        MuBetheBloch : Emin=  200 keV Emax=  100 TeV

muBrems:  for mu+  XStype:1  SubType=3
      dE/dx and range tables from 100 eV  to 100 TeV in 84 bins
      Lambda tables from threshold to 100 TeV, 7 bins/decade, spline: 1
      ===== EM models for the G4Region  DefaultRegionForTheWorld ======
              MuBrem : Emin=    0 eV  Emax=  100 TeV  ModifiedMephi

muPairProd:  for mu+  XStype:1  SubType=4
      dE/dx and range tables from 100 eV  to 100 TeV in 84 bins
      Lambda tables from threshold to 100 TeV, 7 bins/decade, spline: 1
      Sampling table 21x1001, from 0.85 GeV to 100 TeV 
      ===== EM models for the G4Region  DefaultRegionForTheWorld ======
          muPairProd : Emin=    0 eV  Emax=  100 TeV  ModifiedMephi

CoulombScat:  for mu+ XStype:1 SubType=1 BuildTable=1
      Lambda table from threshold  to 100 TeV, 7 bins/decade, spline: 0
      ThetaMin(p) < Theta(degree) < 180, pLimit(GeV^1)= 0.139531
      ===== EM models for the G4Region  DefaultRegionForTheWorld ======
  eCoulombScattering : Emin=    0 eV  Emax=  100 TeV

msc:  for mu-  SubType= 10
      ===== EM models for the G4Region  DefaultRegionForTheWorld ======
        WentzelVIUni : Emin=    0 eV  Emax=  100 TeV Nbins=84 100 eV  - 100 TeV
          StepLim=Minimal Rfact=0.2 Gfact=2.5 Sfact=0.6 DispFlag:0 Skin=1 Llim=1 mm

muIoni:  for mu-  XStype:3  SubType=2
      dE/dx and range tables from 100 eV  to 100 TeV in 84 bins
      Lambda tables from threshold to 100 TeV, 7 bins/decade, spline: 1
      StepFunction=(0.2, 0.1 mm), integ: 3, fluct: 1, linLossLim= 0.01
      ===== EM models for the G4Region  DefaultRegionForTheWorld ======
            ICRU73QO : Emin=    0 eV  Emax=  200 keV
        MuBetheBloch : Emin=  200 keV Emax=  100 TeV

muBrems:  for mu-  XStype:1  SubType=3
      dE/dx and range tables from 100 eV  to 100 TeV in 84 bins
      Lambda tables from threshold to 100 TeV, 7 bins/decade, spline: 1
      ===== EM models for the G4Region  DefaultRegionForTheWorld ======
              MuBrem : Emin=    0 eV  Emax=  100 TeV  ModifiedMephi

muPairProd:  for mu-  XStype:1  SubType=4
      dE/dx and range tables from 100 eV  to 100 TeV in 84 bins
      Lambda tables from threshold to 100 TeV, 7 bins/decade, spline: 1
      Sampling table 21x1001, from 0.85 GeV to 100 TeV 
      ===== EM models for the G4Region  DefaultRegionForTheWorld ======
          muPairProd : Emin=    0 eV  Emax=  100 TeV  ModifiedMephi

CoulombScat:  for mu- XStype:1 SubType=1 BuildTable=1
      Used Lambda table of mu+
      ThetaMin(p) < Theta(degree) < 180, pLimit(GeV^1)= 0.139531
      ===== EM models for the G4Region  DefaultRegionForTheWorld ======
  eCoulombScattering : Emin=    0 eV  Emax=  100 TeV

msc:  for pi+  SubType= 10
      ===== EM models for the G4Region  DefaultRegionForTheWorld ======
        WentzelVIUni : Emin=    0 eV  Emax=  100 TeV Nbins=84 100 eV  - 100 TeV
          StepLim=Minimal Rfact=0.2 Gfact=2.5 Sfact=0.6 DispFlag:0 Skin=1 Llim=1 mm

hIoni:  for pi+  XStype:3  SubType=2
      dE/dx and range tables from 100 eV  to 100 TeV in 84 bins
      Lambda tables from threshold to 100 TeV, 7 bins/decade, spline: 1
      StepFunction=(0.2, 0.1 mm), integ: 3, fluct: 1, linLossLim= 0.01
      ===== EM models for the G4Region  DefaultRegionForTheWorld ======
               Bragg : Emin=    0 eV  Emax=297.505 keV
          BetheBloch : Emin=297.505 keV Emax=  100 TeV

hBrems:  for pi+  XStype:1  SubType=3
      dE/dx and range tables from 100 eV  to 100 TeV in 84 bins
      Lambda tables from threshold to 100 TeV, 7 bins/decade, spline: 1
      ===== EM models for the G4Region  DefaultRegionForTheWorld ======
               hBrem : Emin=    0 eV  Emax=  100 TeV  ModifiedMephi

hPairProd:  for pi+  XStype:1  SubType=4
      dE/dx and range tables from 100 eV  to 100 TeV in 84 bins
      Lambda tables from threshold to 100 TeV, 7 bins/decade, spline: 1
      Sampling table 20x1001, from 1.11656 GeV to 100 TeV 
      ===== EM models for the G4Region  DefaultRegionForTheWorld ======
           hPairProd : Emin=    0 eV  Emax=  100 TeV  ModifiedMephi

CoulombScat:  for pi+ XStype:1 SubType=1 BuildTable=1
      Lambda table from threshold  to 100 TeV, 7 bins/decade, spline: 0
      ThetaMin(p) < Theta(degree) < 180, pLimit(GeV^1)= 0.139531
      ===== EM models for the G4Region  DefaultRegionForTheWorld ======
  eCoulombScattering : Emin=    0 eV  Emax=  100 TeV

msc:  for pi-  SubType= 10
      ===== EM models for the G4Region  DefaultRegionForTheWorld ======
        WentzelVIUni : Emin=    0 eV  Emax=  100 TeV Nbins=84 100 eV  - 100 TeV
          StepLim=Minimal Rfact=0.2 Gfact=2.5 Sfact=0.6 DispFlag:0 Skin=1 Llim=1 mm

hIoni:  for pi-  XStype:3  SubType=2
      dE/dx and range tables from 100 eV  to 100 TeV in 84 bins
      Lambda tables from threshold to 100 TeV, 7 bins/decade, spline: 1
      StepFunction=(0.2, 0.1 mm), integ: 3, fluct: 1, linLossLim= 0.01
      ===== EM models for the G4Region  DefaultRegionForTheWorld ======
            ICRU73QO : Emin=    0 eV  Emax=297.505 keV
          BetheBloch : Emin=297.505 keV Emax=  100 TeV

hBrems:  for pi-  XStype:1  SubType=3
      dE/dx and range tables from 100 eV  to 100 TeV in 84 bins
      Lambda tables from threshold to 100 TeV, 7 bins/decade, spline: 1
      ===== EM models for the G4Region  DefaultRegionForTheWorld ======
               hBrem : Emin=    0 eV  Emax=  100 TeV  ModifiedMephi

hPairProd:  for pi-  XStype:1  SubType=4
      dE/dx and range tables from 100 eV  to 100 TeV in 84 bins
      Lambda tables from threshold to 100 TeV, 7 bins/decade, spline: 1
      Sampling table 20x1001, from 1.11656 GeV to 100 TeV 
      ===== EM models for the G4Region  DefaultRegionForTheWorld ======
           hPairProd : Emin=    0 eV  Emax=  100 TeV  ModifiedMephi

CoulombScat:  for pi- XStype:1 SubType=1 BuildTable=1
      Used Lambda table of pi+
      ThetaMin(p) < Theta(degree) < 180, pLimit(GeV^1)= 0.139531
      ===== EM models for the G4Region  DefaultRegionForTheWorld ======
  eCoulombScattering : Emin=    0 eV  Emax=  100 TeV

====================================================================
                  HADRONIC PROCESSES SUMMARY (verbose level 1)
-----------------------------------------------------------------------
                           Hadronic Processes for neutron
  Process: hadElastic
        Model:             hElasticCHIPS: 0 eV  ---> 100 TeV
     Cr_sctns:        G4NeutronElasticXS: 0 eV  ---> 100 TeV
  Process: neutronInelastic
        Model:                      QGSP: 12 GeV ---> 100 TeV
        Model:                      FTFP: 3 GeV ---> 25 GeV
        Model:            BertiniCascade: 0 eV  ---> 6 GeV
     Cr_sctns:      G4NeutronInelasticXS: 0 eV  ---> 100 TeV
  Process: nCaptureXS
        Model:               nRadCapture: 0 eV  ---> 100 TeV
     Cr_sctns:        G4NeutronCaptureXS: 0 eV  ---> 100 TeV
  Process: nKiller
-----------------------------------------------------------------------
                           Hadronic Processes for B-
  Process: hadElastic
        Model:              hElasticLHEP: 0 eV  ---> 100 TeV
     Cr_sctns:            Glauber-Gribov: 0 eV  ---> 100 TeV
  Process: B-Inelastic
        Model:                      QGSP: 12 GeV ---> 100 TeV
        Model:                      FTFP: 0 eV  ---> 25 GeV
     Cr_sctns:            Glauber-Gribov: 0 eV  ---> 100 TeV
-----------------------------------------------------------------------
                           Hadronic Processes for D-
  Process: hadElastic
        Model:              hElasticLHEP: 0 eV  ---> 100 TeV
     Cr_sctns:            Glauber-Gribov: 0 eV  ---> 100 TeV
  Process: D-Inelastic
        Model:                      QGSP: 12 GeV ---> 100 TeV
        Model:                      FTFP: 0 eV  ---> 25 GeV
     Cr_sctns:            Glauber-Gribov: 0 eV  ---> 100 TeV
-----------------------------------------------------------------------
                           Hadronic Processes for GenericIon
  Process: ionInelastic
        Model:  Binary Light Ion Cascade: 0 eV /n ---> 6 GeV/n
        Model:                      FTFP: 3 GeV/n ---> 100 TeV/n
     Cr_sctns:  Glauber-Gribov Nucl-nucl: 0 eV  ---> 25.6 PeV
-----------------------------------------------------------------------
                           Hadronic Processes for He3
  Process: hadElastic
        Model:              hElasticLHEP: 0 eV /n ---> 100 TeV/n
     Cr_sctns:  Glauber-Gribov Nucl-nucl: 0 eV  ---> 25.6 PeV
  Process: He3Inelastic
        Model:  Binary Light Ion Cascade: 0 eV /n ---> 6 GeV/n
        Model:                      FTFP: 3 GeV/n ---> 100 TeV/n
     Cr_sctns:  Glauber-Gribov Nucl-nucl: 0 eV  ---> 25.6 PeV
-----------------------------------------------------------------------
                           Hadronic Processes for alpha
  Process: hadElastic
        Model:              hElasticLHEP: 0 eV /n ---> 100 TeV/n
     Cr_sctns:  Glauber-Gribov Nucl-nucl: 0 eV  ---> 25.6 PeV
  Process: alphaInelastic
        Model:  Binary Light Ion Cascade: 0 eV /n ---> 6 GeV/n
        Model:                      FTFP: 3 GeV/n ---> 100 TeV/n
     Cr_sctns:  Glauber-Gribov Nucl-nucl: 0 eV  ---> 25.6 PeV
-----------------------------------------------------------------------
                           Hadronic Processes for anti_He3
  Process: hadElastic
        Model:              hElasticLHEP: 0 eV /n ---> 100.1 MeV/n
        Model:              AntiAElastic: 100 MeV/n ---> 100 TeV/n
     Cr_sctns:              AntiAGlauber: 0 eV  ---> 25.6 PeV
  Process: anti_He3Inelastic
        Model:                      FTFP: 0 eV /n ---> 100 TeV/n
     Cr_sctns:              AntiAGlauber: 0 eV  ---> 25.6 PeV
  Process: hFritiofCaptureAtRest
-----------------------------------------------------------------------
                           Hadronic Processes for anti_alpha
  Process: hadElastic
        Model:              hElasticLHEP: 0 eV /n ---> 100.1 MeV/n
        Model:              AntiAElastic: 100 MeV/n ---> 100 TeV/n
     Cr_sctns:              AntiAGlauber: 0 eV  ---> 25.6 PeV
  Process: anti_alphaInelastic
        Model:                      FTFP: 0 eV /n ---> 100 TeV/n
     Cr_sctns:              AntiAGlauber: 0 eV  ---> 25.6 PeV
  Process: hFritiofCaptureAtRest
-----------------------------------------------------------------------
                           Hadronic Processes for anti_deuteron
  Process: hadElastic
        Model:              hElasticLHEP: 0 eV /n ---> 100.1 MeV/n
        Model:              AntiAElastic: 100 MeV/n ---> 100 TeV/n
     Cr_sctns:              AntiAGlauber: 0 eV  ---> 25.6 PeV
  Process: anti_deuteronInelastic
        Model:                      FTFP: 0 eV /n ---> 100 TeV/n
     Cr_sctns:              AntiAGlauber: 0 eV  ---> 25.6 PeV
  Process: hFritiofCaptureAtRest
-------------------------------------------------------------------------
                           Hadronic Processes for anti_hypertriton
  Process: hFritiofCaptureAtRest
-----------------------------------------------------------------------
                           Hadronic Processes for anti_lambda
  Process: hadElastic
        Model:              hElasticLHEP: 0 eV  ---> 100 TeV
     Cr_sctns:            Glauber-Gribov: 0 eV  ---> 100 TeV
  Process: anti_lambdaInelastic
        Model:                      QGSP: 12 GeV ---> 100 TeV
        Model:                      FTFP: 0 eV  ---> 25 GeV
     Cr_sctns:            Glauber-Gribov: 0 eV  ---> 100 TeV
  Process: hFritiofCaptureAtRest
-----------------------------------------------------------------------
                           Hadronic Processes for anti_neutron
  Process: hadElastic
        Model:              hElasticLHEP: 0 eV  ---> 100.1 MeV
        Model:              AntiAElastic: 100 MeV ---> 100 TeV
     Cr_sctns:              AntiAGlauber: 0 eV  ---> 25.6 PeV
  Process: anti_neutronInelastic
        Model:                      FTFP: 0 eV  ---> 100 TeV
     Cr_sctns:              AntiAGlauber: 0 eV  ---> 25.6 PeV
  Process: hFritiofCaptureAtRest
-----------------------------------------------------------------------
                           Hadronic Processes for anti_proton
  Process: hadElastic
        Model:              hElasticLHEP: 0 eV  ---> 100.1 MeV
        Model:              AntiAElastic: 100 MeV ---> 100 TeV
     Cr_sctns:              AntiAGlauber: 0 eV  ---> 25.6 PeV
  Process: anti_protonInelastic
        Model:                      FTFP: 0 eV  ---> 100 TeV
     Cr_sctns:              AntiAGlauber: 0 eV  ---> 25.6 PeV
  Process: hFritiofCaptureAtRest
-----------------------------------------------------------------------
                           Hadronic Processes for anti_triton
  Process: hadElastic
        Model:              hElasticLHEP: 0 eV /n ---> 100.1 MeV/n
        Model:              AntiAElastic: 100 MeV/n ---> 100 TeV/n
     Cr_sctns:              AntiAGlauber: 0 eV  ---> 25.6 PeV
  Process: anti_tritonInelastic
        Model:                      FTFP: 0 eV /n ---> 100 TeV/n
     Cr_sctns:              AntiAGlauber: 0 eV  ---> 25.6 PeV
  Process: hFritiofCaptureAtRest
-----------------------------------------------------------------------
                           Hadronic Processes for deuteron
  Process: hadElastic
        Model:              hElasticLHEP: 0 eV /n ---> 100 TeV/n
     Cr_sctns:  Glauber-Gribov Nucl-nucl: 0 eV  ---> 25.6 PeV
  Process: dInelastic
        Model:  Binary Light Ion Cascade: 0 eV /n ---> 6 GeV/n
        Model:                      FTFP: 3 GeV/n ---> 100 TeV/n
     Cr_sctns:  Glauber-Gribov Nucl-nucl: 0 eV  ---> 25.6 PeV
-----------------------------------------------------------------------
                           Hadronic Processes for e+
  Process: positronNuclear
        Model:   G4ElectroVDNuclearModel: 0 eV  ---> 1 PeV
     Cr_sctns:          ElectroNuclearXS: 0 eV  ---> 100 TeV
-----------------------------------------------------------------------
                           Hadronic Processes for e-
  Process: electronNuclear
        Model:   G4ElectroVDNuclearModel: 0 eV  ---> 1 PeV
     Cr_sctns:          ElectroNuclearXS: 0 eV  ---> 100 TeV
-----------------------------------------------------------------------
                           Hadronic Processes for gamma
  Process: photonNuclear
        Model:               GammaNPreco: 0 eV  ---> 200 MeV
        Model:            BertiniCascade: 199 MeV ---> 6 GeV
        Model:           TheoFSGenerator: 3 GeV ---> 100 TeV
     Cr_sctns:            GammaNuclearXS: 0 eV  ---> 100 TeV
-----------------------------------------------------------------------
                           Hadronic Processes for kaon+
  Process: hadElastic
        Model:              hElasticLHEP: 0 eV  ---> 100 TeV
     Cr_sctns:            Glauber-Gribov: 0 eV  ---> 100 TeV
  Process: kaon+Inelastic
        Model:                      QGSP: 12 GeV ---> 100 TeV
        Model:                      FTFP: 3 GeV ---> 25 GeV
        Model:            BertiniCascade: 0 eV  ---> 6 GeV
     Cr_sctns:            Glauber-Gribov: 0 eV  ---> 100 TeV
-----------------------------------------------------------------------
                           Hadronic Processes for kaon-
  Process: hadElastic
        Model:              hElasticLHEP: 0 eV  ---> 100 TeV
     Cr_sctns:            Glauber-Gribov: 0 eV  ---> 100 TeV
  Process: kaon-Inelastic
        Model:                      QGSP: 12 GeV ---> 100 TeV
        Model:                      FTFP: 3 GeV ---> 25 GeV
        Model:            BertiniCascade: 0 eV  ---> 6 GeV
     Cr_sctns:            Glauber-Gribov: 0 eV  ---> 100 TeV
  Process: hBertiniCaptureAtRest
-----------------------------------------------------------------------
                           Hadronic Processes for lambda
  Process: hadElastic
        Model:              hElasticLHEP: 0 eV  ---> 100 TeV
     Cr_sctns:            Glauber-Gribov: 0 eV  ---> 100 TeV
  Process: lambdaInelastic
        Model:                      QGSP: 12 GeV ---> 100 TeV
        Model:                      FTFP: 3 GeV ---> 25 GeV
        Model:            BertiniCascade: 0 eV  ---> 6 GeV
     Cr_sctns:            Glauber-Gribov: 0 eV  ---> 100 TeV
-----------------------------------------------------------------------
                           Hadronic Processes for mu+
  Process: muonNuclear
        Model:      G4MuonVDNuclearModel: 0 eV  ---> 1 PeV
     Cr_sctns:     KokoulinMuonNuclearXS: 0 eV  ---> 100 TeV
-----------------------------------------------------------------------
                           Hadronic Processes for mu-
  Process: muonNuclear
        Model:      G4MuonVDNuclearModel: 0 eV  ---> 1 PeV
     Cr_sctns:     KokoulinMuonNuclearXS: 0 eV  ---> 100 TeV
  Process: muMinusCaptureAtRest
-----------------------------------------------------------------------
                           Hadronic Processes for pi+
  Process: hadElastic
        Model:           hElasticGlauber: 0 eV  ---> 100 TeV
     Cr_sctns:  BarashenkovGlauberGribov: 0 eV  ---> 100 TeV
  Process: pi+Inelastic
        Model:                      QGSP: 12 GeV ---> 100 TeV
        Model:                      FTFP: 3 GeV ---> 25 GeV
        Model:            BertiniCascade: 0 eV  ---> 6 GeV
     Cr_sctns:  BarashenkovGlauberGribov: 0 eV  ---> 100 TeV
-----------------------------------------------------------------------
                           Hadronic Processes for pi-
  Process: hadElastic
        Model:           hElasticGlauber: 0 eV  ---> 100 TeV
     Cr_sctns:  BarashenkovGlauberGribov: 0 eV  ---> 100 TeV
  Process: pi-Inelastic
        Model:                      QGSP: 12 GeV ---> 100 TeV
        Model:                      FTFP: 3 GeV ---> 25 GeV
        Model:            BertiniCascade: 0 eV  ---> 6 GeV
     Cr_sctns:  BarashenkovGlauberGribov: 0 eV  ---> 100 TeV
  Process: hBertiniCaptureAtRest
-----------------------------------------------------------------------
                           Hadronic Processes for proton
  Process: hadElastic
        Model:             hElasticCHIPS: 0 eV  ---> 100 TeV
     Cr_sctns:  BarashenkovGlauberGribov: 0 eV  ---> 100 TeV
  Process: protonInelastic
        Model:                      QGSP: 12 GeV ---> 100 TeV
        Model:                      FTFP: 3 GeV ---> 25 GeV
        Model:            BertiniCascade: 0 eV  ---> 6 GeV
     Cr_sctns:  BarashenkovGlauberGribov: 0 eV  ---> 100 TeV
-----------------------------------------------------------------------
                           Hadronic Processes for sigma-
  Process: hadElastic
        Model:              hElasticLHEP: 0 eV  ---> 100 TeV
     Cr_sctns:            Glauber-Gribov: 0 eV  ---> 100 TeV
  Process: sigma-Inelastic
        Model:                      QGSP: 12 GeV ---> 100 TeV
        Model:                      FTFP: 3 GeV ---> 25 GeV
        Model:            BertiniCascade: 0 eV  ---> 6 GeV
     Cr_sctns:            Glauber-Gribov: 0 eV  ---> 100 TeV
  Process: hBertiniCaptureAtRest
-----------------------------------------------------------------------
                           Hadronic Processes for triton
  Process: hadElastic
        Model:              hElasticLHEP: 0 eV /n ---> 100 TeV/n
     Cr_sctns:  Glauber-Gribov Nucl-nucl: 0 eV  ---> 25.6 PeV
  Process: tInelastic
        Model:  Binary Light Ion Cascade: 0 eV /n ---> 6 GeV/n
        Model:                      FTFP: 3 GeV/n ---> 100 TeV/n
     Cr_sctns:  Glauber-Gribov Nucl-nucl: 0 eV  ---> 25.6 PeV
=======================================================================
======       Geant4 Native Pre-compound Model Parameters       ========
=======================================================================
Type of pre-compound model                          0
Type of pre-compound inverse x-section              1
Pre-compound model active                           1
Pre-compound excitation low energy                  0.1 MeV 
Pre-compound excitation high energy                 15 MeV 
Angular generator for pre-compound model            1
Use NeverGoBack option for pre-compound model       0
Use SoftCutOff option for pre-compound model        0
Use CEM transitions for pre-compound model          1
Use GNASH transitions for pre-compound model        0
Use HETC submodel for pre-compound model            0
=======================================================================
======       Nuclear De-excitation Module Parameters           ========
=======================================================================
Type of de-excitation inverse x-section             3
Type of de-excitation factory                       Evaporation+GEM
Number of de-excitation channels                    68
Type of Fermi BreakUp model                         ModelVI
Min excitation energy                               0.01 keV 
Min energy per nucleon for multifragmentation       2e+05 MeV
Level density (1/MeV)                               0.075
Use simple level density model                      1
Use discrete excitation energy of the residual      0
Time limit for long lived isomeres                  1 ns 
Isomer production flag                              1
Internal e- conversion flag                         1
Store e- internal conversion data                   1
Correlated gamma emission flag                      0
Max 2J for sampling of angular correlations         10
=======================================================================
### Run 0 start.

-------- WWWW ------- G4Exception-START -------- WWWW -------
*** G4Exception : part0005
      issued by : G4PrimaryParticle::Set4Momentum
Primary particle PDG=25 deltaMass(MeV)=303782 is larger than the tolerance(MeV)=1
 Specified mass(MeV)=303782 while PDG mass(MEV)=0
 To change the tolerance or the exception severity, use G4PrimaryTransformer::SetKETolerance() method.
*** This is just a warning message. ***
-------- WWWW -------- G4Exception-END --------- WWWW -------


-------- WWWW ------- G4Exception-START -------- WWWW -------
*** G4Exception : part0005
      issued by : G4PrimaryParticle::Set4Momentum
Primary particle PDG=-2 deltaMass(MeV)=5.6 is larger than the tolerance(MeV)=1
 Specified mass(MeV)=5.6 while PDG mass(MEV)=0
 To change the tolerance or the exception severity, use G4PrimaryTransformer::SetKETolerance() method.
*** This is just a warning message. ***
-------- WWWW -------- G4Exception-END --------- WWWW -------


-------- WWWW ------- G4Exception-START -------- WWWW -------
*** G4Exception : part0005
      issued by : G4PrimaryParticle::Set4Momentum
Primary particle PDG=2 deltaMass(MeV)=5.6 is larger than the tolerance(MeV)=1
 Specified mass(MeV)=5.6 while PDG mass(MEV)=0
 To change the tolerance or the exception severity, use G4PrimaryTransformer::SetKETolerance() method.
*** This is just a warning message. ***
-------- WWWW -------- G4Exception-END --------- WWWW -------


-------- WWWW ------- G4Exception-START -------- WWWW -------
*** G4Exception : part0005
      issued by : G4PrimaryParticle::Set4Momentum
Primary particle PDG=2 deltaMass(MeV)=5.6 is larger than the tolerance(MeV)=1
 Specified mass(MeV)=5.6 while PDG mass(MEV)=0
 To change the tolerance or the exception severity, use G4PrimaryTransformer::SetKETolerance() method.
*** This is just a warning message. ***
-------- WWWW -------- G4Exception-END --------- WWWW -------


-------- WWWW ------- G4Exception-START -------- WWWW -------
*** G4Exception : part0005
      issued by : G4PrimaryParticle::Set4Momentum
Primary particle PDG=-3 deltaMass(MeV)=199 is larger than the tolerance(MeV)=1
 Specified mass(MeV)=199 while PDG mass(MEV)=0
 To change the tolerance or the exception severity, use G4PrimaryTransformer::SetKETolerance() method.
*** This is just a warning message. ***
-------- WWWW -------- G4Exception-END --------- WWWW -------


-------- WWWW ------- G4Exception-START -------- WWWW -------
*** G4Exception : part0005
      issued by : G4PrimaryParticle::Set4Momentum
Primary particle PDG=3 deltaMass(MeV)=199 is larger than the tolerance(MeV)=1
 Specified mass(MeV)=199 while PDG mass(MEV)=0
 To change the tolerance or the exception severity, use G4PrimaryTransformer::SetKETolerance() method.
*** This is just a warning message. ***
-------- WWWW -------- G4Exception-END --------- WWWW -------


-------- WWWW ------- G4Exception-START -------- WWWW -------
*** G4Exception : part0005
      issued by : G4PrimaryParticle::Set4Momentum
Primary particle PDG=2101 deltaMass(MeV)=579.333 is larger than the tolerance(MeV)=1
 Specified mass(MeV)=579.333 while PDG mass(MEV)=0
 To change the tolerance or the exception severity, use G4PrimaryTransformer::SetKETolerance() method.
*** This is just a warning message. ***
-------- WWWW -------- G4Exception-END --------- WWWW -------


-------- WWWW ------- G4Exception-START -------- WWWW -------
*** G4Exception : part0005
      issued by : G4PrimaryParticle::Set4Momentum
Primary particle PDG=2103 deltaMass(MeV)=771.333 is larger than the tolerance(MeV)=1
 Specified mass(MeV)=771.333 while PDG mass(MEV)=0
 To change the tolerance or the exception severity, use G4PrimaryTransformer::SetKETolerance() method.
*** This is just a warning message. ***
-------- WWWW -------- G4Exception-END --------- WWWW -------


-------- WWWW ------- G4Exception-START -------- WWWW -------
*** G4Exception : part0005
      issued by : G4PrimaryParticle::Set4Momentum
Primary particle PDG=2 deltaMass(MeV)=5.6 is larger than the tolerance(MeV)=1
 Specified mass(MeV)=5.6 while PDG mass(MEV)=0
 To change the tolerance or the exception severity, use G4PrimaryTransformer::SetKETolerance() method.
*** This is just a warning message. ***
-------- WWWW -------- G4Exception-END --------- WWWW -------


Tracks in tracking region have been processed. -- Stage 0 over.

Source track ID 1358 (gamma,2.1834516517837[GeV]) at (140.36743503412,479.89267881678,-280.93489363356)
Original primary track ID 1 (unknown,305.48142430119[GeV])
Cell[8,9]    2.0493199904843 [GeV]
Cell[8,8]    0.0036112226627928 [GeV]
Cell[8,10]    0.10885331724041 [GeV]
Cell[8,12]    0.00037946196437191 [GeV]
Cell[8,11]    0.0017017064632733 [GeV]
Cell[7,11]    0.0020281863192206 [GeV]
Cell[7,10]    0.00073860929300428 [GeV]
Cell[4,42]    0.0010590209554722 [GeV]
Cell[7,8]    0.00026597153912354 [GeV]
Cell[7,7]    0.00061024372272612 [GeV]
Cell[9,38]    0.00057452734827668 [GeV]
Cell[7,9]    0.0098382178581205 [GeV]
Cell[8,7]    0.00051099891 [GeV]
Cell[9,35]    0.00051099891 [GeV]
Cell[9,10]    0.0011481873016327 [GeV]
Cell[6,38]    0.00016952280908108 [GeV]
Cell[9,15]    0.0003397068460324 [GeV]
Cell[9,1]    0.00082283305401163 [GeV]
Cell[15,7]    0.00032979483247542 [GeV]
###  Total energy deposition in calorimeter by a source track in 19 cells : 2.1828125185143 (GeV)

Source track ID 1359 (gamma,2.6236888246096[GeV]) at (140.52666893237,479.84607461015,-280.93932872606)
Original primary track ID 1 (unknown,305.48142430119[GeV])
Cell[8,9]    2.4260521000558 [GeV]
Cell[8,8]    0.023069548696961 [GeV]
Cell[8,10]    0.14093740193414 [GeV]
Cell[8,11]    0.0020816505719893 [GeV]
Cell[7,11]    0.00088373806495333 [GeV]
Cell[7,10]    0.018504602685151 [GeV]
Cell[7,9]    0.0021643629016985 [GeV]
Cell[8,7]    0.00090128481293173 [GeV]
Cell[2,38]    0.00040554638270468 [GeV]
Cell[2,37]    0.00055346122625599 [GeV]
Cell[7,46]    0.0015559569704435 [GeV]
Cell[9,8]    0.00035083822200736 [GeV]
Cell[6,31]    0.0036481183337797 [GeV]
Cell[9,9]    0.00037369078910232 [GeV]
Cell[13,22]    0.00041450180333043 [GeV]
Cell[5,37]    0.00081028173469301 [GeV]
Cell[5,38]    0.00040759214446202 [GeV]
Cell[4,37]    0.00051099891 [GeV]
###  Total energy deposition in calorimeter by a source track in 18 cells : 2.6236256762404 (GeV)

Source track ID 1282 (e+,68.768542490865[GeV]) at (140.81257786382,479.76225144893,-280.92566176248)
Original primary track ID 1 (unknown,305.48142430119[GeV])
Cell[8,9]    63.396775889405 [GeV]
Cell[8,8]    0.33618056197607 [GeV]
Cell[8,10]    3.8307592303659 [GeV]
Cell[8,12]    0.0084086051446576 [GeV]
Cell[8,11]    0.07320338161989 [GeV]
Cell[7,11]    0.02819923768475 [GeV]
Cell[7,10]    0.2218690262651 [GeV]
Cell[7,8]    0.062878534062784 [GeV]
Cell[7,7]    0.0093245231933728 [GeV]
Cell[7,9]    0.47496734348171 [GeV]
Cell[8,7]    0.012741607476298 [GeV]
Cell[9,10]    0.014577332007364 [GeV]
Cell[9,8]    0.0072490359289747 [GeV]
Cell[9,9]    0.021415125130978 [GeV]
Cell[5,38]    0.00016177613880251 [GeV]
Cell[4,37]    0.00020492215582763 [GeV]
Cell[7,27]    0.00027105529516616 [GeV]
Cell[2,27]    0.0052144670493233 [GeV]
Cell[5,40]    0.0048783368899489 [GeV]
Cell[5,41]    0.00043895671198153 [GeV]
Cell[8,5]    0.0020453975744828 [GeV]
Cell[8,13]    0.0025767811139134 [GeV]
Cell[6,10]    0.00067206231117631 [GeV]
Cell[6,9]    0.0017465446499693 [GeV]
Cell[7,16]    0.0023389529696038 [GeV]
Cell[7,23]    0.0007612395263698 [GeV]
Cell[7,40]    0.00051099891 [GeV]
Cell[9,11]    0.0016290075609588 [GeV]
Cell[7,42]    0.00069909418860794 [GeV]
Cell[13,36]    0.00038398118477436 [GeV]
Cell[14,42]    0.00085070405895998 [GeV]
Cell[10,36]    0.0015570593370613 [GeV]
Cell[10,41]    0.00066360052918362 [GeV]
Cell[7,12]    0.0024538066900268 [GeV]
Cell[7,38]    0.00052862549178293 [GeV]
Cell[7,20]    0.00072154976381099 [GeV]
Cell[6,12]    0.0025159015251823 [GeV]
Cell[7,6]    0.00032572340346525 [GeV]
Cell[16,33]    0.0011792489731411 [GeV]
Cell[7,29]    0.0024940868853833 [GeV]
Cell[11,37]    0.00015513457362363 [GeV]
Cell[10,32]    0.0004259752898397 [GeV]
Cell[9,46]    0.00017921019460451 [GeV]
Cell[13,23]    0.00018482956971465 [GeV]
Cell[9,28]    0.0010030650122442 [GeV]
Cell[6,26]    0.0023326535031215 [GeV]
Cell[7,43]    0.0033080453922054 [GeV]
Cell[9,5]    0.0019791605585509 [GeV]
Cell[9,3]    0.00049157135934411 [GeV]
Cell[9,4]    0.00012775293297022 [GeV]
Cell[8,4]    0.0011598975961386 [GeV]
Cell[9,12]    0.00017242599956103 [GeV]
Cell[8,18]    0.00020586482589828 [GeV]
Cell[11,33]    0.0029617321594473 [GeV]
Cell[8,29]    0.0011379607771275 [GeV]
Cell[7,14]    0.0023796447373122 [GeV]
Cell[7,15]    0.0011258665256897 [GeV]
Cell[1,18]    0.00016327644859376 [GeV]
Cell[10,35]    0.00051099891 [GeV]
Cell[0,24]    0.0024230719518708 [GeV]
Cell[8,0]    4.9940152093768e-06 [GeV]
Cell[9,42]    0.0001279742954215 [GeV]
Cell[9,43]    1.8777619698085e-07 [GeV]
Cell[9,44]    1.1322641512379e-07 [GeV]
Cell[10,5]    2.5562872178853e-07 [GeV]
Cell[6,7]    0.0006439663017041 [GeV]
Cell[3,40]    1.1136239568941e-05 [GeV]
Cell[9,33]    0.00045044299262541 [GeV]
Cell[9,32]    0.0004675419293027 [GeV]
Cell[10,21]    0.0022615491660007 [GeV]
Cell[8,26]    0.004341107101594 [GeV]
Cell[7,13]    0.0033586477133672 [GeV]
Cell[10,17]    0.0028158977590682 [GeV]
Cell[10,16]    0.00051099891 [GeV]
Cell[6,39]    0.0011211795946612 [GeV]
Cell[13,40]    0.00060281536106311 [GeV]
Cell[7,31]    0.0005779168303283 [GeV]
Cell[8,23]    0.0040901919325704 [GeV]
Cell[5,27]    0.0010003048779125 [GeV]
Cell[7,26]    0.00016095414200409 [GeV]
Cell[13,32]    7.7367184567265e-06 [GeV]
Cell[17,43]    9.0297824644949e-06 [GeV]
Cell[17,42]    4.7688253398519e-06 [GeV]
Cell[12,27]    0.00025306310050553 [GeV]
Cell[12,26]    1.0692412672597e-07 [GeV]
Cell[11,26]    3.2479874789715e-11 [GeV]
Cell[11,28]    0.001436746149753 [GeV]
Cell[8,1]    0.00028067714948618 [GeV]
Cell[4,32]    0.0012209540656013 [GeV]
Cell[8,14]    0.00030162135061786 [GeV]
Cell[6,11]    0.00037792978545092 [GeV]
Cell[6,14]    0.00051099891 [GeV]
Cell[8,20]    0.00019130162910113 [GeV]
Cell[8,15]    0.00027255591275188 [GeV]
Cell[7,33]    0.0038669745346486 [GeV]
Cell[6,37]    5.2106980583631e-06 [GeV]
Cell[11,16]    0.00026255519491053 [GeV]
Cell[12,16]    4.1111867176369e-08 [GeV]
Cell[6,6]    4.5298194777388e-08 [GeV]
Cell[8,39]    0.00096198914589612 [GeV]
Cell[16,24]    0.00021279081086279 [GeV]
Cell[9,16]    0.00033622340011549 [GeV]
Cell[8,32]    0.00071257130075975 [GeV]
Cell[3,32]    0.00020808968008833 [GeV]
Cell[6,29]    0.0017652850004297 [GeV]
Cell[8,2]    0.006861424835213 [GeV]
Cell[3,35]    0.0015240823320815 [GeV]
Cell[8,31]    0.00056865585658136 [GeV]
Cell[9,31]    6.1194004956633e-09 [GeV]
Cell[8,30]    5.3981949156423e-07 [GeV]
Cell[5,34]    0.0016579275137515 [GeV]
Cell[7,0]    0.001036603910484 [GeV]
Cell[8,45]    0.00097617375128016 [GeV]
Cell[6,23]    0.00052398599453438 [GeV]
Cell[6,22]    0.0018260015288347 [GeV]
Cell[9,14]    0.0024006085529191 [GeV]
Cell[6,47]    0.00083947206168421 [GeV]
Cell[3,33]    7.6319876825437e-07 [GeV]
Cell[7,4]    0.00066368996649817 [GeV]
Cell[7,3]    0.0012950147920939 [GeV]
Cell[6,2]    1.5474959964195e-06 [GeV]
Cell[6,3]    8.9776017262011e-08 [GeV]
###  Total energy deposition in calorimeter by a source track in 122 cells : 68.61472548276 (GeV)

Source track ID 1254 (mu+,97.44941385898[GeV]) at (421.34117450922,269.20552494923,1659.1265973404)
Original primary track ID 1 (unknown,305.48142430119[GeV])
Cell[18,4]    0.20413492925996 [GeV]
Cell[19,4]    0.61971702037704 [GeV]
Cell[19,3]    0.0065571208779315 [GeV]
Cell[19,5]    0.00029114124534202 [GeV]
Cell[18,3]    0.0052655286010956 [GeV]
###  Total energy deposition in calorimeter by a source track in 5 cells : 0.83596574036137 (GeV)

Source track ID 1255 (mu-,49.167079992799[GeV]) at (-250.01069624685,-433.00652623507,234.23628055323)
Original primary track ID 1 (unknown,305.48142430119[GeV])
Cell[13,32]    0.52688845738161 [GeV]
Cell[11,31]    0.011120594688568 [GeV]
Cell[11,32]    0.40102604549317 [GeV]
Cell[12,32]    0.82791970743432 [GeV]
Cell[14,32]    0.48414113049007 [GeV]
Cell[15,32]    0.70638685163703 [GeV]
Cell[16,32]    0.55946746243029 [GeV]
Cell[17,32]    0.011218371184331 [GeV]
Cell[16,31]    0.0070456770335272 [GeV]
Cell[15,31]    0.0019228305204565 [GeV]
Cell[14,31]    0.0023306140193298 [GeV]
Cell[13,31]    0.011696183978538 [GeV]
Cell[12,31]    0.090958054672893 [GeV]
Cell[12,33]    0.0038750752535645 [GeV]
###  Total energy deposition in calorimeter by a source track in 14 cells : 3.6459970562177 (GeV)

Source track ID 1251 (gamma,0.17435926984906[GeV]) at (-435.61886373265,245.43065326131,445.72700190816)
Original primary track ID 41 (unknown,2.6699951779791[GeV])
Cell[12,20]    0.1416242896271 [GeV]
Cell[12,19]    0.032734980221959 [GeV]
###  Total energy deposition in calorimeter by a source track in 2 cells : 0.17435926984906 (GeV)

Source track ID 978 (pi+,0.27833373541665[GeV]) at (242.19300445326,437.4271923348,11.036468991664)
Original primary track ID 41 (unknown,2.6699951779791[GeV])
Cell[10,8]    0.01255007168936 [GeV]
Cell[10,7]    0.086067409140138 [GeV]
Cell[9,7]    0.001521464506561 [GeV]
Cell[9,6]    0.045999599778503 [GeV]
Cell[10,6]    0.034008696577302 [GeV]
Cell[18,26]    0.00043580050911093 [GeV]
###  Total energy deposition in calorimeter by a source track in 6 cells : 0.18058304220098 (GeV)

Source track ID 1167 (gamma,0.12620965025075[GeV]) at (-487.28249080485,-112.0525508635,703.8898101186)
Original primary track ID 41 (unknown,2.6699951779791[GeV])
Cell[13,25]    0.10629876675393 [GeV]
Cell[14,25]    0.012789304198625 [GeV]
Cell[19,8]    0.00090557887596714 [GeV]
Cell[13,26]    0.004283148179045 [GeV]
Cell[16,3]    0.0010842123003442 [GeV]
Cell[16,4]    0.00084863994284185 [GeV]
###  Total energy deposition in calorimeter by a source track in 6 cells : 0.12620965025075 (GeV)

Source track ID 1168 (gamma,0.088297327870564[GeV]) at (61.272111377026,-496.23152697849,76.525402521714)
Original primary track ID 41 (unknown,2.6699951779791[GeV])
Cell[10,36]    0.069420503973163 [GeV]
Cell[7,17]    0.000704075958635 [GeV]
Cell[10,37]    0.018172747938767 [GeV]
###  Total energy deposition in calorimeter by a source track in 3 cells : 0.088297327870564 (GeV)

Source track ID 983 (pi+,0.88675114109579[GeV]) at (3.9935535212572,499.98405127591,750.99897712308)
Original primary track ID 41 (unknown,2.6699951779791[GeV])
Cell[13,11]    0.069742745182416 [GeV]
Cell[14,11]    0.22880366514722 [GeV]
Cell[15,11]    0.017202378641333 [GeV]
Cell[15,10]    0.38882922156261 [GeV]
Cell[15,12]    0.0008783899121888 [GeV]
Cell[15,13]    0.0015354995149671 [GeV]
Cell[15,9]    0.0053929303013124 [GeV]
Cell[16,9]    0.0014617142291969 [GeV]
Cell[16,8]    3.0932981005435e-05 [GeV]
Cell[15,8]    4.6651625780214e-09 [GeV]
Cell[14,10]    0.0020890242129163 [GeV]
Cell[13,10]    0.0011238426979759 [GeV]
Cell[16,11]    0.0024198383148945 [GeV]
Cell[16,10]    0.002071890034989 [GeV]
Cell[16,12]    7.9161235356651e-06 [GeV]
Cell[12,10]    3.5948453878518e-06 [GeV]
Cell[12,11]    2.5943780838134e-06 [GeV]
Cell[12,8]    0.0026103387350368 [GeV]
Cell[12,9]    0.00070638934448925 [GeV]
Cell[15,14]    0.0040819629966044 [GeV]
Cell[14,14]    0.00013969848468855 [GeV]
Cell[14,12]    4.3966581381483e-07 [GeV]
Cell[14,13]    2.4913042127992e-05 [GeV]
###  Total energy deposition in calorimeter by a source track in 23 cells : 0.72915992501395 (GeV)

Source track ID 1060 (mu-,0.54171954749454[GeV]) at (-92.622454702108,-491.34619250072,1168.3858202745)
Original primary track ID 41 (unknown,2.6699951779791[GeV])
Cell[15,34]    0.039191936610192 [GeV]
Cell[16,34]    0.072477106703194 [GeV]
Cell[16,35]    0.1152441700825 [GeV]
Cell[17,35]    0.20530954915394 [GeV]
Cell[17,36]    0.025501164609854 [GeV]
###  Total energy deposition in calorimeter by a source track in 5 cells : 0.45772392715969 (GeV)

Source track ID 949 (gamma,0.23818895051853[GeV]) at (-24.111052240173,-499.41831880686,-17.911064377671)
Original primary track ID 43 (unknown,52.984237098069[GeV])
Cell[9,35]    0.22316048167462 [GeV]
Cell[10,36]    0.00051099891 [GeV]
Cell[10,35]    0.0075431659244977 [GeV]
Cell[9,36]    0.0069743040094095 [GeV]
###  Total energy deposition in calorimeter by a source track in 4 cells : 0.23818895051853 (GeV)

Source track ID 975 (gamma,0.026380955920972[GeV]) at (244.80731568907,435.96946932682,97.272496463756)
Original primary track ID 43 (unknown,52.984237098069[GeV])
Cell[10,8]    0.019784046401535 [GeV]
Cell[10,7]    0.0065969095194379 [GeV]
###  Total energy deposition in calorimeter by a source track in 2 cells : 0.026380955920972 (GeV)

Source track ID 951 (e-,0.26584625079758[GeV]) at (241.34795514629,437.89401063123,97.887560476838)
Original primary track ID 43 (unknown,52.984237098069[GeV])
Cell[10,8]    0.23828445819694 [GeV]
Cell[10,7]    0.01725863289425 [GeV]
Cell[10,6]    0.0014870786813174 [GeV]
Cell[10,0]    0.00019529515273909 [GeV]
Cell[11,35]    0.0021560301350167 [GeV]
###  Total energy deposition in calorimeter by a source track in 5 cells : 0.25938149506027 (GeV)

Source track ID 954 (gamma,0.0007023656933511[GeV]) at (179.65684304547,-466.60842121305,31.14686585149)
Original primary track ID 43 (unknown,52.984237098069[GeV])
Cell[10,38]    0.0007023656933511 [GeV]
###  Total energy deposition in calorimeter by a source track in 1 cells : 0.0007023656933511 (GeV)

Source track ID 955 (gamma,0.0011928774369156[GeV]) at (-306.42261091243,-395.10148509163,-75.805528400102)
Original primary track ID 43 (unknown,52.984237098069[GeV])
Cell[9,31]    0.00068119390602481 [GeV]
Cell[9,30]    0.00051168353089083 [GeV]
###  Total energy deposition in calorimeter by a source track in 2 cells : 0.0011928774369156 (GeV)

Source track ID 961 (gamma,0.0009440976735025[GeV]) at (284.90906763951,410.88541368219,36.189409292169)
Original primary track ID 43 (unknown,52.984237098069[GeV])
Cell[10,7]    0.0009440976735025 [GeV]
###  Total energy deposition in calorimeter by a source track in 1 cells : 0.0009440976735025 (GeV)

Source track ID 962 (gamma,0.00011538949223998[GeV]) at (275.18715812633,417.45901355984,140.3299494706)
Original primary track ID 43 (unknown,52.984237098069[GeV])
Cell[10,7]    0.00011538949223998 [GeV]
###  Total energy deposition in calorimeter by a source track in 1 cells : 0.00011538949223998 (GeV)

Source track ID 963 (gamma,0.00031564388054375[GeV]) at (-488.00743624672,-108.85192771792,-572.54335264871)
Original primary track ID 43 (unknown,52.984237098069[GeV])
Cell[7,25]    0.00031564388054375 [GeV]
###  Total energy deposition in calorimeter by a source track in 1 cells : 0.00031564388054375 (GeV)

Source track ID 964 (gamma,0.00061430118130513[GeV]) at (-399.62881309227,-300.49427905779,-647.83848987204)
Original primary track ID 43 (unknown,52.984237098069[GeV])
Cell[6,29]    0.00045805073369964 [GeV]
Cell[6,28]    0.00015625044760549 [GeV]
###  Total energy deposition in calorimeter by a source track in 2 cells : 0.00061430118130513 (GeV)

Source track ID 965 (gamma,0.0097463092484482[GeV]) at (275.55669147315,417.21518402902,-41.763526517343)
Original primary track ID 43 (unknown,52.984237098069[GeV])
Cell[9,7]    0.0097463092484482 [GeV]
###  Total energy deposition in calorimeter by a source track in 1 cells : 0.0097463092484482 (GeV)

Source track ID 966 (gamma,0.00013043619231534[GeV]) at (152.12913611242,476.29478891301,-96.590907006234)
Original primary track ID 43 (unknown,52.984237098069[GeV])
Cell[9,9]    0.00013043619231534 [GeV]
###  Total energy deposition in calorimeter by a source track in 1 cells : 0.00013043619231534 (GeV)

Source track ID 967 (gamma,0.00051099891[GeV]) at (212.51474967103,452.58974930091,-183.69641891248)
Original primary track ID 43 (unknown,52.984237098069[GeV])
Cell[9,8]    0.00051099891 [GeV]
###  Total energy deposition in calorimeter by a source track in 1 cells : 0.00051099891 (GeV)

Source track ID 968 (gamma,0.00051099891[GeV]) at (498.87849837914,-33.470044143591,751.77609879049)
Original primary track ID 43 (unknown,52.984237098069[GeV])
Cell[13,47]    0.00051099891 [GeV]
###  Total energy deposition in calorimeter by a source track in 1 cells : 0.00051099891 (GeV)

Source track ID 827 (pi-,1.7949532168514[GeV]) at (442.56972084414,-232.66293686777,-1864.0872967441)
Original primary track ID 43 (unknown,52.984237098069[GeV])
Cell[6,31]    2.5463968631811e-06 [GeV]
Cell[7,27]    0.00012774426164151 [GeV]
Cell[10,36]    3.181048668921e-10 [GeV]
Cell[9,12]    0.00060731685447151 [GeV]
Cell[1,18]    0.00028256505882075 [GeV]
Cell[10,5]    3.8747434737161e-06 [GeV]
Cell[3,40]    0.00011694300196757 [GeV]
Cell[9,32]    1.3822584878653e-06 [GeV]
Cell[9,14]    0.001259260543689 [GeV]
Cell[10,37]    3.5919650031246e-08 [GeV]
Cell[9,36]    5.9465712098699e-05 [GeV]
Cell[10,38]    5.3999538067728e-09 [GeV]
Cell[0,44]    0.44611101049851 [GeV]
Cell[0,43]    0.18167867285919 [GeV]
Cell[0,42]    0.0019639834870637 [GeV]
Cell[0,45]    0.063284576880667 [GeV]
Cell[0,46]    0.0031383345515842 [GeV]
Cell[1,47]    7.0704907875552e-07 [GeV]
Cell[0,47]    5.8583504714534e-05 [GeV]
Cell[1,44]    0.009620589358667 [GeV]
Cell[1,43]    0.00092214669538419 [GeV]
Cell[2,11]    0.00067859594584509 [GeV]
Cell[2,12]    0.002247260566704 [GeV]
Cell[9,13]    0.00052094144395505 [GeV]
Cell[2,13]    5.9084475826239e-05 [GeV]
Cell[3,13]    1.2235215021065e-05 [GeV]
Cell[5,47]    0.0030832022874985 [GeV]
Cell[5,46]    1.3710312487092e-08 [GeV]
Cell[3,12]    0.00058008871654215 [GeV]
Cell[2,24]    0.0010835685959337 [GeV]
Cell[1,7]    0.0011532157765057 [GeV]
Cell[1,6]    3.950525063442e-05 [GeV]
Cell[1,8]    0.0016703133625068 [GeV]
Cell[0,7]    0.00059441559358493 [GeV]
Cell[3,39]    0.0040858806480458 [GeV]
Cell[5,11]    6.9928938877638e-05 [GeV]
Cell[5,9]    2.4642149510328e-06 [GeV]
Cell[7,28]    3.547505343704e-09 [GeV]
Cell[2,4]    7.0237397449091e-07 [GeV]
Cell[8,28]    1.0820275638252e-06 [GeV]
Cell[10,4]    3.131473029498e-06 [GeV]
Cell[9,37]    6.7576314756934e-07 [GeV]
Cell[1,3]    0.0012838867494316 [GeV]
Cell[1,2]    0.00051099891 [GeV]
Cell[0,41]    0.069665096028107 [GeV]
Cell[0,1]    0.00027105236373557 [GeV]
Cell[0,20]    9.8658598246857e-05 [GeV]
Cell[1,19]    5.5583311430837e-05 [GeV]
Cell[4,10]    1.2660606094869e-05 [GeV]
Cell[4,11]    2.81408081064e-05 [GeV]
Cell[4,47]    0.00022072475383573 [GeV]
Cell[4,0]    1.0274230817231e-09 [GeV]
Cell[0,40]    2.8657586022746e-05 [GeV]
Cell[1,41]    0.0013656583494011 [GeV]
Cell[1,42]    5.2586449214687e-08 [GeV]
Cell[1,46]    2.1330444097657e-05 [GeV]
Cell[1,45]    7.5087882578373e-11 [GeV]
Cell[0,30]    0.00041552480628069 [GeV]
Cell[0,35]    0.002981825264029 [GeV]
Cell[0,36]    0.00024466808247733 [GeV]
###  Total energy deposition in calorimeter by a source track in 60 cells : 0.80233057563231 (GeV)

Source track ID 692 (gamma,0.59980090891317[GeV]) at (255.70125682303,-429.67064975295,-1133.3038386186)
Original primary track ID 43 (unknown,52.984237098069[GeV])
Cell[7,8]    0.00051099891 [GeV]
Cell[3,40]    0.021283340477947 [GeV]
Cell[3,39]    0.0046694859731404 [GeV]
Cell[4,40]    0.53776541749197 [GeV]
Cell[1,21]    0.00051099891 [GeV]
Cell[4,39]    0.019003264694671 [GeV]
Cell[5,4]    0.00089655702082596 [GeV]
Cell[1,24]    0.0013819539136584 [GeV]
Cell[3,36]    0.0039736939397993 [GeV]
Cell[4,31]    0.00057876490787889 [GeV]
Cell[4,22]    0.00051099891 [GeV]
Cell[1,27]    0.00051099891 [GeV]
Cell[2,23]    0.0017831374025801 [GeV]
Cell[5,17]    0.00067992957073968 [GeV]
###  Total energy deposition in calorimeter by a source track in 14 cells : 0.59405954103322 (GeV)

Source track ID 693 (gamma,0.053266099197347[GeV]) at (183.99450398366,464.91507020509,-1027.4558928295)
Original primary track ID 43 (unknown,52.984237098069[GeV])
Cell[4,9]    0.045400898449351 [GeV]
Cell[5,19]    0.00051099891 [GeV]
Cell[4,8]    0.0034321215464085 [GeV]
Cell[1,38]    0.00045272798936811 [GeV]
Cell[3,28]    0.0010654261232691 [GeV]
Cell[3,29]    0.001860550121205 [GeV]
###  Total energy deposition in calorimeter by a source track in 6 cells : 0.052722723139601 (GeV)

Source track ID 690 (gamma,0.39597382458922[GeV]) at (-372.59430012837,-333.42688480663,-1802.3851787588)
Original primary track ID 43 (unknown,52.984237098069[GeV])
Cell[0,47]    2.5784522012405e-05 [GeV]
Cell[1,19]    0.0010641727428502 [GeV]
Cell[1,42]    0.00051099891 [GeV]
Cell[0,30]    0.0010697159669596 [GeV]
Cell[0,29]    0.37039100184461 [GeV]
Cell[0,0]    0.0004852143879876 [GeV]
Cell[0,22]    0.00061398153812597 [GeV]
Cell[1,0]    0.00030284476175064 [GeV]
Cell[1,31]    0.00041503891752218 [GeV]
Cell[1,29]    0.000710066295018 [GeV]
Cell[4,14]    0.00077855172089429 [GeV]
###  Total energy deposition in calorimeter by a source track in 11 cells : 0.37636737160774 (GeV)

Source track ID 691 (gamma,0.02130681471934[GeV]) at (476.42903549195,151.70818745277,-84.417540034317)
Original primary track ID 43 (unknown,52.984237098069[GeV])
Cell[9,3]    0.0010770126404929 [GeV]
Cell[9,2]    0.020229802078847 [GeV]
###  Total energy deposition in calorimeter by a source track in 2 cells : 0.02130681471934 (GeV)

Source track ID 689 (gamma,0.19239638056034[GeV]) at (-414.65189179906,279.39901329006,-1130.2072663309)
Original primary track ID 43 (unknown,52.984237098069[GeV])
Cell[4,19]    0.15946430274701 [GeV]
Cell[3,18]    0.0022956687077786 [GeV]
Cell[3,19]    0.029370597656135 [GeV]
Cell[12,45]    0.0012658114494133 [GeV]
###  Total energy deposition in calorimeter by a source track in 4 cells : 0.19239638056034 (GeV)

Source track ID 683 (gamma,0.25162621009879[GeV]) at (499.02634665386,-31.188224465416,957.00761078074)
Original primary track ID 43 (unknown,52.984237098069[GeV])
Cell[13,23]    0.0024595687434398 [GeV]
Cell[14,32]    0.002522915269336 [GeV]
Cell[14,47]    0.21149505679202 [GeV]
Cell[14,7]    0.00097279471065629 [GeV]
Cell[15,47]    0.021537280697189 [GeV]
Cell[12,28]    0.0023188035139523 [GeV]
Cell[18,32]    0.00051099891 [GeV]
Cell[14,46]    0.001383310922711 [GeV]
Cell[15,46]    0.0035968324246285 [GeV]
Cell[15,15]    0.0010088412549216 [GeV]
Cell[12,5]    0.00051099891 [GeV]
Cell[17,40]    0.00043769316408301 [GeV]
###  Total energy deposition in calorimeter by a source track in 12 cells : 0.24875509531294 (GeV)

Source track ID 626 (gamma,0.23940053141976[GeV]) at (-378.30991304726,-326.92752972207,1067.9855851714)
Original primary track ID 43 (unknown,52.984237098069[GeV])
Cell[13,10]    0.00036263021696384 [GeV]
Cell[15,29]    0.23438200260949 [GeV]
Cell[15,30]    0.0009376462253557 [GeV]
Cell[18,41]    0.00051099891 [GeV]
Cell[16,16]    0.0004690358268441 [GeV]
Cell[10,42]    0.00055289967648099 [GeV]
Cell[17,1]    0.00051099891 [GeV]
###  Total energy deposition in calorimeter by a source track in 7 cells : 0.23772621237513 (GeV)

Source track ID 358 (gamma,0.41164872010706[GeV]) at (-456.42208397931,204.15406255077,168.67818602361)
Original primary track ID 43 (unknown,52.984237098069[GeV])
Cell[10,21]    0.01081760052313 [GeV]
Cell[10,37]    0.0031568419370693 [GeV]
Cell[10,20]    0.36753464798842 [GeV]
Cell[11,20]    0.0083963221161285 [GeV]
Cell[11,21]    0.019351414309903 [GeV]
Cell[9,39]    0.0018791235444208 [GeV]
###  Total energy deposition in calorimeter by a source track in 6 cells : 0.41113595041907 (GeV)

Source track ID 359 (gamma,0.17556583448629[GeV]) at (-370.26452143871,336.01217859441,-37.728261351246)
Original primary track ID 43 (unknown,52.984237098069[GeV])
Cell[9,18]    0.17455970870065 [GeV]
Cell[9,17]    0.00086995973267489 [GeV]
Cell[9,19]    0.00013616605297234 [GeV]
###  Total energy deposition in calorimeter by a source track in 3 cells : 0.17556583448629 (GeV)

Source track ID 357 (gamma,0.41324573943274[GeV]) at (303.44001238969,-397.39672731534,976.47730315274)
Original primary track ID 43 (unknown,52.984237098069[GeV])
Cell[14,31]    0.002055032030701 [GeV]
Cell[14,40]    0.1619991503705 [GeV]
Cell[14,41]    0.034299574451801 [GeV]
Cell[15,41]    0.069511375504733 [GeV]
Cell[14,39]    0.0025719675584967 [GeV]
Cell[15,40]    0.13995936100773 [GeV]
Cell[15,4]    0.0011024495739967 [GeV]
###  Total energy deposition in calorimeter by a source track in 7 cells : 0.41149891049796 (GeV)

Source track ID 306 (gamma,0.00048969154015137[GeV]) at (-322.52983188736,382.06610362961,-252.65755529258)
Original primary track ID 43 (unknown,52.984237098069[GeV])
Cell[8,17]    0.00048969154015137 [GeV]
###  Total energy deposition in calorimeter by a source track in 1 cells : 0.00048969154015137 (GeV)

Source track ID 307 (neutron,1.0143763312966[GeV]) at (-451.39383360382,215.04326770315,222.90888235516)
Original primary track ID 43 (unknown,52.984237098069[GeV])
Cell[13,23]    8.558433764847e-06 [GeV]
Cell[12,20]    0.005131435086533 [GeV]
Cell[12,19]    0.0036412154533254 [GeV]
Cell[13,25]    9.6042640507221e-13 [GeV]
Cell[11,20]    0.00072585168837361 [GeV]
Cell[11,19]    0.00019644426649279 [GeV]
Cell[11,18]    1.1401450914036e-05 [GeV]
Cell[12,18]    0.00072300769374533 [GeV]
Cell[12,17]    1.2832725301223e-05 [GeV]
Cell[13,17]    6.5601594440068e-07 [GeV]
Cell[12,21]    0.005459792751446 [GeV]
Cell[12,22]    0.00048537542014913 [GeV]
Cell[12,23]    0.00042824811649621 [GeV]
Cell[12,24]    1.0463784425269e-05 [GeV]
Cell[13,21]    9.4666403856536e-07 [GeV]
Cell[13,20]    2.5232541815967e-08 [GeV]
###  Total energy deposition in calorimeter by a source track in 16 cells : 0.016836254784452 (GeV)

Source track ID 308 (neutron,0.95449841692733[GeV]) at (-487.73363969883,110.07223403808,-96.350976778912)
Original primary track ID 43 (unknown,52.984237098069[GeV])
Cell[10,21]    0.00027948992854544 [GeV]
Cell[9,22]    0.006524788186018 [GeV]
Cell[10,22]    2.0405513350852e-06 [GeV]
Cell[9,21]    4.4028035961219e-07 [GeV]
Cell[9,23]    0.00070776875768825 [GeV]
###  Total energy deposition in calorimeter by a source track in 5 cells : 0.0075145277039464 (GeV)

Source track ID 310 (gamma,0.0036781810765127[GeV]) at (-449.87554943967,218.2017186375,-181.79609073164)
Original primary track ID 43 (unknown,52.984237098069[GeV])
Cell[9,20]    0.0036781810765127 [GeV]
###  Total energy deposition in calorimeter by a source track in 1 cells : 0.0036781810765127 (GeV)

Source track ID 311 (gamma,0.0011935886015807[GeV]) at (-499.29442492567,26.553290533246,-300.91182194265)
Original primary track ID 43 (unknown,52.984237098069[GeV])
Cell[8,23]    0.0011935886015807 [GeV]
###  Total energy deposition in calorimeter by a source track in 1 cells : 0.0011935886015807 (GeV)

Source track ID 312 (gamma,0.00059638310754378[GeV]) at (499.99803448338,-1.4019674580659,-436.28586731348)
Original primary track ID 43 (unknown,52.984237098069[GeV])
Cell[7,47]    0.00059638310754378 [GeV]
###  Total energy deposition in calorimeter by a source track in 1 cells : 0.00059638310754378 (GeV)

Source track ID 313 (gamma,0.00038396296086521[GeV]) at (-195.95310817699,460.00258629249,327.95984795549)
Original primary track ID 43 (unknown,52.984237098069[GeV])
Cell[11,15]    0.00038396296086521 [GeV]
###  Total energy deposition in calorimeter by a source track in 1 cells : 0.00038396296086521 (GeV)

Source track ID 251 (gamma,0.0056427967396733[GeV]) at (494.13049068219,76.38755250811,1188.4412261799)
Original primary track ID 43 (unknown,52.984237098069[GeV])
Cell[16,1]    0.0056427967396733 [GeV]
###  Total energy deposition in calorimeter by a source track in 1 cells : 0.0056427967396733 (GeV)

Source track ID 252 (gamma,0.0052219633887345[GeV]) at (-442.96417515312,231.91105952696,-491.2134629091)
Original primary track ID 43 (unknown,52.984237098069[GeV])
Cell[7,20]    0.0052219633887345 [GeV]
###  Total energy deposition in calorimeter by a source track in 1 cells : 0.0052219633887345 (GeV)

Source track ID 253 (gamma,0.0013327477574231[GeV]) at (-308.41678190003,393.54680616469,-407.02105335374)
Original primary track ID 43 (unknown,52.984237098069[GeV])
Cell[7,16]    0.0013327477574231 [GeV]
###  Total energy deposition in calorimeter by a source track in 1 cells : 0.0013327477574231 (GeV)

Source track ID 241 (gamma,0.0043968335052791[GeV]) at (-474.56634209732,157.43820041008,-287.52369011308)
Original primary track ID 43 (unknown,52.984237098069[GeV])
Cell[8,21]    0.0043968335052791 [GeV]
###  Total energy deposition in calorimeter by a source track in 1 cells : 0.0043968335052791 (GeV)

Source track ID 243 (gamma,0.0017508924093049[GeV]) at (-493.63572910471,-79.522116114068,-140.91877154223)
Original primary track ID 43 (unknown,52.984237098069[GeV])
Cell[9,25]    0.0017508924093049 [GeV]
###  Total energy deposition in calorimeter by a source track in 1 cells : 0.0017508924093049 (GeV)

Source track ID 215 (pi+,1.0808886954416[GeV]) at (389.82820998448,-313.10376347194,505.54462039611)
Original primary track ID 43 (unknown,52.984237098069[GeV])
Cell[14,42]    0.0053475520397149 [GeV]
Cell[13,40]    0.036253466185668 [GeV]
Cell[11,16]    0.00021893153362362 [GeV]
Cell[14,40]    0.033488609853766 [GeV]
Cell[14,41]    0.027358876249589 [GeV]
Cell[15,41]    0.00014731397718265 [GeV]
Cell[14,39]    0.0074476216701963 [GeV]
Cell[15,40]    2.6629867246584e-05 [GeV]
Cell[16,1]    6.8256757222116e-06 [GeV]
Cell[12,42]    0.12654770331617 [GeV]
Cell[13,42]    0.069691103945208 [GeV]
Cell[13,41]    0.40780510546488 [GeV]
Cell[13,39]    0.0035636918264003 [GeV]
Cell[13,43]    4.5865267915133e-05 [GeV]
Cell[15,39]    0.00066469969531238 [GeV]
Cell[14,38]    0.0014301972047652 [GeV]
Cell[15,38]    0.00032097028817964 [GeV]
Cell[15,42]    1.5350348083302e-05 [GeV]
Cell[19,13]    2.5198391638696e-05 [GeV]
Cell[17,26]    0.00022135118264055 [GeV]
Cell[16,26]    0.00014769713068199 [GeV]
Cell[17,27]    2.0237854681909e-05 [GeV]
Cell[11,0]    9.6852354251723e-05 [GeV]
Cell[10,47]    4.8430095193908e-07 [GeV]
Cell[13,24]    4.4491241477544e-05 [GeV]
Cell[12,39]    7.2263771624421e-05 [GeV]
Cell[15,44]    0.0068014720844054 [GeV]
Cell[15,43]    0.00012809417640964 [GeV]
Cell[14,44]    0.0023302168203708 [GeV]
Cell[14,43]    0.00067715210003291 [GeV]
Cell[12,40]    0.00029684301764348 [GeV]
Cell[12,41]    0.003730768317029 [GeV]
###  Total energy deposition in calorimeter by a source track in 32 cells : 0.73497363715346 (GeV)

Source track ID 212 (gamma,0.028595474656773[GeV]) at (328.1859462591,377.21874910722,-300.64113703351)
Original primary track ID 43 (unknown,52.984237098069[GeV])
Cell[8,6]    0.028351742370847 [GeV]
Cell[11,24]    0.0001461693431146 [GeV]
###  Total energy deposition in calorimeter by a source track in 2 cells : 0.028497911713962 (GeV)

Source track ID 213 (gamma,0.46372847760985[GeV]) at (-465.99474696938,181.24264342847,-913.38295933636)
Original primary track ID 43 (unknown,52.984237098069[GeV])
Cell[7,7]    0.00051099891 [GeV]
Cell[5,47]    0.00047637010207917 [GeV]
Cell[4,22]    0.0021368220770116 [GeV]
Cell[5,21]    0.41856342862378 [GeV]
Cell[6,42]    0.0003630099198133 [GeV]
Cell[5,20]    0.013749521660746 [GeV]
Cell[4,21]    0.025789763449493 [GeV]
Cell[5,22]    0.0021385628669338 [GeV]
###  Total energy deposition in calorimeter by a source track in 8 cells : 0.46372847760985 (GeV)

Source track ID 210 (gamma,0.21067608644927[GeV]) at (-247.62061538533,-434.37775131352,-1046.3393876227)
Original primary track ID 43 (unknown,52.984237098069[GeV])
Cell[4,32]    0.14390305752151 [GeV]
Cell[4,31]    0.059192850432436 [GeV]
Cell[1,17]    0.0028573270321425 [GeV]
Cell[13,46]    0.00086045553777805 [GeV]
###  Total energy deposition in calorimeter by a source track in 4 cells : 0.20681369052386 (GeV)

Source track ID 208 (gamma,0.06726801612498[GeV]) at (-461.11390251385,-193.32348255824,-562.35052722159)
Original primary track ID 43 (unknown,52.984237098069[GeV])
Cell[7,27]    0.055504861311938 [GeV]
Cell[6,26]    0.0036725470941329 [GeV]
Cell[7,26]    0.0029040998144191 [GeV]
Cell[6,27]    0.00415229357821 [GeV]
Cell[12,2]    0.00103421432628 [GeV]
###  Total energy deposition in calorimeter by a source track in 5 cells : 0.06726801612498 (GeV)

Source track ID 209 (gamma,1.2213291054873[GeV]) at (-495.81010252032,64.593670268736,-1525.2871340715)
Original primary track ID 43 (unknown,52.984237098069[GeV])
Cell[8,1]    0.0034357016635831 [GeV]
Cell[0,43]    0.00048971989242918 [GeV]
Cell[2,11]    0.00049143625339582 [GeV]
Cell[2,24]    0.0021975159302655 [GeV]
Cell[0,1]    0.0016480695018611 [GeV]
Cell[1,42]    0.0014056759935544 [GeV]
Cell[1,46]    7.9526756331177e-05 [GeV]
Cell[1,21]    0.0011974180408671 [GeV]
Cell[1,24]    0.002579314614293 [GeV]
Cell[2,23]    0.54448146141382 [GeV]
Cell[1,0]    0.00056164376647519 [GeV]
Cell[1,29]    0.0030982437650434 [GeV]
Cell[6,42]    0.00097564239858997 [GeV]
Cell[2,22]    0.54117484515398 [GeV]
Cell[1,22]    0.041357151537314 [GeV]
Cell[2,21]    0.0024180882185069 [GeV]
Cell[2,44]    0.00028937306088451 [GeV]
Cell[1,36]    0.0072325593779585 [GeV]
Cell[1,37]    0.0010786553653034 [GeV]
Cell[4,43]    0.0042250331439661 [GeV]
Cell[0,9]    0.0013730401098592 [GeV]
Cell[1,34]    0.0031773983480753 [GeV]
Cell[0,16]    0.00023348808688708 [GeV]
Cell[1,23]    0.014193895533831 [GeV]
Cell[2,35]    0.0039756145473003 [GeV]
Cell[2,34]    0.00051099891 [GeV]
Cell[0,31]    1.0858437250135e-05 [GeV]
Cell[1,11]    6.2221366388258e-06 [GeV]
Cell[2,0]    0.001587097053429 [GeV]
Cell[3,47]    0.00047820631250152 [GeV]
Cell[1,25]    0.0010945616899607 [GeV]
Cell[2,29]    0.00064730300677186 [GeV]
Cell[3,7]    0.00051099891 [GeV]
Cell[6,5]    0.00026266779941311 [GeV]
Cell[0,4]    0.00074183816023355 [GeV]
###  Total energy deposition in calorimeter by a source track in 35 cells : 1.1892212648906 (GeV)

Source track ID 93 (proton,1.0787784795135[GeV]) at (346.96497473307,-360.02125813412,-1899.6771592578)
Original primary track ID 43 (unknown,52.984237098069[GeV])
Cell[0,41]    0.14050646651355 [GeV]
###  Total energy deposition in calorimeter by a source track in 1 cells : 0.14050646651355 (GeV)

Source track ID 95 (gamma,0.00028999105909403[GeV]) at (433.86188770914,-248.52336387844,-1813.4551067916)
Original primary track ID 43 (unknown,52.984237098069[GeV])
Cell[0,44]    0.00028999105909403 [GeV]
###  Total energy deposition in calorimeter by a source track in 1 cells : 0.00028999105909403 (GeV)

>>> Summary of Event 0

Tracker hits --------------------------------------------------------------
370 hits are stored in RE01TrackerHitsCollection.

Calorimeter hits --------------------------------------------------------------
389 hits are stored in RE01CalorimeterHitsCollection.
     Total energy deposition in calorimeter : 86.602397125506 (GeV)

Trajectories in tracker --------------------------------------------------------------

Primary particles --------------------------------------------------------------

Primary vertex (0,0,0)   at t = 0 [ns]
Graphics systems deleted.
Visualization Manager deleting...
