Evt     Eprim   Etot    LXe     LXeTime PMT     PMTTime Seed1           Seed2           First   Flags
#       MeV     MeV     hits    ns      hits    ns                                      hit

4     	0.0600	0.0600	66	0x1.b4515db53d40ap-18	57	0x1.7fa285533c7aep+5	1	36556168	gamma	gamma electron 
6     	0x1.eb851eb851eb9p-5	0x1.eb851eb851eb7p-5	48	0x1.c9a5b3c3d8cebp-18	49	0x1.3066adb2fdacap+5	1	36556168	gamma	gamma electron 
7     	0x1.eb851eb851eb9p-5	0x1.a34ca0c282c6ep-6	29	0x1.7f6a6daa35e1p-18	27	0x1.67f3e6ef3299bp+5	1	36556168	gamma	gamma electron 
13    	0x1.eb851eb851eb9p-5	0x1.eb851eb851ebap-5	75	0x1.5fcda889d718cp-18	55	0x1.a00cd09560b23p+5	1	36556168	gamma	gamma electron 
14    	0x1.eb851eb851eb9p-5	0x1.d6aa990e7f8f3p-7	16	0x1.735749ef42349p-18	11	0x1.c3e3ed032feebp+5	1	36556168	gamma	gamma electron 
18    	0x1.eb851eb851eb9p-5	0x1.eb851eb851ebbp-5	52	0x1.a3eee1022b71p-10	93	0x1.768fe881f572ap+5	1	36556168	gamma	gamma electron 
19    	0x1.eb851eb851eb9p-5	0x1.eb851eb851eb7p-5	58	0x1.744d532f70824p-17	67	0x1.9a3ba0ccd6857p+5	1	36556168	gamma	gamma electron 
21    	0x1.eb851eb851eb9p-5	0x1.eb851eb851eb8p-5	56	0x1.7ce985eaefe9bp-18	83	0x1.f7befd50b90cdp+5	1	36556168	gamma	gamma electron 
22    	0x1.eb851eb851eb9p-5	0x1.59bc33f85510dp-7	4	0x1.2a9fcca4b4606p-15	9	0x1.fedf9b296256ep+4	1	36556168	gamma	gamma electron 
23    	0x1.eb851eb851eb9p-5	0x1.b515014d3abdbp-6	24	0x1.845737216c435p-18	25	0x1.a8587dd5a1c3dp+5	1	36556168	gamma	gamma electron 
24    	0x1.eb851eb851eb9p-5	0x1.ef1a6a0e9193ap-6	30	0x1.9be8d48bdbd09p-12	32	0x1.0b2c25036e046p+5	1	36556168	gamma	gamma electron 
27    	0x1.eb851eb851eb9p-5	0x1.eb851eb851eb8p-5	69	0x1.89b73b4fb62e6p-18	86	0x1.714e4093876b1p+5	1	36556168	gamma	gamma electron 
30    	0x1.eb851eb851eb9p-5	0x1.ef1a6a0e91932p-6	25	0x1.f1592e9c7f622p-18	31	0x1.c11e85cd4042ep+5	1	36556168	gamma	gamma electron 
31    	0x1.eb851eb851eb9p-5	0x1.eb851eb851ebdp-5	61	0x1.5f48dbe798761p-18	50	0x1.16197bb72660dp+5	1	36556168	gamma	gamma electron 
33    	0x1.eb851eb851eb9p-5	0x1.eb851eb851eb7p-5	60	0x1.d626c06630e16p-18	39	0x1.9b9198347f099p+5	1	36556168	gamma	gamma electron 
34    	0x1.eb851eb851eb9p-5	0x1.eb851eb851eb9p-5	56	0x1.8205380cb6768p-18	55	0x1.665f3278b7d99p+5	1	36556168	gamma	gamma electron 
35    	0x1.eb851eb851eb9p-5	0x1.888603f19990ap-6	48	0x1.2377e6a3d6b44p-13	25	0x1.e9ba3807cc168p+5	1	36556168	e-	electron 
36    	0x1.eb851eb851eb9p-5	0x1.eb851eb851eb7p-5	74	0x1.0b060e48de7dap-17	40	0x1.60826c40e13e9p+5	1	36556168	gamma	gamma electron 
37    	0x1.eb851eb851eb9p-5	0x1.eb851eb851eb7p-5	54	0x1.541f19645ae72p-18	72	0x1.63e055782c37ap+5	1	36556168	gamma	gamma electron 
41    	0x1.eb851eb851eb9p-5	0x1.eb851eb851ebap-5	59	0x1.e52835cde6a4ep-18	43	0x1.5d4d48b676393p+5	1	36556168	gamma	gamma electron 
49    	0x1.eb851eb851eb9p-5	0x1.ef1a6a0e91932p-6	27	0x1.9a081ec46f617p-18	34	0x1.7ce4fc43b6387p+5	1	36556168	gamma	gamma electron 
51    	0x1.eb851eb851eb9p-5	0x1.eb851eb851ebcp-5	58	0x1.0b8cfe2c94824p-17	56	0x1.859a3771774cdp+5	1	36556168	gamma	gamma electron 
56    	0x1.eb851eb851eb9p-5	0x1.eb851eb851eb8p-5	56	0x1.7d060f3479942p-18	67	0x1.63903cd7e417bp+5	1	36556168	gamma	gamma electron 
57    	0x1.eb851eb851eb9p-5	0x1.651c2fd5101eep-5	60	0x1.3205566cae7dbp-12	34	0x1.33e1ea218e7d7p+5	1	36556168	e-	gamma electron 
60    	0x1.eb851eb851eb9p-5	0x1.eb851eb851eb5p-5	85	0x1.3a7bb2bc2504fp-9	58	0x1.8605a5df48169p+5	1	36556168	gamma	gamma electron 
61    	0x1.eb851eb851eb9p-5	0x1.eb851eb851ebap-5	58	0x1.a8974aebba56dp-17	78	0x1.4150427a57624p+5	1	36556168	gamma	gamma electron 
66    	0x1.eb851eb851eb9p-5	0x1.ef1a6a0e91938p-6	28	0x1.750a15847261cp-9	101	0x1.8a66ca4f30321p+5	1	36556168	gamma	gamma electron 
67    	0x1.eb851eb851eb9p-5	0x1.b00e5024db81ap-6	26	0x1.284ef663d6d0ep-17	14	0x1.0c3f86da9598cp+6	1	36556168	gamma	gamma electron 
70    	0x1.eb851eb851eb9p-5	0x1.eb851eb851eb7p-5	55	0x1.bb4a799c38edfp-18	59	0x1.69e7948b65cfcp+5	1	36556168	gamma	gamma electron 
72    	0x1.eb851eb851eb9p-5	0x1.eb851eb851eb8p-5	56	0x1.deb77b8788da2p-18	111	0x1.6c0eef693569cp+5	1	36556168	gamma	gamma electron 
73    	0x1.eb851eb851eb9p-5	0x1.ef1a6a0e91934p-6	26	0x1.1b91bbc4a1e76p-8	148	0x1.4fbe2cbe97ab7p+5	1	36556168	gamma	gamma electron 
75    	0x1.eb851eb851eb9p-5	0x1.eb851eb851eb9p-5	66	0x1.d80616d0a7f95p-13	55	0x1.403e5416c79d2p+5	1	36556168	gamma	gamma electron 
76    	0x1.eb851eb851eb9p-5	0x1.eb851eb851eb7p-5	59	0x1.839fcbb402edp-17	56	0x1.9807734295c47p+5	1	36556168	gamma	gamma electron 
78    	0x1.eb851eb851eb9p-5	0x1.f47f2ddd88dccp-6	35	0x1.c307d4d8a7215p-16	39	0x1.d3bd5b2765399p+5	1	36556168	gamma	gamma electron 
79    	0x1.eb851eb851eb9p-5	0x1.eb851eb851ebep-5	54	0x1.200963ed5d0b6p-17	76	0x1.1ced4d5a75a2dp+5	1	36556168	gamma	gamma electron 
80    	0x1.eb851eb851eb9p-5	0x1.eb851eb851eb7p-5	90	0x1.b2a21d0e52f16p-13	71	0x1.3c2f7e5c624bbp+5	1	36556168	gamma	gamma electron 
83    	0x1.eb851eb851eb9p-5	0x1.eb851eb851eb6p-5	51	0x1.ae8437f81504fp-18	47	0x1.9d0d527ecc8a6p+5	1	36556168	gamma	gamma electron 
84    	0x1.eb851eb851eb9p-5	0x1.eb851eb851ebap-5	77	0x1.a42aa30a9fff4p-18	58	0x1.82d6ec74357adp+5	1	36556168	gamma	gamma electron 
85    	0x1.eb851eb851eb9p-5	0x1.eb851eb851ebdp-5	52	0x1.59615da6ea279p-18	65	0x1.9f85b360b03fap+5	1	36556168	gamma	gamma electron 
89    	0x1.eb851eb851eb9p-5	0x1.eb851eb851eb5p-5	76	0x1.e7febb062feb9p-18	58	0x1.6fce8baf750fdp+5	1	36556168	gamma	gamma electron 
90    	0x1.eb851eb851eb9p-5	0x1.eb851eb851eb8p-5	63	0x1.955071afd88a5p-18	97	0x1.668e678c79dbbp+5	1	36556168	gamma	gamma electron 
92    	0x1.eb851eb851eb9p-5	0x1.eb851eb851eb9p-5	55	0x1.a763dc8659e08p-17	52	0x1.8146172d85f37p+5	1	36556168	gamma	gamma electron 
93    	0x1.eb851eb851eb9p-5	0x1.eb851eb851eb7p-5	65	0x1.0766ef15cb017p-16	61	0x1.8a7ca6fc4afa8p+5	1	36556168	gamma	gamma electron 
95    	0x1.eb851eb851eb9p-5	0x1.ef1a6a0e91934p-6	24	0x1.8f4b18b0da7b2p-18	29	0x1.7734173bbebe3p+5	1	36556168	gamma	gamma electron 
96    	0x1.eb851eb851eb9p-5	0x1.ef1a6a0e91934p-6	39	0x1.411f0323f5af8p-15	34	0x1.5814da66030d6p+5	1	36556168	gamma	gamma electron 
98    	0x1.eb851eb851eb9p-5	0x1.b5164cc885954p-9	2	0x1.9ebd66db18e28p-16	2	0x1.1e70d848d55a9p+6	1	36556168	gamma	gamma electron 
99    	0x1.eb851eb851eb9p-5	0x1.eb851eb851ebap-5	53	0x1.8bd27cac59cp-18	62	0x1.a2feb49eb239bp+5	1	36556168	gamma	gamma electron 
101   	0x1.eb851eb851eb9p-5	0x1.be85e22cb0623p-7	10	0x1.46f149cca0946p-12	14	0x1.ebc0a57eb0aeap+4	1	36556168	gamma	gamma electron 
104   	0x1.eb851eb851eb9p-5	0x1.0b1a22fbb139dp-6	47	0x1.47f1365bc129bp-14	15	0x1.b268db4cab308p+5	1	36556168	e-	electron 
112   	0x1.eb851eb851eb9p-5	0x1.eb851eb851eb9p-5	64	0x1.7720965599decp-18	45	0x1.18818bbd0e3e8p+5	1	36556168	gamma	gamma electron 
113   	0x1.eb851eb851eb9p-5	0x1.eb851eb851eb9p-5	65	0x1.2c9d1b2b1b122p-15	54	0x1.61c480cb69c79p+5	1	36556168	gamma	gamma electron 
114   	0x1.eb851eb851eb9p-5	0x1.12f5cce4abe1dp-7	9	0x1.1ff92756f0ff6p-16	4	0x1.a461e250744f2p+3	1	36556168	gamma	gamma electron 
116   	0x1.eb851eb851eb9p-5	0x1.eb851eb851eb8p-5	71	0x1.19510a45edafep-17	71	0x1.7c56bb22f28dp+5	1	36556168	gamma	gamma electron 
120   	0x1.eb851eb851eb9p-5	0x1.eb851eb851eb9p-5	65	0x1.b720ce10823aep-18	70	0x1.c2c478b428306p+5	1	36556168	gamma	gamma electron 
121   	0x1.eb851eb851eb9p-5	0x1.eb851eb851ebap-5	48	0x1.0d368841187b4p-9	72	0x1.93bdc068bba27p+5	1	36556168	gamma	gamma electron 
124   	0x1.eb851eb851eb9p-5	0x1.5606a576984e8p-5	47	0x1.8db4dd1b3a5abp-16	42	0x1.707337089e7edp+5	1	36556168	gamma	gamma electron 
128   	0x1.eb851eb851eb9p-5	0x1.eb851eb851eb8p-5	59	0x1.66934503f4317p-18	68	0x1.7d391183d3ce5p+5	1	36556168	gamma	gamma electron 
129   	0x1.eb851eb851eb9p-5	0x1.eb851eb851eb5p-5	57	0x1.5cebcb84c0b7fp-18	67	0x1.654c861ec174fp+5	1	36556168	gamma	gamma electron 
130   	0x1.eb851eb851eb9p-5	0x1.ef1a6a0e91933p-6	28	0x1.8934227486e55p-16	31	0x1.4871506a04115p+5	1	36556168	gamma	gamma electron 
132   	0x1.eb851eb851eb9p-5	0x1.eb851eb851eb9p-5	52	0x1.aca4c171ef853p-18	50	0x1.4ffbd708341f9p+5	1	36556168	gamma	gamma electron 
133   	0x1.eb851eb851eb9p-5	0x1.eb851eb851eb8p-5	60	0x1.5cac7b4ba0c8p-17	55	0x1.42d595c35e43bp+5	1	36556168	gamma	gamma electron 
135   	0x1.eb851eb851eb9p-5	0x1.f47f2ddd88dcbp-6	27	0x1.800c8ba7ac969p-18	27	0x1.989c34b83e921p+5	1	36556168	gamma	gamma electron 
137   	0x1.eb851eb851eb9p-5	0x1.564586f2cde85p-7	9	0x1.a510f0836aa79p-13	8	0x1.11b5336a977fap+5	1	36556168	gamma	gamma electron 
138   	0x1.eb851eb851eb9p-5	0x1.eb851eb851eb8p-5	56	0x1.009b03aee932fp-17	61	0x1.87eb1241dcb4ap+5	1	36556168	gamma	gamma electron 
142   	0x1.eb851eb851eb9p-5	0x1.80769606e0fc8p-7	36	0x1.fa5834826b1e6p-15	8	0x1.5e92db3ea7c48p+5	1	36556168	e-	electron 
144   	0x1.eb851eb851eb9p-5	0x1.b116228134482p-6	18	0x1.bb72d93acb92p-17	35	0x1.515badc2a1385p+5	1	36556168	gamma	gamma electron 
145   	0x1.eb851eb851eb9p-5	0x1.ef1a6a0e91934p-6	30	0x1.44a842874f0bdp-15	42	0x1.624a50dfb27dap+5	1	36556168	gamma	gamma electron 
146   	0x1.eb851eb851eb9p-5	0x1.eb851eb851eb6p-5	54	0x1.117fd38bdcfaep-9	65	0x1.3ca85d04ae25dp+5	1	36556168	gamma	gamma electron 
151   	0x1.eb851eb851eb9p-5	0x1.eb851eb851eb6p-5	68	0x1.3c938c018abe6p-17	43	0x1.67487affb17edp+5	1	36556168	gamma	gamma electron 
152   	0x1.eb851eb851eb9p-5	0x1.eb851eb851eb7p-5	60	0x1.c3aa4107406c1p-18	80	0x1.4e6c14db904dfp+5	1	36556168	gamma	gamma electron 
164   	0x1.eb851eb851eb9p-5	0x1.eb851eb851eb6p-5	56	0x1.344914e805d3bp-17	51	0x1.6196e08eb728fp+5	1	36556168	gamma	gamma electron 
166   	0x1.eb851eb851eb9p-5	0x1.f47f2ddd88dcdp-6	15	0x1.98db8c891c892p-10	28	0x1.fc49dd8ade51dp+4	1	36556168	gamma	gamma electron 
167   	0x1.eb851eb851eb9p-5	0x1.f47f2ddd88dccp-6	32	0x1.4ca6cce1fbf7fp-15	17	0x1.5d316093b2d45p+5	1	36556168	gamma	gamma electron 
168   	0x1.eb851eb851eb9p-5	0x1.eb851eb851eb6p-5	59	0x1.dd86b5303b792p-10	67	0x1.c2647dd9d27fbp+5	1	36556168	gamma	gamma electron 
169   	0x1.eb851eb851eb9p-5	0x1.a34ca0c282c6fp-6	28	0x1.b5fbb964f3c5fp-10	73	0x1.85376a21afe67p+5	1	36556168	gamma	gamma electron 
172   	0x1.eb851eb851eb9p-5	0x1.eb851eb851eb6p-5	67	0x1.9aba285dee5abp-18	80	0x1.73d15a351268fp+5	1	36556168	gamma	gamma electron 
173   	0x1.eb851eb851eb9p-5	0x1.eb851eb851eb9p-5	68	0x1.8b4a4e9ff33efp-18	61	0x1.df9fb0121a33ap+5	1	36556168	gamma	gamma electron 
178   	0x1.eb851eb851eb9p-5	0x1.eb851eb851eb9p-5	63	0x1.e36b37bd60b11p-18	43	0x1.430c70daed944p+5	1	36556168	gamma	gamma electron 
179   	0x1.eb851eb851eb9p-5	0x1.ef1a6a0e91939p-6	32	0x1.f380b5471909p-18	24	0x1.67b0f2e465355p+5	1	36556168	gamma	gamma electron 
180   	0x1.eb851eb851eb9p-5	0x1.eb851eb851eb9p-5	73	0x1.ba6de8e8359cap-16	45	0x1.104d4d896c91ap+5	1	36556168	gamma	gamma electron 
188   	0x1.eb851eb851eb9p-5	0x1.514b76276bb87p-6	41	0x1.1e566dbfca91dp-15	21	0x1.9ff6da2175aefp+5	1	36556168	e-	electron 
193   	0x1.eb851eb851eb9p-5	0x1.eb851eb851eb7p-5	62	0x1.3b97354b56649p-17	61	0x1.5d868430ae9ecp+5	1	36556168	gamma	gamma electron 
194   	0x1.eb851eb851eb9p-5	0x1.eb851eb851ebap-5	59	0x1.5fe775ed1b597p-18	52	0x1.afacd64cb59p+5	1	36556168	gamma	gamma electron 
195   	0x1.eb851eb851eb9p-5	0x1.eb851eb851ebap-5	53	0x1.6f5405b9a8d84p-18	66	0x1.4fd475f00860cp+5	1	36556168	gamma	gamma electron 
196   	0x1.eb851eb851eb9p-5	0x1.eb851eb851eb7p-5	63	0x1.69370b9257077p-10	154	0x1.5f0f385f9d95fp+5	1	36556168	gamma	gamma electron 
198   	0x1.eb851eb851eb9p-5	0x1.eb851eb851eb9p-5	44	0x1.639d431b27903p-18	59	0x1.8c5f885f8469ap+5	1	36556168	gamma	gamma electron 
202   	0x1.eb851eb851eb9p-5	0x1.408b3fe83c81cp-10	4	0x1.6131fc72868ap-18	3	0x1.82257bb1c288dp+6	1	36556168	gamma	gamma electron 
204   	0x1.eb851eb851eb9p-5	0x1.eb851eb851eb8p-5	72	0x1.779be140bee14p-18	68	0x1.4cc94cac8c427p+5	1	36556168	gamma	gamma electron 
208   	0x1.eb851eb851eb9p-5	0x1.eb851eb851eb9p-5	72	0x1.0f03d5699d6a9p-15	64	0x1.853db6fd2f86cp+5	1	36556168	gamma	gamma electron 
209   	0x1.eb851eb851eb9p-5	0x1.eb851eb851eb6p-5	64	0x1.5f635c0234074p-18	55	0x1.b0ceeae4f7343p+5	1	36556168	gamma	gamma electron 
210   	0x1.eb851eb851eb9p-5	0x1.eb851eb851eb8p-5	66	0x1.94b4836991257p-18	52	0x1.6ca0ae466fe37p+5	1	36556168	gamma	gamma electron 
213   	0x1.eb851eb851eb9p-5	0x1.eb851eb851eb8p-5	48	0x1.4eb5ed34d30dep-10	93	0x1.477250ab43194p+5	1	36556168	gamma	gamma electron 
214   	0x1.eb851eb851eb9p-5	0x1.ef1a6a0e91936p-6	31	0x1.734c4f9f7051p-17	34	0x1.6fa342d98069p+5	1	36556168	gamma	gamma electron 
217   	0x1.eb851eb851eb9p-5	0x1.41066ee67d44cp-5	79	0x1.a5da4165e4b78p-11	33	0x1.0968b4493186fp+5	1	36556168	e-	electron 
220   	0x1.eb851eb851eb9p-5	0x1.eb851eb851eb9p-5	54	0x1.c166ae0f2fcdcp-12	56	0x1.a361a399aabb1p+5	1	36556168	gamma	gamma electron 
225   	0x1.eb851eb851eb9p-5	0x1.eb851eb851eb7p-5	55	0x1.4fcd34155650fp-16	45	0x1.beddea3a19f12p+5	1	36556168	gamma	gamma electron 
230   	0x1.eb851eb851eb9p-5	0x1.eb851eb851eb6p-5	55	0x1.dae511126e7dfp-18	56	0x1.84f46c3941bc2p+5	1	36556168	gamma	gamma electron 
232   	0x1.eb851eb851eb9p-5	0x1.ef1a6a0e91936p-6	60	0x1.c10dec95276ecp-18	40	0x1.637194f364c9ap+5	1	36556168	gamma	gamma electron 
233   	0x1.eb851eb851eb9p-5	0x1.eb851eb851eb7p-5	62	0x1.b3660db5a9da3p-18	57	0x1.6f11064a893b9p+5	1	36556168	gamma	gamma electron 
234   	0x1.eb851eb851eb9p-5	0x1.f47f2ddd88dc8p-6	34	0x1.50eaf294dde0fp-15	26	0x1.3d7072594866cp+6	1	36556168	gamma	gamma electron 
236   	0x1.eb851eb851eb9p-5	0x1.ef1a6a0e91934p-6	22	0x1.22c8870c4d13p-17	36	0x1.c981567aa63f1p+5	1	36556168	gamma	gamma electron 
240   	0x1.eb851eb851eb9p-5	0x1.eb851eb851eb6p-5	51	0x1.325be57b6154ep-16	38	0x1.864a64424b58dp+5	1	36556168	gamma	gamma electron 
242   	0x1.eb851eb851eb9p-5	0x1.9d7eb3fc3a66cp-5	65	0x1.227a9cbf6a3c5p-11	50	0x1.2fc19a1b795b2p+5	1	36556168	gamma	gamma electron 
243   	0x1.eb851eb851eb9p-5	0x1.f47f2ddd88dcbp-6	35	0x1.3a577cecfaee9p-16	23	0x1.a9257c8814c89p+5	1	36556168	gamma	gamma electron 
244   	0x1.eb851eb851eb9p-5	0x1.eb851eb851eb8p-5	57	0x1.6586266f2654cp-17	68	0x1.85cc793b3424bp+5	1	36556168	gamma	gamma electron 
249   	0x1.eb851eb851eb9p-5	0x1.eb851eb851eb6p-5	48	0x1.00593d47763f1p-17	39	0x1.382bf6c522d6ap+5	1	36556168	gamma	gamma electron 
250   	0x1.eb851eb851eb9p-5	0x1.eb851eb851ebap-5	53	0x1.63046e940a8dcp-18	59	0x1.391b37db3153ap+5	1	36556168	gamma	gamma electron 
252   	0x1.eb851eb851eb9p-5	0x1.eb851eb851eb9p-5	50	0x1.b75f8d2af41f6p-18	53	0x1.7e91cd701eff1p+5	1	36556168	gamma	gamma electron 
255   	0x1.eb851eb851eb9p-5	0x1.52762380a4fdcp-7	14	0x1.cf489c76e5393p-15	8	0x1.322a1e3e61c07p+5	1	36556168	gamma	gamma electron 
257   	0x1.eb851eb851eb9p-5	0x1.2202e2f59d808p-5	37	0x1.301d6e0974f2ap-15	27	0x1.5cee4df84dbddp+5	1	36556168	gamma	gamma electron 
258   	0x1.eb851eb851eb9p-5	0x1.eb851eb851eb6p-5	45	0x1.deeee2cd1526bp-18	70	0x1.ab5efa0bb2c5bp+5	1	36556168	gamma	gamma electron 
261   	0x1.eb851eb851eb9p-5	0x1.eb851eb851ebap-5	58	0x1.1c0c7b8b45843p-10	71	0x1.b55f3bc5dc72cp+5	1	36556168	gamma	gamma electron 
263   	0x1.eb851eb851eb9p-5	0x1.158c283552bbcp-6	17	0x1.392a2a3527c64p-11	17	0x1.508e5c34dce26p+5	1	36556168	gamma	gamma electron 
271   	0x1.eb851eb851eb9p-5	0x1.eb851eb851ebap-5	54	0x1.4f85f1d1c0852p-18	59	0x1.d67bcb952bfep+5	1	36556168	gamma	gamma electron 
275   	0x1.eb851eb851eb9p-5	0x1.eb851eb851eb9p-5	62	0x1.6eda1cf4d80e3p-10	158	0x1.932064ebfb154p+5	1	36556168	gamma	gamma electron 
279   	0x1.eb851eb851eb9p-5	0x1.eb851eb851ebap-5	67	0x1.8dd5d4acf2996p-17	54	0x1.8ff72f07f6779p+5	1	36556168	gamma	gamma electron 
280   	0x1.eb851eb851eb9p-5	0x1.eb851eb851ebcp-5	58	0x1.13a6b0a436bfbp-17	62	0x1.3609ddf5c9488p+5	1	36556168	gamma	gamma electron 
286   	0x1.eb851eb851eb9p-5	0x1.a6754a2ef83b1p-7	12	0x1.994f962dbe384p-17	16	0x1.7c8998ab91fafp+5	1	36556168	gamma	gamma electron 
289   	0x1.eb851eb851eb9p-5	0x1.abf9830e3cd9cp-6	26	0x1.530cf10c4b54ap-9	28	0x1.609de6c445bcap+5	1	36556168	gamma	gamma electron 
291   	0x1.eb851eb851eb9p-5	0x1.eb851eb851eb9p-5	66	0x1.e475b479747dbp-18	55	0x1.c87aa95a2b0a8p+5	1	36556168	gamma	gamma electron 
295   	0x1.eb851eb851eb9p-5	0x1.eb851eb851ebap-5	52	0x1.080ec9c3f4e1p-17	53	0x1.7cf72e8c9df8cp+5	1	36556168	gamma	gamma electron 
298   	0x1.eb851eb851eb9p-5	0x1.b11622813447fp-6	53	0x1.70ed4c4e3bd43p-17	23	0x1.a92a233fa23b1p+5	1	36556168	gamma	gamma electron 
300   	0x1.eb851eb851eb9p-5	0x1.eb851eb851eb9p-5	57	0x1.8819d3980aa0ep-18	63	0x1.841e153175b38p+5	1	36556168	gamma	gamma electron 
301   	0x1.eb851eb851eb9p-5	0x1.f47f2ddd88dcbp-6	27	0x1.a84192ba88a5p-17	31	0x1.2891b7dba90fep+5	1	36556168	gamma	gamma electron 
302   	0x1.eb851eb851eb9p-5	0x1.583083388572fp-6	48	0x1.73d777d55eebbp-13	25	0x1.0b52cad8f56bap+6	1	36556168	e-	electron 
305   	0x1.eb851eb851eb9p-5	0x1.eb851eb851ebbp-5	62	0x1.caee881198b82p-18	62	0x1.89b7a1f5f206bp+5	1	36556168	gamma	gamma electron 
307   	0x1.eb851eb851eb9p-5	0x1.eb851eb851eb9p-5	46	0x1.42b134174078cp-10	50	0x1.9a667b5a5873bp+5	1	36556168	gamma	gamma electron 
311   	0x1.eb851eb851eb9p-5	0x1.eb851eb851eb9p-5	64	0x1.123964473abbdp-17	64	0x1.7c763517be401p+5	1	36556168	gamma	gamma electron 
312   	0x1.eb851eb851eb9p-5	0x1.eb851eb851eb8p-5	54	0x1.0053be4e2f9bep-9	160	0x1.42124a50616ccp+5	1	36556168	gamma	gamma electron 
313   	0x1.eb851eb851eb9p-5	0x1.eb851eb851ebcp-5	73	0x1.359ce4cc5617dp-17	52	0x1.812d764ffd027p+5	1	36556168	gamma	gamma electron 
318   	0x1.eb851eb851eb9p-5	0x1.eb851eb851eb5p-5	59	0x1.0b91e1d2d04cep-9	57	0x1.4843b6dafbbaap+5	1	36556168	gamma	gamma electron 
321   	0x1.eb851eb851eb9p-5	0x1.ef1a6a0e91934p-6	23	0x1.5f0216bb1c8a1p-17	23	0x1.102e167cd4888p+6	1	36556168	gamma	gamma electron 
322   	0x1.eb851eb851eb9p-5	0x1.eb851eb851eb9p-5	52	0x1.6a82c33bfbebp-18	61	0x1.6a1daf73605ecp+5	1	36556168	gamma	gamma electron 
324   	0x1.eb851eb851eb9p-5	0x1.be85e22cb0623p-7	9	0x1.01e80215181f1p-14	20	0x1.e4ef73af822aep+4	1	36556168	gamma	gamma electron 
326   	0x1.eb851eb851eb9p-5	0x1.1488e6b28d23bp-5	33	0x1.982e68600d612p-10	90	0x1.910abedecda35p+5	1	36556168	gamma	gamma electron 
329   	0x1.eb851eb851eb9p-5	0x1.eb851eb851eb7p-5	66	0x1.76a87a3fd9172p-18	52	0x1.b047ff5fb371ep+5	1	36556168	gamma	gamma electron 
330   	0x1.eb851eb851eb9p-5	0x1.f47f2ddd88dcep-6	25	0x1.5d01a3773b458p-18	29	0x1.4c4cfd4aac6c9p+5	1	36556168	gamma	gamma electron 
334   	0x1.eb851eb851eb9p-5	0x1.eb851eb851eb9p-5	56	0x1.662dd376e5416p-18	68	0x1.4f4482ac90251p+5	1	36556168	gamma	gamma electron 
335   	0x1.eb851eb851eb9p-5	0x1.ef1a6a0e91933p-6	23	0x1.2300dad11e081p-9	39	0x1.7d72c717a000cp+5	1	36556168	gamma	gamma electron 
336   	0x1.eb851eb851eb9p-5	0x1.eb851eb851eb5p-5	53	0x1.6fda712a5265ep-18	70	0x1.9591659a4eecp+5	1	36556168	gamma	gamma electron 
339   	0x1.eb851eb851eb9p-5	0x1.f47f2ddd88dcfp-6	22	0x1.7dab796ed2413p-17	29	0x1.7d244f849f4a9p+5	1	36556168	gamma	gamma electron 
340   	0x1.eb851eb851eb9p-5	0x1.eb851eb851eb8p-5	40	0x1.88f177c2da1e3p-17	67	0x1.83fa8197eaa6bp+5	1	36556168	gamma	gamma electron 
342   	0x1.eb851eb851eb9p-5	0x1.eb851eb851eb9p-5	55	0x1.768b04039366p-18	60	0x1.1b0891938f5ebp+5	1	36556168	gamma	gamma electron 
345   	0x1.eb851eb851eb9p-5	0x1.ef1a6a0e91933p-6	26	0x1.b200419996fabp-17	31	0x1.93bd15845d99fp+5	1	36556168	gamma	gamma electron 
353   	0x1.eb851eb851eb9p-5	0x1.ef1a6a0e91936p-6	35	0x1.ec024445038fdp-16	34	0x1.667c2bd1dfb77p+5	1	36556168	gamma	gamma electron 
354   	0x1.eb851eb851eb9p-5	0x1.a34ca0c282c6fp-6	26	0x1.36742e312c36dp-14	30	0x1.46b556464bce3p+5	1	36556168	gamma	gamma electron 
359   	0x1.eb851eb851eb9p-5	0x1.eb851eb851eb7p-5	47	0x1.724f90690aeb5p-18	46	0x1.a65b90375cffp+5	1	36556168	gamma	gamma electron 
363   	0x1.eb851eb851eb9p-5	0x1.eb851eb851eb9p-5	64	0x1.784b62dcc539fp-18	47	0x1.29386a086e305p+5	1	36556168	gamma	gamma electron 
364   	0x1.eb851eb851eb9p-5	0x1.eb851eb851ebap-5	64	0x1.59a2c77d189c1p-18	57	0x1.a018682d16e0ap+5	1	36556168	gamma	gamma electron 
366   	0x1.eb851eb851eb9p-5	0x1.ef1a6a0e91937p-6	51	0x1.77a5020624f91p-16	30	0x1.be75ea9d13a78p+5	1	36556168	gamma	gamma electron 
370   	0x1.eb851eb851eb9p-5	0x1.a32e6dd194b2bp-7	12	0x1.c243f54a8f684p-14	12	0x1.0b6496afdd295p+6	1	36556168	gamma	gamma electron 
372   	0x1.eb851eb851eb9p-5	0x1.e6827aa425b2cp-6	33	0x1.68471abfef75fp-18	33	0x1.bf7ce9cc49bd5p+5	1	36556168	gamma	gamma electron 
373   	0x1.eb851eb851eb9p-5	0x1.eb851eb851eb9p-5	58	0x1.d1237e17a0d47p-18	51	0x1.40f93b9219e6bp+5	1	36556168	gamma	gamma electron 
374   	0x1.eb851eb851eb9p-5	0x1.eb851eb851ebcp-5	65	0x1.a9033103358e8p-18	56	0x1.5c069a3616de9p+5	1	36556168	gamma	gamma electron 
379   	0x1.eb851eb851eb9p-5	0x1.eb851eb851ebcp-5	56	0x1.853142ff192bcp-18	62	0x1.54f84191415bdp+5	1	36556168	gamma	gamma electron 
381   	0x1.eb851eb851eb9p-5	0x1.eb851eb851eb6p-5	62	0x1.2bb92928e2487p-17	59	0x1.81577c1f57efep+5	1	36556168	gamma	gamma electron 
383   	0x1.eb851eb851eb9p-5	0x1.eb851eb851eb8p-5	54	0x1.63adb131ea8a3p-18	62	0x1.a1b13547a74edp+5	1	36556168	gamma	gamma electron 
385   	0x1.eb851eb851eb9p-5	0x1.be85e22cb0624p-7	5	0x1.bb656f45ca324p-17	7	0x1.4876b629e6521p+5	1	36556168	gamma	gamma electron 
390   	0x1.eb851eb851eb9p-5	0x1.eb851eb851eb1p-5	80	0x1.777f7cb2d58f2p-18	67	0x1.7ec9bc9722a1p+5	1	36556168	gamma	gamma electron 
395   	0x1.eb851eb851eb9p-5	0x1.5f96c6613a312p-6	38	0x1.435d8145e5809p-12	19	0x1.deafb220e43d6p+5	1	36556168	e-	electron 
397   	0x1.eb851eb851eb9p-5	0x1.b00e5024db81fp-6	23	0x1.41506721cdaf7p-16	20	0x1.a1c3147258bbp+4	1	36556168	gamma	gamma electron 
398   	0x1.eb851eb851eb9p-5	0x1.eb851eb851eb9p-5	46	0x1.f95ade5309509p-18	60	0x1.469cc6bf3ee01p+5	1	36556168	gamma	gamma electron 
400   	0x1.eb851eb851eb9p-5	0x1.337f56c1d8538p-5	58	0x1.25a678a53f8cep-15	33	0x1.41cfde43c20c8p+5	1	36556168	e-	electron 
403   	0x1.eb851eb851eb9p-5	0x1.eb851eb851eb8p-5	52	0x1.241d57233ca1ep-17	64	0x1.636ed4721f83ap+5	1	36556168	gamma	gamma electron 
407   	0x1.eb851eb851eb9p-5	0x1.3981d883e3f0ap-6	35	0x1.41b2eb71c8997p-17	19	0x1.4200859e0a856p+5	1	36556168	gamma	gamma electron 
410   	0x1.eb851eb851eb9p-5	0x1.eb851eb851eb7p-5	57	0x1.93043741e569ep-18	52	0x1.b111489e08b7cp+5	1	36556168	gamma	gamma electron 
411   	0x1.eb851eb851eb9p-5	0x1.eb851eb851eb8p-5	53	0x1.1ec338d243d26p-17	53	0x1.150fedb0dd8cep+5	1	36556168	gamma	gamma electron 
414   	0x1.eb851eb851eb9p-5	0x1.eb851eb851eb9p-5	58	0x1.0461def6f6c82p-17	59	0x1.7f9d8812253d8p+5	1	36556168	gamma	gamma electron 
416   	0x1.eb851eb851eb9p-5	0x1.eb851eb851eb9p-5	59	0x1.843d73daadb16p-10	55	0x1.7d7341777cbdep+5	1	36556168	gamma	gamma electron 
421   	0x1.eb851eb851eb9p-5	0x1.eb851eb851eb5p-5	51	0x1.23b1d39ba20f5p-17	60	0x1.44c1b223640cfp+5	1	36556168	gamma	gamma electron 
424   	0x1.eb851eb851eb9p-5	0x1.7679d862001cfp-5	70	0x1.6d854ad0f35f4p-17	38	0x1.96b19f612ae27p+5	1	36556168	gamma	gamma electron 
427   	0x1.eb851eb851eb9p-5	0x1.eb851eb851eb7p-5	54	0x1.0fc21c5510432p-15	38	0x1.21fc8b5fe10f6p+5	1	36556168	gamma	gamma electron 
430   	0x1.eb851eb851eb9p-5	0x1.eb851eb851eb8p-5	74	0x1.0b6b2ff21b1c5p-9	154	0x1.7d8a4c66f3351p+5	1	36556168	gamma	gamma electron 
433   	0x1.eb851eb851eb9p-5	0x1.eb851eb851eb9p-5	56	0x1.881b05712d989p-10	176	0x1.a6406e9c1aa09p+5	1	36556168	gamma	gamma electron 
435   	0x1.eb851eb851eb9p-5	0x1.eb851eb851ebbp-5	49	0x1.4fc714e642765p-9	159	0x1.951be666e595bp+5	1	36556168	gamma	gamma electron 
436   	0x1.eb851eb851eb9p-5	0x1.eb851eb851eb8p-5	63	0x1.f93c2cf0a9e9cp-15	70	0x1.a403d17c1ea2cp+5	1	36556168	gamma	gamma electron 
437   	0x1.eb851eb851eb9p-5	0x1.1b8fa87f0faa8p-6	19	0x1.46976f8abc1e2p-15	19	0x1.023f3eaa31b52p+5	1	36556168	gamma	gamma electron 
441   	0x1.eb851eb851eb9p-5	0x1.ef1a6a0e91936p-6	27	0x1.835cbbb3f6f32p-17	24	0x1.6e5b734440809p+5	1	36556168	gamma	gamma electron 
443   	0x1.eb851eb851eb9p-5	0x1.eb851eb851eb6p-5	54	0x1.747649068c53p-18	49	0x1.a4f1e928efe14p+5	1	36556168	gamma	gamma electron 
446   	0x1.eb851eb851eb9p-5	0x1.eb851eb851ebap-5	51	0x1.ac1edc3402a56p-17	61	0x1.724de029684ap+5	1	36556168	gamma	gamma electron 
447   	0x1.eb851eb851eb9p-5	0x1.ef1a6a0e91934p-6	26	0x1.e4903084b40afp-18	30	0x1.2bdfaa5bcf0c1p+5	1	36556168	gamma	gamma electron 
448   	0x1.eb851eb851eb9p-5	0x1.eb851eb851eb9p-5	55	0x1.a5edd9bd03c7fp-15	48	0x1.51d588fc7c3adp+5	1	36556168	gamma	gamma electron 
451   	0x1.eb851eb851eb9p-5	0x1.eb851eb851ebbp-5	57	0x1.c6678fc45ade6p-18	106	0x1.5e91d573709b5p+5	1	36556168	gamma	gamma electron 
456   	0x1.eb851eb851eb9p-5	0x1.b7757b95546ebp-5	84	0x1.00f03b842375dp-8	156	0x1.7cf13f4f5066ap+5	1	36556168	gamma	gamma electron 
463   	0x1.eb851eb851eb9p-5	0x1.a3ff1c47c7f62p-6	22	0x1.514a0ca5131b3p-15	25	0x1.bbb2d1faccfbbp+5	1	36556168	gamma	gamma electron 
467   	0x1.eb851eb851eb9p-5	0x1.eb851eb851ebcp-5	37	0x1.e8700b5b66757p-18	58	0x1.735632b2d6c2bp+5	1	36556168	gamma	gamma electron 
469   	0x1.eb851eb851eb9p-5	0x1.b00e5024db81ep-6	21	0x1.d61213c70ac7dp-18	25	0x1.7fd5648aaa674p+5	1	36556168	gamma	gamma electron 
471   	0x1.eb851eb851eb9p-5	0x1.eb851eb851eb6p-5	62	0x1.8340735b20dddp-18	84	0x1.b82ce513c7fbdp+5	1	36556168	gamma	gamma electron 
479   	0x1.eb851eb851eb9p-5	0x1.ef1a6a0e91933p-6	41	0x1.5d5b5b76cac7ep-10	83	0x1.4f24e601f2ef4p+5	1	36556168	gamma	gamma electron 
486   	0x1.eb851eb851eb9p-5	0x1.f47f2ddd88dd2p-6	25	0x1.40b1a33db7ef1p-17	20	0x1.d57dfbe82a62cp+5	1	36556168	gamma	gamma electron 
490   	0x1.eb851eb851eb9p-5	0x1.eb851eb851eb2p-5	60	0x1.7444c1b6b5f43p-18	60	0x1.4ce605f270979p+5	1	36556168	gamma	gamma electron 
494   	0x1.eb851eb851eb9p-5	0x1.eb851eb851eb6p-5	56	0x1.dd9f6f5922ba8p-18	56	0x1.ba8010a7e6138p+5	1	36556168	gamma	gamma electron 
498   	0x1.eb851eb851eb9p-5	0x1.3b819b7ef0905p-5	79	0x1.3ea39e0d9d9fdp-10	27	0x1.48b1ae7b2301bp+5	1	36556168	e-	electron 
502   	0x1.eb851eb851eb9p-5	0x1.1b8fa87f0faa8p-6	26	0x1.acc74ce43595cp-16	19	0x1.b52d908a6295ep+5	1	36556168	gamma	gamma electron 
503   	0x1.eb851eb851eb9p-5	0x1.eb851eb851eb8p-5	60	0x1.5558cfe3c1fd8p-18	77	0x1.6827d0373d3fap+5	1	36556168	gamma	gamma electron 
505   	0x1.eb851eb851eb9p-5	0x1.ef1a6a0e91933p-6	28	0x1.846cbe5d111a4p-17	30	0x1.15d1641f83931p+5	1	36556168	gamma	gamma electron 
507   	0x1.eb851eb851eb9p-5	0x1.eb851eb851eb6p-5	46	0x1.12b88fcb9a133p-16	59	0x1.3a89c8546f323p+5	1	36556168	gamma	gamma electron 
508   	0x1.eb851eb851eb9p-5	0x1.eb851eb851eb7p-5	63	0x1.4002c8f4aefb4p-17	67	0x1.833736069bbdep+5	1	36556168	gamma	gamma electron 
510   	0x1.eb851eb851eb9p-5	0x1.eb851eb851eb8p-5	45	0x1.6fd4e24afe544p-18	47	0x1.46df221f1e722p+5	1	36556168	gamma	gamma electron 
511   	0x1.eb851eb851eb9p-5	0x1.eb851eb851eb8p-5	45	0x1.0dbe76c8897eep-10	50	0x1.45da555bfe2f4p+5	1	36556168	gamma	gamma electron 
515   	0x1.eb851eb851eb9p-5	0x1.f47f2ddd88ddp-6	33	0x1.b78c3312e2af7p-17	32	0x1.4b1ac94b0b479p+5	1	36556168	gamma	gamma electron 
517   	0x1.eb851eb851eb9p-5	0x1.b8ecdbc5da3cdp-7	21	0x1.53a942a5deb46p-18	11	0x1.19c197719d1acp+5	1	36556168	gamma	gamma electron 
519   	0x1.eb851eb851eb9p-5	0x1.eb851eb851eb6p-5	71	0x1.a21cc7a1072fcp-10	72	0x1.4f6c4b242b19ap+5	1	36556168	gamma	gamma electron 
521   	0x1.eb851eb851eb9p-5	0x1.b00e5024db81ep-6	22	0x1.92eb6a5479cfep-15	22	0x1.b061fd9601362p+5	1	36556168	gamma	gamma electron 
523   	0x1.eb851eb851eb9p-5	0x1.eb851eb851eb9p-5	58	0x1.ceb62619f27b5p-10	70	0x1.33707465ebc75p+5	1	36556168	gamma	gamma electron 
525   	0x1.eb851eb851eb9p-5	0x1.eb851eb851eb9p-5	48	0x1.570e812d8ef51p-18	79	0x1.a468fca68203p+5	1	36556168	gamma	gamma electron 
526   	0x1.eb851eb851eb9p-5	0x1.eb851eb851eb7p-5	67	0x1.e314d790ed58cp-16	58	0x1.5404b4ef98c29p+5	1	36556168	gamma	gamma electron 
527   	0x1.eb851eb851eb9p-5	0x1.eb851eb851eb6p-5	55	0x1.60e08b524596cp-18	66	0x1.adf8a9fbb6823p+5	1	36556168	gamma	gamma electron 
530   	0x1.eb851eb851eb9p-5	0x1.eb851eb851ebdp-5	64	0x1.95cd70de8a54ep-14	59	0x1.754aa1de3a5b3p+5	1	36556168	gamma	gamma electron 
532   	0x1.eb851eb851eb9p-5	0x1.eb851eb851eb8p-5	57	0x1.6f369d7d1e0cp-10	141	0x1.98a0cb84d8124p+5	1	36556168	gamma	gamma electron 
534   	0x1.eb851eb851eb9p-5	0x1.eb851eb851ebdp-5	95	0x1.598e9dd51b4dfp-15	62	0x1.84da83966cc48p+5	1	36556168	gamma	gamma electron 
539   	0x1.eb851eb851eb9p-5	0x1.ef1a6a0e91936p-6	33	0x1.9ddec02a27629p-18	34	0x1.5d4b85d34084fp+5	1	36556168	gamma	gamma electron 
541   	0x1.eb851eb851eb9p-5	0x1.ef1a6a0e91938p-6	27	0x1.aa46d11b88b21p-18	35	0x1.4267bb8c9178fp+5	1	36556168	gamma	gamma electron 
544   	0x1.eb851eb851eb9p-5	0x1.b00e5024db81ap-6	33	0x1.9e37f74e21721p-18	19	0x1.1535021bdc567p+5	1	36556168	gamma	gamma electron 
545   	0x1.eb851eb851eb9p-5	0x1.eb851eb851eb5p-5	56	0x1.5fee986277ba4p-18	60	0x1.64bda3b01b521p+5	1	36556168	gamma	gamma electron 
551   	0x1.eb851eb851eb9p-5	0x1.f47f2ddd88dccp-6	30	0x1.9d2e97b852f62p-18	30	0x1.3b21e131606e4p+5	1	36556168	gamma	gamma electron 
554   	0x1.eb851eb851eb9p-5	0x1.13388480ba23fp-5	51	0x1.3a9cf4801101p-16	34	0x1.d89dd6de9aba1p+5	1	36556168	e-	electron 
556   	0x1.eb851eb851eb9p-5	0x1.eb851eb851ebap-5	76	0x1.6455bb520ec53p-18	55	0x1.71a51e2c89cb7p+5	1	36556168	gamma	gamma electron 
557   	0x1.eb851eb851eb9p-5	0x1.08824406918ecp-5	64	0x1.130cc3818c56cp-16	43	0x1.7045de0afd6eap+5	1	36556168	e-	electron 
558   	0x1.eb851eb851eb9p-5	0x1.ef1a6a0e91936p-6	33	0x1.fe7816b4372eap-17	30	0x1.9f3a771788a74p+5	1	36556168	gamma	gamma electron 
559   	0x1.eb851eb851eb9p-5	0x1.eb851eb851ebbp-5	79	0x1.5ff0e8244d97fp-16	75	0x1.6ab8163fe17f1p+5	1	36556168	gamma	gamma electron 
561   	0x1.eb851eb851eb9p-5	0x1.eb851eb851ebap-5	58	0x1.3aa81161922bfp-9	127	0x1.b82bce7faa24dp+5	1	36556168	gamma	gamma electron 
563   	0x1.eb851eb851eb9p-5	0x1.eb851eb851eb6p-5	59	0x1.5e7c767166f02p-18	61	0x1.787ee13b4dd0cp+5	1	36556168	gamma	gamma electron 
564   	0x1.eb851eb851eb9p-5	0x1.eb851eb851eb6p-5	54	0x1.58be66e7fc727p-18	54	0x1.d0601baa8bab6p+5	1	36556168	gamma	gamma electron 
566   	0x1.eb851eb851eb9p-5	0x1.eb851eb851eb8p-5	81	0x1.88a98fef82912p-18	74	0x1.758cf356158e1p+5	1	36556168	gamma	gamma electron 
569   	0x1.eb851eb851eb9p-5	0x1.f47f2ddd88dcdp-6	39	0x1.9553d84ca7788p-18	28	0x1.adada23c99992p+5	1	36556168	gamma	gamma electron 
575   	0x1.eb851eb851eb9p-5	0x1.eb851eb851eb8p-5	51	0x1.620677097637fp-18	65	0x1.7de4570678989p+5	1	36556168	gamma	gamma electron 
577   	0x1.eb851eb851eb9p-5	0x1.f47f2ddd88dccp-6	23	0x1.97cbff0c7c5dbp-18	38	0x1.a8fcb60c167f2p+5	1	36556168	gamma	gamma electron 
578   	0x1.eb851eb851eb9p-5	0x1.ef1a6a0e91934p-6	14	0x1.9492b28225308p-10	97	0x1.6fde353f88af6p+5	1	36556168	gamma	gamma electron 
584   	0x1.eb851eb851eb9p-5	0x1.eb851eb851ebap-5	52	0x1.5b31a5cb1f6ecp-16	51	0x1.8760fede70e7dp+5	1	36556168	gamma	gamma electron 
586   	0x1.eb851eb851eb9p-5	0x1.eb851eb851ebap-5	75	0x1.4477bfd088181p-17	63	0x1.879fd54a714c5p+5	1	36556168	gamma	gamma electron 
588   	0x1.eb851eb851eb9p-5	0x1.eb851eb851eb4p-5	64	0x1.cd91eb9a9b1f6p-18	62	0x1.9a2d8a0a224d8p+5	1	36556168	gamma	gamma electron 
589   	0x1.eb851eb851eb9p-5	0x1.b00e5024db81bp-6	28	0x1.ceb1f5f47981p-18	25	0x1.0dc0443008aa5p+5	1	36556168	gamma	gamma electron 
593   	0x1.eb851eb851eb9p-5	0x1.eb851eb851eb6p-5	48	0x1.2349e86f37e9bp-15	57	0x1.7ecb7b09202d3p+5	1	36556168	gamma	gamma electron 
594   	0x1.eb851eb851eb9p-5	0x1.f47f2ddd88dcap-6	45	0x1.2e4a9fbb712e3p-16	32	0x1.020b34f7f1819p+6	1	36556168	gamma	gamma electron 
599   	0x1.eb851eb851eb9p-5	0x1.eb851eb851eb6p-5	59	0x1.f5732e88fe0bp-17	66	0x1.853b0a953d2f1p+5	1	36556168	gamma	gamma electron 
601   	0x1.eb851eb851eb9p-5	0x1.7f6d9e690c333p-5	44	0x1.fe7c49eb9654bp-14	42	0x1.c10018c67a014p+5	1	36556168	gamma	gamma electron 
603   	0x1.eb851eb851eb9p-5	0x1.eb851eb851eb6p-5	66	0x1.f3ec9b3b3c486p-11	71	0x1.959f1ed591f36p+5	1	36556168	gamma	gamma electron 
606   	0x1.eb851eb851eb9p-5	0x1.eb851eb851eb7p-5	56	0x1.13e64234782f9p-17	67	0x1.75c6927449a56p+5	1	36556168	gamma	gamma electron 
610   	0x1.eb851eb851eb9p-5	0x1.15e39857b61f8p-7	17	0x1.4dcb197546d71p-17	8	0x1.bab92d2892082p+5	1	36556168	gamma	gamma electron 
613   	0x1.eb851eb851eb9p-5	0x1.f47f2ddd88dcbp-6	38	0x1.162d7f9bb6598p-17	24	0x1.54c959b4e20dfp+5	1	36556168	gamma	gamma electron 
619   	0x1.eb851eb851eb9p-5	0x1.ef1a6a0e91936p-6	29	0x1.dc84fb79cf4bcp-18	29	0x1.86b78ee15662cp+5	1	36556168	gamma	gamma electron 
628   	0x1.eb851eb851eb9p-5	0x1.eb851eb851eb6p-5	49	0x1.0ddfb21ffa53bp-9	105	0x1.8a5ee227f207cp+5	1	36556168	gamma	gamma electron 
630   	0x1.eb851eb851eb9p-5	0x1.ef1a6a0e91933p-6	34	0x1.18f6c27c9cee9p-17	29	0x1.09ab5ec3cdbfep+6	1	36556168	gamma	gamma electron 
631   	0x1.eb851eb851eb9p-5	0x1.f47f2ddd88dcap-6	24	0x1.5a5f29b1e656ap-17	31	0x1.4e11b7f65de8ep+5	1	36556168	gamma	gamma electron 
632   	0x1.eb851eb851eb9p-5	0x1.eb851eb851eb8p-5	65	0x1.14155d34b414bp-17	76	0x1.896c010c53057p+5	1	36556168	gamma	gamma electron 
639   	0x1.eb851eb851eb9p-5	0x1.f47f2ddd88dccp-6	30	0x1.bd050de8d1c1ep-16	21	0x1.086f9a60cf129p+5	1	36556168	gamma	gamma electron 
642   	0x1.eb851eb851eb9p-5	0x1.eb851eb851ebbp-5	29	0x1.1b00b1c681bb8p-16	62	0x1.5105b428efad5p+5	1	36556168	gamma	gamma electron 
646   	0x1.eb851eb851eb9p-5	0x1.eb851eb851ebap-5	85	0x1.e8536608f71e4p-17	48	0x1.76dbed7f4ebfcp+5	1	36556168	gamma	gamma electron 
647   	0x1.eb851eb851eb9p-5	0x1.eb851eb851eb9p-5	52	0x1.29ac62c26156p-15	96	0x1.75717717ff7b2p+5	1	36556168	gamma	gamma electron 
648   	0x1.eb851eb851eb9p-5	0x1.eb851eb851eb7p-5	43	0x1.39b8b2935f197p-10	71	0x1.9a1213946e0fdp+5	1	36556168	gamma	gamma electron 
651   	0x1.eb851eb851eb9p-5	0x1.eb851eb851eb7p-5	62	0x1.54a9a7448cb68p-18	75	0x1.64590f6dfe1e3p+5	1	36556168	gamma	gamma electron 
653   	0x1.eb851eb851eb9p-5	0x1.b00e5024db81bp-6	27	0x1.d0cea482542bap-18	20	0x1.83536595ae499p+5	1	36556168	gamma	gamma electron 
656   	0x1.eb851eb851eb9p-5	0x1.eb851eb851eb7p-5	54	0x1.bf8fea95ad9bcp-18	65	0x1.8d10a80355951p+5	1	36556168	gamma	gamma electron 
658   	0x1.eb851eb851eb9p-5	0x1.eb851eb851eb8p-5	76	0x1.28efa99322893p-10	76	0x1.70bffa92a0307p+5	1	36556168	gamma	gamma electron 
660   	0x1.eb851eb851eb9p-5	0x1.eb851eb851eb8p-5	49	0x1.41a0d1a4cc438p-10	74	0x1.f9b50080def88p+5	1	36556168	gamma	gamma electron 
665   	0x1.eb851eb851eb9p-5	0x1.eb851eb851eb9p-5	60	0x1.0196c2c06a365p-14	49	0x1.61457ec91bc8cp+5	1	36556168	gamma	gamma electron 
666   	0x1.eb851eb851eb9p-5	0x1.eb851eb851ebap-5	43	0x1.a0841e6592d46p-10	154	0x1.6d8d32d994dafp+5	1	36556168	gamma	gamma electron 
668   	0x1.eb851eb851eb9p-5	0x1.eb851eb851eb6p-5	53	0x1.2412b729a088p-17	68	0x1.35ecfee7c160ep+5	1	36556168	gamma	gamma electron 
669   	0x1.eb851eb851eb9p-5	0x1.eb851eb851eb9p-5	56	0x1.a1054fd5dddb2p-18	54	0x1.712c13ad56049p+5	1	36556168	gamma	gamma electron 
680   	0x1.eb851eb851eb9p-5	0x1.eb851eb851ebap-5	61	0x1.4550900c7102ep-17	37	0x1.458eaf3297bc2p+5	1	36556168	gamma	gamma electron 
683   	0x1.eb851eb851eb9p-5	0x1.f47f2ddd88dcdp-6	30	0x1.4f368365b8e6bp-9	44	0x1.ce40420302c0fp+5	1	36556168	gamma	gamma electron 
689   	0x1.eb851eb851eb9p-5	0x1.eb851eb851eb9p-5	53	0x1.f8abf823e2336p-10	56	0x1.4fd2b00963b9cp+5	1	36556168	gamma	gamma electron 
692   	0x1.eb851eb851eb9p-5	0x1.b00e5024db81dp-6	27	0x1.a6572aaf016c5p-15	19	0x1.43da047803866p+5	1	36556168	gamma	gamma electron 
693   	0x1.eb851eb851eb9p-5	0x1.eb851eb851eb9p-5	61	0x1.4f122576f112cp-17	50	0x1.73fad182ad31ap+5	1	36556168	gamma	gamma electron 
694   	0x1.eb851eb851eb9p-5	0x1.eb851eb851eb8p-5	61	0x1.c09c9fa13c164p-18	53	0x1.b71369151bd9ap+5	1	36556168	gamma	gamma electron 
699   	0x1.eb851eb851eb9p-5	0x1.eb851eb851ebap-5	56	0x1.a241293983081p-11	56	0x1.b8936b855ed41p+5	1	36556168	gamma	gamma electron 
702   	0x1.eb851eb851eb9p-5	0x1.ef1a6a0e91935p-6	29	0x1.f541ccfab620fp-17	23	0x1.6fdc5572573dap+5	1	36556168	gamma	gamma electron 
704   	0x1.eb851eb851eb9p-5	0x1.eb851eb851eb7p-5	59	0x1.69bb260030705p-17	59	0x1.6ed826bbb3e99p+5	1	36556168	gamma	gamma electron 
705   	0x1.eb851eb851eb9p-5	0x1.ef1a6a0e91931p-6	33	0x1.3bda0c96500fdp-17	25	0x1.1f085c7bb56d4p+5	1	36556168	gamma	gamma electron 
706   	0x1.eb851eb851eb9p-5	0x1.92f895a873513p-7	8	0x1.28dcb860db9d3p-13	12	0x1.621df96a14c4bp+5	1	36556168	gamma	gamma electron 
711   	0x1.eb851eb851eb9p-5	0x1.eb851eb851eb8p-5	46	0x1.2bf9cbaecc2b6p-9	150	0x1.66f295630aa88p+5	1	36556168	gamma	gamma electron 
712   	0x1.eb851eb851eb9p-5	0x1.eb851eb851eb6p-5	63	0x1.ac848fc59d5dp-10	170	0x1.80cdcce9cf616p+5	1	36556168	gamma	gamma electron 
720   	0x1.eb851eb851eb9p-5	0x1.ef1a6a0e91936p-6	52	0x1.7920f81f9d035p-15	34	0x1.aaf2d69fe4ce7p+5	1	36556168	gamma	gamma electron 
721   	0x1.eb851eb851eb9p-5	0x1.ef1a6a0e91935p-6	49	0x1.71beb88ba29b9p-15	26	0x1.acb496b2399cdp+5	1	36556168	gamma	gamma electron 
722   	0x1.eb851eb851eb9p-5	0x1.eb851eb851ebbp-5	59	0x1.52b886e10ec79p-17	47	0x1.9234e5f76e4d5p+5	1	36556168	gamma	gamma electron 
724   	0x1.eb851eb851eb9p-5	0x1.5d12f822e0e15p-5	55	0x1.61137c9c229d9p-11	34	0x1.9890c96d79b04p+5	1	36556168	gamma	gamma electron 
725   	0x1.eb851eb851eb9p-5	0x1.ef1a6a0e91936p-6	45	0x1.34acedc12bd2p-14	31	0x1.60676f294aca1p+5	1	36556168	gamma	gamma electron 
726   	0x1.eb851eb851eb9p-5	0x1.ef1a6a0e91934p-6	32	0x1.52709abbfacb6p-16	24	0x1.577721258df56p+5	1	36556168	gamma	gamma electron 
727   	0x1.eb851eb851eb9p-5	0x1.eb851eb851eb8p-5	55	0x1.db58acd90ec6bp-17	55	0x1.475f2bcae3a5ep+5	1	36556168	gamma	gamma electron 
728   	0x1.eb851eb851eb9p-5	0x1.eb851eb851eb6p-5	56	0x1.7973cd2b2afc8p-18	56	0x1.799bdc74d4886p+5	1	36556168	gamma	gamma electron 
737   	0x1.eb851eb851eb9p-5	0x1.3fb5576541a35p-5	31	0x1.6cc8b9f38b4c7p-18	37	0x1.99dbd58fd8a7bp+5	1	36556168	gamma	gamma electron 
744   	0x1.eb851eb851eb9p-5	0x1.eb851eb851ebap-5	63	0x1.c49f8dbf80236p-10	65	0x1.b806bba3a2f3bp+5	1	36556168	gamma	gamma electron 
747   	0x1.eb851eb851eb9p-5	0x1.ef1a6a0e91936p-6	36	0x1.5bd9d0207e8d4p-18	31	0x1.da281443d170dp+5	1	36556168	gamma	gamma electron 
748   	0x1.eb851eb851eb9p-5	0x1.356f0a7bbd44p-5	60	0x1.0cee59ba68587p-10	36	0x1.b0d974685adbfp+5	1	36556168	e-	electron 
749   	0x1.eb851eb851eb9p-5	0x1.eb851eb851eb8p-5	54	0x1.0dd44316e593cp-17	62	0x1.49ad17ce04b4fp+5	1	36556168	gamma	gamma electron 
752   	0x1.eb851eb851eb9p-5	0x1.eb851eb851ebap-5	68	0x1.85a4d76170002p-18	48	0x1.99342f45da518p+5	1	36556168	gamma	gamma electron 
753   	0x1.eb851eb851eb9p-5	0x1.f47f2ddd88dccp-6	31	0x1.35a97de8b44dep-17	22	0x1.b9f449f876d95p+5	1	36556168	gamma	gamma electron 
754   	0x1.eb851eb851eb9p-5	0x1.eb851eb851eb6p-5	60	0x1.43a0d6da1db1bp-17	43	0x1.c7dd19b0895bdp+5	1	36556168	gamma	gamma electron 
756   	0x1.eb851eb851eb9p-5	0x1.eb851eb851eb9p-5	56	0x1.58b38c3aa5bdep-16	40	0x1.08ed414bc8c47p+6	1	36556168	gamma	gamma electron 
762   	0x1.eb851eb851eb9p-5	0x1.ef1a6a0e91934p-6	35	0x1.f78448b42b1dcp-18	33	0x1.b0dad3ec3b37ap+5	1	36556168	gamma	gamma electron 
768   	0x1.eb851eb851eb9p-5	0x1.eb851eb851eb8p-5	77	0x1.509fe03e4f281p-9	73	0x1.5f08660829f23p+5	1	36556168	gamma	gamma electron 
777   	0x1.eb851eb851eb9p-5	0x1.eb851eb851ebap-5	69	0x1.5fdb3dede9027p-16	49	0x1.023097e4bbe7ap+5	1	36556168	gamma	gamma electron 
780   	0x1.eb851eb851eb9p-5	0x1.ef1a6a0e91934p-6	22	0x1.3919a179f65fep-10	40	0x1.72584c592fc9fp+5	1	36556168	gamma	gamma electron 
785   	0x1.eb851eb851eb9p-5	0x1.ef1a6a0e91931p-6	36	0x1.8e0a56b2e34fcp-17	26	0x1.6c709d78d8216p+5	1	36556168	gamma	gamma electron 
786   	0x1.eb851eb851eb9p-5	0x1.eb851eb851eb7p-5	52	0x1.74a41fbf0e7a1p-16	48	0x1.56a5dd043a913p+5	1	36556168	gamma	gamma electron 
790   	0x1.eb851eb851eb9p-5	0x1.eb851eb851ebcp-5	55	0x1.943be61ae4b9ap-13	58	0x1.583f8126b60a4p+5	1	36556168	gamma	gamma electron 
791   	0x1.eb851eb851eb9p-5	0x1.ef1a6a0e91932p-6	32	0x1.537e7bd57f4a2p-18	35	0x1.946e6133c639fp+5	1	36556168	gamma	gamma electron 
797   	0x1.eb851eb851eb9p-5	0x1.eb851eb851eb7p-5	53	0x1.5383688136f93p-18	36	0x1.52e18b46c5c7fp+5	1	36556168	gamma	gamma electron 
800   	0x1.eb851eb851eb9p-5	0x1.ef1a6a0e91934p-6	28	0x1.9eed54b5a9272p-10	160	0x1.b7a20dcbb296fp+5	1	36556168	gamma	gamma electron 
802   	0x1.eb851eb851eb9p-5	0x1.eb851eb851ebbp-5	55	0x1.600687bf0be02p-18	62	0x1.757a95a79937fp+5	1	36556168	gamma	gamma electron 
804   	0x1.eb851eb851eb9p-5	0x1.f47f2ddd88dcdp-6	38	0x1.6a470940861bcp-17	26	0x1.95a600724cc9fp+5	1	36556168	gamma	gamma electron 
806   	0x1.eb851eb851eb9p-5	0x1.a381e547edd57p-6	26	0x1.8ba292b7a92f2p-18	36	0x1.323a69fd30501p+5	1	36556168	gamma	gamma electron 
810   	0x1.eb851eb851eb9p-5	0x1.ef1a6a0e91934p-6	27	0x1.2fda52610900ep-17	31	0x1.4caad15bb48c5p+5	1	36556168	gamma	gamma electron 
812   	0x1.eb851eb851eb9p-5	0x1.eb851eb851eb9p-5	66	0x1.39670ec8b55ebp-15	51	0x1.81bea43979cd1p+5	1	36556168	gamma	gamma electron 
813   	0x1.eb851eb851eb9p-5	0x1.eb851eb851eb8p-5	43	0x1.1989906223e4ap-17	45	0x1.8a5f8f5d68d4cp+5	1	36556168	gamma	gamma electron 
814   	0x1.eb851eb851eb9p-5	0x1.eb851eb851eb8p-5	57	0x1.4af4c978a55e2p-17	71	0x1.3f053778986cep+5	1	36556168	gamma	gamma electron 
815   	0x1.eb851eb851eb9p-5	0x1.ef1a6a0e91938p-6	17	0x1.50c027a0ee02bp-16	33	0x1.6e61ea967e0afp+5	1	36556168	gamma	gamma electron 
817   	0x1.eb851eb851eb9p-5	0x1.eb851eb851ebbp-5	60	0x1.461de9ba96a8p-16	49	0x1.1a22dec9fcc45p+5	1	36556168	gamma	gamma electron 
818   	0x1.eb851eb851eb9p-5	0x1.eb851eb851eb9p-5	61	0x1.89814b7a0841ep-18	55	0x1.30f425dd5f92bp+5	1	36556168	gamma	gamma electron 
820   	0x1.eb851eb851eb9p-5	0x1.ef1a6a0e91935p-6	45	0x1.a4df269f0fb3cp-18	10	0x1.04a84d6eedc83p+6	1	36556168	gamma	gamma electron 
822   	0x1.eb851eb851eb9p-5	0x1.ef1a6a0e9192dp-6	32	0x1.d1886ff6aec08p-18	25	0x1.b29acab6669a1p+5	1	36556168	gamma	gamma electron 
823   	0x1.eb851eb851eb9p-5	0x1.eb851eb851eb8p-5	52	0x1.1852b811d1155p-9	75	0x1.346787decc55ap+5	1	36556168	gamma	gamma electron 
825   	0x1.eb851eb851eb9p-5	0x1.ef1a6a0e91936p-6	24	0x1.9ab877367e897p-18	35	0x1.3432b7eb05975p+5	1	36556168	gamma	gamma electron 
826   	0x1.eb851eb851eb9p-5	0x1.ef1a6a0e91936p-6	44	0x1.4b6f904a772bdp-16	25	0x1.5a729be579bc7p+5	1	36556168	gamma	gamma electron 
827   	0x1.eb851eb851eb9p-5	0x1.eb851eb851eb9p-5	68	0x1.b61ec5ffe6742p-10	97	0x1.97332b7b8e7acp+5	1	36556168	gamma	gamma electron 
830   	0x1.eb851eb851eb9p-5	0x1.4dfc42055e0dep-5	32	0x1.776ea52f461fdp-17	31	0x1.628dcfdb1eb74p+5	1	36556168	gamma	gamma electron 
832   	0x1.eb851eb851eb9p-5	0x1.eb851eb851eb9p-5	54	0x1.50ee48fd58f42p-18	56	0x1.5c0b6ae10706p+5	1	36556168	gamma	gamma electron 
837   	0x1.eb851eb851eb9p-5	0x1.eb851eb851eb9p-5	35	0x1.38a4fa00de901p-15	60	0x1.a4c53be38811fp+5	1	36556168	gamma	gamma electron 
838   	0x1.eb851eb851eb9p-5	0x1.b00e5024db81cp-6	24	0x1.c714ad044de09p-18	23	0x1.e3deb0a1b2316p+4	1	36556168	gamma	gamma electron 
839   	0x1.eb851eb851eb9p-5	0x1.eb851eb851eb9p-5	51	0x1.17bd68f44ee42p-17	49	0x1.0ab7a6afada55p+5	1	36556168	gamma	gamma electron 
841   	0x1.eb851eb851eb9p-5	0x1.eb851eb851eb8p-5	53	0x1.01c3a3c3ee5d1p-17	65	0x1.7a1b01d3fb9ffp+5	1	36556168	gamma	gamma electron 
845   	0x1.eb851eb851eb9p-5	0x1.eb851eb851eb9p-5	55	0x1.a4e03b4f4f2f1p-18	64	0x1.6cdfe54e0f814p+5	1	36556168	gamma	gamma electron 
846   	0x1.eb851eb851eb9p-5	0x1.eb851eb851eb8p-5	54	0x1.ca0c6288af3a8p-10	63	0x1.4083cf9774d9fp+5	1	36556168	gamma	gamma electron 
847   	0x1.eb851eb851eb9p-5	0x1.eb851eb851eb6p-5	59	0x1.75e694e700de8p-18	68	0x1.5ecad4f3bcf88p+5	1	36556168	gamma	gamma electron 
848   	0x1.eb851eb851eb9p-5	0x1.b00e5024db819p-6	34	0x1.026117b534e14p-17	24	0x1.ac860e9f0a9c1p+5	1	36556168	gamma	gamma electron 
849   	0x1.eb851eb851eb9p-5	0x1.eb851eb851eb8p-5	52	0x1.e6f9a1220c7d2p-10	67	0x1.71f6af7b3d12bp+5	1	36556168	gamma	gamma electron 
850   	0x1.eb851eb851eb9p-5	0x1.eb851eb851eb7p-5	51	0x1.59be7131a9b83p-18	80	0x1.7fec61e9d2264p+5	1	36556168	gamma	gamma electron 
855   	0x1.eb851eb851eb9p-5	0x1.eb851eb851eb8p-5	63	0x1.c0e5b95c85d1fp-10	145	0x1.452d83adba541p+5	1	36556168	gamma	gamma electron 
858   	0x1.eb851eb851eb9p-5	0x1.eb851eb851ebap-5	57	0x1.44aa02d36e186p-16	65	0x1.4a3dafa24dceap+5	1	36556168	gamma	gamma electron 
859   	0x1.eb851eb851eb9p-5	0x1.eb851eb851eb7p-5	60	0x1.6abe3e7685d55p-10	153	0x1.607ec9a11f18bp+5	1	36556168	gamma	gamma electron 
860   	0x1.eb851eb851eb9p-5	0x1.f47f2ddd88dccp-6	27	0x1.5b41af01728a3p-17	25	0x1.5bbfb68dc364ep+5	1	36556168	gamma	gamma electron 
861   	0x1.eb851eb851eb9p-5	0x1.eb851eb851eb4p-5	65	0x1.203aafc14e663p-12	74	0x1.7d3798dc7046bp+5	1	36556168	gamma	gamma electron 
863   	0x1.eb851eb851eb9p-5	0x1.eb851eb851eb6p-5	62	0x1.0f018faa56fc3p-17	77	0x1.7a24bcd872289p+5	1	36556168	gamma	gamma electron 
868   	0x1.eb851eb851eb9p-5	0x1.1a2c34ab141fcp-5	40	0x1.1ee6176ebbae5p-15	38	0x1.eedf834412fb3p+5	1	36556168	gamma	gamma electron 
869   	0x1.eb851eb851eb9p-5	0x1.eb851eb851ebap-5	57	0x1.4f7bd7e840d0cp-10	80	0x1.8b9bdd540395p+5	1	36556168	gamma	gamma electron 
870   	0x1.eb851eb851eb9p-5	0x1.f47f2ddd88dcdp-6	22	0x1.3cf47e2703d8dp-15	38	0x1.4df0cee79f3fbp+5	1	36556168	gamma	gamma electron 
872   	0x1.eb851eb851eb9p-5	0x1.eb851eb851eb9p-5	54	0x1.1c3e13a21356ap-9	137	0x1.aa16b477df662p+5	1	36556168	gamma	gamma electron 
877   	0x1.eb851eb851eb9p-5	0x1.ef1a6a0e91935p-6	24	0x1.952fd27a189f4p-18	29	0x1.3a5c7bfe4971p+5	1	36556168	gamma	gamma electron 
878   	0x1.eb851eb851eb9p-5	0x1.eb851eb851eb7p-5	45	0x1.7b01e34399155p-18	63	0x1.4415d25bba9fbp+5	1	36556168	gamma	gamma electron 
879   	0x1.eb851eb851eb9p-5	0x1.ef1a6a0e91938p-6	23	0x1.bbc888563dd4fp-17	20	0x1.a64361ce3af8bp+5	1	36556168	gamma	gamma electron 
880   	0x1.eb851eb851eb9p-5	0x1.5ab2cd8f270dp-5	70	0x1.8148213c19991p-17	39	0x1.407e158192df8p+5	1	36556168	e-	electron 
882   	0x1.eb851eb851eb9p-5	0x1.eb851eb851eb7p-5	56	0x1.449d8261fe283p-16	54	0x1.874fc1c0c8e77p+5	1	36556168	gamma	gamma electron 
883   	0x1.eb851eb851eb9p-5	0x1.ef1a6a0e91935p-6	35	0x1.beaf0b3ba5297p-18	32	0x1.454a6ff54d9b8p+5	1	36556168	gamma	gamma electron 
884   	0x1.eb851eb851eb9p-5	0x1.ef1a6a0e91933p-6	22	0x1.5426bb276833bp-17	26	0x1.0cf7e42480d12p+5	1	36556168	gamma	gamma electron 
887   	0x1.eb851eb851eb9p-5	0x1.eb851eb851eb6p-5	75	0x1.8e6c3d8ba2121p-18	64	0x1.9c0060abce69fp+5	1	36556168	gamma	gamma electron 
890   	0x1.eb851eb851eb9p-5	0x1.eb851eb851ebap-5	65	0x1.a4a2c64d496c1p-9	111	0x1.55300430f16ddp+5	1	36556168	gamma	gamma electron 
892   	0x1.eb851eb851eb9p-5	0x1.eb851eb851eb6p-5	55	0x1.9213fea60c72ep-18	61	0x1.6bdbafe7740e1p+5	1	36556168	gamma	gamma electron 
893   	0x1.eb851eb851eb9p-5	0x1.b00e5024db81fp-6	34	0x1.02a805a3791bap-17	28	0x1.65a8bd23c1fa6p+5	1	36556168	gamma	gamma electron 
894   	0x1.eb851eb851eb9p-5	0x1.eb851eb851eb5p-5	57	0x1.734575a3880bdp-18	64	0x1.5925cf6edc817p+5	1	36556168	gamma	gamma electron 
895   	0x1.eb851eb851eb9p-5	0x1.ef1a6a0e91937p-6	18	0x1.32a71651357fcp-17	25	0x1.40fcd411411a7p+5	1	36556168	gamma	gamma electron 
905   	0x1.eb851eb851eb9p-5	0x1.eb851eb851eb8p-5	68	0x1.ce140c2b85a0ap-18	51	0x1.be817a57babcfp+5	1	36556168	gamma	gamma electron 
908   	0x1.eb851eb851eb9p-5	0x1.eb851eb851eb7p-5	59	0x1.87a6a94c1469dp-18	56	0x1.4aa92ffb5bb25p+5	1	36556168	gamma	gamma electron 
909   	0x1.eb851eb851eb9p-5	0x1.eb851eb851ebap-5	64	0x1.f5aeb538df2eap-17	56	0x1.3f839e2f61116p+5	1	36556168	gamma	gamma electron 
915   	0x1.eb851eb851eb9p-5	0x1.ef1a6a0e91933p-6	61	0x1.ab658cf0f9508p-15	20	0x1.4ece730a2b9a3p+5	1	36556168	gamma	gamma electron 
916   	0x1.eb851eb851eb9p-5	0x1.eb851eb851eb7p-5	61	0x1.98d0ef14527cp-10	160	0x1.618f23eff970dp+5	1	36556168	gamma	gamma electron 
918   	0x1.eb851eb851eb9p-5	0x1.72a72089ede77p-6	38	0x1.5b78346d68a9ap-14	32	0x1.435c1cca9059p+5	1	36556168	gamma	gamma electron 
919   	0x1.eb851eb851eb9p-5	0x1.386bb02fbab2fp-5	52	0x1.65a5bf8d2b3cp-11	28	0x1.b5aa9b212ddaap+5	1	36556168	e-	electron 
923   	0x1.eb851eb851eb9p-5	0x1.eb851eb851eb8p-5	58	0x1.72d49e93f5ce7p-10	144	0x1.50541eb5886fp+5	1	36556168	gamma	gamma electron 
924   	0x1.eb851eb851eb9p-5	0x1.eb851eb851ebap-5	55	0x1.7a14a324d97d5p-18	73	0x1.4659b75d17fe9p+5	1	36556168	gamma	gamma electron 
926   	0x1.eb851eb851eb9p-5	0x1.eb851eb851ebbp-5	54	0x1.a0ba05b08e801p-18	52	0x1.41e093018e8c5p+5	1	36556168	gamma	gamma electron 
928   	0x1.eb851eb851eb9p-5	0x1.eb851eb851eb9p-5	66	0x1.678a4ef4af74p-18	68	0x1.b8fb04698072p+5	1	36556168	gamma	gamma electron 
929   	0x1.eb851eb851eb9p-5	0x1.eb851eb851eb9p-5	52	0x1.5421df1de950bp-15	54	0x1.77e5c2e1aaa5p+5	1	36556168	gamma	gamma electron 
930   	0x1.eb851eb851eb9p-5	0x1.eb851eb851eb9p-5	53	0x1.ab18ea6e54f2dp-18	51	0x1.812f87f163444p+5	1	36556168	gamma	gamma electron 
933   	0x1.eb851eb851eb9p-5	0x1.ef1a6a0e91935p-6	30	0x1.9ee51e814adafp-17	24	0x1.5de7600f66ae7p+5	1	36556168	gamma	gamma electron 
936   	0x1.eb851eb851eb9p-5	0x1.eb851eb851eb7p-5	53	0x1.5cf6331012334p-18	76	0x1.5edd545621f8cp+5	1	36556168	gamma	gamma electron 
938   	0x1.eb851eb851eb9p-5	0x1.eb851eb851eb8p-5	57	0x1.982654d2fe895p-18	60	0x1.6f25ac0c8b5b8p+5	1	36556168	gamma	gamma electron 
939   	0x1.eb851eb851eb9p-5	0x1.eb851eb851ebep-5	82	0x1.4d7e3fa02bd7dp-17	61	0x1.834b8feb4c154p+5	1	36556168	gamma	gamma electron 
941   	0x1.eb851eb851eb9p-5	0x1.eb851eb851ebcp-5	54	0x1.ba31c3a894ba4p-17	53	0x1.938ae7c1136dcp+5	1	36556168	gamma	gamma electron 
942   	0x1.eb851eb851eb9p-5	0x1.ef1a6a0e91934p-6	22	0x1.0fdc014bafaa5p-16	20	0x1.d466bd0ed6d67p+5	1	36556168	gamma	gamma electron 
947   	0x1.eb851eb851eb9p-5	0x1.eb851eb851eb8p-5	70	0x1.89deeecdcb1b8p-18	54	0x1.9d6c354d555cp+5	1	36556168	gamma	gamma electron 
948   	0x1.eb851eb851eb9p-5	0x1.eb851eb851ebep-5	82	0x1.03f7a528730bcp-16	60	0x1.82a6e54f47bfbp+5	1	36556168	gamma	gamma electron 
951   	0x1.eb851eb851eb9p-5	0x1.eb851eb851ebap-5	56	0x1.522df2c65ce55p-18	50	0x1.b942c012860cep+5	1	36556168	gamma	gamma electron 
952   	0x1.eb851eb851eb9p-5	0x1.eb851eb851eb7p-5	50	0x1.89cfee0f856fdp-18	46	0x1.973783a38f1a2p+5	1	36556168	gamma	gamma electron 
953   	0x1.eb851eb851eb9p-5	0x1.f47f2ddd88dcbp-6	34	0x1.e9ca6a529fb62p-16	30	0x1.94a06013bb685p+5	1	36556168	gamma	gamma electron 
955   	0x1.eb851eb851eb9p-5	0x1.eb851eb851ebbp-5	56	0x1.6b037b17ea0bap-18	71	0x1.b75b1295d0086p+5	1	36556168	gamma	gamma electron 
957   	0x1.eb851eb851eb9p-5	0x1.b116228134484p-6	26	0x1.a3e86052bbeffp-18	22	0x1.0e77b16242d9fp+5	1	36556168	gamma	gamma electron 
958   	0x1.eb851eb851eb9p-5	0x1.eb851eb851eb7p-5	51	0x1.e57484e70b50ep-15	66	0x1.b41bf30ae0b61p+5	1	36556168	gamma	gamma electron 
964   	0x1.eb851eb851eb9p-5	0x1.2eee11b559da3p-5	43	0x1.94b2ad99be042p-14	42	0x1.b924582221fccp+5	1	36556168	gamma	gamma electron 
967   	0x1.eb851eb851eb9p-5	0x1.eb851eb851eb8p-5	40	0x1.541f6a52de6c8p-18	65	0x1.a85a357192bb1p+5	1	36556168	gamma	gamma electron 
969   	0x1.eb851eb851eb9p-5	0x1.eb851eb851eb7p-5	50	0x1.c4dd0e50e54e8p-10	73	0x1.960da1f3b0787p+5	1	36556168	gamma	gamma electron 
970   	0x1.eb851eb851eb9p-5	0x1.eb851eb851eb8p-5	53	0x1.61bc298e93168p-18	70	0x1.525a9e55195bbp+5	1	36556168	gamma	gamma electron 
971   	0x1.eb851eb851eb9p-5	0x1.8f5c8abf5874cp-6	59	0x1.a507d577a28f2p-15	18	0x1.ae9ff3c95a9f5p+5	1	36556168	e-	electron 
973   	0x1.eb851eb851eb9p-5	0x1.fc9d02fe79e6cp-6	66	0x1.6d4e6f5db3c3ep-14	26	0x1.34a02b0637d71p+5	1	36556168	gamma	gamma electron 
976   	0x1.eb851eb851eb9p-5	0x1.eb851eb851ebbp-5	70	0x1.7702a5f54a4ccp-17	71	0x1.144df6e4699adp+5	1	36556168	gamma	gamma electron 
977   	0x1.eb851eb851eb9p-5	0x1.eb851eb851eb7p-5	53	0x1.eae0824af9c4fp-18	66	0x1.737667a8d4ac4p+5	1	36556168	gamma	gamma electron 
978   	0x1.eb851eb851eb9p-5	0x1.ef1a6a0e91935p-6	37	0x1.64e6158f5124p-17	22	0x1.82177a904cbebp+5	1	36556168	gamma	gamma electron 
983   	0x1.eb851eb851eb9p-5	0x1.eb851eb851eb8p-5	54	0x1.b8dfc342dcb98p-18	62	0x1.7d6d59b994bc4p+5	1	36556168	gamma	gamma electron 
985   	0x1.eb851eb851eb9p-5	0x1.eb851eb851eb6p-5	72	0x1.5a5728833c82ep-10	60	0x1.71b279cde731p+5	1	36556168	gamma	gamma electron 
986   	0x1.eb851eb851eb9p-5	0x1.ef1a6a0e91937p-6	31	0x1.1dfbfe73fba8fp-17	25	0x1.83a2b3ef357fcp+5	1	36556168	gamma	gamma electron 
991   	0x1.eb851eb851eb9p-5	0x1.a34ca0c282c72p-6	24	0x1.b8221d58e543ep-18	21	0x1.4826872b25967p+5	1	36556168	gamma	gamma electron 
992   	0x1.eb851eb851eb9p-5	0x1.eb851eb851eb8p-5	60	0x1.ec49a927483bdp-18	53	0x1.6c455506411ap+5	1	36556168	gamma	gamma electron 
996   	0x1.eb851eb851eb9p-5	0x1.f47f2ddd88dcep-6	54	0x1.12255b3e408b1p-16	26	0x1.b12cc6105635ap+5	1	36556168	gamma	gamma electron 
