
        ############################################
        !!! WARNING - FPE detection is activated !!!
        ############################################


          ################################
          !!! G4Backtrace is activated !!!
          ################################


**************************************************************
 Geant4 version Name: geant4-11-04-ref-06    (30-June-2026)
                       Copyright : Geant4 Collaboration
                      References : NIM A 506 (2003), 250-303
                                 : IEEE-TNS 53 (2006), 270-278
                                 : NIM A 835 (2016), 186-225
                             WWW : http://geant4.org/
**************************************************************

Visualization Manager instantiating with verbosity "warnings (3)"...
Visualization Manager initialising...
Registering graphics systems...

You have successfully registered the following graphics systems.
Registered graphics systems are:
  ASCIITree (ATree)
  DAWNFILE (DAWNFILE)
  RayTracer (RT)
  VRML2FILE (VRML2FILE)
  gMocrenFile (gMocrenFile)
  TOOLSSG_OFFSCREEN (TSG_OFFSCREEN, TSG_FILE)
  OpenGLImmediateQt (OGLIQt, OGLI)
  OpenGLStoredQt (OGLSQt, OGLS)
  OpenGLImmediateXm (OGLIXm, OGLIQt_FALLBACK)
  OpenGLStoredXm (OGLSXm, OGLSQt_FALLBACK)
  OpenGLImmediateX (OGLIX, OGLIQt_FALLBACK, OGLIXm_FALLBACK)
  OpenGLStoredX (OGLSX, OGLSQt_FALLBACK, OGLSXm_FALLBACK)
  RayTracerX (RTX)
  RayTracerQt (RTQt)
  TOOLSSG_X11_GLES (TSG_X11_GLES, TSGX11, TSG_XT_GLES_FALLBACK)
  TOOLSSG_X11_ZB (TSG_X11_ZB, TSGX11ZB)
  TOOLSSG_XT_GLES (TSG_XT_GLES, TSGXt, TSG_QT_GLES_FALLBACK)
  TOOLSSG_XT_ZB (TSG_XT_ZB, TSGXtZB)
  TOOLSSG_QT_GLES (TSG_QT_GLES, TSGQt, TSG, OGL)
  TOOLSSG_QT_ZB (TSG_QT_ZB, TSGQtZB, TSGZB)
You may choose a graphics system (driver) with a parameter of
the command "/vis/open" or "/vis/sceneHandler/create",
or you may omit the driver parameter and choose at run time:
- by argument in the construction of G4VisExecutive
- by environment variable "G4VIS_DEFAULT_DRIVER"
- by entry in "~/.g4session"
- by build flags.
- Note: This feature is not allowed in batch mode.
For further information see "examples/basic/B1/exampleB1.cc"
and "vis.mac".

Registering model factories...

You have successfully registered the following model factories.
Registered model factories:
  generic
  drawByAttribute
  drawByCharge
  drawByOriginVolume
  drawByParticleID
  drawByEncounteredVolume

Registered models:
  None

Registered filter factories:
  attributeFilter
  chargeFilter
  originVolumeFilter
  particleFilter
  encounteredVolumeFilter

Registered filters:
  None

You have successfully registered the following user vis actions.
Run Duration User Vis Actions: none
End of Event User Vis Actions: none
End of Run User Vis Actions: none

Some /vis commands (optionally) take a string to specify colour.
"/vis/list" to see available colours.
*** /run/numberOfThreads command is issued in sequential mode.
Command is ignored.
WARNING: There is no world volume!
WARNING: There is no world volume!
PhysicsList::AddPhysicsList: <dna_opt4>

---------------------------------------------------------
---> The tracking cut is set to 9 eV 
---> The Absorber is a sphere of 1 m   radius of G4_WATER made of
 
 Material: G4_WATER H_2O   density:  1.000 g/cm3   RadL:  36.083 cm   Nucl.Int.Length:  75.375 cm 
                       Imean:  78.000 eV   temperature: 293.15 K  pressure:   1.00 atm

   --->  Element: H (H)   Z =  1.0   N =     1   A =  1.008 g/mole
         --->  Isotope:    H1   Z =  1   N =   1   A =   1.01 g/mole   abundance: 99.989 %
         --->  Isotope:    H2   Z =  1   N =   2   A =   2.01 g/mole   abundance:  0.011 %
          ElmMassFraction:  11.19 %  ElmAbundance  66.67 % 

   --->  Element: O (O)   Z =  8.0   N =    16   A = 15.999 g/mole
         --->  Isotope:   O16   Z =  8   N =  16   A =  15.99 g/mole   abundance: 99.757 %
         --->  Isotope:   O17   Z =  8   N =  17   A =  17.00 g/mole   abundance:  0.038 %
         --->  Isotope:   O18   Z =  8   N =  18   A =  18.00 g/mole   abundance:  0.205 %
          ElmMassFraction:  88.81 %  ElmAbundance  33.33 % 


---------------------------------------------------------
=======================================================================
======                 Electromagnetic Physics Parameters      ========
=======================================================================
LPM effect enabled                                 1
Enable creation and use of sampling tables         0
Apply cuts on all EM processes                     0
Use combined TransportationWithMsc                 Disabled
Use general process                                0
Enable linear polarisation for gamma               0
Enable photoeffect sampling below K-shell          1
Enable sampling of quantum entanglement            0
X-section factor for integral approach             0.8
Min kinetic energy for tables                      10 eV 
Max kinetic energy for tables                      600 MeV
Number of bins per decade of a table               20
Verbose level                                      1
Verbose level for worker thread                    0
Bremsstrahlung energy threshold above which 
  primary e+- is added to the list of secondary    100 TeV
Bremsstrahlung energy threshold above which primary
  muon/hadron is added to the list of secondary    100 TeV
Positron annihilation at rest model                AllisonPositronium
Enable 3 gamma annihilation on fly                 0
Lowest triplet kinetic energy                      1 MeV
Enable sampling of gamma linear polarisation       0
5D gamma conversion model type                     0
5D gamma conversion model on isolated ion          0
Use RiGe 5D e+e- pair production model by muons    0
Livermore data directory                           epics_2017
=======================================================================
======                 Ionisation Parameters                   ========
=======================================================================
Step function for e+-                              (0.2, 0.01 mm)
Step function for muons/hadrons                    (0.1, 0.05 mm)
Step function for light ions                       (0.1, 0.02 mm)
Step function for general ions                     (0.1, 0.001 mm)
Lowest e+e- kinetic energy                         0 eV 
Lowest muon/hadron kinetic energy                  1 keV
Use ICRU90 data                                    1
Fluctuations of dE/dx are enabled                  1
Type of fluctuation model for leptons and hadrons  Universal
Use built-in Birks saturation                      0
Build CSDA range enabled                           0
Use cut as a final range enabled                   0
Enable angular generator interface                 1
Enable parallel initialisation of physics tables   0
Max kinetic energy for CSDA tables                 1 GeV
Max kinetic energy for NIEL computation            0 eV 
Linear loss limit                                  0.01
Read data from file for e+e- pair production by mu 0
=======================================================================
======                 Multiple Scattering Parameters          ========
=======================================================================
Type of msc step limit algorithm for e+-           2
Type of msc step limit algorithm for muons/hadrons 0
Msc lateral displacement for e+- enabled           1
Msc lateral displacement for muons and hadrons     0
Urban msc model lateral displacement alg96         1
Range factor for msc step limit for e+-            0.08
Range factor for msc step limit for muons/hadrons  0.2
Geometry factor for msc step limitation of e+-     2.5
Safety factor for msc step limit for e+-           0.6
Skin parameter for msc step limitation of e+-      3
Lambda limit for msc step limit for e+-            1 mm
Use Mott correction for e- scattering              1
Factor used for dynamic computation of angular 
  limit between single and multiple scattering     1
Fixed angular limit between single 
  and multiple scattering                          3.1416 rad
Upper energy limit for e+- multiple scattering     100 MeV
Type of electron single scattering model           0
Type of nuclear form-factor                        1
Screening factor                                   1
=======================================================================
======                 Atomic Deexcitation Parameters          ========
=======================================================================
Fluorescence enabled                               1
Directory in G4LEDATA for fluorescence data files  fluor
Auger electron cascade enabled                     1
PIXE atomic de-excitation enabled                  0
De-excitation module ignores cuts                  1
Type of PIXE cross section for hadrons             Empirical
Type of PIXE cross section for e+-                 Livermore
=======================================================================
======                 DNA Physics Parameters                  ========
=======================================================================
Min DNA electron energy                            10 eV
Min DNA proton energy                              100 eV
Min DNA ion energy                                 1000 eV
Max DNA electron energy                            10 MeV
Max DNA proton energy                              3e+08 MeV
Max DNA ion energy                                 100 MeV/u
Use fast sampling in DNA models                    1
Use Stationary option in DNA models                0
Use DNA with multiple scattering of e-             0
Use DNA multiple ionisation                        0
Use DNA e- solvation model type                    11003
=======================================================================

### ===  Deexcitation model UAtomDeexcitation is activated for 1 region:
          DefaultRegionForTheWorld  1  1  0
### ===  Auger flag: 1
### ===  Ignore cuts flag:   1

phot:  for gamma SubType=12 BuildTable=0
      LambdaPrime table from 200 keV to 600 MeV in 72 bins 
      ===== EM models for the G4Region  DefaultRegionForTheWorld ======
 LivermorePhElectric : Emin=    0 eV  Emax=  600 MeV  SauterGavrila Fluo

compt:  for gamma SubType=13 BuildTable=1
      Lambda table from 10 eV  to 1 MeV, 21 bins/decade, spline: 1
      LambdaPrime table from 1 MeV to 600 MeV in 57 bins 
      ===== EM models for the G4Region  DefaultRegionForTheWorld ======
   LowEPComptonModel : Emin=    0 eV  Emax=   20 MeV Fluo
        KleinNishina : Emin=   20 MeV Emax=  600 MeV Fluo

conv:  for gamma SubType=14 BuildTable=1
      Lambda table from 1.022 MeV to 600 MeV, 28 bins/decade, spline: 1
      ===== EM models for the G4Region  DefaultRegionForTheWorld ======
     BetheHeitlerLPM : Emin=    0 eV  Emax=  600 MeV  ModifiedTsai

Rayl:  for gamma SubType=11 BuildTable=1
      Lambda table from 10 eV  to 150 keV, 21 bins/decade, spline: 0
      LambdaPrime table from 150 keV to 600 MeV in 74 bins 
      ===== EM models for the G4Region  DefaultRegionForTheWorld ======
   LivermoreRayleigh : Emin=    0 eV  Emax=  600 MeV  CullenGenerator

msc:  for e-  SubType= 10
      ===== EM models for the G4Region  DefaultRegionForTheWorld ======
  GoudsmitSaunderson : Emin=    1 MeV Emax=  600 MeV Nbins=60   1 MeV - 600 MeV
          StepLim=SafetyPlus Rfact=0.08 Gfact=2.5 Sfact=0.6 DispFlag:1 Skin=3 Llim=1 mm

eIoni:  for e-  XStype:1  SubType=2
      dE/dx and range tables from 10 eV  to 600 MeV in 160 bins
      Lambda tables from threshold to 600 MeV, 20 bins/decade, spline: 1
      StepFunction=(0.2, 0.01 mm), integ: 1, fluct: 1, linLossLim= 0.01
      ===== EM models for the G4Region  DefaultRegionForTheWorld ======
        MollerBhabha : Emin=   10 MeV Emax=  600 MeV  deltaVI

eBrem:  for e-  XStype:4  SubType=3
      dE/dx and range tables from 10 eV  to 600 MeV in 160 bins
      Lambda tables from threshold to 600 MeV, 20 bins/decade, spline: 1
      LPM flag: 1 for E > 0.6 GeV,  VertexHighEnergyTh(GeV)= 100000
      ===== EM models for the G4Region  DefaultRegionForTheWorld ======
             eBremSB : Emin=   10 MeV Emax=  600 MeV  AngularGen2BS

e-_G4DNAElectronSolvation:  for e- SubType=58 BuildTable=0
      ===== EM models for the G4Region  DefaultRegionForTheWorld ======
DNAOneStepThermalizationModel_Meesungnoen2002 : Emin=    0 eV  Emax=   10 eV 
          DummyModel : Emin=   10 eV  Emax=  600 MeV
          StepLim=UseSafety Rfact=0.04 Gfact=2.5 Sfact=0.6 DispFlag:1 Skin=1 Llim=1 mm

e-_G4DNAElastic:  for e- SubType=51 BuildTable=0
      ===== EM models for the G4Region  DefaultRegionForTheWorld ======
DNAUeharaScreenedRutherfordElasticModel : Emin=    0 eV  Emax=   10 MeV
          DummyModel : Emin=   10 MeV Emax=  600 MeV
          StepLim=UseSafety Rfact=0.04 Gfact=2.5 Sfact=0.6 DispFlag:1 Skin=1 Llim=1 mm

e-_G4DNAExcitation:  for e- SubType=52 BuildTable=0
      ===== EM models for the G4Region  DefaultRegionForTheWorld ======
DNAEmfietzoglouExcitationModel : Emin=    0 eV  Emax=   10 MeV
          DummyModel : Emin=   10 MeV Emax=  600 MeV
          StepLim=UseSafety Rfact=0.04 Gfact=2.5 Sfact=0.6 DispFlag:1 Skin=1 Llim=1 mm

e-_G4DNAIonisation:  for e- SubType=53 BuildTable=0
      ===== EM models for the G4Region  DefaultRegionForTheWorld ======
DNAEmfietzoglouIonisationModel : Emin=    0 eV  Emax=   10 MeV  deltaBorn Fluo
          DummyModel : Emin=   10 MeV Emax=  600 MeV
          StepLim=UseSafety Rfact=0.04 Gfact=2.5 Sfact=0.6 DispFlag:1 Skin=1 Llim=1 mm

msc:  for e+  SubType= 10
      ===== EM models for the G4Region  DefaultRegionForTheWorld ======
  GoudsmitSaunderson : Emin=    0 eV  Emax=  600 MeV Nbins=140 100 eV  - 600 MeV
          StepLim=SafetyPlus Rfact=0.08 Gfact=2.5 Sfact=0.6 DispFlag:1 Skin=3 Llim=1 mm

eIoni:  for e+  XStype:1  SubType=2
      dE/dx and range tables from 10 eV  to 600 MeV in 160 bins
      Lambda tables from threshold to 600 MeV, 20 bins/decade, spline: 1
      StepFunction=(0.2, 0.01 mm), integ: 1, fluct: 1, linLossLim= 0.01
      ===== EM models for the G4Region  DefaultRegionForTheWorld ======
        MollerBhabha : Emin=    0 eV  Emax=  600 MeV  deltaVI

eBrem:  for e+  XStype:4  SubType=3
      dE/dx and range tables from 10 eV  to 600 MeV in 160 bins
      Lambda tables from threshold to 600 MeV, 20 bins/decade, spline: 1
      LPM flag: 1 for E > 0.6 GeV,  VertexHighEnergyTh(GeV)= 100000
      ===== EM models for the G4Region  DefaultRegionForTheWorld ======
             eBremSB : Emin=    0 eV  Emax=  600 MeV  AngularGen2BS

annihil:  for e+ XStype:2 SubType=5 AtRestModel:Allison BuildTable=0
      ===== EM models for the G4Region  DefaultRegionForTheWorld ======
            eplus2gg : Emin=    0 eV  Emax=  600 MeV

msc:  for proton  SubType= 10
      ===== EM models for the G4Region  DefaultRegionForTheWorld ======
            UrbanMsc : Emin=    1 MeV Emax=  600 MeV Nbins=60   1 MeV - 600 MeV
          StepLim=Minimal Rfact=0.2 Gfact=2.5 Sfact=0.6 DispFlag:0 Skin=3 Llim=1 mm

hIoni:  for proton  XStype:3  SubType=2
      dE/dx and range tables from 10 eV  to 600 MeV in 160 bins
      Lambda tables from threshold to 600 MeV, 20 bins/decade, spline: 1
      StepFunction=(0.1, 0.05 mm), integ: 3, fluct: 1, linLossLim= 0.01
      ===== EM models for the G4Region  DefaultRegionForTheWorld ======
          BetheBloch : Emin=  300 MeV Emax=  600 MeV  deltaVI

proton_G4DNAElastic:  for proton SubType=51 BuildTable=0
      ===== EM models for the G4Region  DefaultRegionForTheWorld ======
  DNAIonElasticModel : Emin=    0 eV  Emax=    1 MeV
          DummyModel : Emin=    1 MeV Emax=  600 MeV
          StepLim=UseSafety Rfact=0.04 Gfact=2.5 Sfact=0.6 DispFlag:1 Skin=1 Llim=1 mm

proton_G4DNAExcitation:  for proton SubType=52 BuildTable=0
      ===== EM models for the G4Region  DefaultRegionForTheWorld ======
DNAMillerGreenExcitationModel : Emin=    0 eV  Emax=  500 keV
DNABornExcitationModel : Emin=  500 keV Emax=  100 MeV
DNARPWBAExcitationModel : Emin=  100 MeV Emax=  300 MeV
          DummyModel : Emin=  300 MeV Emax=  600 MeV
          StepLim=UseSafety Rfact=0.04 Gfact=2.5 Sfact=0.6 DispFlag:1 Skin=1 Llim=1 mm

proton_G4DNAIonisation:  for proton SubType=53 BuildTable=0
      ===== EM models for the G4Region  DefaultRegionForTheWorld ======
DNARuddIonisationExtendedModel : Emin=    0 eV  Emax=  500 keV  deltaRudd Fluo
DNABornIonisationModel : Emin=  500 keV Emax=  100 MeV  deltaBorn Fluo
DNARPWBAIonisationModel : Emin=  100 MeV Emax=  300 MeV  deltaBorn Fluo
          DummyModel : Emin=  300 MeV Emax=  600 MeV
          StepLim=UseSafety Rfact=0.04 Gfact=2.5 Sfact=0.6 DispFlag:1 Skin=1 Llim=1 mm

proton_G4DNAChargeDecrease:  for proton SubType=56 BuildTable=0
      ===== EM models for the G4Region  DefaultRegionForTheWorld ======
DNADingfelderChargeDecreaseModel : Emin=    0 eV  Emax=  100 MeV
          DummyModel : Emin=  100 MeV Emax=  600 MeV
          StepLim=UseSafety Rfact=0.04 Gfact=2.5 Sfact=0.6 DispFlag:1 Skin=1 Llim=1 mm

msc:  for GenericIon  SubType= 10
      ===== EM models for the G4Region  DefaultRegionForTheWorld ======
            UrbanMsc : Emin=    0 eV  Emax=  600 MeV
          StepLim=Minimal Rfact=0.2 Gfact=2.5 Sfact=0.6 DispFlag:0 Skin=3 Llim=1 mm

ionIoni:  for GenericIon  XStype:3  SubType=2
      dE/dx and range tables from 10 eV  to 600 MeV in 160 bins
      Lambda tables from threshold to 600 MeV, 20 bins/decade, spline: 1
      StepFunction=(0.1, 0.001 mm), integ: 3, fluct: 1, linLossLim= 0.02
      ===== EM models for the G4Region  DefaultRegionForTheWorld ======
    LindhardSorensen : Emin=  100 MeV Emax=  600 MeV  deltaVI

GenericIon_G4DNAIonisation:  for GenericIon SubType=53 BuildTable=0
      ===== EM models for the G4Region  DefaultRegionForTheWorld ======
DNAIonIonisationModel : Emin=    0 eV  Emax=  100 MeV
          DummyModel : Emin=  100 MeV Emax=  600 MeV
          StepLim=UseSafety Rfact=0.04 Gfact=2.5 Sfact=0.6 DispFlag:1 Skin=1 Llim=1 mm

nuclearStopping:  for GenericIon SubType=8 BuildTable=0
      ===== EM models for the G4Region  DefaultRegionForTheWorld ======
   ICRU49NucStopping : Emin=    0 eV  Emax=    1 MeV

msc:  for alpha  SubType= 10
      ===== EM models for the G4Region  DefaultRegionForTheWorld ======
            UrbanMsc : Emin=    1 MeV Emax=  600 MeV
          StepLim=Minimal Rfact=0.2 Gfact=2.5 Sfact=0.6 DispFlag:0 Skin=3 Llim=1 mm

ionIoni:  for alpha  XStype:1  SubType=2
      dE/dx and range tables from 10 eV  to 600 MeV in 160 bins
      Lambda tables from threshold to 600 MeV, 20 bins/decade, spline: 1
      StepFunction=(0.1, 0.02 mm), integ: 1, fluct: 1, linLossLim= 0.02
      ===== EM models for the G4Region  DefaultRegionForTheWorld ======
          BetheBloch : Emin=397.26 MeV Emax=  600 MeV  deltaVI

alpha_G4DNAElastic:  for alpha SubType=51 BuildTable=0
      ===== EM models for the G4Region  DefaultRegionForTheWorld ======
  DNAIonElasticModel : Emin=    0 eV  Emax=    1 MeV
          DummyModel : Emin=    1 MeV Emax=  600 MeV
          StepLim=UseSafety Rfact=0.04 Gfact=2.5 Sfact=0.6 DispFlag:1 Skin=1 Llim=1 mm

alpha_G4DNAExcitation:  for alpha SubType=52 BuildTable=0
      ===== EM models for the G4Region  DefaultRegionForTheWorld ======
DNAMillerGreenExcitationModel : Emin=    0 eV  Emax=397.26 MeV
          DummyModel : Emin=397.26 MeV Emax=  600 MeV
          StepLim=UseSafety Rfact=0.04 Gfact=2.5 Sfact=0.6 DispFlag:1 Skin=1 Llim=1 mm

alpha_G4DNAIonisation:  for alpha SubType=53 BuildTable=0
      ===== EM models for the G4Region  DefaultRegionForTheWorld ======
DNARuddIonisationExtendedModel : Emin=    0 eV  Emax=397.26 MeV  deltaRudd Fluo
          DummyModel : Emin=397.26 MeV Emax=  600 MeV
          StepLim=UseSafety Rfact=0.04 Gfact=2.5 Sfact=0.6 DispFlag:1 Skin=1 Llim=1 mm

alpha_G4DNAChargeDecrease:  for alpha SubType=56 BuildTable=0
      ===== EM models for the G4Region  DefaultRegionForTheWorld ======
DNADingfelderChargeDecreaseModel : Emin=    0 eV  Emax=  100 MeV
          DummyModel : Emin=  100 MeV Emax=  600 MeV
          StepLim=UseSafety Rfact=0.04 Gfact=2.5 Sfact=0.6 DispFlag:1 Skin=1 Llim=1 mm

msc:  for alpha+  SubType= 10
      ===== EM models for the G4Region  DefaultRegionForTheWorld ======
            UrbanMsc : Emin=    1 MeV Emax=  600 MeV
          StepLim=Minimal Rfact=0.2 Gfact=2.5 Sfact=0.6 DispFlag:0 Skin=3 Llim=1 mm

hIoni:  for alpha+  XStype:3  SubType=2
      dE/dx and range tables from 10 eV  to 600 MeV in 160 bins
      Lambda tables from threshold to 600 MeV, 20 bins/decade, spline: 1
      StepFunction=(0.1, 0.05 mm), integ: 3, fluct: 1, linLossLim= 0.01
      ===== EM models for the G4Region  DefaultRegionForTheWorld ======
          BetheBloch : Emin=397.264 MeV Emax=  600 MeV  deltaVI

alpha+_G4DNAElastic:  for alpha+ SubType=51 BuildTable=0
      ===== EM models for the G4Region  DefaultRegionForTheWorld ======
  DNAIonElasticModel : Emin=    0 eV  Emax=    1 MeV
          DummyModel : Emin=    1 MeV Emax=  600 MeV
          StepLim=UseSafety Rfact=0.04 Gfact=2.5 Sfact=0.6 DispFlag:1 Skin=1 Llim=1 mm

alpha+_G4DNAExcitation:  for alpha+ SubType=52 BuildTable=0
      ===== EM models for the G4Region  DefaultRegionForTheWorld ======
DNAMillerGreenExcitationModel : Emin=    0 eV  Emax=397.264 MeV
          DummyModel : Emin=397.264 MeV Emax=  600 MeV
          StepLim=UseSafety Rfact=0.04 Gfact=2.5 Sfact=0.6 DispFlag:1 Skin=1 Llim=1 mm

alpha+_G4DNAIonisation:  for alpha+ SubType=53 BuildTable=0
      ===== EM models for the G4Region  DefaultRegionForTheWorld ======
DNARuddIonisationExtendedModel : Emin=    0 eV  Emax=397.264 MeV  deltaRudd Fluo
          DummyModel : Emin=397.264 MeV Emax=  600 MeV
          StepLim=UseSafety Rfact=0.04 Gfact=2.5 Sfact=0.6 DispFlag:1 Skin=1 Llim=1 mm

alpha+_G4DNAChargeIncrease:  for alpha+ SubType=57 BuildTable=0
      ===== EM models for the G4Region  DefaultRegionForTheWorld ======
DNADingfelderChargeIncreaseModel : Emin=    0 eV  Emax=  100 MeV
          DummyModel : Emin=  100 MeV Emax=  600 MeV
          StepLim=UseSafety Rfact=0.04 Gfact=2.5 Sfact=0.6 DispFlag:1 Skin=1 Llim=1 mm

alpha+_G4DNAChargeDecrease:  for alpha+ SubType=56 BuildTable=0
      ===== EM models for the G4Region  DefaultRegionForTheWorld ======
DNADingfelderChargeDecreaseModel : Emin=    0 eV  Emax=  100 MeV
          DummyModel : Emin=  100 MeV Emax=  600 MeV
          StepLim=UseSafety Rfact=0.04 Gfact=2.5 Sfact=0.6 DispFlag:1 Skin=1 Llim=1 mm

msc:  for anti_proton  SubType= 10
      ===== EM models for the G4Region  DefaultRegionForTheWorld ======
        WentzelVIUni : Emin=    0 eV  Emax=  600 MeV
          StepLim=Minimal Rfact=0.2 Gfact=2.5 Sfact=0.6 DispFlag:0 Skin=3 Llim=1 mm

hIoni:  for anti_proton  XStype:3  SubType=2
      dE/dx and range tables from 10 eV  to 600 MeV in 160 bins
      Lambda tables from threshold to 600 MeV, 20 bins/decade, spline: 1
      StepFunction=(0.1, 0.05 mm), integ: 3, fluct: 1, linLossLim= 0.01
      ===== EM models for the G4Region  DefaultRegionForTheWorld ======
            ICRU73QO : Emin=    0 eV  Emax=    2 MeV  deltaVI
          BetheBloch : Emin=    2 MeV Emax=  600 MeV  deltaVI

helium_G4DNAElastic:  for helium SubType=51 BuildTable=0
      ===== EM models for the G4Region  DefaultRegionForTheWorld ======
  DNAIonElasticModel : Emin=    0 eV  Emax=    1 MeV
          DummyModel : Emin=    1 MeV Emax=  600 MeV
          StepLim=UseSafety Rfact=0.04 Gfact=2.5 Sfact=0.6 DispFlag:1 Skin=1 Llim=1 mm

helium_G4DNAExcitation:  for helium SubType=52 BuildTable=0
      ===== EM models for the G4Region  DefaultRegionForTheWorld ======
DNAMillerGreenExcitationModel : Emin=    0 eV  Emax=397.264 MeV
          DummyModel : Emin=397.264 MeV Emax=  600 MeV
          StepLim=UseSafety Rfact=0.04 Gfact=2.5 Sfact=0.6 DispFlag:1 Skin=1 Llim=1 mm

helium_G4DNAIonisation:  for helium SubType=53 BuildTable=0
      ===== EM models for the G4Region  DefaultRegionForTheWorld ======
DNARuddIonisationExtendedModel : Emin=    0 eV  Emax=397.264 MeV  deltaRudd Fluo
          DummyModel : Emin=397.264 MeV Emax=  600 MeV
          StepLim=UseSafety Rfact=0.04 Gfact=2.5 Sfact=0.6 DispFlag:1 Skin=1 Llim=1 mm

helium_G4DNAChargeIncrease:  for helium SubType=57 BuildTable=0
      ===== EM models for the G4Region  DefaultRegionForTheWorld ======
DNADingfelderChargeIncreaseModel : Emin=    0 eV  Emax=  100 MeV
          DummyModel : Emin=  100 MeV Emax=  600 MeV
          StepLim=UseSafety Rfact=0.04 Gfact=2.5 Sfact=0.6 DispFlag:1 Skin=1 Llim=1 mm

hydrogen_G4DNAElastic:  for hydrogen SubType=51 BuildTable=0
      ===== EM models for the G4Region  DefaultRegionForTheWorld ======
  DNAIonElasticModel : Emin=    0 eV  Emax=    1 MeV
          DummyModel : Emin=    1 MeV Emax=  600 MeV
          StepLim=UseSafety Rfact=0.04 Gfact=2.5 Sfact=0.6 DispFlag:1 Skin=1 Llim=1 mm

hydrogen_G4DNAExcitation:  for hydrogen SubType=52 BuildTable=0
      ===== EM models for the G4Region  DefaultRegionForTheWorld ======
DNAMillerGreenExcitationModel : Emin=    0 eV  Emax=  500 keV
          DummyModel : Emin=  500 keV Emax=  600 MeV
          StepLim=UseSafety Rfact=0.04 Gfact=2.5 Sfact=0.6 DispFlag:1 Skin=1 Llim=1 mm

hydrogen_G4DNAIonisation:  for hydrogen SubType=53 BuildTable=0
      ===== EM models for the G4Region  DefaultRegionForTheWorld ======
DNARuddIonisationExtendedModel : Emin=    0 eV  Emax=  100 MeV  deltaRudd Fluo
          DummyModel : Emin=  100 MeV Emax=  600 MeV
          StepLim=UseSafety Rfact=0.04 Gfact=2.5 Sfact=0.6 DispFlag:1 Skin=1 Llim=1 mm

hydrogen_G4DNAChargeIncrease:  for hydrogen SubType=57 BuildTable=0
      ===== EM models for the G4Region  DefaultRegionForTheWorld ======
DNADingfelderChargeIncreaseModel : Emin=    0 eV  Emax=  100 MeV
          DummyModel : Emin=  100 MeV Emax=  600 MeV
          StepLim=UseSafety Rfact=0.04 Gfact=2.5 Sfact=0.6 DispFlag:1 Skin=1 Llim=1 mm

msc:  for kaon+  SubType= 10
      ===== EM models for the G4Region  DefaultRegionForTheWorld ======
        WentzelVIUni : Emin=    0 eV  Emax=  600 MeV
          StepLim=Minimal Rfact=0.2 Gfact=2.5 Sfact=0.6 DispFlag:0 Skin=3 Llim=1 mm

hIoni:  for kaon+  XStype:3  SubType=2
      dE/dx and range tables from 10 eV  to 600 MeV in 160 bins
      Lambda tables from threshold to 600 MeV, 20 bins/decade, spline: 1
      StepFunction=(0.1, 0.05 mm), integ: 3, fluct: 1, linLossLim= 0.01
      ===== EM models for the G4Region  DefaultRegionForTheWorld ======
               Bragg : Emin=    0 eV  Emax=1.05231 MeV  deltaVI
          BetheBloch : Emin=1.05231 MeV Emax=  600 MeV  deltaVI

msc:  for kaon-  SubType= 10
      ===== EM models for the G4Region  DefaultRegionForTheWorld ======
        WentzelVIUni : Emin=    0 eV  Emax=  600 MeV
          StepLim=Minimal Rfact=0.2 Gfact=2.5 Sfact=0.6 DispFlag:0 Skin=3 Llim=1 mm

hIoni:  for kaon-  XStype:3  SubType=2
      dE/dx and range tables from 10 eV  to 600 MeV in 160 bins
      Lambda tables from threshold to 600 MeV, 20 bins/decade, spline: 1
      StepFunction=(0.1, 0.05 mm), integ: 3, fluct: 1, linLossLim= 0.01
      ===== EM models for the G4Region  DefaultRegionForTheWorld ======
            ICRU73QO : Emin=    0 eV  Emax=1.05231 MeV  deltaVI
          BetheBloch : Emin=1.05231 MeV Emax=  600 MeV  deltaVI

msc:  for mu+  SubType= 10
      ===== EM models for the G4Region  DefaultRegionForTheWorld ======
        WentzelVIUni : Emin=    0 eV  Emax=  600 MeV
          StepLim=Minimal Rfact=0.2 Gfact=2.5 Sfact=0.6 DispFlag:0 Skin=3 Llim=1 mm

hIoni:  for mu+  XStype:3  SubType=2
      dE/dx and range tables from 10 eV  to 600 MeV in 160 bins
      Lambda tables from threshold to 600 MeV, 20 bins/decade, spline: 1
      StepFunction=(0.1, 0.05 mm), integ: 3, fluct: 1, linLossLim= 0.01
      ===== EM models for the G4Region  DefaultRegionForTheWorld ======
               Bragg : Emin=    0 eV  Emax=225.219 keV  deltaVI
          BetheBloch : Emin=225.219 keV Emax=  600 MeV  deltaVI

msc:  for mu-  SubType= 10
      ===== EM models for the G4Region  DefaultRegionForTheWorld ======
        WentzelVIUni : Emin=    0 eV  Emax=  600 MeV
          StepLim=Minimal Rfact=0.2 Gfact=2.5 Sfact=0.6 DispFlag:0 Skin=3 Llim=1 mm

hIoni:  for mu-  XStype:3  SubType=2
      dE/dx and range tables from 10 eV  to 600 MeV in 160 bins
      Lambda tables from threshold to 600 MeV, 20 bins/decade, spline: 1
      StepFunction=(0.1, 0.05 mm), integ: 3, fluct: 1, linLossLim= 0.01
      ===== EM models for the G4Region  DefaultRegionForTheWorld ======
            ICRU73QO : Emin=    0 eV  Emax=225.219 keV  deltaVI
          BetheBloch : Emin=225.219 keV Emax=  600 MeV  deltaVI

msc:  for pi+  SubType= 10
      ===== EM models for the G4Region  DefaultRegionForTheWorld ======
        WentzelVIUni : Emin=    0 eV  Emax=  600 MeV
          StepLim=Minimal Rfact=0.2 Gfact=2.5 Sfact=0.6 DispFlag:0 Skin=3 Llim=1 mm

hIoni:  for pi+  XStype:3  SubType=2
      dE/dx and range tables from 10 eV  to 600 MeV in 160 bins
      Lambda tables from threshold to 600 MeV, 20 bins/decade, spline: 1
      StepFunction=(0.1, 0.05 mm), integ: 3, fluct: 1, linLossLim= 0.01
      ===== EM models for the G4Region  DefaultRegionForTheWorld ======
               Bragg : Emin=    0 eV  Emax=297.505 keV  deltaVI
          BetheBloch : Emin=297.505 keV Emax=  600 MeV  deltaVI

msc:  for pi-  SubType= 10
      ===== EM models for the G4Region  DefaultRegionForTheWorld ======
        WentzelVIUni : Emin=    0 eV  Emax=  600 MeV
          StepLim=Minimal Rfact=0.2 Gfact=2.5 Sfact=0.6 DispFlag:0 Skin=3 Llim=1 mm

hIoni:  for pi-  XStype:3  SubType=2
      dE/dx and range tables from 10 eV  to 600 MeV in 160 bins
      Lambda tables from threshold to 600 MeV, 20 bins/decade, spline: 1
      StepFunction=(0.1, 0.05 mm), integ: 3, fluct: 1, linLossLim= 0.01
      ===== EM models for the G4Region  DefaultRegionForTheWorld ======
            ICRU73QO : Emin=    0 eV  Emax=297.505 keV  deltaVI
          BetheBloch : Emin=297.505 keV Emax=  600 MeV  deltaVI

 ======================== run summary =====================

 The run is 1000 e- of 12.00 eV  through a sphere of radius 1.00 m  of G4_WATER (density: 1.00 g/cm3 )

 Nb of ionisations = 0.058 +- 0.234

 w = 206.897 eV  +- 833.805 eV 

 Total Energy deposited        = 12.000 eV  +- 0.002 meV

 Track length of primary track = 11.216 nm  +- 11.589 nm 
 Projected range               = 2.546 Ang +- 1.407 nm 

 Nb of steps of primary track  = 62.40 +- 62.40

 Step size                     = 1.744 Ang +- 40990.660 fm 

 ======================== run summary =====================

 The run is 1000 e- of 15.00 eV  through a sphere of radius 1.00 m  of G4_WATER (density: 1.00 g/cm3 )

 Nb of ionisations = 0.217 +- 0.412

 w = 69.124 eV  +- 131.305 eV 

 Total Energy deposited        = 15.000 eV  +- 0.002 meV

 Track length of primary track = 8.016 nm  +- 7.762 nm 
 Projected range               = 2.848 Ang +- 1.204 nm 

 Nb of steps of primary track  = 41.46 +- 38.67

 Step size                     = 1.845 Ang +- 48408.133 fm 

 ======================== run summary =====================

 The run is 1000 e- of 20.00 eV  through a sphere of radius 1.00 m  of G4_WATER (density: 1.00 g/cm3 )

 Nb of ionisations = 0.433 +- 0.495

 w = 46.189 eV  +- 52.855 eV 

 Total Energy deposited        = 20.000 eV  +- 0.003 meV

 Track length of primary track = 10.808 nm  +- 12.053 nm 
 Projected range               = 2.911 Ang +- 1.425 nm 

 Nb of steps of primary track  = 55.41 +- 65.21

 Step size                     = 1.972 Ang +- 53032.372 fm 

 ======================== run summary =====================

 The run is 1000 e- of 30.00 eV  through a sphere of radius 1.00 m  of G4_WATER (density: 1.00 g/cm3 )

 Nb of ionisations = 0.980 +- 0.475

 w = 30.612 eV  +- 14.837 eV 

 Total Energy deposited        = 30.000 eV  +- 0.004 meV

 Track length of primary track = 12.565 nm  +- 11.064 nm 
 Projected range               = 3.584 Ang +- 1.736 nm 

 Nb of steps of primary track  = 62.48 +- 58.85

 Step size                     = 2.086 Ang +- 48911.092 fm 

 ======================== run summary =====================

 The run is 1000 e- of 40.00 eV  through a sphere of radius 1.00 m  of G4_WATER (density: 1.00 g/cm3 )

 Nb of ionisations = 1.416 +- 0.550

 w = 28.249 eV  +- 10.980 eV 

 Total Energy deposited        = 40.000 eV  +- 0.007 meV

 Track length of primary track = 11.106 nm  +- 9.408 nm 
 Projected range               = 4.966 Ang +- 1.643 nm 

 Nb of steps of primary track  = 52.22 +- 46.74

 Step size                     = 2.204 Ang +- 57083.288 fm 

 ======================== run summary =====================

 The run is 1000 e- of 50.00 eV  through a sphere of radius 1.00 m  of G4_WATER (density: 1.00 g/cm3 )

 Nb of ionisations = 1.899 +- 0.602

 w = 26.330 eV  +- 8.351 eV 

 Total Energy deposited        = 50.000 eV  +- 0.000 eV 

 Track length of primary track = 12.495 nm  +- 10.678 nm 
 Projected range               = 6.853 Ang +- 1.733 nm 

 Nb of steps of primary track  = 58.30 +- 55.00

 Step size                     = 2.275 Ang +- 53750.204 fm 

 ======================== run summary =====================

 The run is 1000 e- of 60.00 eV  through a sphere of radius 1.00 m  of G4_WATER (density: 1.00 g/cm3 )

 Nb of ionisations = 2.290 +- 0.672

 w = 26.201 eV  +- 7.691 eV 

 Total Energy deposited        = 60.000 eV  +- 0.008 meV

 Track length of primary track = 13.419 nm  +- 10.679 nm 
 Projected range               = 8.389 Ang +- 1.985 nm 

 Nb of steps of primary track  = 62.20 +- 55.06

 Step size                     = 2.312 Ang +- 52039.766 fm 

 ======================== run summary =====================

 The run is 1000 e- of 70.00 eV  through a sphere of radius 1.00 m  of G4_WATER (density: 1.00 g/cm3 )

 Nb of ionisations = 2.720 +- 0.712

 w = 25.735 eV  +- 6.741 eV 

 Total Energy deposited        = 70.000 eV  +- 0.000 eV 

 Track length of primary track = 13.673 nm  +- 10.406 nm 
 Projected range               = 1.041 nm  +- 1.946 nm 

 Nb of steps of primary track  = 61.34 +- 52.58

 Step size                     = 2.391 Ang +- 59765.444 fm 

 ======================== run summary =====================

 The run is 1000 e- of 80.00 eV  through a sphere of radius 1.00 m  of G4_WATER (density: 1.00 g/cm3 )

 Nb of ionisations = 3.128 +- 0.777

 w = 25.575 eV  +- 6.352 eV 

 Total Energy deposited        = 80.000 eV  +- 0.013 meV

 Track length of primary track = 13.598 nm  +- 10.319 nm 
 Projected range               = 1.042 nm  +- 2.101 nm 

 Nb of steps of primary track  = 60.08 +- 52.14

 Step size                     = 2.433 Ang +- 61720.952 fm 

 ======================== run summary =====================

 The run is 1000 e- of 90.00 eV  through a sphere of radius 1.00 m  of G4_WATER (density: 1.00 g/cm3 )

 Nb of ionisations = 3.517 +- 0.786

 w = 25.590 eV  +- 5.719 eV 

 Total Energy deposited        = 90.000 eV  +- 0.000 eV 

 Track length of primary track = 14.715 nm  +- 11.070 nm 
 Projected range               = 1.194 nm  +- 2.169 nm 

 Nb of steps of primary track  = 64.74 +- 56.84

 Step size                     = 2.462 Ang +- 59150.769 fm 

 ======================== run summary =====================

 The run is 1000 e- of 100.00 eV  through a sphere of radius 1.00 m  of G4_WATER (density: 1.00 g/cm3 )

 Nb of ionisations = 4.015 +- 0.847

 w = 24.907 eV  +- 5.252 eV 

 Total Energy deposited        = 100.000 eV  +- 0.000 eV 

 Track length of primary track = 15.351 nm  +- 11.162 nm 
 Projected range               = 1.318 nm  +- 2.371 nm 

 Nb of steps of primary track  = 66.22 +- 56.74

 Step size                     = 2.537 Ang +- 64467.447 fm 

 ======================== run summary =====================

 The run is 1000 e- of 200.00 eV  through a sphere of radius 1.00 m  of G4_WATER (density: 1.00 g/cm3 )

 Nb of ionisations = 8.384 +- 1.187

 w = 23.855 eV  +- 3.377 eV 

 Total Energy deposited        = 200.000 eV  +- 0.000 eV 

 Track length of primary track = 19.485 nm  +- 11.000 nm 
 Projected range               = 2.650 nm  +- 3.445 nm 

 Nb of steps of primary track  = 70.73 +- 52.58

 Step size                     = 3.085 Ang +- 83901.784 fm 

 ======================== run summary =====================

 The run is 1000 e- of 300.00 eV  through a sphere of radius 1.00 m  of G4_WATER (density: 1.00 g/cm3 )

 Nb of ionisations = 12.791 +- 1.452

 w = 23.454 eV  +- 2.662 eV 

 Total Energy deposited        = 300.000 eV  +- 0.000 eV 

 Track length of primary track = 25.074 nm  +- 11.726 nm 
 Projected range               = 4.574 nm  +- 4.408 nm 

 Nb of steps of primary track  = 79.64 +- 54.96

 Step size                     = 3.574 Ang +- 1.059 Ang

 ======================== run summary =====================

 The run is 1000 e- of 400.00 eV  through a sphere of radius 1.00 m  of G4_WATER (density: 1.00 g/cm3 )

 Nb of ionisations = 17.082 +- 1.706

 w = 23.416 eV  +- 2.339 eV 

 Total Energy deposited        = 400.000 eV  +- 0.000 eV 

 Track length of primary track = 29.873 nm  +- 12.173 nm 
 Projected range               = 6.222 nm  +- 5.830 nm 

 Nb of steps of primary track  = 80.74 +- 52.58

 Step size                     = 4.204 Ang +- 1.315 Ang

 ======================== run summary =====================

 The run is 1000 e- of 500.00 eV  through a sphere of radius 1.00 m  of G4_WATER (density: 1.00 g/cm3 )

 Nb of ionisations = 21.285 +- 1.880

 w = 23.491 eV  +- 2.075 eV 

 Total Energy deposited        = 500.000 eV  +- 0.059 meV

 Track length of primary track = 36.866 nm  +- 14.621 nm 
 Projected range               = 8.418 nm  +- 7.576 nm 

 Nb of steps of primary track  = 90.56 +- 62.28

 Step size                     = 4.697 Ang +- 1.491 Ang

 ======================== run summary =====================

 The run is 1000 e- of 600.00 eV  through a sphere of radius 1.00 m  of G4_WATER (density: 1.00 g/cm3 )

 Nb of ionisations = 25.695 +- 2.015

 w = 23.351 eV  +- 1.832 eV 

 Total Energy deposited        = 600.000 eV  +- 0.000 eV 

 Track length of primary track = 42.657 nm  +- 14.282 nm 
 Projected range               = 12.006 nm  +- 9.225 nm 

 Nb of steps of primary track  = 91.82 +- 53.75

 Step size                     = 5.281 Ang +- 1.694 Ang

 ======================== run summary =====================

 The run is 1000 e- of 700.00 eV  through a sphere of radius 1.00 m  of G4_WATER (density: 1.00 g/cm3 )

 Nb of ionisations = 30.001 +- 2.196

 w = 23.333 eV  +- 1.708 eV 

 Total Energy deposited        = 700.000 eV  +- 0.040 meV

 Track length of primary track = 50.636 nm  +- 16.088 nm 
 Projected range               = 14.918 nm  +- 11.719 nm 

 Nb of steps of primary track  = 98.70 +- 58.17

 Step size                     = 5.852 Ang +- 1.905 Ang

 ======================== run summary =====================

 The run is 1000 e- of 800.00 eV  through a sphere of radius 1.00 m  of G4_WATER (density: 1.00 g/cm3 )

 Nb of ionisations = 34.365 +- 2.351

 w = 23.279 eV  +- 1.593 eV 

 Total Energy deposited        = 800.000 eV  +- 0.000 eV 

 Track length of primary track = 58.764 nm  +- 18.222 nm 
 Projected range               = 18.910 nm  +- 13.290 nm 

 Nb of steps of primary track  = 102.52 +- 60.73

 Step size                     = 6.519 Ang +- 2.096 Ang

 ======================== run summary =====================

 The run is 1000 e- of 900.00 eV  through a sphere of radius 1.00 m  of G4_WATER (density: 1.00 g/cm3 )

 Nb of ionisations = 38.600 +- 2.517

 w = 23.316 eV  +- 1.520 eV 

 Total Energy deposited        = 900.000 eV  +- 0.000 eV 

 Track length of primary track = 67.306 nm  +- 18.903 nm 
 Projected range               = 22.206 nm  +- 16.015 nm 

 Nb of steps of primary track  = 104.89 +- 54.41

 Step size                     = 7.216 Ang +- 2.437 Ang

 ======================== run summary =====================

 The run is 1000 e- of 1.00 keV through a sphere of radius 1.00 m  of G4_WATER (density: 1.00 g/cm3 )

 Nb of ionisations = 42.882 +- 2.606

 w = 23.320 eV  +- 1.417 eV 

 Total Energy deposited        = 1.000 keV +- 0.117 meV

 Track length of primary track = 74.400 nm  +- 21.762 nm 
 Projected range               = 25.885 nm  +- 18.840 nm 

 Nb of steps of primary track  = 109.31 +- 60.77

 Step size                     = 7.703 Ang +- 2.520 Ang
Graphics systems deleted.
Visualization Manager deleting...
